#
# There is insufficient memory for the Java Runtime Environment to continue.
# Native memory allocation (malloc) failed to allocate 90128 bytes. Error detail: Chunk::new
# Possible reasons:
#   The system is out of physical RAM or swap space
#   This process is running with CompressedOops enabled, and the Java Heap may be blocking the growth of the native heap
# Possible solutions:
#   Reduce memory load on the system
#   Increase physical memory or swap space
#   Check if swap backing store is full
#   Decrease Java heap size (-Xmx/-Xms)
#   Decrease number of Java threads
#   Decrease Java thread stack sizes (-Xss)
#   Set larger code cache with -XX:ReservedCodeCacheSize=
#   JVM is running with Unscaled Compressed Oops mode in which the Java heap is
#     placed in the first 4GB address space. The Java Heap base address is the
#     maximum limit for the native heap growth. Please use -XX:HeapBaseMinAddress
#     to set the Java Heap base and to place the Java Heap above 4GB virtual address.
# This output file may be truncated or incomplete.
#
#  Out of Memory Error (arena.cpp:150), pid=22800, tid=11756
#
# JRE version: OpenJDK Runtime Environment (22.0.2+9) (build 22.0.2+9-70)
# Java VM: OpenJDK 64-Bit Server VM (22.0.2+9-70, mixed mode, sharing, tiered, compressed oops, compressed class ptrs, g1 gc, windows-amd64)
# No core dump will be written. Minidumps are not enabled by default on client versions of Windows
#

---------------  S U M M A R Y ------------

Command Line: -javaagent:C:\\Users\\USER\\.m2\\repository\\org\\jacoco\\org.jacoco.agent\\0.8.12\\org.jacoco.agent-0.8.12-runtime.jar=destfile=C:\\Users\\USER\\IdeaProjects\\ssacthree\\shop3\\ssacthree-shop-api\\target\\jacoco.exec C:\Users\USER\AppData\Local\Temp\surefire7689387049033648787\surefirebooter-20241031102033356_3.jar C:\Users\USER\AppData\Local\Temp\surefire7689387049033648787 2024-10-31T10-20-32_094-jvmRun1 surefire-20241031102033356_1tmp surefire_0-20241031102033356_2tmp

Host: Intel(R) Core(TM) i5-1035G4 CPU @ 1.10GHz, 8 cores, 7G,  Windows 11 , 64 bit Build 22621 (10.0.22621.3958)
Time: Thu Oct 31 10:20:35 2024  Windows 11 , 64 bit Build 22621 (10.0.22621.3958) elapsed time: 0.906080 seconds (0d 0h 0m 0s)

---------------  T H R E A D  ---------------

Current thread (0x00000171a4ff3780):  JavaThread "C2 CompilerThread0" daemon [_thread_in_native, id=11756, stack(0x0000003002800000,0x0000003002900000) (1024K)]


Current CompileTask:
C2:906  240       4       java.lang.StringBuilder::append (8 bytes)

Stack: [0x0000003002800000,0x0000003002900000]
Native frames: (J=compiled Java code, j=interpreted, Vv=VM code, C=native code)
V  [jvm.dll+0x6e26e9]  (no source info available)
V  [COMCTL32.dll+0x875753]  (no source info available)
V  [jvm.dll+0x877b7e]  (no source info available)
V  [jvm.dll+0x878253]  (no source info available)
V  [KERNELBASE.dll+0x27fc86]  (no source info available)
V  [jvm.dll+0xc3d0f]  (no source info available)
V  [jvm.dll+0xc3f6b]  (no source info available)
V