#
# There is insufficient memory for the Java Runtime Environment to continue.
# Native memory allocation (malloc) failed to allocate 32784 bytes. Error detail: Chunk::new
# Possible reasons:
#   The system is out of physical RAM or swap space
#   This process is running with CompressedOops enabled, and the Java Heap may be blocking the growth of the native heap
# Possible solutions:
#   Reduce memory load on the system
#   Increase physical memory or swap space
#   Check if swap backing store is full
#   Decrease Java heap size (-Xmx/-Xms)
#   Decrease number of Java threads
#   Decrease Java thread stack sizes (-Xss)
#   Set larger code cache with -XX:ReservedCodeCacheSize=
#   JVM is running with Unscaled Compressed Oops mode in which the Java heap is
#     placed in the first 4GB address space. The Java Heap base address is the
#     maximum limit for the native heap growth. Please use -XX:HeapBaseMinAddress
#     to set the Java Heap base and to place the Java Heap above 4GB virtual address.
# This output file may be truncated or incomplete.
#
#  Out of Memory Error (arena.cpp:150), pid=17072, tid=23628
#
# JRE version: OpenJDK Runtime Environment (22.0.2+9) (build 22.0.2+9-70)
# Java VM: OpenJDK 64-Bit Server VM (22.0.2+9-70, mixed mode, sharing, tiered, compressed oops, compressed class ptrs, g1 gc, windows-amd64)
# No core dump will be written. Minidumps are not enabled by default on client versions of Windows
#

---------------  S U M M A R Y ------------

Command Line: -Dmaven.multiModuleProjectDirectory=C:\Users\USER\IdeaProjects\ssacthree\shop3\ssacthree-shop-api -Djansi.passthrough=true -Dmaven.home=C:\Users\USER\.m2\wrapper\dists\apache-maven-3.9.9-bin\4nf9hui3q3djbarqar9g711ggc\apache-maven-3.9.9 -Dclassworlds.conf=C:\Users\USER\.m2\wrapper\dists\apache-maven-3.9.9-bin\4nf9hui3q3djbarqar9g711ggc\apache-maven-3.9.9\bin\m2.conf -Dmaven.ext.class.path=C:\Program Files\JetBrains\IntelliJ IDEA 2024.2.0.1\plugins\maven\lib\maven-event-listener.jar -javaagent:C:\Program Files\JetBrains\IntelliJ IDEA 2024.2.0.1\lib\idea_rt.jar=34914:C:\Program Files\JetBrains\IntelliJ IDEA 2024.2.0.1\bin -Dfile.encoding=UTF-8 -Dsun.stdout.encoding=UTF-8 -Dsun.stderr.encoding=UTF-8 org.codehaus.classworlds.Launcher -Didea.version=2024.2.0.1 test

Host: Intel(R) Core(TM) i5-1035G4 CPU @ 1.10GHz, 8 cores, 7G,  Windows 11 , 64 bit Build 22621 (10.0.22621.3958)
Time: Thu Oct 31 10:20:35 2024  Windows 11 , 64 bit Build 22621 (10.0.22621.3958) elapsed time: 58.529255 seconds (0d 0h 0m 58s)

---------------  T H R E A D  ---------------

Current thread (0x0000028d3a1f8260):  JavaThread "C2 CompilerThread0" daemon [_thread_in_native, id=23628, stack(0x000000bb10100000,0x000000bb10200000) (1024K)]


Current CompileTask:
C2:58529 5699   !   4       org.apache.maven.model.Profile::clone (87 bytes)

Stack: [0x000000bb10100000,0x000000bb10200000]
Native frames: (J=compiled Java code, j=interpreted, Vv=VM code, C=native code)
V  [jvm.dll+0x6e26e9]  (no source info available)
V  [jvm.dll+0x875753]  (no source info available)
V  [jvm.dll+0x877b7e]  (no source info available)
V  [jvm.dll+0x878253]  (no source info available)
V  [jvm.dll+0x27fc86]  (no source info available)
V  [jvm.dll+0xc3d0f]  (no source info available)
V  [jvm.dll+0xc3f6b]  (no source info available)
V  [jvm.dll+0xcf41d]  (no source info available)
V  [jvm.dll+0x60c31f]  (no source info available)
V  [jvm.dll+0x249915]  (no source info available)
V  [jvm.dll+0x246da6]  (no source info available)
V  [jvm.dll+0x1c4e80]  (no source info available)
V  [jvm.dll+0x2568f3]  (no source info available)
V  [jvm.dll+0x254baa]  (no source info available)
V  [jvm.dll+0x3f57a6]  (no source info available)
V  [jvm.dll+0x81dc0b]  (no source info available)
V  [jvm.dll+0x6e0d85]  (no source info available)
C  [ucrtbase.dll+0x29333]  (no source info available)
C  [KERNEL32.DLL+0x1257d]  (no source info available)
C  [ntdll.dll+0x5af08]  (no source info available)


---------------  P R O C E S S  ---------------

Threads class SMR info:
_java_thread_list=0x0000028d008c7710, length=13, elements={
0x0000028d1ba03190, 0x0000028d3a1eb8e0, 0x0000028d3a1ec800, 0x0000028d3a1f24e0,
0x0000028d3a1f3030, 0x0000028d3a1f4320, 0x0000028d3a1f5620, 0x0000028d3a1f8260,
0x0000028d3a1fbff0, 0x0000028d3a59b330, 0x0000028d3a74a690, 0x0000028d3a74ad00,
0x0000028d000d7580
}

Java Threads: ( => current thread )
  0x0000028d1ba03190 JavaThread "main"                              [_thread_in_vm, id=20932, stack(0x000000bb0f200000,0x000000bb0f300000) (1024K)]
  0x0000028d3a1eb8e0 JavaThread "Reference Handler"          daemon [_thread_blocked, id=27932, stack(0x000000bb0fb00000,0x000000bb0fc00000) (1024K)]
  0x0000028d3a1ec800 JavaThread "Finalizer"                  daemon [_thread_blocked, id=23824, stack(0x000000bb0fc00000,0x000000bb0fd00000) (1024K)]
  0x0000028d3a1f24e0 JavaThread "Signal Dispatcher"          daemon [_thread_blocked, id=29392, stack(0x000000bb0fd00000,0x000000bb0fe00000) (1024K)]
  0x0000028d3a1f3030 JavaThread "Attach Listener"            daemon [_thread_blocked, id=25372, stack(0x000000bb0fe00000,0x000000bb0ff00000) (1024K)]
  0x0000028d3a1f4320 JavaThread "Service Thread"             daemon [_thread_blocked, id=23696, stack(0x000000bb0ff00000,0x000000bb10000000) (1024K)]
  0x0000028d3a1f5620 JavaThread "Monitor Deflation Thread"   daemon [_thread_blocked, id=23964, stack(0x000000bb10000000,0x000000bb10100000) (1024K)]
=>0x0000028d3a1f8260 JavaThread "C2 CompilerThread0"         daemon [_thread_in_native, id=23628, stack(0x000000bb10100000,0x000000bb10200000) (1024K)]
  0x0000028d3a1fbff0 JavaThread "C1 CompilerThread0"         daemon [_thread_in_vm, id=27300, stack(0x000000bb10200000,0x000000bb10300000) (1024K)]
  0x0000028d3a59b330 JavaThread "Common-Cleaner"             daemon [_thread_blocked, id=14944, stack(0x000000bb10300000,0x000000bb10400000) (1024K)]
  0x0000028d3a74a690 JavaThread "Monitor Ctrl-Break"         daemon [_thread_in_native, id=25284, stack(0x000000bb10400000,0x000000bb10500000) (1024K)]
  0x0000028d3a74ad00 JavaThread "Notification Thread"        daemon [_thread_blocked, id=2276, stack(0x000000bb10500000,0x000000bb10600000) (1024K)]
  0x0000028d000d7580 JavaThread "Thread-1"                   daemon [_thread_blocked, id=11032, stack(0x000000bb10600000,0x000000bb10700000) (1024K)]
Total: 13

Other Threads:
  0x0000028d3a1cbe30 VMThread "VM Thread"                           [id=12340, stack(0x000000bb0fa00000,0x000000bb0fb00000) (1024K)]
  0x0000028d3a1b6c60 WatcherThread "VM Periodic Task Thread"        [id=13248, stack(0x000000bb0f900000,0x000000bb0fa00000) (1024K)]
  0x0000028d1dc85350 WorkerThread "GC Thread#0"                     [id=20236, stack(0x000000bb0f400000,0x000000bb0f500000) (1024K)]
  0x0000028d008200e0 WorkerThread "GC Thread#1"                     [id=28452, stack(0x000000bb10700000,0x000000bb10800000) (1024K)]
  0x0000028d002a2d00 WorkerThread "GC Thread#2"                     [id=9072, stack(0x000000bb10800000,0x000000bb10900000) (1024K)]
  0x0000028d002a30b0 WorkerThread "GC Thread#3"                     [id=18196, stack(0x000000bb10900000,0x000000bb10a00000) (1024K)]
  0x0000028d00883f60 WorkerThread "GC Thread#4"                     [id=14796, stack(0x000000bb10a00000,0x000000bb10b00000) (1024K)]
  0x0000028d00884310 WorkerThread "GC Thread#5"                     [id=10104, stack(0x000000bb10b00000,0x000000bb10c00000) (1024K)]
  0x0000028d008846c0 WorkerThread "GC Thread#6"                     [id=21888, stack(0x000000bb10c00000,0x000000bb10d00000) (1024K)]
  0x0000028d00884a70 WorkerThread "GC Thread#7"                     [id=27220, stack(0x000000bb10d00000,0x000000bb10e00000) (1024K)]
  0x0000028d1dc95c00 ConcurrentGCThread "G1 Main Marker"            [id=20304, stack(0x000000bb0f500000,0x000000bb0f600000) (1024K)]
  0x0000028d1dc968c0 WorkerThread "G1 Conc#0"                       [id=20820, stack(0x000000bb0f600000,0x000000bb0f700000) (1024K)]
  0x0000028d1dcee480 ConcurrentGCThread "G1 Refine#0"               [id=7064, stack(0x000000bb0f700000,0x000000bb0f800000) (1024K)]
  0x0000028d3a089180 ConcurrentGCThread "G1 Service"                [id=26480, stack(0x000000bb0f800000,0x000000bb0f900000) (1024K)]
Total: 14

Threads with active compile tasks:
C2 CompilerThread0  59077 5699   !   4       org.apache.maven.model.Profile::clone (87 bytes)
C1 CompilerThread0  59077 5708       3       org.eclipse.aether.util.graph.selector.ExclusionDependencySelector$ExclusionComparator::compare (13 bytes)
Total: 2

VM state: not at safepoint (normal execution)

VM Mutex/Monitor currently owned by a thread:  ([mutex/lock_event])
[0x00007fff6448ab00] Metaspace_lock - owner thread: 0x0000028d3a1fbff0

Heap address: 0x0000000083a00000, size: 1990 MB, Compressed Oops mode: 32-bit

CDS archive(s) mapped at: [0x0000028d3b000000-0x0000028d3bc60000-0x0000028d3bc60000), size 12976128, SharedBaseAddress: 0x0000028d3b000000, ArchiveRelocationMode: 1.
Compressed class space mapped at: 0x0000028d3c000000-0x0000028d7c000000, reserved size: 1073741824
Narrow klass base: 0x0000028d3b000000, Narrow klass shift: 0, Narrow klass range: 0x41000000

GC Precious Log:
 CardTable entry size: 512
 Card Set container configuration: InlinePtr #cards 5 size 8 Array Of Cards #cards 12 size 40 Howl #buckets 4 coarsen threshold 1843 Howl Bitmap #cards 512 size 80 coarsen threshold 460 Card regions per heap region 1 cards per card region 2048
 CPUs: 8 total, 8 available
 Memory: 7953M
 Large Page Support: Disabled
 NUMA Support: Disabled
 Compressed Oops: Enabled (32-bit)
 Heap Region Size: 1M
 Heap Min Capacity: 8M
 Heap Initial Capacity: 126M
 Heap Max Capacity: 1990M
 Pre-touch: Disabled
 Parallel Workers: 8
 Concurrent Workers: 2
 Concurrent Refinement Workers: 8
 Periodic GC: Disabled

Heap:
 garbage-first heap   total reserved 2037760K, committed 129024K, used 81711K [0x0000000083a00000, 0x0000000100000000)
  region size 1024K, 32 young (32768K), 4 survivors (4096K)
 Metaspace       used 19358K, committed 19648K, reserved 1114112K
  class space    used 2184K, committed 2368K, reserved 1048576K

Heap Regions: E=young(eden), S=young(survivor), O=old, HS=humongous(starts), HC=humongous(continues), CS=collection set, F=free, TAMS=top-at-mark-start, PB=parsable bottom
|   0|0x0000000083a00000, 0x0000000083b00000, 0x0000000083b00000|100%| O|  |TAMS 0x0000000083a00000| PB 0x0000000083a00000| Untracked |  0
|   1|0x0000000083b00000, 0x0000000083c00000, 0x0000000083c00000|100%| O|  |TAMS 0x0000000083b00000| PB 0x0000000083b00000| Untracked |  0
|   2|0x0000000083c00000, 0x0000000083d00000, 0x0000000083d00000|100%| O|  |TAMS 0x0000000083c00000| PB 0x0000000083c00000| Untracked |  0
|   3|0x0000000083d00000, 0x0000000083e00000, 0x0000000083e00000|100%| O|  |TAMS 0x0000000083d00000| PB 0x0000000083d00000| Untracked |  0
|   4|0x0000000083e00000, 0x0000000083f00000, 0x0000000083f00000|100%| O|  |TAMS 0x0000000083e00000| PB 0x0000000083e00000| Untracked |  0
|   5|0x0000000083f00000, 0x0000000084000000, 0x0000000084000000|100%| O|  |TAMS 0x0000000083f00000| PB 0x0000000083f00000| Untracked |  0
|   6|0x0000000084000000, 0x0000000084100000, 0x0000000084100000|100%| O|  |TAMS 0x0000000084000000| PB 0x0000000084000000| Untracked |  0
|   7|0x0000000084100000, 0x0000000084200000, 0x0000000084200000|100%| O|  |TAMS 0x0000000084100000| PB 0x0000000084100000| Untracked |  0
|   8|0x0000000084200000, 0x0000000084300000, 0x0000000084300000|100%| O|  |TAMS 0x0000000084200000| PB 0x0000000084200000| Untracked |  0
|   9|0x0000000084300000, 0x0000000084400000, 0x0000000084400000|100%| O|  |TAMS 0x0000000084300000| PB 0x0000000084300000| Untracked |  0
|  10|0x0000000084400000, 0x0000000084500000, 0x0000000084500000|100%| O|  |TAMS 0x0000000084400000| PB 0x0000000084400000| Untracked |  0
|  11|0x0000000084500000, 0x0000000084600000, 0x0000000084600000|100%| O|  |TAMS 0x0000000084500000| PB 0x0000000084500000| Untracked |  0
|  12|0x0000000084600000, 0x0000000084700000, 0x0000000084700000|100%| O|  |TAMS 0x0000000084600000| PB 0x0000000084600000| Untracked |  0
|  13|0x0000000084700000, 0x0000000084800000, 0x0000000084800000|100%| O|  |TAMS 0x0000000084700000| PB 0x0000000084700000| Untracked |  0
|  14|0x0000000084800000, 0x0000000084900000, 0x0000000084900000|100%|HS|  |TAMS 0x0000000084800000| PB 0x0000000084800000| Complete |  0
|  15|0x0000000084900000, 0x0000000084a00000, 0x0000000084a00000|100%|HC|  |TAMS 0x0000000084900000| PB 0x0000000084900000| Complete |  0
|  16|0x0000000084a00000, 0x0000000084b00000, 0x0000000084b00000|100%|HC|  |TAMS 0x0000000084a00000| PB 0x0000000084a00000| Complete |  0
|  17|0x0000000084b00000, 0x0000000084c00000, 0x0000000084c00000|100%|HC|  |TAMS 0x0000000084b00000| PB 0x0000000084b00000| Complete |  0
|  18|0x0000000084c00000, 0x0000000084d00000, 0x0000000084d00000|100%|HC|  |TAMS 0x0000000084c00000| PB 0x0000000084c00000| Complete |  0
|  19|0x0000000084d00000, 0x0000000084e00000, 0x0000000084e00000|100%|HC|  |TAMS 0x0000000084d00000| PB 0x0000000084d00000| Complete |  0
|  20|0x0000000084e00000, 0x0000000084f00000, 0x0000000084f00000|100%|HC|  |TAMS 0x0000000084e00000| PB 0x0000000084e00000| Complete |  0
|  21|0x0000000084f00000, 0x0000000085000000, 0x0000000085000000|100%|HC|  |TAMS 0x0000000084f00000| PB 0x0000000084f00000| Complete |  0
|  22|0x0000000085000000, 0x0000000085100000, 0x0000000085100000|100%|HS|  |TAMS 0x0000000085000000| PB 0x0000000085000000| Complete |  0
|  23|0x0000000085100000, 0x0000000085200000, 0x0000000085200000|100%|HC|  |TAMS 0x0000000085100000| PB 0x0000000085100000| Complete |  0
|  24|0x0000000085200000, 0x0000000085300000, 0x0000000085300000|100%|HC|  |TAMS 0x0000000085200000| PB 0x0000000085200000| Complete |  0
|  25|0x0000000085300000, 0x0000000085400000, 0x0000000085400000|100%|HC|  |TAMS 0x0000000085300000| PB 0x0000000085300000| Complete |  0
|  26|0x0000000085400000, 0x0000000085500000, 0x0000000085500000|100%|HC|  |TAMS 0x0000000085400000| PB 0x0000000085400000| Complete |  0
|  27|0x0000000085500000, 0x0000000085600000, 0x0000000085600000|100%|HC|  |TAMS 0x0000000085500000| PB 0x0000000085500000| Complete |  0
|  28|0x0000000085600000, 0x0000000085700000, 0x0000000085700000|100%|HC|  |TAMS 0x0000000085600000| PB 0x0000000085600000| Complete |  0
|  29|0x0000000085700000, 0x0000000085800000, 0x0000000085800000|100%|HC|  |TAMS 0x0000000085700000| PB 0x0000000085700000| Complete |  0
|  30|0x0000000085800000, 0x0000000085900000, 0x0000000085900000|100%|HC|  |TAMS 0x0000000085800000| PB 0x0000000085800000| Complete |  0
|  31|0x0000000085900000, 0x0000000085a00000, 0x0000000085a00000|100%|HC|  |TAMS 0x0000000085900000| PB 0x0000000085900000| Complete |  0
|  32|0x0000000085a00000, 0x0000000085b00000, 0x0000000085b00000|100%|HC|  |TAMS 0x0000000085a00000| PB 0x0000000085a00000| Complete |  0
|  33|0x0000000085b00000, 0x0000000085c00000, 0x0000000085c00000|100%|HC|  |TAMS 0x0000000085b00000| PB 0x0000000085b00000| Complete |  0
|  34|0x0000000085c00000, 0x0000000085d00000, 0x0000000085d00000|100%|HS|  |TAMS 0x0000000085c00000| PB 0x0000000085c00000| Complete |  0
|  35|0x0000000085d00000, 0x0000000085e00000, 0x0000000085e00000|100%|HC|  |TAMS 0x0000000085d00000| PB 0x0000000085d00000| Complete |  0
|  36|0x0000000085e00000, 0x0000000085f00000, 0x0000000085f00000|100%|HC|  |TAMS 0x0000000085e00000| PB 0x0000000085e00000| Complete |  0
|  37|0x0000000085f00000, 0x0000000086000000, 0x0000000086000000|100%|HC|  |TAMS 0x0000000085f00000| PB 0x0000000085f00000| Complete |  0
|  38|0x0000000086000000, 0x0000000086100000, 0x0000000086100000|100%|HC|  |TAMS 0x0000000086000000| PB 0x0000000086000000| Complete |  0
|  39|0x0000000086100000, 0x0000000086200000, 0x0000000086200000|100%|HC|  |TAMS 0x0000000086100000| PB 0x0000000086100000| Complete |  0
|  40|0x0000000086200000, 0x0000000086300000, 0x0000000086300000|100%|HC|  |TAMS 0x0000000086200000| PB 0x0000000086200000| Complete |  0
|  41|0x0000000086300000, 0x0000000086400000, 0x0000000086400000|100%|HC|  |TAMS 0x0000000086300000| PB 0x0000000086300000| Complete |  0
|  42|0x0000000086400000, 0x0000000086500000, 0x0000000086500000|100%|HC|  |TAMS 0x0000000086400000| PB 0x0000000086400000| Complete |  0
|  43|0x0000000086500000, 0x0000000086600000, 0x0000000086600000|100%|HC|  |TAMS 0x0000000086500000| PB 0x0000000086500000| Complete |  0
|  44|0x0000000086600000, 0x0000000086700000, 0x0000000086700000|100%|HC|  |TAMS 0x0000000086600000| PB 0x0000000086600000| Complete |  0
|  45|0x0000000086700000, 0x0000000086800000, 0x0000000086800000|100%|HC|  |TAMS 0x0000000086700000| PB 0x0000000086700000| Complete |  0
|  46|0x0000000086800000, 0x0000000086800000, 0x0000000086900000|  0%| F|  |TAMS 0x0000000086800000| PB 0x0000000086800000| Untracked |  0
|  47|0x0000000086900000, 0x0000000086900000, 0x0000000086a00000|  0%| F|  |TAMS 0x0000000086900000| PB 0x0000000086900000| Untracked |  0
|  48|0x0000000086a00000, 0x0000000086a00000, 0x0000000086b00000|  0%| F|  |TAMS 0x0000000086a00000| PB 0x0000000086a00000| Untracked |  0
|  49|0x0000000086b00000, 0x0000000086b00000, 0x0000000086c00000|  0%| F|  |TAMS 0x0000000086b00000| PB 0x0000000086b00000| Untracked |  0
|  50|0x0000000086c00000, 0x0000000086c00000, 0x0000000086d00000|  0%| F|  |TAMS 0x0000000086c00000| PB 0x0000000086c00000| Untracked |  0
|  51|0x0000000086d00000, 0x0000000086d00000, 0x0000000086e00000|  0%| F|  |TAMS 0x0000000086d00000| PB 0x0000000086d00000| Untracked |  0
|  52|0x0000000086e00000, 0x0000000086e00000, 0x0000000086f00000|  0%| F|  |TAMS 0x0000000086e00000| PB 0x0000000086e00000| Untracked |  0
|  53|0x0000000086f00000, 0x0000000086f00000, 0x0000000087000000|  0%| F|  |TAMS 0x0000000086f00000| PB 0x0000000086f00000| Untracked |  0
|  54|0x0000000087000000, 0x0000000087100000, 0x0000000087100000|100%| O|  |TAMS 0x0000000087000000| PB 0x0000000087000000| Untracked |  0
|  55|0x0000000087100000, 0x0000000087200000, 0x0000000087200000|100%| O|  |TAMS 0x0000000087100000| PB 0x0000000087100000| Untracked |  0
|  56|0x0000000087200000, 0x0000000087300000, 0x0000000087300000|100%| O|  |TAMS 0x0000000087200000| PB 0x0000000087200000| Untracked |  0
|  57|0x0000000087300000, 0x0000000087397090, 0x0000000087400000| 58%| O|  |TAMS 0x0000000087300000| PB 0x0000000087300000| Untracked |  0
|  58|0x0000000087400000, 0x0000000087400000, 0x0000000087500000|  0%| F|  |TAMS 0x0000000087400000| PB 0x0000000087400000| Untracked |  0
|  59|0x0000000087500000, 0x0000000087500000, 0x0000000087600000|  0%| F|  |TAMS 0x0000000087500000| PB 0x0000000087500000| Untracked |  0
|  60|0x0000000087600000, 0x0000000087600000, 0x0000000087700000|  0%| F|  |TAMS 0x0000000087600000| PB 0x0000000087600000| Untracked |  0
|  61|0x0000000087700000, 0x0000000087700000, 0x0000000087800000|  0%| F|  |TAMS 0x0000000087700000| PB 0x0000000087700000| Untracked |  0
|  62|0x0000000087800000, 0x0000000087800000, 0x0000000087900000|  0%| F|  |TAMS 0x0000000087800000| PB 0x0000000087800000| Untracked |  0
|  63|0x0000000087900000, 0x0000000087900000, 0x0000000087a00000|  0%| F|  |TAMS 0x0000000087900000| PB 0x0000000087900000| Untracked |  0
|  64|0x0000000087a00000, 0x0000000087a00000, 0x0000000087b00000|  0%| F|  |TAMS 0x0000000087a00000| PB 0x0000000087a00000| Untracked |  0
|  65|0x0000000087b00000, 0x0000000087b00000, 0x0000000087c00000|  0%| F|  |TAMS 0x0000000087b00000| PB 0x0000000087b00000| Untracked |  0
|  66|0x0000000087c00000, 0x0000000087c00000, 0x0000000087d00000|  0%| F|  |TAMS 0x0000000087c00000| PB 0x0000000087c00000| Untracked |  0
|  67|0x0000000087d00000, 0x0000000087d00000, 0x0000000087e00000|  0%| F|  |TAMS 0x0000000087d00000| PB 0x0000000087d00000| Untracked |  0
|  68|0x0000000087e00000, 0x0000000087e00000, 0x0000000087f00000|  0%| F|  |TAMS 0x0000000087e00000| PB 0x0000000087e00000| Untracked |  0
|  69|0x0000000087f00000, 0x0000000087f00000, 0x0000000088000000|  0%| F|  |TAMS 0x0000000087f00000| PB 0x0000000087f00000| Untracked |  0
|  70|0x0000000088000000, 0x0000000088000000, 0x0000000088100000|  0%| F|  |TAMS 0x0000000088000000| PB 0x0000000088000000| Untracked |  0
|  71|0x0000000088100000, 0x0000000088100000, 0x0000000088200000|  0%| F|  |TAMS 0x0000000088100000| PB 0x0000000088100000| Untracked |  0
|  72|0x0000000088200000, 0x0000000088200000, 0x0000000088300000|  0%| F|  |TAMS 0x0000000088200000| PB 0x0000000088200000| Untracked |  0
|  73|0x0000000088300000, 0x0000000088300000, 0x0000000088400000|  0%| F|  |TAMS 0x0000000088300000| PB 0x0000000088300000| Untracked |  0
|  74|0x0000000088400000, 0x0000000088400000, 0x0000000088500000|  0%| F|  |TAMS 0x0000000088400000| PB 0x0000000088400000| Untracked |  0
|  75|0x0000000088500000, 0x0000000088500000, 0x0000000088600000|  0%| F|  |TAMS 0x0000000088500000| PB 0x0000000088500000| Untracked |  0
|  76|0x0000000088600000, 0x0000000088600000, 0x0000000088700000|  0%| F|  |TAMS 0x0000000088600000| PB 0x0000000088600000| Untracked |  0
|  77|0x0000000088700000, 0x0000000088700000, 0x0000000088800000|  0%| F|  |TAMS 0x0000000088700000| PB 0x0000000088700000| Untracked |  0
|  78|0x0000000088800000, 0x0000000088800000, 0x0000000088900000|  0%| F|  |TAMS 0x0000000088800000| PB 0x0000000088800000| Untracked |  0
|  79|0x0000000088900000, 0x0000000088900000, 0x0000000088a00000|  0%| F|  |TAMS 0x0000000088900000| PB 0x0000000088900000| Untracked |  0
|  80|0x0000000088a00000, 0x0000000088a00000, 0x0000000088b00000|  0%| F|  |TAMS 0x0000000088a00000| PB 0x0000000088a00000| Untracked |  0
|  81|0x0000000088b00000, 0x0000000088b00000, 0x0000000088c00000|  0%| F|  |TAMS 0x0000000088b00000| PB 0x0000000088b00000| Untracked |  0
|  82|0x0000000088c00000, 0x0000000088c00000, 0x0000000088d00000|  0%| F|  |TAMS 0x0000000088c00000| PB 0x0000000088c00000| Untracked |  0
|  83|0x0000000088d00000, 0x0000000088d00000, 0x0000000088e00000|  0%| F|  |TAMS 0x0000000088d00000| PB 0x0000000088d00000| Untracked |  0
|  84|0x0000000088e00000, 0x0000000088e00000, 0x0000000088f00000|  0%| F|  |TAMS 0x0000000088e00000| PB 0x0000000088e00000| Untracked |  0
|  85|0x0000000088f00000, 0x0000000088f00000, 0x0000000089000000|  0%| F|  |TAMS 0x0000000088f00000| PB 0x0000000088f00000| Untracked |  0
|  86|0x0000000089000000, 0x0000000089000000, 0x0000000089100000|  0%| F|  |TAMS 0x0000000089000000| PB 0x0000000089000000| Untracked |  0
|  87|0x0000000089100000, 0x0000000089100000, 0x0000000089200000|  0%| F|  |TAMS 0x0000000089100000| PB 0x0000000089100000| Untracked |  0
|  88|0x0000000089200000, 0x0000000089200000, 0x0000000089300000|  0%| F|  |TAMS 0x0000000089200000| PB 0x0000000089200000| Untracked |  0
|  89|0x0000000089300000, 0x0000000089300000, 0x0000000089400000|  0%| F|  |TAMS 0x0000000089300000| PB 0x0000000089300000| Untracked |  0
|  90|0x0000000089400000, 0x0000000089400000, 0x0000000089500000|  0%| F|  |TAMS 0x0000000089400000| PB 0x0000000089400000| Untracked |  0
|  91|0x0000000089500000, 0x0000000089500000, 0x0000000089600000|  0%| F|  |TAMS 0x0000000089500000| PB 0x0000000089500000| Untracked |  0
|  92|0x0000000089600000, 0x0000000089600000, 0x0000000089700000|  0%| F|  |TAMS 0x0000000089600000| PB 0x0000000089600000| Untracked |  0
|  93|0x0000000089700000, 0x0000000089700000, 0x0000000089800000|  0%| F|  |TAMS 0x0000000089700000| PB 0x0000000089700000| Untracked |  0
|  94|0x0000000089800000, 0x0000000089900000, 0x0000000089900000|100%| E|  |TAMS 0x0000000089800000| PB 0x0000000089800000| Complete |  0
|  95|0x0000000089900000, 0x0000000089a00000, 0x0000000089a00000|100%| E|CS|TAMS 0x0000000089900000| PB 0x0000000089900000| Complete |  0
|  96|0x0000000089a00000, 0x0000000089b00000, 0x0000000089b00000|100%| E|CS|TAMS 0x0000000089a00000| PB 0x0000000089a00000| Complete |  0
|  97|0x0000000089b00000, 0x0000000089c00000, 0x0000000089c00000|100%| E|CS|TAMS 0x0000000089b00000| PB 0x0000000089b00000| Complete |  0
|  98|0x0000000089c00000, 0x0000000089d00000, 0x0000000089d00000|100%| E|CS|TAMS 0x0000000089c00000| PB 0x0000000089c00000| Complete |  0
|  99|0x0000000089d00000, 0x0000000089e00000, 0x0000000089e00000|100%| E|CS|TAMS 0x0000000089d00000| PB 0x0000000089d00000| Complete |  0
| 100|0x0000000089e00000, 0x0000000089f00000, 0x0000000089f00000|100%| E|CS|TAMS 0x0000000089e00000| PB 0x0000000089e00000| Complete |  0
| 101|0x0000000089f00000, 0x000000008a000000, 0x000000008a000000|100%| E|CS|TAMS 0x0000000089f00000| PB 0x0000000089f00000| Complete |  0
| 102|0x000000008a000000, 0x000000008a100000, 0x000000008a100000|100%| E|CS|TAMS 0x000000008a000000| PB 0x000000008a000000| Complete |  0
| 103|0x000000008a100000, 0x000000008a200000, 0x000000008a200000|100%| E|CS|TAMS 0x000000008a100000| PB 0x000000008a100000| Complete |  0
| 104|0x000000008a200000, 0x000000008a300000, 0x000000008a300000|100%| E|CS|TAMS 0x000000008a200000| PB 0x000000008a200000| Complete |  0
| 105|0x000000008a300000, 0x000000008a400000, 0x000000008a400000|100%| E|CS|TAMS 0x000000008a300000| PB 0x000000008a300000| Complete |  0
| 106|0x000000008a400000, 0x000000008a500000, 0x000000008a500000|100%| E|CS|TAMS 0x000000008a400000| PB 0x000000008a400000| Complete |  0
| 107|0x000000008a500000, 0x000000008a600000, 0x000000008a600000|100%| E|CS|TAMS 0x000000008a500000| PB 0x000000008a500000| Complete |  0
| 108|0x000000008a600000, 0x000000008a700000, 0x000000008a700000|100%| E|CS|TAMS 0x000000008a600000| PB 0x000000008a600000| Complete |  0
| 109|0x000000008a700000, 0x000000008a800000, 0x000000008a800000|100%| E|CS|TAMS 0x000000008a700000| PB 0x000000008a700000| Complete |  0
| 110|0x000000008a800000, 0x000000008a900000, 0x000000008a900000|100%| E|CS|TAMS 0x000000008a800000| PB 0x000000008a800000| Complete |  0
| 111|0x000000008a900000, 0x000000008aa00000, 0x000000008aa00000|100%| E|CS|TAMS 0x000000008a900000| PB 0x000000008a900000| Complete |  0
| 112|0x000000008aa00000, 0x000000008ab00000, 0x000000008ab00000|100%| E|CS|TAMS 0x000000008aa00000| PB 0x000000008aa00000| Complete |  0
| 113|0x000000008ab00000, 0x000000008ac00000, 0x000000008ac00000|100%| E|CS|TAMS 0x000000008ab00000| PB 0x000000008ab00000| Complete |  0
| 114|0x000000008ac00000, 0x000000008ad00000, 0x000000008ad00000|100%| E|CS|TAMS 0x000000008ac00000| PB 0x000000008ac00000| Complete |  0
| 115|0x000000008ad00000, 0x000000008ae00000, 0x000000008ae00000|100%| E|CS|TAMS 0x000000008ad00000| PB 0x000000008ad00000| Complete |  0
| 116|0x000000008ae00000, 0x000000008af00000, 0x000000008af00000|100%| E|CS|TAMS 0x000000008ae00000| PB 0x000000008ae00000| Complete |  0
| 117|0x000000008af00000, 0x000000008b000000, 0x000000008b000000|100%| E|CS|TAMS 0x000000008af00000| PB 0x000000008af00000| Complete |  0
| 118|0x000000008b000000, 0x000000008b100000, 0x000000008b100000|100%| E|CS|TAMS 0x000000008b000000| PB 0x000000008b000000| Complete |  0
| 119|0x000000008b100000, 0x000000008b200000, 0x000000008b200000|100%| E|CS|TAMS 0x000000008b100000| PB 0x000000008b100000| Complete |  0
| 120|0x000000008b200000, 0x000000008b300000, 0x000000008b300000|100%| E|CS|TAMS 0x000000008b200000| PB 0x000000008b200000| Complete |  0
| 121|0x000000008b300000, 0x000000008b334b88, 0x000000008b400000| 20%| S|CS|TAMS 0x000000008b300000| PB 0x000000008b300000| Complete |  0
| 122|0x000000008b400000, 0x000000008b500000, 0x000000008b500000|100%| S|CS|TAMS 0x000000008b400000| PB 0x000000008b400000| Complete |  0
| 123|0x000000008b500000, 0x000000008b600000, 0x000000008b600000|100%| S|CS|TAMS 0x000000008b500000| PB 0x000000008b500000| Complete |  0
| 124|0x000000008b600000, 0x000000008b700000, 0x000000008b700000|100%| S|CS|TAMS 0x000000008b600000| PB 0x000000008b600000| Complete |  0
| 125|0x000000008b700000, 0x000000008b800000, 0x000000008b800000|100%| E|CS|TAMS 0x000000008b700000| PB 0x000000008b700000| Complete |  0

Card table byte_map: [0x0000028d35690000,0x0000028d35a80000] _byte_map_base: 0x0000028d35273000

Marking Bits: (CMBitMap*) 0x0000028d1dc85a60
 Bits: [0x0000028d35a80000, 0x0000028d37998000)

Polling page: 0x0000028d1d3f0000

Metaspace:

Usage:
  Non-class:     16.77 MB used.
      Class:      2.13 MB used.
       Both:     18.91 MB used.

Virtual space:
  Non-class space:       64.00 MB reserved,      16.88 MB ( 26%) committed,  1 nodes.
      Class space:        1.00 GB reserved,       2.31 MB ( <1%) committed,  1 nodes.
             Both:        1.06 GB reserved,      19.19 MB (  2%) committed. 

Chunk freelists:
   Non-Class:  14.61 MB
       Class:  13.66 MB
        Both:  28.27 MB

MaxMetaspaceSize: unlimited
CompressedClassSpaceSize: 1.00 GB
Initial GC threshold: 21.00 MB
Current GC threshold: 21.00 MB
CDS: on
 - commit_granule_bytes: 65536.
 - commit_granule_words: 8192.
 - virtual_space_node_default_size: 8388608.
 - enlarge_chunks_in_place: 1.
 - use_allocation_guard: 0.


Internal statistics:

num_allocs_failed_limit: 0.
num_arena_births: 204.
num_arena_deaths: 0.
num_vsnodes_births: 2.
num_vsnodes_deaths: 0.
num_space_committed: 307.
num_space_uncommitted: 0.
num_chunks_returned_to_freelist: 0.
num_chunks_taken_from_freelist: 903.
num_chunk_merges: 0.
num_chunk_splits: 594.
num_chunks_enlarged: 463.
num_inconsistent_stats: 0.

CodeHeap 'non-profiled nmethods': size=120000Kb used=3158Kb max_used=3158Kb free=116842Kb
 bounds [0x0000028d2da40000, 0x0000028d2dd60000, 0x0000028d34f70000]
CodeHeap 'profiled nmethods': size=120000Kb used=12479Kb max_used=12479Kb free=107520Kb
 bounds [0x0000028d25f70000, 0x0000028d26ba0000, 0x0000028d2d4a0000]
CodeHeap 'non-nmethods': size=5760Kb used=1591Kb max_used=1638Kb free=4168Kb
 bounds [0x0000028d2d4a0000, 0x0000028d2d710000, 0x0000028d2da40000]
 total_blobs=6212 nmethods=5685 adapters=430
 compilation: enabled
              stopped_count=0, restarted_count=0
 full_count=0

Compilation events (20 events):
Event: 57.827 Thread 0x0000028d3a1fbff0 nmethod 5688 0x0000028d26b9b890 code [0x0000028d26b9ba40, 0x0000028d26b9bcc8]
Event: 58.167 Thread 0x0000028d3a1fbff0 5689       3       java.nio.file.Paths::get (6 bytes)
Event: 58.167 Thread 0x0000028d3a1fbff0 nmethod 5689 0x0000028d26b9bd90 code [0x0000028d26b9bf60, 0x0000028d26b9c2f8]
Event: 58.171 Thread 0x0000028d3a1fbff0 5690   !   3       java.nio.file.Files::isDirectory (35 bytes)
Event: 58.172 Thread 0x0000028d3a1fbff0 nmethod 5690 0x0000028d26b9c490 code [0x0000028d26b9c680, 0x0000028d26b9cc48]
Event: 58.350 Thread 0x0000028d3a1f8260 5692       4       java.util.LinkedHashMap::valuesToArray (80 bytes)
Event: 58.357 Thread 0x0000028d3a1f8260 nmethod 5692 0x0000028d2dd54410 code [0x0000028d2dd545a0, 0x0000028d2dd54ab0]
Event: 58.445 Thread 0x0000028d3a1fbff0 5693       1       org.apache.maven.model.Site::getName (5 bytes)
Event: 58.446 Thread 0x0000028d3a1fbff0 nmethod 5693 0x0000028d2dd54c10 code [0x0000028d2dd54da0, 0x0000028d2dd54e68]
Event: 58.447 Thread 0x0000028d3a1fbff0 5694       3       java.util.stream.IntStream::empty (8 bytes)
Event: 58.447 Thread 0x0000028d3a1fbff0 nmethod 5694 0x0000028d26b9cf10 code [0x0000028d26b9d0c0, 0x0000028d26b9d248]
Event: 58.447 Thread 0x0000028d3a1fbff0 5695       3       java.util.Spliterators::emptyIntSpliterator (4 bytes)
Event: 58.447 Thread 0x0000028d3a1fbff0 nmethod 5695 0x0000028d26b9d310 code [0x0000028d26b9d4a0, 0x0000028d26b9d598]
Event: 58.447 Thread 0x0000028d3a1fbff0 5696       3       java.util.Spliterators$EmptySpliterator$OfInt::forEachRemaining (6 bytes)
Event: 58.447 Thread 0x0000028d3a1fbff0 nmethod 5696 0x0000028d26b9d610 code [0x0000028d26b9d7c0, 0x0000028d26b9da78]
Event: 58.459 Thread 0x0000028d3a1fbff0 5697       3       java.util.regex.Pattern$StartS::match (138 bytes)
Event: 58.460 Thread 0x0000028d3a1fbff0 nmethod 5697 0x0000028d26b9db90 code [0x0000028d26b9dde0, 0x0000028d26b9e858]
Event: 58.460 Thread 0x0000028d3a1fbff0 5698       1       org.apache.maven.model.Site::setId (6 bytes)
Event: 58.460 Thread 0x0000028d3a1fbff0 nmethod 5698 0x0000028d2dd54f10 code [0x0000028d2dd550a0, 0x0000028d2dd551b0]
Event: 58.490 Thread 0x0000028d3a1f8260 5699   !   4       org.apache.maven.model.Profile::clone (87 bytes)

GC Heap History (16 events):
Event: 9.845 GC heap before
{Heap before GC invocations=0 (full 0):
 garbage-first heap   total reserved 2037760K, committed 129024K, used 23552K [0x0000000083a00000, 0x0000000100000000)
  region size 1024K, 24 young (24576K), 0 survivors (0K)
 Metaspace       used 6147K, committed 6400K, reserved 1114112K
  class space    used 718K, committed 832K, reserved 1048576K
}
Event: 10.000 GC heap after
{Heap after GC invocations=1 (full 0):
 garbage-first heap   total reserved 2037760K, committed 129024K, used 4181K [0x0000000083a00000, 0x0000000100000000)
  region size 1024K, 3 young (3072K), 3 survivors (3072K)
 Metaspace       used 6147K, committed 6400K, reserved 1114112K
  class space    used 718K, committed 832K, reserved 1048576K
}
Event: 20.691 GC heap before
{Heap before GC invocations=1 (full 0):
 garbage-first heap   total reserved 2037760K, committed 129024K, used 35925K [0x0000000083a00000, 0x0000000100000000)
  region size 1024K, 34 young (34816K), 3 survivors (3072K)
 Metaspace       used 10018K, committed 10176K, reserved 1114112K
  class space    used 1194K, committed 1280K, reserved 1048576K
}
Event: 20.698 GC heap after
{Heap after GC invocations=2 (full 0):
 garbage-first heap   total reserved 2037760K, committed 129024K, used 6063K [0x0000000083a00000, 0x0000000100000000)
  region size 1024K, 2 young (2048K), 2 survivors (2048K)
 Metaspace       used 10018K, committed 10176K, reserved 1114112K
  class space    used 1194K, committed 1280K, reserved 1048576K
}
Event: 35.491 GC heap before
{Heap before GC invocations=2 (full 0):
 garbage-first heap   total reserved 2037760K, committed 129024K, used 80815K [0x0000000083a00000, 0x0000000100000000)
  region size 1024K, 75 young (76800K), 2 survivors (2048K)
 Metaspace       used 16325K, committed 16576K, reserved 1114112K
  class space    used 1937K, committed 2048K, reserved 1048576K
}
Event: 35.509 GC heap after
{Heap after GC invocations=3 (full 0):
 garbage-first heap   total reserved 2037760K, committed 129024K, used 14613K [0x0000000083a00000, 0x0000000100000000)
  region size 1024K, 10 young (10240K), 10 survivors (10240K)
 Metaspace       used 16325K, committed 16576K, reserved 1114112K
  class space    used 1937K, committed 2048K, reserved 1048576K
}
Event: 43.626 GC heap before
{Heap before GC invocations=3 (full 0):
 garbage-first heap   total reserved 2037760K, committed 129024K, used 81173K [0x0000000083a00000, 0x0000000100000000)
  region size 1024K, 75 young (76800K), 10 survivors (10240K)
 Metaspace       used 16894K, committed 17152K, reserved 1114112K
  class space    used 1944K, committed 2048K, reserved 1048576K
}
Event: 43.643 GC heap after
{Heap after GC invocations=4 (full 0):
 garbage-first heap   total reserved 2037760K, committed 129024K, used 18820K [0x0000000083a00000, 0x0000000100000000)
  region size 1024K, 5 young (5120K), 5 survivors (5120K)
 Metaspace       used 16894K, committed 17152K, reserved 1114112K
  class space    used 1944K, committed 2048K, reserved 1048576K
}
Event: 51.372 GC heap before
{Heap before GC invocations=4 (full 0):
 garbage-first heap   total reserved 2037760K, committed 129024K, used 109956K [0x0000000083a00000, 0x0000000100000000)
  region size 1024K, 55 young (56320K), 5 survivors (5120K)
 Metaspace       used 18432K, committed 18752K, reserved 1114112K
  class space    used 2102K, committed 2240K, reserved 1048576K
}
Event: 51.381 GC heap after
{Heap after GC invocations=5 (full 0):
 garbage-first heap   total reserved 2037760K, committed 129024K, used 29572K [0x0000000083a00000, 0x0000000100000000)
  region size 1024K, 7 young (7168K), 7 survivors (7168K)
 Metaspace       used 18432K, committed 18752K, reserved 1114112K
  class space    used 2102K, committed 2240K, reserved 1048576K
}
Event: 51.392 GC heap before
{Heap before GC invocations=5 (full 0):
 garbage-first heap   total reserved 2037760K, committed 129024K, used 62340K [0x0000000083a00000, 0x0000000100000000)
  region size 1024K, 8 young (8192K), 7 survivors (7168K)
 Metaspace       used 18434K, committed 18752K, reserved 1114112K
  class space    used 2102K, committed 2240K, reserved 1048576K
}
Event: 51.399 GC heap after
{Heap after GC invocations=6 (full 0):
 garbage-first heap   total reserved 2037760K, committed 129024K, used 29685K [0x0000000083a00000, 0x0000000100000000)
  region size 1024K, 4 young (4096K), 4 survivors (4096K)
 Metaspace       used 18434K, committed 18752K, reserved 1114112K
  class space    used 2102K, committed 2240K, reserved 1048576K
}
Event: 51.407 GC heap before
{Heap before GC invocations=6 (full 0):
 garbage-first heap   total reserved 2037760K, committed 129024K, used 54261K [0x0000000083a00000, 0x0000000100000000)
  region size 1024K, 5 young (5120K), 4 survivors (4096K)
 Metaspace       used 18434K, committed 18752K, reserved 1114112K
  class space    used 2102K, committed 2240K, reserved 1048576K
}
Event: 51.411 GC heap after
{Heap after GC invocations=7 (full 0):
 garbage-first heap   total reserved 2037760K, committed 129024K, used 21084K [0x0000000083a00000, 0x0000000100000000)
  region size 1024K, 3 young (3072K), 3 survivors (3072K)
 Metaspace       used 18434K, committed 18752K, reserved 1114112K
  class space    used 2102K, committed 2240K, reserved 1048576K
}
Event: 51.420 GC heap before
{Heap before GC invocations=7 (full 0):
 garbage-first heap   total reserved 2037760K, committed 129024K, used 53852K [0x0000000083a00000, 0x0000000100000000)
  region size 1024K, 4 young (4096K), 3 survivors (3072K)
 Metaspace       used 18434K, committed 18752K, reserved 1114112K
  class space    used 2102K, committed 2240K, reserved 1048576K
}
Event: 51.423 GC heap after
{Heap after GC invocations=8 (full 0):
 garbage-first heap   total reserved 2037760K, committed 129024K, used 21295K [0x0000000083a00000, 0x0000000100000000)
  region size 1024K, 4 young (4096K), 4 survivors (4096K)
 Metaspace       used 18434K, committed 18752K, reserved 1114112K
  class space    used 2102K, committed 2240K, reserved 1048576K
}

Dll operation events (12 events):
Event: 0.200 Loaded shared library C:\Users\USER\.jdks\openjdk-22.0.2\bin\java.dll
Event: 0.788 Loaded shared library C:\Users\USER\.jdks\openjdk-22.0.2\bin\jsvml.dll
Event: 1.302 Loaded shared library C:\Users\USER\.jdks\openjdk-22.0.2\bin\zip.dll
Event: 1.334 Loaded shared library C:\Users\USER\.jdks\openjdk-22.0.2\bin\instrument.dll
Event: 1.410 Loaded shared library C:\Users\USER\.jdks\openjdk-22.0.2\bin\net.dll
Event: 1.435 Loaded shared library C:\Users\USER\.jdks\openjdk-22.0.2\bin\nio.dll
Event: 1.443 Loaded shared library C:\Users\USER\.jdks\openjdk-22.0.2\bin\zip.dll
Event: 1.649 Loaded shared library C:\Users\USER\.jdks\openjdk-22.0.2\bin\jimage.dll
Event: 1.898 Loaded shared library C:\Program Files\JetBrains\IntelliJ IDEA 2024.2.0.1\bin\breakgen64.dll
Event: 2.124 Loaded shared library C:\Users\USER\.jdks\openjdk-22.0.2\bin\extnet.dll
Event: 4.898 Loaded shared library C:\Users\USER\AppData\Local\Temp\jansi-2.4.1-1f07ac9fb8d16ad2-jansi.dll
Event: 5.088 Loaded shared library C:\Users\USER\.jdks\openjdk-22.0.2\bin\verify.dll

Deoptimization events (20 events):
Event: 56.773 Thread 0x0000028d1ba03190 Uncommon trap: trap_request=0xffffffbe fr.pc=0x0000028d2db2eaf4 relative=0x00000000000010d4
Event: 56.773 Thread 0x0000028d1ba03190 Uncommon trap: reason=profile_predicate action=maybe_recompile pc=0x0000028d2db2eaf4 method=java.util.TimSort.binarySort([Ljava/lang/Object;IIILjava/util/Comparator;)V @ 34 c2
Event: 56.773 Thread 0x0000028d1ba03190 DEOPT PACKING pc=0x0000028d2db2eaf4 sp=0x000000bb0f2fde50
Event: 56.773 Thread 0x0000028d1ba03190 DEOPT UNPACKING pc=0x0000028d2d4f7da2 sp=0x000000bb0f2fde20 mode 2
Event: 56.774 Thread 0x0000028d1ba03190 Uncommon trap: trap_request=0xffffffbe fr.pc=0x0000028d2db2eaf4 relative=0x00000000000010d4
Event: 56.774 Thread 0x0000028d1ba03190 Uncommon trap: reason=profile_predicate action=maybe_recompile pc=0x0000028d2db2eaf4 method=java.util.TimSort.binarySort([Ljava/lang/Object;IIILjava/util/Comparator;)V @ 34 c2
Event: 56.774 Thread 0x0000028d1ba03190 DEOPT PACKING pc=0x0000028d2db2eaf4 sp=0x000000bb0f2fde50
Event: 56.774 Thread 0x0000028d1ba03190 DEOPT UNPACKING pc=0x0000028d2d4f7da2 sp=0x000000bb0f2fde20 mode 2
Event: 56.775 Thread 0x0000028d1ba03190 Uncommon trap: trap_request=0xffffffbe fr.pc=0x0000028d2db2eaf4 relative=0x00000000000010d4
Event: 56.775 Thread 0x0000028d1ba03190 Uncommon trap: reason=profile_predicate action=maybe_recompile pc=0x0000028d2db2eaf4 method=java.util.TimSort.binarySort([Ljava/lang/Object;IIILjava/util/Comparator;)V @ 34 c2
Event: 56.775 Thread 0x0000028d1ba03190 DEOPT PACKING pc=0x0000028d2db2eaf4 sp=0x000000bb0f2fde50
Event: 56.775 Thread 0x0000028d1ba03190 DEOPT UNPACKING pc=0x0000028d2d4f7da2 sp=0x000000bb0f2fde20 mode 2
Event: 56.775 Thread 0x0000028d1ba03190 Uncommon trap: trap_request=0xffffffbe fr.pc=0x0000028d2db2eaf4 relative=0x00000000000010d4
Event: 56.775 Thread 0x0000028d1ba03190 Uncommon trap: reason=profile_predicate action=maybe_recompile pc=0x0000028d2db2eaf4 method=java.util.TimSort.binarySort([Ljava/lang/Object;IIILjava/util/Comparator;)V @ 34 c2
Event: 56.775 Thread 0x0000028d1ba03190 DEOPT PACKING pc=0x0000028d2db2eaf4 sp=0x000000bb0f2fde50
Event: 56.775 Thread 0x0000028d1ba03190 DEOPT UNPACKING pc=0x0000028d2d4f7da2 sp=0x000000bb0f2fde20 mode 2
Event: 57.231 Thread 0x0000028d1ba03190 Uncommon trap: trap_request=0xffffff45 fr.pc=0x0000028d2db366f8 relative=0x00000000000000d8
Event: 57.231 Thread 0x0000028d1ba03190 Uncommon trap: reason=unstable_if action=reinterpret pc=0x0000028d2db366f8 method=java.util.Spliterator.getExactSizeIfKnown()J @ 9 c2
Event: 57.231 Thread 0x0000028d1ba03190 DEOPT PACKING pc=0x0000028d2db366f8 sp=0x000000bb0f2fdf40
Event: 57.231 Thread 0x0000028d1ba03190 DEOPT UNPACKING pc=0x0000028d2d4f7da2 sp=0x000000bb0f2fdee0 mode 2

Classes loaded (20 events):
Event: 57.224 Loading class java/nio/file/Files$AcceptAllFilter
Event: 57.224 Loading class java/nio/file/DirectoryStream$Filter
Event: 57.224 Loading class java/nio/file/DirectoryStream$Filter done
Event: 57.224 Loading class java/nio/file/Files$AcceptAllFilter done
Event: 57.224 Loading class sun/nio/fs/WindowsDirectoryStream
Event: 57.224 Loading class java/nio/file/DirectoryStream
Event: 57.224 Loading class java/nio/file/DirectoryStream done
Event: 57.224 Loading class sun/nio/fs/WindowsDirectoryStream done
Event: 57.225 Loading class java/nio/file/FileTreeWalker$DirectoryNode
Event: 57.226 Loading class java/nio/file/FileTreeWalker$DirectoryNode done
Event: 57.226 Loading class sun/nio/fs/WindowsDirectoryStream$WindowsDirectoryIterator
Event: 57.226 Loading class sun/nio/fs/WindowsDirectoryStream$WindowsDirectoryIterator done
Event: 57.226 Loading class java/nio/file/FileTreeWalker$Event
Event: 57.226 Loading class java/nio/file/FileTreeWalker$Event done
Event: 57.226 Loading class java/nio/file/FileTreeWalker$EventType
Event: 57.226 Loading class java/nio/file/FileTreeWalker$EventType done
Event: 57.233 Loading class sun/nio/fs/WindowsPath$WindowsPathWithAttributes
Event: 57.233 Loading class sun/nio/fs/BasicFileAttributesHolder
Event: 57.233 Loading class sun/nio/fs/BasicFileAttributesHolder done
Event: 57.233 Loading class sun/nio/fs/WindowsPath$WindowsPathWithAttributes done

Classes unloaded (0 events):
No events

Classes redefined (0 events):
No events

Internal exceptions (20 events):
Event: 26.319 Thread 0x0000028d1ba03190 Exception <a 'java/lang/NoSuchMethodError'{0x000000008a5af5e8}: 'void java.lang.invoke.DirectMethodHandle$Holder.invokeVirtual(java.lang.Object, java.lang.Object)'> (0x000000008a5af5e8) 
thrown [s\open\src\hotspot\share\interpreter\linkResolver.cpp, line 774]
Event: 26.903 Thread 0x0000028d1ba03190 Exception <a 'java/lang/NoSuchMethodError'{0x000000008a43eb68}: 'java.lang.Object java.lang.invoke.DirectMethodHandle$Holder.invokeStaticInit(java.lang.Object, int, int, int, int)'> (0x000000008a43eb68) 
thrown [s\open\src\hotspot\share\interpreter\linkResolver.cpp, line 774]
Event: 28.252 Thread 0x0000028d1ba03190 Implicit null exception at 0x0000028d2da825a4 to 0x0000028d2da82c60
Event: 28.252 Thread 0x0000028d1ba03190 Implicit null exception at 0x0000028d2da83320 to 0x0000028d2da839cc
Event: 28.412 Thread 0x0000028d1ba03190 Exception <a 'java/lang/NoSuchMethodError'{0x0000000089e51900}: 'void java.lang.invoke.DirectMethodHandle$Holder.invokeSpecial(java.lang.Object, java.lang.Object, java.lang.Object, java.lang.Object, java.lang.Object)'> (0x0000000089e51900) 
thrown [s\open\src\hotspot\share\interpreter\linkResolver.cpp, line 774]
Event: 28.416 Thread 0x0000028d1ba03190 Exception <a 'java/lang/NoSuchMethodError'{0x0000000089e67f10}: 'void java.lang.invoke.DirectMethodHandle$Holder.invokeSpecial(java.lang.Object, java.lang.Object, java.lang.Object, java.lang.Object, java.lang.Object, java.lang.Object)'> (0x0000000089e67f10) 
thrown [s\open\src\hotspot\share\interpreter\linkResolver.cpp, line 774]
Event: 28.578 Thread 0x0000028d1ba03190 Exception <a 'java/lang/NoSuchMethodError'{0x0000000089d5faf0}: 'java.lang.Object java.lang.invoke.DirectMethodHandle$Holder.invokeVirtual(java.lang.Object, java.lang.Object, java.lang.Object)'> (0x0000000089d5faf0) 
thrown [s\open\src\hotspot\share\interpreter\linkResolver.cpp, line 774]
Event: 28.894 Thread 0x0000028d1ba03190 Exception <a 'java/lang/NoSuchMethodError'{0x0000000089b4c570}: 'void java.lang.invoke.DirectMethodHandle$Holder.invokeVirtual(java.lang.Object, java.lang.Object, int)'> (0x0000000089b4c570) 
thrown [s\open\src\hotspot\share\interpreter\linkResolver.cpp, line 774]
Event: 28.895 Thread 0x0000028d1ba03190 Exception <a 'java/lang/NoSuchMethodError'{0x0000000089b50370}: 'void java.lang.invoke.DirectMethodHandle$Holder.invokeSpecial(java.lang.Object, java.lang.Object, java.lang.Object, int)'> (0x0000000089b50370) 
thrown [s\open\src\hotspot\share\interpreter\linkResolver.cpp, line 774]
Event: 28.897 Thread 0x0000028d1ba03190 Exception <a 'java/lang/NoSuchMethodError'{0x0000000089b53a40}: 'void java.lang.invoke.DelegatingMethodHandle$Holder.reinvoke_L(java.lang.Object, java.lang.Object, int)'> (0x0000000089b53a40) 
thrown [s\open\src\hotspot\share\interpreter\linkResolver.cpp, line 774]
Event: 34.203 Thread 0x0000028d1ba03190 Exception <a 'java/lang/NoSuchMethodError'{0x000000008761c2c0}: 'int java.lang.invoke.DirectMethodHandle$Holder.invokeSpecialIFC(java.lang.Object, java.lang.Object, java.lang.Object, java.lang.Object)'> (0x000000008761c2c0) 
thrown [s\open\src\hotspot\share\interpreter\linkResolver.cpp, line 774]
Event: 44.629 Thread 0x0000028d1ba03190 Implicit null exception at 0x0000028d2dc69c98 to 0x0000028d2dc69e70
Event: 44.629 Thread 0x0000028d1ba03190 Implicit null exception at 0x0000028d2dc41118 to 0x0000028d2dc412f4
Event: 44.629 Thread 0x0000028d1ba03190 Implicit null exception at 0x0000028d2db0033d to 0x0000028d2db003bd
Event: 48.659 Thread 0x0000028d1ba03190 Exception <a 'java/lang/NoSuchMethodError'{0x0000000089cfbd88}: 'java.lang.Object java.lang.invoke.DirectMethodHandle$Holder.newInvokeSpecial(java.lang.Object, java.lang.Object, java.lang.Object, java.lang.Object, java.lang.Object, java.lang.Object, java.lang.Object)'> (0x0000000089cfbd88) 
thrown [s\open\src\hotspot\share\interpreter\linkResolver.cpp, line 774]
Event: 48.662 Thread 0x0000028d1ba03190 Implicit null exception at 0x0000028d2dca0192 to 0x0000028d2dca0db4
Event: 50.676 Thread 0x0000028d1ba03190 Exception <a 'java/lang/NoSuchMethodError'{0x0000000089065290}: 'int java.lang.invoke.DirectMethodHandle$Holder.invokeVirtual(java.lang.Object, java.lang.Object)'> (0x0000000089065290) 
thrown [s\open\src\hotspot\share\interpreter\linkResolver.cpp, line 774]
Event: 50.781 Thread 0x0000028d1ba03190 Implicit null exception at 0x0000028d2dc227e9 to 0x0000028d2dc22f96
Event: 50.825 Thread 0x0000028d1ba03190 Exception <a 'java/lang/NoSuchMethodError'{0x0000000088ff5f50}: 'void java.lang.invoke.Invokers$Holder.invokeExact_MT(java.lang.Object, java.lang.Object, int, java.lang.Object)'> (0x0000000088ff5f50) 
thrown [s\open\src\hotspot\share\interpreter\linkResolver.cpp, line 774]
Event: 52.510 Thread 0x0000028d1ba03190 Implicit null exception at 0x0000028d2dcce784 to 0x0000028d2dcd0efc

ZGC Phase Switch (0 events):
No events

VM Operations (20 events):
Event: 50.824 Executing VM operation: HandshakeAllThreads (Deoptimize)
Event: 50.824 Executing VM operation: HandshakeAllThreads (Deoptimize) done
Event: 51.372 Executing VM operation: G1TryInitiateConcMark (G1 Humongous Allocation)
Event: 51.381 Executing VM operation: G1TryInitiateConcMark (G1 Humongous Allocation) done
Event: 51.392 Executing VM operation: G1TryInitiateConcMark (G1 Humongous Allocation)
Event: 51.399 Executing VM operation: G1TryInitiateConcMark (G1 Humongous Allocation) done
Event: 51.407 Executing VM operation: G1TryInitiateConcMark (G1 Humongous Allocation)
Event: 51.411 Executing VM operation: G1TryInitiateConcMark (G1 Humongous Allocation) done
Event: 51.420 Executing VM operation: G1TryInitiateConcMark (G1 Humongous Allocation)
Event: 51.424 Executing VM operation: G1TryInitiateConcMark (G1 Humongous Allocation) done
Event: 52.040 Executing VM operation: HandshakeAllThreads (Deoptimize)
Event: 52.040 Executing VM operation: HandshakeAllThreads (Deoptimize) done
Event: 53.044 Executing VM operation: Cleanup
Event: 53.044 Executing VM operation: Cleanup done
Event: 57.057 Executing VM operation: Cleanup
Event: 57.058 Executing VM operation: Cleanup done
Event: 57.235 Executing VM operation: HandshakeAllThreads (Deoptimize)
Event: 57.235 Executing VM operation: HandshakeAllThreads (Deoptimize) done
Event: 58.247 Executing VM operation: Cleanup
Event: 58.247 Executing VM operation: Cleanup done

Memory protections (0 events):
No events

Nmethod flushes (0 events):
No events

Events (20 events):
Event: 1.145 Thread 0x0000028d1ba03190 Thread added: 0x0000028d3a59b330
Event: 1.902 Thread 0x0000028d1ba03190 Thread added: 0x0000028d3a74a690
Event: 1.903 Thread 0x0000028d1ba03190 Thread added: 0x0000028d3a74ad00
Event: 3.476 Thread 0x0000028d1ba03190 Thread added: 0x0000028d3a8354d0
Event: 20.620 Thread 0x0000028d3a8354d0 Thread exited: 0x0000028d3a8354d0
Event: 27.678 Thread 0x0000028d1ba03190 Thread added: 0x0000028d000d7580
Event: 29.258 Thread 0x0000028d3a1fbff0 Thread added: 0x0000028d000df430
Event: 29.872 Thread 0x0000028d000df430 Thread exited: 0x0000028d000df430
Event: 34.067 Thread 0x0000028d3a1fbff0 Thread added: 0x0000028d00504d70
Event: 34.543 Thread 0x0000028d00504d70 Thread exited: 0x0000028d00504d70
Event: 35.563 Thread 0x0000028d3a1fbff0 Thread added: 0x0000028d00e20480
Event: 35.852 Thread 0x0000028d00e20480 Thread exited: 0x0000028d00e20480
Event: 43.606 Thread 0x0000028d3a1fbff0 Thread added: 0x0000028d0006f1a0
Event: 43.832 Thread 0x0000028d0006f1a0 Thread exited: 0x0000028d0006f1a0
Event: 44.644 Thread 0x0000028d3a1fbff0 Thread added: 0x0000028d00fc08a0
Event: 45.166 Thread 0x0000028d00fc08a0 Thread exited: 0x0000028d00fc08a0
Event: 50.100 Thread 0x0000028d3a1fbff0 Thread added: 0x0000028d00ab4230
Event: 50.358 Thread 0x0000028d00ab4230 Thread exited: 0x0000028d00ab4230
Event: 50.660 Thread 0x0000028d3a1fbff0 Thread added: 0x0000028d0162e5f0
Event: 51.106 Thread 0x0000028d0162e5f0 Thread exited: 0x0000028d0162e5f0


Dynamic libraries:
0x00007ff6b3b90000 - 0x00007ff6b3b9e000 	C:\Users\USER\.jdks\openjdk-22.0.2\bin\java.exe
0x00007fffc60d0000 - 0x00007fffc62e7000 	C:\WINDOWS\SYSTEM32\ntdll.dll
0x00007fffc4f30000 - 0x00007fffc4ff4000 	C:\WINDOWS\System32\KERNEL32.DLL
0x00007fffc3750000 - 0x00007fffc3b07000 	C:\WINDOWS\System32\KERNELBASE.dll
0x00007fffc3630000 - 0x00007fffc3741000 	C:\WINDOWS\System32\ucrtbase.dll
0x00007fffbcbe0000 - 0x00007fffbcbf7000 	C:\Users\USER\.jdks\openjdk-22.0.2\bin\jli.dll
0x00007fffc5250000 - 0x00007fffc53ff000 	C:\WINDOWS\System32\USER32.dll
0x00007fffc3460000 - 0x00007fffc3486000 	C:\WINDOWS\System32\win32u.dll
0x00007fffc3e10000 - 0x00007fffc3e39000 	C:\WINDOWS\System32\GDI32.dll
0x00007fffc3bd0000 - 0x00007fffc3ce8000 	C:\WINDOWS\System32\gdi32full.dll
0x00007fffc3cf0000 - 0x00007fffc3d8a000 	C:\WINDOWS\System32\msvcp_win.dll
0x00007fffbcc00000 - 0x00007fffbcc1b000 	C:\Users\USER\.jdks\openjdk-22.0.2\bin\VCRUNTIME140.dll
0x00007fffaed10000 - 0x00007fffaefa3000 	C:\WINDOWS\WinSxS\amd64_microsoft.windows.common-controls_6595b64144ccf1df_6.0.22621.3672_none_2713b9d173822955\COMCTL32.dll
0x00007fffc4570000 - 0x00007fffc4617000 	C:\WINDOWS\System32\msvcrt.dll
0x00007fffc4530000 - 0x00007fffc4561000 	C:\WINDOWS\System32\IMM32.DLL
0x00007fffbcbb0000 - 0x00007fffbcbbc000 	C:\Users\USER\.jdks\openjdk-22.0.2\bin\vcruntime140_1.dll
0x00007fffbc660000 - 0x00007fffbc6ee000 	C:\Users\USER\.jdks\openjdk-22.0.2\bin\msvcp140.dll
0x00007fff63820000 - 0x00007fff64569000 	C:\Users\USER\.jdks\openjdk-22.0.2\bin\server\jvm.dll
0x00007fffc5560000 - 0x00007fffc5612000 	C:\WINDOWS\System32\ADVAPI32.dll
0x00007fffc54b0000 - 0x00007fffc5558000 	C:\WINDOWS\System32\sechost.dll
0x00007fffc3600000 - 0x00007fffc3628000 	C:\WINDOWS\System32\bcrypt.dll
0x00007fffc4410000 - 0x00007fffc4524000 	C:\WINDOWS\System32\RPCRT4.dll
0x00007fffc4230000 - 0x00007fffc42a1000 	C:\WINDOWS\System32\WS2_32.dll
0x00007fffc2260000 - 0x00007fffc22ad000 	C:\WINDOWS\SYSTEM32\POWRPROF.dll
0x00007fffbc490000 - 0x00007fffbc4c4000 	C:\WINDOWS\SYSTEM32\WINMM.dll
0x00007fffb8b10000 - 0x00007fffb8b1a000 	C:\WINDOWS\SYSTEM32\VERSION.dll
0x00007fffc2240000 - 0x00007fffc2253000 	C:\WINDOWS\SYSTEM32\UMPDC.dll
0x00007fffc24f0000 - 0x00007fffc2508000 	C:\WINDOWS\SYSTEM32\kernel.appcore.dll
0x00007fffbcb80000 - 0x00007fffbcb8a000 	C:\Users\USER\.jdks\openjdk-22.0.2\bin\jimage.dll
0x00007fffc0cb0000 - 0x00007fffc0ee2000 	C:\WINDOWS\SYSTEM32\DBGHELP.DLL
0x00007fffc3e40000 - 0x00007fffc41ce000 	C:\WINDOWS\System32\combase.dll
0x00007fffc5860000 - 0x00007fffc5937000 	C:\WINDOWS\System32\OLEAUT32.dll
0x00007fffaf2b0000 - 0x00007fffaf2e2000 	C:\WINDOWS\SYSTEM32\dbgcore.DLL
0x00007fffc33e0000 - 0x00007fffc345b000 	C:\WINDOWS\System32\bcryptPrimitives.dll
0x00007fffbcd30000 - 0x00007fffbcd3f000 	C:\Users\USER\.jdks\openjdk-22.0.2\bin\instrument.dll
0x00007fffbc640000 - 0x00007fffbc65e000 	C:\Users\USER\.jdks\openjdk-22.0.2\bin\java.dll
0x00007fffc4620000 - 0x00007fffc4e89000 	C:\WINDOWS\System32\SHELL32.dll
0x00007fffc5000000 - 0x00007fffc51a5000 	C:\WINDOWS\System32\ole32.dll
0x00007fffc1310000 - 0x00007fffc1c0f000 	C:\WINDOWS\SYSTEM32\windows.storage.dll
0x00007fffc1060000 - 0x00007fffc119f000 	C:\WINDOWS\SYSTEM32\wintypes.dll
0x00007fffc4310000 - 0x00007fffc4409000 	C:\WINDOWS\System32\SHCORE.dll
0x00007fffc41d0000 - 0x00007fffc422e000 	C:\WINDOWS\System32\shlwapi.dll
0x00007fffc3310000 - 0x00007fffc3337000 	C:\WINDOWS\SYSTEM32\profapi.dll
0x00007fffae0d0000 - 0x00007fffae1a7000 	C:\Users\USER\.jdks\openjdk-22.0.2\bin\jsvml.dll
0x00007fffbc580000 - 0x00007fffbc597000 	C:\Users\USER\.jdks\openjdk-22.0.2\bin\zip.dll
0x00007fffbc620000 - 0x00007fffbc630000 	C:\Users\USER\.jdks\openjdk-22.0.2\bin\net.dll
0x00007fffc2990000 - 0x00007fffc29f9000 	C:\WINDOWS\system32\mswsock.dll
0x00007fffbc5e0000 - 0x00007fffbc5f6000 	C:\Users\USER\.jdks\openjdk-22.0.2\bin\nio.dll
0x00007fffbbbf0000 - 0x00007fffbbc0a000 	C:\Program Files\JetBrains\IntelliJ IDEA 2024.2.0.1\bin\breakgen64.dll
0x00007fffba650000 - 0x00007fffba659000 	C:\Users\USER\.jdks\openjdk-22.0.2\bin\extnet.dll
0x00007fff86260000 - 0x00007fff86284000 	C:\Users\USER\AppData\Local\Temp\jansi-2.4.1-1f07ac9fb8d16ad2-jansi.dll
0x00007fffbcd20000 - 0x00007fffbcd30000 	C:\Users\USER\.jdks\openjdk-22.0.2\bin\verify.dll

dbghelp: loaded successfully - version: 4.0.5 - missing functions: none
symbol engine: initialized successfully - sym options: 0x614 - pdb path: .;C:\Users\USER\.jdks\openjdk-22.0.2\bin;C:\WINDOWS\SYSTEM32;C:\WINDOWS\WinSxS\amd64_microsoft.windows.common-controls_6595b64144ccf1df_6.0.22621.3672_none_2713b9d173822955;C:\Users\USER\.jdks\openjdk-22.0.2\bin\server;C:\Program Files\JetBrains\IntelliJ IDEA 2024.2.0.1\bin;C:\Users\USER\AppData\Local\Temp

VM Arguments:
jvm_args: -Dmaven.multiModuleProjectDirectory=C:\Users\USER\IdeaProjects\ssacthree\shop3\ssacthree-shop-api -Djansi.passthrough=true -Dmaven.home=C:\Users\USER\.m2\wrapper\dists\apache-maven-3.9.9-bin\4nf9hui3q3djbarqar9g711ggc\apache-maven-3.9.9 -Dclassworlds.conf=C:\Users\USER\.m2\wrapper\dists\apache-maven-3.9.9-bin\4nf9hui3q3djbarqar9g711ggc\apache-maven-3.9.9\bin\m2.conf -Dmaven.ext.class.path=C:\Program Files\JetBrains\IntelliJ IDEA 2024.2.0.1\plugins\maven\lib\maven-event-listener.jar -javaagent:C:\Program Files\JetBrains\IntelliJ IDEA 2024.2.0.1\lib\idea_rt.jar=34914:C:\Program Files\JetBrains\IntelliJ IDEA 2024.2.0.1\bin -Dfile.encoding=UTF-8 -Dsun.stdout.encoding=UTF-8 -Dsun.stderr.encoding=UTF-8 
java_command: org.codehaus.classworlds.Launcher -Didea.version=2024.2.0.1 test
java_class_path (initial): C:\Users\USER\.m2\wrapper\dists\apache-maven-3.9.9-bin\4nf9hui3q3djbarqar9g711ggc\apache-maven-3.9.9\boot\plexus-classworlds-2.8.0.jar;C:\Users\USER\.m2\wrapper\dists\apache-maven-3.9.9-bin\4nf9hui3q3djbarqar9g711ggc\apache-maven-3.9.9\boot\plexus-classworlds.license
Launcher Type: SUN_STANDARD

[Global flags]
     intx CICompilerCount                          = 4                                         {product} {ergonomic}
     uint ConcGCThreads                            = 2                                         {product} {ergonomic}
     uint G1ConcRefinementThreads                  = 8                                         {product} {ergonomic}
   size_t G1HeapRegionSize                         = 1048576                                   {product} {ergonomic}
   size_t InitialHeapSize                          = 132120576                                 {product} {ergonomic}
   size_t MarkStackSize                            = 4194304                                   {product} {ergonomic}
   size_t MaxHeapSize                              = 2086666240                                {product} {ergonomic}
   size_t MaxNewSize                               = 1251999744                                {product} {ergonomic}
   size_t MinHeapDeltaBytes                        = 1048576                                   {product} {ergonomic}
   size_t MinHeapSize                              = 8388608                                   {product} {ergonomic}
    uintx NonNMethodCodeHeapSize                   = 5839372                                {pd product} {ergonomic}
    uintx NonProfiledCodeHeapSize                  = 122909434                              {pd product} {ergonomic}
    uintx ProfiledCodeHeapSize                     = 122909434                              {pd product} {ergonomic}
    uintx ReservedCodeCacheSize                    = 251658240                              {pd product} {ergonomic}
     bool SegmentedCodeCache                       = true                                      {product} {ergonomic}
   size_t SoftMaxHeapSize                          = 2086666240                             {manageable} {ergonomic}
     bool UseCompressedOops                        = true                           {product lp64_product} {ergonomic}
     bool UseG1GC                                  = true                                      {product} {ergonomic}
     bool UseLargePagesIndividualAllocation        = false                                  {pd product} {ergonomic}

Logging:
Log output configuration:
 #0: stdout all=warning uptime,level,tags foldmultilines=false
 #1: stderr all=off uptime,level,tags foldmultilines=false

Environment Variables:
JAVA_HOME=C:\Users\USER\Downloads\jdk-21.0.3_windows-x64_bin\jdk-21.0.3
PATH=C:\Users\USER\Downloads\jdk-21.0.3_windows-x64_bin\jdk-21.0.3\bin;C:\Program Files\MySQL\MySQL Server 8.0\bin;C:\apache-maven-3.9.8-bin\apache-maven-3.9.8\bin;C:\Users\USER\Downloads\netcat-win32-1.12;C:\Users\USER\Downloads\curl-8.9.0_1-win64-mingw\curl-8.9.0_1-win64-mingw\bin;C:\Program Files\Docker\Docker\resources\bin;C:\Program Files (x86)\Microsoft SQL Server\160\Tools\Binn\;C:\Program Files\Microsoft SQL Server\160\Tools\Binn\;C:\Program Files\Microsoft SQL Server\Client SDK\ODBC\170\Tools\Binn\;C:\Program Files\Microsoft SQL Server\160\DTS\Binn\;C:\Program Files (x86)\Microsoft SQL Server\160\DTS\Binn\;C:\Program Files\Git\cmd;C:\Users\USER\anaconda3;C:\Users\USER\anaconda3\Library\mingw-w64\bin;C:\Users\USER\anaconda3\Library\usr\bin;C:\Users\USER\anaconda3\Library\bin;C:\Users\USER\anaconda3\Scripts;C:\Users\USER\AppData\Local\Microsoft\WindowsApps;C:\Program Files\JetBrains\PyCharm Community Edition 2021.3.2\bin;;C:\Users\USER\AppData\Local\Programs\Microsoft VS Code\bin;;C:\Program Files\JetBrains\IntelliJ IDEA 2024.2.0.1\bin;
USERNAME=USER
OS=Windows_NT
PROCESSOR_IDENTIFIER=Intel64 Family 6 Model 126 Stepping 5, GenuineIntel
TMP=C:\Users\USER\AppData\Local\Temp
TEMP=C:\Users\USER\AppData\Local\Temp




Periodic native trim disabled

---------------  S Y S T E M  ---------------

OS:
 Windows 11 , 64 bit Build 22621 (10.0.22621.3958)
OS uptime: 3 days 9:28 hours
Hyper-V role detected

CPU: total 8 (initial active 8) (4 cores per cpu, 2 threads per core) family 6 model 126 stepping 5 microcode 0xa0, cx8, cmov, fxsr, ht, mmx, 3dnowpref, sse, sse2, sse3, ssse3, sse4.1, sse4.2, popcnt, lzcnt, tsc, tscinvbit, avx, avx2, aes, erms, clmul, bmi1, bmi2, adx, avx512f, avx512dq, avx512cd, avx512bw, avx512vl, sha, fma, vzeroupper, avx512_vpopcntdq, avx512_vpclmulqdq, avx512_vaes, avx512_vnni, clflush, clflushopt, avx512_vbmi2, avx512_vbmi, hv, rdtscp, rdpid, fsrm, gfni, avx512_bitalg, f16c, avx512_ifma
Processor Information for processor 0
  Max Mhz: 1498, Current Mhz: 1098, Mhz Limit: 1093
Processor Information for processor 1
  Max Mhz: 1498, Current Mhz: 998, Mhz Limit: 1093
Processor Information for processor 2
  Max Mhz: 1498, Current Mhz: 1098, Mhz Limit: 1093
Processor Information for processor 3
  Max Mhz: 1498, Current Mhz: 998, Mhz Limit: 1093
Processor Information for processor 4
  Max Mhz: 1498, Current Mhz: 1098, Mhz Limit: 1093
Processor Information for processor 5
  Max Mhz: 1498, Current Mhz: 1098, Mhz Limit: 1093
Processor Information for processor 6
  Max Mhz: 1498, Current Mhz: 1098, Mhz Limit: 1093
Processor Information for processor 7
  Max Mhz: 1498, Current Mhz: 1098, Mhz Limit: 1093

Memory: 4k page, system-wide physical 7953M (528M free)
TotalPageFile size 32529M (AvailPageFile size 302M)
current process WorkingSet (physical memory assigned to process): 216M, peak: 235M
current process commit charge ("private bytes"): 255M, peak: 274M

vm_info: OpenJDK 64-Bit Server VM (22.0.2+9-70) for windows-amd64 JRE (22.0.2+9-70), built on 2024-06-04T16:52:23Z by "mach5one" with MS VC++ 17.6 (VS2022)

END.
