#
# There is insufficient memory for the Java Runtime Environment to continue.
# Native memory allocation (mmap) failed to map 132120576 bytes. Error detail: G1 virtual space
# Possible reasons:
#   The system is out of physical RAM or swap space
#   This process is running with CompressedOops enabled, and the Java Heap may be blocking the growth of the native heap
# Possible solutions:
#   Reduce memory load on the system
#   Increase physical memory or swap space
#   Check if swap backing store is full
#   Decrease Java heap size (-Xmx/-Xms)
#   Decrease number of Java threads
#   Decrease Java thread stack sizes (-Xss)
#   Set larger code cache with -XX:ReservedCodeCacheSize=
#   JVM is running with Unscaled Compressed Oops mode in which the Java heap is
#     placed in the first 4GB address space. The Java Heap base address is the
#     maximum limit for the native heap growth. Please use -XX:HeapBaseMinAddress
#     to set the Java Heap base and to place the Java Heap above 4GB virtual address.
# This output file may be truncated or incomplete.
#
#  Out of Memory Error (os_windows.cpp:3631), pid=22220, tid=26304
#
# JRE version:  (22.0.2+9) (build )
# Java VM: OpenJDK 64-Bit Server VM (22.0.2+9-70, mixed mode, sharing, tiered, compressed oops, compressed class ptrs, g1 gc, windows-amd64)
# No core dump will be written. Minidumps are not enabled by default on client versions of Windows
#

---------------  S U M M A R Y ------------

Command Line: -javaagent:C:\\Users\\USER\\.m2\\repository\\org\\jacoco\\org.jacoco.agent\\0.8.12\\org.jacoco.agent-0.8.12-runtime.jar=destfile=C:\\Users\\USER\\IdeaProjects\\ssacthree\\shop3\\ssacthree-shop-api\\target\\jacoco.exec C:\Users\USER\AppData\Local\Temp\surefire13770649715899128480\surefirebooter-20241029091914809_3.jar C:\Users\USER\AppData\Local\Temp\surefire13770649715899128480 2024-10-29T09-19-14_410-jvmRun1 surefire-20241029091914809_1tmp surefire_0-20241029091914809_2tmp

Host: Intel(R) Core(TM) i5-1035G4 CPU @ 1.10GHz, 8 cores, 7G,  Windows 11 , 64 bit Build 22621 (10.0.22621.3958)
Time: Tue Oct 29 09:19:15 2024  Windows 11 , 64 bit Build 22621 (10.0.22621.3958) elapsed time: 0.031276 seconds (0d 0h 0m 0s)

---------------  T H R E A D  ---------------

Current thread (0x00000297552340a0):  JavaThread "Unknown thread" [_thread_in_vm, id=26304, stack(0x000000d21fa00000,0x000000d21fb00000) (1024K)]

Stack: [0x000000d21fa00000,0x000000d21fb00000]
Native frames: (J=compiled Java code, j=interpreted, Vv=VM code, C=native code)
V  [jvm.dll+0x6e26e9]  (no source info available)
V  [jvm.dll+0x875753]  (no source info available)
V  [jvm.dll+0x877b7e]  (no source info available)
V  [jvm.dll+0x878253]  (no source info available)
V  [jvm.dll+0x27fc86]  (no source info available)
V  [jvm.dll+0x6ded85]  (no source info available)
V  [jvm.dll+0x6d388a]  (no source info available)
V  [jvm.dll+0x358b8a]  (no source info available)
V  [jvm.dll+0x3610b6]  (no source info available)
V  [jvm.dll+0x3b419e]  (no source info available)
V  [jvm.dll+0x3b4448]  (no source info available)
V  [jvm.dll+0x32c5ec]  (no source info available)
V  [jvm.dll+0x32d258]  (no source info available)
V  [jvm.dll+0x83d5ac]  (no source info available)
V  [jvm.dll+0x3c10d1]  (no source info available)
V  [jvm.dll+0x8264cc]  (no source info available)
V  [jvm.dll+0x45bd5e]  (no source info available)
V  [jvm.dll+0x45dbe1]  (no source info available)
C  [jli.dll+0x52a3]  (no source info available)
C  [ucrtbase.dll+0x29333]  (no source info available)
C  [KERNEL32.DLL+0x1257d]  (no source info available)
C  [ntdll.dll+0x5af08]  (no source info available)


---------------  P R O C E S S  ---------------

Threads class SMR info:
_java_thread_list=0x00007fff4fc6c1c8, length=0, elements={
}

Java Threads: ( => current thread )
Total: 0

Other Threads:
  0x00000297554d3280 WorkerThread "GC Thread#0"                     [id=26876, stack(0x000000d21fb00000,0x000000d21fc00000) (1024K)]
  0x00000297554e3b30 ConcurrentGCThread "G1 Main Marker"            [id=16976, stack(0x000000d21fc00000,0x000000d21fd00000) (1024K)]
  0x00000297554e4f90 WorkerThread "G1 Conc#0"                       [id=25000, stack(0x000000d21fd00000,0x000000d21fe00000) (1024K)]

[error occurred during error reporting (printing all threads), id 0xc0000005, EXCEPTION_ACCESS_VIOLATION (0xc0000005) at pc=0x00007fff4f3bf517]
VM state: not at safepoint (not fully initialized)

VM Mutex/Monitor currently owned by a thread:  ([mutex/lock_event])
[0x00007fff4fcecc80] Heap_lock - owner thread: 0x00000297552340a0

Heap address: 0x0000000083a00000, size: 1990 MB, Compressed Oops mode: 32-bit

CDS archive(s) mapped at: [0x0000000000000000-0x0000000000000000-0x0000000000000000), size 0, SharedBaseAddress: 0x0000000800000000, ArchiveRelocationMode: 1.
Narrow klass base: 0x0000000000000000, Narrow klass shift: 0, Narrow klass range: 0x0

GC Precious Log:
 CardTable entry size: 512
 Card Set container configuration: InlinePtr #cards 5 size 8 Array Of Cards #cards 12 size 40 Howl #buckets 4 coarsen threshold 1843 Howl Bitmap #cards 512 size 80 coarsen threshold 460 Card regions per heap region 1 cards per card region 2048

Heap:
 garbage-first heap   total reserved 2037760K, committed 0K, used 0K [0x0000000083a00000, 0x0000000100000000)
  region size 1024K, 0 young (0K), 0 survivors (0K)

[error occurred during error reporting (printing heap information), id 0xc0000005, EXCEPTION_ACCESS_VIOLATION (0xc0000005) at pc=0x00007fff4f7be869]
GC Heap History (0 events):
No events

Dll operation events (1 events):
Event: 0.018 Loaded shared library C:\Users\USER\.jdks\openjdk-22.0.2\bin\java.dll

Deoptimization events (0 events):
No events

Classes loaded (0 events):
No events

Classes unloaded (0 events):
No events

Classes redefined (0 events):
No events

Internal exceptions (0 events):
No events

ZGC Phase Switch (0 events):
No events

VM Operations (0 events):
No events

Memory protections (0 events):
No events

Nmethod flushes (0 events):
No events

Events (0 events):
No events


Dynamic libraries:
0x00007ff6b3b90000 - 0x00007ff6b3b9e000 	C:\Users\USER\.jdks\openjdk-22.0.2\bin\java.exe
0x00007fffc60d0000 - 0x00007fffc62e7000 	C:\WINDOWS\SYSTEM32\ntdll.dll
0x00007fffc4f30000 - 0x00007fffc4ff4000 	C:\WINDOWS\System32\KERNEL32.DLL
0x00007fffc3750000 - 0x00007fffc3b07000 	C:\WINDOWS\System32\KERNELBASE.dll
0x00007fffc3630000 - 0x00007fffc3741000 	C:\WINDOWS\System32\ucrtbase.dll
0x00007fffbcd00000 - 0x00007fffbcd1b000 	C:\Users\USER\.jdks\openjdk-22.0.2\bin\VCRUNTIME140.dll
0x00007fffbcd20000 - 0x00007fffbcd37000 	C:\Users\USER\.jdks\openjdk-22.0.2\bin\jli.dll
0x00007fffc5250000 - 0x00007fffc53ff000 	C:\WINDOWS\System32\USER32.dll
0x00007fffc3460000 - 0x00007fffc3486000 	C:\WINDOWS\System32\win32u.dll
0x00007fffc3e10000 - 0x00007fffc3e39000 	C:\WINDOWS\System32\GDI32.dll
0x00007fffc3bd0000 - 0x00007fffc3ce8000 	C:\WINDOWS\System32\gdi32full.dll
0x00007fffc3cf0000 - 0x00007fffc3d8a000 	C:\WINDOWS\System32\msvcp_win.dll
0x00007fffaed10000 - 0x00007fffaefa3000 	C:\WINDOWS\WinSxS\amd64_microsoft.windows.common-controls_6595b64144ccf1df_6.0.22621.3672_none_2713b9d173822955\COMCTL32.dll
0x00007fffc4570000 - 0x00007fffc4617000 	C:\WINDOWS\System32\msvcrt.dll
0x00007fffc4530000 - 0x00007fffc4561000 	C:\WINDOWS\System32\IMM32.DLL
0x00007fffbc6e0000 - 0x00007fffbc6ec000 	C:\Users\USER\.jdks\openjdk-22.0.2\bin\vcruntime140_1.dll
0x00007fffbc650000 - 0x00007fffbc6de000 	C:\Users\USER\.jdks\openjdk-22.0.2\bin\msvcp140.dll
0x00007fff4f080000 - 0x00007fff4fdc9000 	C:\Users\USER\.jdks\openjdk-22.0.2\bin\server\jvm.dll
0x00007fffc5560000 - 0x00007fffc5612000 	C:\WINDOWS\System32\ADVAPI32.dll
0x00007fffc54b0000 - 0x00007fffc5558000 	C:\WINDOWS\System32\sechost.dll
0x00007fffc3600000 - 0x00007fffc3628000 	C:\WINDOWS\System32\bcrypt.dll
0x00007fffc4410000 - 0x00007fffc4524000 	C:\WINDOWS\System32\RPCRT4.dll
0x00007fffc4230000 - 0x00007fffc42a1000 	C:\WINDOWS\System32\WS2_32.dll
0x00007fffbc490000 - 0x00007fffbc4c4000 	C:\WINDOWS\SYSTEM32\WINMM.dll
0x00007fffc2260000 - 0x00007fffc22ad000 	C:\WINDOWS\SYSTEM32\POWRPROF.dll
0x00007fffb8b10000 - 0x00007fffb8b1a000 	C:\WINDOWS\SYSTEM32\VERSION.dll
0x00007fffc2240000 - 0x00007fffc2253000 	C:\WINDOWS\SYSTEM32\UMPDC.dll
0x00007fffc24f0000 - 0x00007fffc2508000 	C:\WINDOWS\SYSTEM32\kernel.appcore.dll
0x00007fffbc640000 - 0x00007fffbc64a000 	C:\Users\USER\.jdks\openjdk-22.0.2\bin\jimage.dll
0x00007fffc0cb0000 - 0x00007fffc0ee2000 	C:\WINDOWS\SYSTEM32\DBGHELP.DLL
0x00007fffc3e40000 - 0x00007fffc41ce000 	C:\WINDOWS\System32\combase.dll
0x00007fffc5860000 - 0x00007fffc5937000 	C:\WINDOWS\System32\OLEAUT32.dll
0x00007fffaf2b0000 - 0x00007fffaf2e2000 	C:\WINDOWS\SYSTEM32\dbgcore.DLL
0x00007fffc33e0000 - 0x00007fffc345b000 	C:\WINDOWS\System32\bcryptPrimitives.dll
0x00007fffbc600000 - 0x00007fffbc60f000 	C:\Users\USER\.jdks\openjdk-22.0.2\bin\instrument.dll
0x00007fffbc620000 - 0x00007fffbc63e000 	C:\Users\USER\.jdks\openjdk-22.0.2\bin\java.dll
0x00007fffc4620000 - 0x00007fffc4e89000 	C:\WINDOWS\System32\SHELL32.dll
0x00007fffc5000000 - 0x00007fffc51a5000 	C:\WINDOWS\System32\ole32.dll

dbghelp: loaded successfully - version: 4.0.5 - missing functions: none
symbol engine: initialized successfully - sym options: 0x614 - pdb path: .;C:\Users\USER\.jdks\openjdk-22.0.2\bin;C:\WINDOWS\SYSTEM32;C:\WINDOWS\WinSxS\amd64_microsoft.windows.common-controls_6595b64144ccf1df_6.0.22621.3672_none_2713b9d173822955;C:\Users\USER\.jdks\openjdk-22.0.2\bin\server

VM Arguments:
jvm_args: -javaagent:C:\\Users\\USER\\.m2\\repository\\org\\jacoco\\org.jacoco.agent\\0.8.12\\org.jacoco.agent-0.8.12-runtime.jar=destfile=C:\\Users\\USER\\IdeaProjects\\ssacthree\\shop3\\ssacthree-shop-api\\target\\jacoco.exec 
java_command: C:\Users\USER\AppData\Local\Temp\surefire13770649715899128480\surefirebooter-20241029091914809_3.jar C:\Users\USER\AppData\Local\Temp\surefire13770649715899128480 2024-10-29T09-19-14_410-jvmRun1 surefire-20241029091914809_1tmp surefire_0-20241029091914809_2tmp
java_class_path (initial): C:\Users\USER\AppData\Local\Temp\surefire13770649715899128480\surefirebooter-20241029091914809_3.jar
Launcher Type: SUN_STANDARD

[Global flags]
     intx CICompilerCount                          = 4                                         {product} {ergonomic}
     uint ConcGCThreads                            = 2                                         {product} {ergonomic}
     uint G1ConcRefinementThreads                  = 8                                         {product} {ergonomic}
   size_t G1HeapRegionSize                         = 1048576                                   {product} {ergonomic}
   size_t InitialHeapSize                          = 132120576                                 {product} {ergonomic}
   size_t MarkStackSize                            = 4194304                                   {product} {ergonomic}
   size_t MaxHeapSize                              = 2086666240                                {product} {ergonomic}
   size_t MinHeapDeltaBytes                        = 1048576                                   {product} {ergonomic}
   size_t MinHeapSize                              = 8388608                                   {product} {ergonomic}
    uintx NonNMethodCodeHeapSize                   = 5839372                                {pd product} {ergonomic}
    uintx NonProfiledCodeHeapSize                  = 122909434                              {pd product} {ergonomic}
    uintx ProfiledCodeHeapSize                     = 122909434                              {pd product} {ergonomic}
    uintx ReservedCodeCacheSize                    = 251658240                              {pd product} {ergonomic}
     bool SegmentedCodeCache                       = true                                      {product} {ergonomic}
   size_t SoftMaxHeapSize                          = 2086666240                             {manageable} {ergonomic}
     bool UseCompressedOops                        = true                           {product lp64_product} {ergonomic}
     bool UseG1GC                                  = true                                      {product} {ergonomic}
     bool UseLargePagesIndividualAllocation        = false                                  {pd product} {ergonomic}

Logging:
Log output configuration:
 #0: stdout all=warning uptime,level,tags foldmultilines=false
 #1: stderr all=off uptime,level,tags foldmultilines=false

Environment Variables:
JAVA_HOME=C:\Users\USER\Downloads\jdk-21.0.3_windows-x64_bin\jdk-21.0.3
PATH=C:\Users\USER\Downloads\jdk-21.0.3_windows-x64_bin\jdk-21.0.3\bin;C:\Program Files\MySQL\MySQL Server 8.0\bin;C:\apache-maven-3.9.8-bin\apache-maven-3.9.8\bin;C:\Users\USER\Downloads\netcat-win32-1.12;C:\Users\USER\Downloads\curl-8.9.0_1-win64-mingw\curl-8.9.0_1-win64-mingw\bin;C:\Program Files\Docker\Docker\resources\bin;C:\Program Files (x86)\Microsoft SQL Server\160\Tools\Binn\;C:\Program Files\Microsoft SQL Server\160\Tools\Binn\;C:\Program Files\Microsoft SQL Server\Client SDK\ODBC\170\Tools\Binn\;C:\Program Files\Microsoft SQL Server\160\DTS\Binn\;C:\Program Files (x86)\Microsoft SQL Server\160\DTS\Binn\;C:\Program Files\Git\cmd;C:\Users\USER\anaconda3;C:\Users\USER\anaconda3\Library\mingw-w64\bin;C:\Users\USER\anaconda3\Library\usr\bin;C:\Users\USER\anaconda3\Library\bin;C:\Users\USER\anaconda3\Scripts;C:\Users\USER\AppData\Local\Microsoft\WindowsApps;C:\Program Files\JetBrains\PyCharm Community Edition 2021.3.2\bin;;C:\Users\USER\AppData\Local\Programs\Microsoft VS Code\bin;;C:\Program Files\JetBrains\IntelliJ IDEA 2024.2.0.1\bin;
USERNAME=USER
OS=Windows_NT
PROCESSOR_IDENTIFIER=Intel64 Family 6 Model 126 Stepping 5, GenuineIntel
TMP=C:\Users\USER\AppData\Local\Temp
TEMP=C:\Users\USER\AppData\Local\Temp




Periodic native trim disabled

---------------  S Y S T E M  ---------------

OS:
 Windows 11 , 64 bit Build 22621 (10.0.22621.3958)
OS uptime: 1 days 8:27 hours
Hyper-V role detected

CPU: total 8 (initial active 8) (4 cores per cpu, 2 threads per core) family 6 model 126 stepping 5 microcode 0xa0, cx8, cmov, fxsr, ht, mmx, 3dnowpref, sse, sse2, sse3, ssse3, sse4.1, sse4.2, popcnt, lzcnt, tsc, tscinvbit, avx, avx2, aes, erms, clmul, bmi1, bmi2, adx, avx512f, avx512dq, avx512cd, avx512bw, avx512vl, sha, fma, vzeroupper, avx512_vpopcntdq, avx512_vpclmulqdq, avx512_vaes, avx512_vnni, clflush, clflushopt, avx512_vbmi2, avx512_vbmi, hv, rdtscp, rdpid, fsrm, gfni, avx512_bitalg, f16c, avx512_ifma
Processor Information for processor 0
  Max Mhz: 1498, Current Mhz: 1098, Mhz Limit: 1093
Processor Information for processor 1
  Max Mhz: 1498, Current Mhz: 1098, Mhz Limit: 1093
Processor Information for processor 2
  Max Mhz: 1498, Current Mhz: 1098, Mhz Limit: 1093
Processor Information for processor 3
  Max Mhz: 1498, Current Mhz: 1098, Mhz Limit: 1093
Processor Information for processor 4
  Max Mhz: 1498, Current Mhz: 1098, Mhz Limit: 1093
Processor Information for processor 5
  Max Mhz: 1498, Current Mhz: 1098, Mhz Limit: 1093
Processor Information for processor 6
  Max Mhz: 1498, Current Mhz: 1098, Mhz Limit: 1093
Processor Information for processor 7
  Max Mhz: 1498, Current Mhz: 998, Mhz Limit: 1093

Memory: 4k page, system-wide physical 7953M (786M free)
TotalPageFile size 32529M (AvailPageFile size 76M)
current process WorkingSet (physical memory assigned to process): 12M, peak: 12M
current process commit charge ("private bytes"): 61M, peak: 186M

vm_info: OpenJDK 64-Bit Server VM (22.0.2+9-70) for windows-amd64 JRE (22.0.2+9-70), built on 2024-06-04T16:52:23Z by "mach5one" with MS VC++ 17.6 (VS2022)

END.
