#
# There is insufficient memory for the Java Runtime Environment to continue.
# Native memory allocation (mmap) failed to map 183500800 bytes. Error detail: G1 virtual space
# Possible reasons:
#   The system is out of physical RAM or swap space
#   This process is running with CompressedOops enabled, and the Java Heap may be blocking the growth of the native heap
# Possible solutions:
#   Reduce memory load on the system
#   Increase physical memory or swap space
#   Check if swap backing store is full
#   Decrease Java heap size (-Xmx/-Xms)
#   Decrease number of Java threads
#   Decrease Java thread stack sizes (-Xss)
#   Set larger code cache with -XX:ReservedCodeCacheSize=
#   JVM is running with Unscaled Compressed Oops mode in which the Java heap is
#     placed in the first 4GB address space. The Java Heap base address is the
#     maximum limit for the native heap growth. Please use -XX:HeapBaseMinAddress
#     to set the Java Heap base and to place the Java Heap above 4GB virtual address.
# This output file may be truncated or incomplete.
#
#  Out of Memory Error (os_windows.cpp:3631), pid=27628, tid=12836
#
# JRE version: OpenJDK Runtime Environment (22.0.2+9) (build 22.0.2+9-70)
# Java VM: OpenJDK 64-Bit Server VM (22.0.2+9-70, mixed mode, sharing, tiered, compressed oops, compressed class ptrs, g1 gc, windows-amd64)
# No core dump will be written. Minidumps are not enabled by default on client versions of Windows
#

---------------  S U M M A R Y ------------

Command Line: -Dmaven.multiModuleProjectDirectory=C:\Users\USER\IdeaProjects\ssacthree\shop3\ssacthree-shop-api -Djansi.passthrough=true -Dmaven.home=C:\Users\USER\.m2\wrapper\dists\apache-maven-3.9.9-bin\4nf9hui3q3djbarqar9g711ggc\apache-maven-3.9.9 -Dclassworlds.conf=C:\Users\USER\.m2\wrapper\dists\apache-maven-3.9.9-bin\4nf9hui3q3djbarqar9g711ggc\apache-maven-3.9.9\bin\m2.conf -Dmaven.ext.class.path=C:\Program Files\JetBrains\IntelliJ IDEA 2024.2.0.1\plugins\maven\lib\maven-event-listener.jar -javaagent:C:\Program Files\JetBrains\IntelliJ IDEA 2024.2.0.1\lib\idea_rt.jar=34909:C:\Program Files\JetBrains\IntelliJ IDEA 2024.2.0.1\bin -Dfile.encoding=UTF-8 -Dsun.stdout.encoding=UTF-8 -Dsun.stderr.encoding=UTF-8 org.codehaus.classworlds.Launcher -Didea.version=2024.2.0.1 test

Host: Intel(R) Core(TM) i5-1035G4 CPU @ 1.10GHz, 8 cores, 7G,  Windows 11 , 64 bit Build 22621 (10.0.22621.3958)
Time: Thu Oct 31 10:20:35 2024  Windows 11 , 64 bit Build 22621 (10.0.22621.3958) elapsed time: 61.961888 seconds (0d 0h 1m 1s)

---------------  T H R E A D  ---------------

Current thread (0x0000022675c55670):  VMThread "VM Thread"          [id=12836, stack(0x000000acb8700000,0x000000acb8800000) (1024K)]

Stack: [0x000000acb8700000,0x000000acb8800000]
Native frames: (J=compiled Java code, j=interpreted, Vv=VM code, C=native code)
V  [jvm.dll+0x6e26e9]  (no source info available)
V  [jvm.dll+0x875753]  (no source info available)
V  [jvm.dll+0x877b7e]  (no source info available)
V  [jvm.dll+0x878253]  (no source info available)
V  [jvm.dll+0x27fc86]  (no source info available)
V  [jvm.dll+0x6ded85]  (no source info available)
V  [jvm.dll+0x6d388a]  (no source info available)
V  [jvm.dll+0x358b8a]  (no source info available)
V  [jvm.dll+0x3610b6]  (no source info available)
V  [jvm.dll+0x3b419e]  (no source info available)
V  [jvm.dll+0x3b4448]  (no source info available)
V  [jvm.dll+0x32c5ec]  (no source info available)
V  [jvm.dll+0x32c677]  (no source info available)
V  [jvm.dll+0x37244c]  (no source info available)
V  [jvm.dll+0x370b46]  (no source info available)
V  [jvm.dll+0x32bcd7]  (no source info available)
V  [jvm.dll+0x32f8d6]  (no source info available)
V  [jvm.dll+0x386326]  (no source info available)
V  [jvm.dll+0x87e0f0]  (no source info available)
V  [jvm.dll+0x87f477]  (no source info available)
V  [jvm.dll+0x87f9f0]  (no source info available)
V  [jvm.dll+0x87fc93]  (no source info available)
V  [jvm.dll+0x81dc0b]  (no source info available)
V  [jvm.dll+0x6e0d85]  (no source info available)
C  [ucrtbase.dll+0x29333]  (no source info available)
C  [KERNEL32.DLL+0x1257d]  (no source info available)
C  [ntdll.dll+0x5af08]  (no source info available)

VM_Operation (0x000000acb7ffbe50): CollectForMetadataAllocation, mode: safepoint, requested by thread 0x00000226572b3190


---------------  P R O C E S S  ---------------

Threads class SMR info:
_java_thread_list=0x0000022646701210, length=15, elements={
0x00000226572b3190, 0x0000022675c752d0, 0x0000022675c763a0, 0x0000022675c7df30,
0x0000022675c7ea80, 0x0000022675c7f5d0, 0x0000022675c81130, 0x0000022675c81fb0,
0x00000226450d03a0, 0x000002264511fbc0, 0x0000022645341d50, 0x00000226453423c0,
0x00000226458de6b0, 0x000002264669c2c0, 0x000002264625f160
}

Java Threads: ( => current thread )
  0x00000226572b3190 JavaThread "main"                              [_thread_blocked, id=19128, stack(0x000000acb7f00000,0x000000acb8000000) (1024K)]
  0x0000022675c752d0 JavaThread "Reference Handler"          daemon [_thread_blocked, id=23412, stack(0x000000acb8800000,0x000000acb8900000) (1024K)]
  0x0000022675c763a0 JavaThread "Finalizer"                  daemon [_thread_blocked, id=8564, stack(0x000000acb8900000,0x000000acb8a00000) (1024K)]
  0x0000022675c7df30 JavaThread "Signal Dispatcher"          daemon [_thread_blocked, id=23368, stack(0x000000acb8a00000,0x000000acb8b00000) (1024K)]
  0x0000022675c7ea80 JavaThread "Attach Listener"            daemon [_thread_blocked, id=8644, stack(0x000000acb8b00000,0x000000acb8c00000) (1024K)]
  0x0000022675c7f5d0 JavaThread "Service Thread"             daemon [_thread_blocked, id=15676, stack(0x000000acb8c00000,0x000000acb8d00000) (1024K)]
  0x0000022675c81130 JavaThread "Monitor Deflation Thread"   daemon [_thread_blocked, id=11016, stack(0x000000acb8d00000,0x000000acb8e00000) (1024K)]
  0x0000022675c81fb0 JavaThread "C2 CompilerThread0"         daemon [_thread_blocked, id=26960, stack(0x000000acb8e00000,0x000000acb8f00000) (1024K)]
  0x00000226450d03a0 JavaThread "C1 CompilerThread0"         daemon [_thread_blocked, id=26548, stack(0x000000acb8f00000,0x000000acb9000000) (1024K)]
  0x000002264511fbc0 JavaThread "Common-Cleaner"             daemon [_thread_blocked, id=28628, stack(0x000000acb9000000,0x000000acb9100000) (1024K)]
  0x0000022645341d50 JavaThread "Monitor Ctrl-Break"         daemon [_thread_in_native, id=18052, stack(0x000000acb9100000,0x000000acb9200000) (1024K)]
  0x00000226453423c0 JavaThread "Notification Thread"        daemon [_thread_blocked, id=23800, stack(0x000000acb9200000,0x000000acb9300000) (1024K)]
  0x00000226458de6b0 JavaThread "Thread-1"                   daemon [_thread_blocked, id=13024, stack(0x000000acb9a00000,0x000000acb9b00000) (1024K)]
  0x000002264669c2c0 JavaThread "timeout-check-timer"        daemon [_thread_blocked, id=28800, stack(0x000000acb8000000,0x000000acb8100000) (1024K)]
  0x000002264625f160 JavaThread "ping-timer-10s"             daemon [_thread_blocked, id=16260, stack(0x000000acb9b00000,0x000000acb9c00000) (1024K)]
Total: 15

Other Threads:
=>0x0000022675c55670 VMThread "VM Thread"                           [id=12836, stack(0x000000acb8700000,0x000000acb8800000) (1024K)]
  0x0000022675c402f0 WatcherThread "VM Periodic Task Thread"        [id=12528, stack(0x000000acb8600000,0x000000acb8700000) (1024K)]
  0x0000022657575350 WorkerThread "GC Thread#0"                     [id=15752, stack(0x000000acb8100000,0x000000acb8200000) (1024K)]
  0x0000022645cb9550 WorkerThread "GC Thread#1"                     [id=4852, stack(0x000000acb9300000,0x000000acb9400000) (1024K)]
  0x0000022645cdd1f0 WorkerThread "GC Thread#2"                     [id=28088, stack(0x000000acb9400000,0x000000acb9500000) (1024K)]
  0x0000022645d20880 WorkerThread "GC Thread#3"                     [id=25796, stack(0x000000acb9500000,0x000000acb9600000) (1024K)]
  0x0000022645d20c30 WorkerThread "GC Thread#4"                     [id=26500, stack(0x000000acb9600000,0x000000acb9700000) (1024K)]
  0x0000022645d20fe0 WorkerThread "GC Thread#5"                     [id=18564, stack(0x000000acb9700000,0x000000acb9800000) (1024K)]
  0x0000022645d21390 WorkerThread "GC Thread#6"                     [id=11872, stack(0x000000acb9800000,0x000000acb9900000) (1024K)]
  0x0000022645d21740 WorkerThread "GC Thread#7"                     [id=21548, stack(0x000000acb9900000,0x000000acb9a00000) (1024K)]
  0x0000022657585c00 ConcurrentGCThread "G1 Main Marker"            [id=21304, stack(0x000000acb8200000,0x000000acb8300000) (1024K)]
  0x00000226575868c0 WorkerThread "G1 Conc#0"                       [id=8196, stack(0x000000acb8300000,0x000000acb8400000) (1024K)]
  0x0000022675b10550 ConcurrentGCThread "G1 Refine#0"               [id=23984, stack(0x000000acb8400000,0x000000acb8500000) (1024K)]
  0x0000022675b12ff0 ConcurrentGCThread "G1 Service"                [id=28020, stack(0x000000acb8500000,0x000000acb8600000) (1024K)]
Total: 14

Threads with active compile tasks:
C2 CompilerThread0  62516 5978       4       org.codehaus.plexus.classworlds.realm.Entry::matches (282 bytes)
Total: 1

VM state: at safepoint (normal execution)

VM Mutex/Monitor currently owned by a thread:  ([mutex/lock_event])
[0x00007fff6448cb80] Threads_lock - owner thread: 0x0000022675c55670
[0x00007fff6448cc80] Heap_lock - owner thread: 0x00000226572b3190

Heap address: 0x0000000083a00000, size: 1990 MB, Compressed Oops mode: 32-bit

CDS archive(s) mapped at: [0x0000022600000000-0x0000022600c60000-0x0000022600c60000), size 12976128, SharedBaseAddress: 0x0000022600000000, ArchiveRelocationMode: 1.
Compressed class space mapped at: 0x0000022601000000-0x0000022641000000, reserved size: 1073741824
Narrow klass base: 0x0000022600000000, Narrow klass shift: 0, Narrow klass range: 0x41000000

GC Precious Log:
 CardTable entry size: 512
 Card Set container configuration: InlinePtr #cards 5 size 8 Array Of Cards #cards 12 size 40 Howl #buckets 4 coarsen threshold 1843 Howl Bitmap #cards 512 size 80 coarsen threshold 460 Card regions per heap region 1 cards per card region 2048
 CPUs: 8 total, 8 available
 Memory: 7953M
 Large Page Support: Disabled
 NUMA Support: Disabled
 Compressed Oops: Enabled (32-bit)
 Heap Region Size: 1M
 Heap Min Capacity: 8M
 Heap Initial Capacity: 126M
 Heap Max Capacity: 1990M
 Pre-touch: Disabled
 Parallel Workers: 8
 Concurrent Workers: 2
 Concurrent Refinement Workers: 8
 Periodic GC: Disabled

Heap:
 garbage-first heap   total reserved 2037760K, committed 129024K, used 23372K [0x0000000083a00000, 0x0000000100000000)
  region size 1024K, 6 young (6144K), 6 survivors (6144K)
 Metaspace       used 21183K, committed 21504K, reserved 1114112K
  class space    used 2357K, committed 2496K, reserved 1048576K

Heap Regions: E=young(eden), S=young(survivor), O=old, HS=humongous(starts), HC=humongous(continues), CS=collection set, F=free, TAMS=top-at-mark-start, PB=parsable bottom
|   0|0x0000000083a00000, 0x0000000083b00000, 0x0000000083b00000|100%| O|  |TAMS 0x0000000083b00000| PB 0x0000000083a00000| Untracked |  0
|   1|0x0000000083b00000, 0x0000000083c00000, 0x0000000083c00000|100%| O|  |TAMS 0x0000000083c00000| PB 0x0000000083b00000| Untracked |  0
|   2|0x0000000083c00000, 0x0000000083d00000, 0x0000000083d00000|100%| O|  |TAMS 0x0000000083d00000| PB 0x0000000083c00000| Untracked |  0
|   3|0x0000000083d00000, 0x0000000083e00000, 0x0000000083e00000|100%| O|  |TAMS 0x0000000083e00000| PB 0x0000000083d00000| Untracked |  0
|   4|0x0000000083e00000, 0x0000000083f00000, 0x0000000083f00000|100%| O|  |TAMS 0x0000000083f00000| PB 0x0000000083e00000| Untracked |  0
|   5|0x0000000083f00000, 0x0000000084000000, 0x0000000084000000|100%| O|  |TAMS 0x0000000084000000| PB 0x0000000083f00000| Untracked |  0
|   6|0x0000000084000000, 0x0000000084100000, 0x0000000084100000|100%| O|  |TAMS 0x0000000084100000| PB 0x0000000084000000| Untracked |  0
|   7|0x0000000084100000, 0x0000000084200000, 0x0000000084200000|100%| O|  |TAMS 0x0000000084200000| PB 0x0000000084100000| Untracked |  0
|   8|0x0000000084200000, 0x0000000084300000, 0x0000000084300000|100%| O|  |TAMS 0x0000000084300000| PB 0x0000000084200000| Untracked |  0
|   9|0x0000000084300000, 0x0000000084400000, 0x0000000084400000|100%| O|  |TAMS 0x0000000084400000| PB 0x0000000084300000| Untracked |  0
|  10|0x0000000084400000, 0x0000000084500000, 0x0000000084500000|100%| O|  |TAMS 0x0000000084500000| PB 0x0000000084400000| Untracked |  0
|  11|0x0000000084500000, 0x0000000084600000, 0x0000000084600000|100%| O|  |TAMS 0x0000000084600000| PB 0x0000000084500000| Untracked |  0
|  12|0x0000000084600000, 0x0000000084700000, 0x0000000084700000|100%| O|  |TAMS 0x0000000084700000| PB 0x0000000084600000| Untracked |  0
|  13|0x0000000084700000, 0x0000000084800000, 0x0000000084800000|100%| O|  |TAMS 0x0000000084800000| PB 0x0000000084700000| Untracked |  0
|  14|0x0000000084800000, 0x0000000084800000, 0x0000000084900000|  0%| F|  |TAMS 0x0000000084800000| PB 0x0000000084800000| Untracked |  0
|  15|0x0000000084900000, 0x0000000084900000, 0x0000000084a00000|  0%| F|  |TAMS 0x0000000084900000| PB 0x0000000084900000| Untracked |  0
|  16|0x0000000084a00000, 0x0000000084a00000, 0x0000000084b00000|  0%| F|  |TAMS 0x0000000084a00000| PB 0x0000000084a00000| Untracked |  0
|  17|0x0000000084b00000, 0x0000000084b00000, 0x0000000084c00000|  0%| F|  |TAMS 0x0000000084b00000| PB 0x0000000084b00000| Untracked |  0
|  18|0x0000000084c00000, 0x0000000084c00000, 0x0000000084d00000|  0%| F|  |TAMS 0x0000000084c00000| PB 0x0000000084c00000| Untracked |  0
|  19|0x0000000084d00000, 0x0000000084d00000, 0x0000000084e00000|  0%| F|  |TAMS 0x0000000084d00000| PB 0x0000000084d00000| Untracked |  0
|  20|0x0000000084e00000, 0x0000000084e00000, 0x0000000084f00000|  0%| F|  |TAMS 0x0000000084e00000| PB 0x0000000084e00000| Untracked |  0
|  21|0x0000000084f00000, 0x0000000084f00000, 0x0000000085000000|  0%| F|  |TAMS 0x0000000084f00000| PB 0x0000000084f00000| Untracked |  0
|  22|0x0000000085000000, 0x0000000085000000, 0x0000000085100000|  0%| F|  |TAMS 0x0000000085000000| PB 0x0000000085000000| Untracked |  0
|  23|0x0000000085100000, 0x0000000085100000, 0x0000000085200000|  0%| F|  |TAMS 0x0000000085100000| PB 0x0000000085100000| Untracked |  0
|  24|0x0000000085200000, 0x0000000085200000, 0x0000000085300000|  0%| F|  |TAMS 0x0000000085200000| PB 0x0000000085200000| Untracked |  0
|  25|0x0000000085300000, 0x0000000085300000, 0x0000000085400000|  0%| F|  |TAMS 0x0000000085300000| PB 0x0000000085300000| Untracked |  0
|  26|0x0000000085400000, 0x0000000085400000, 0x0000000085500000|  0%| F|  |TAMS 0x0000000085400000| PB 0x0000000085400000| Untracked |  0
|  27|0x0000000085500000, 0x0000000085500000, 0x0000000085600000|  0%| F|  |TAMS 0x0000000085500000| PB 0x0000000085500000| Untracked |  0
|  28|0x0000000085600000, 0x0000000085600000, 0x0000000085700000|  0%| F|  |TAMS 0x0000000085600000| PB 0x0000000085600000| Untracked |  0
|  29|0x0000000085700000, 0x0000000085700000, 0x0000000085800000|  0%| F|  |TAMS 0x0000000085700000| PB 0x0000000085700000| Untracked |  0
|  30|0x0000000085800000, 0x0000000085800000, 0x0000000085900000|  0%| F|  |TAMS 0x0000000085800000| PB 0x0000000085800000| Untracked |  0
|  31|0x0000000085900000, 0x0000000085900000, 0x0000000085a00000|  0%| F|  |TAMS 0x0000000085900000| PB 0x0000000085900000| Untracked |  0
|  32|0x0000000085a00000, 0x0000000085a00000, 0x0000000085b00000|  0%| F|  |TAMS 0x0000000085a00000| PB 0x0000000085a00000| Untracked |  0
|  33|0x0000000085b00000, 0x0000000085b00000, 0x0000000085c00000|  0%| F|  |TAMS 0x0000000085b00000| PB 0x0000000085b00000| Untracked |  0
|  34|0x0000000085c00000, 0x0000000085c00000, 0x0000000085d00000|  0%| F|  |TAMS 0x0000000085c00000| PB 0x0000000085c00000| Untracked |  0
|  35|0x0000000085d00000, 0x0000000085d00000, 0x0000000085e00000|  0%| F|  |TAMS 0x0000000085d00000| PB 0x0000000085d00000| Untracked |  0
|  36|0x0000000085e00000, 0x0000000085e00000, 0x0000000085f00000|  0%| F|  |TAMS 0x0000000085e00000| PB 0x0000000085e00000| Untracked |  0
|  37|0x0000000085f00000, 0x0000000085f00000, 0x0000000086000000|  0%| F|  |TAMS 0x0000000085f00000| PB 0x0000000085f00000| Untracked |  0
|  38|0x0000000086000000, 0x0000000086000000, 0x0000000086100000|  0%| F|  |TAMS 0x0000000086000000| PB 0x0000000086000000| Untracked |  0
|  39|0x0000000086100000, 0x0000000086100000, 0x0000000086200000|  0%| F|  |TAMS 0x0000000086100000| PB 0x0000000086100000| Untracked |  0
|  40|0x0000000086200000, 0x0000000086200000, 0x0000000086300000|  0%| F|  |TAMS 0x0000000086200000| PB 0x0000000086200000| Untracked |  0
|  41|0x0000000086300000, 0x0000000086300000, 0x0000000086400000|  0%| F|  |TAMS 0x0000000086300000| PB 0x0000000086300000| Untracked |  0
|  42|0x0000000086400000, 0x0000000086400000, 0x0000000086500000|  0%| F|  |TAMS 0x0000000086400000| PB 0x0000000086400000| Untracked |  0
|  43|0x0000000086500000, 0x0000000086500000, 0x0000000086600000|  0%| F|  |TAMS 0x0000000086500000| PB 0x0000000086500000| Untracked |  0
|  44|0x0000000086600000, 0x0000000086600000, 0x0000000086700000|  0%| F|  |TAMS 0x0000000086600000| PB 0x0000000086600000| Untracked |  0
|  45|0x0000000086700000, 0x0000000086700000, 0x0000000086800000|  0%| F|  |TAMS 0x0000000086700000| PB 0x0000000086700000| Untracked |  0
|  46|0x0000000086800000, 0x0000000086800000, 0x0000000086900000|  0%| F|  |TAMS 0x0000000086800000| PB 0x0000000086800000| Untracked |  0
|  47|0x0000000086900000, 0x0000000086900000, 0x0000000086a00000|  0%| F|  |TAMS 0x0000000086900000| PB 0x0000000086900000| Untracked |  0
|  48|0x0000000086a00000, 0x0000000086a00000, 0x0000000086b00000|  0%| F|  |TAMS 0x0000000086a00000| PB 0x0000000086a00000| Untracked |  0
|  49|0x0000000086b00000, 0x0000000086b00000, 0x0000000086c00000|  0%| F|  |TAMS 0x0000000086b00000| PB 0x0000000086b00000| Untracked |  0
|  50|0x0000000086c00000, 0x0000000086c00000, 0x0000000086d00000|  0%| F|  |TAMS 0x0000000086c00000| PB 0x0000000086c00000| Untracked |  0
|  51|0x0000000086d00000, 0x0000000086d00000, 0x0000000086e00000|  0%| F|  |TAMS 0x0000000086d00000| PB 0x0000000086d00000| Untracked |  0
|  52|0x0000000086e00000, 0x0000000086e00000, 0x0000000086f00000|  0%| F|  |TAMS 0x0000000086e00000| PB 0x0000000086e00000| Untracked |  0
|  53|0x0000000086f00000, 0x0000000086f00000, 0x0000000087000000|  0%| F|  |TAMS 0x0000000086f00000| PB 0x0000000086f00000| Untracked |  0
|  54|0x0000000087000000, 0x0000000087100000, 0x0000000087100000|100%| O|  |TAMS 0x0000000087100000| PB 0x0000000087000000| Untracked |  0
|  55|0x0000000087100000, 0x0000000087200000, 0x0000000087200000|100%| O|  |TAMS 0x0000000087200000| PB 0x0000000087100000| Untracked |  0
|  56|0x0000000087200000, 0x0000000087300000, 0x0000000087300000|100%| O|  |TAMS 0x0000000087300000| PB 0x0000000087200000| Untracked |  0
|  57|0x0000000087300000, 0x000000008733d340, 0x0000000087400000| 23%| O|  |TAMS 0x000000008733d340| PB 0x0000000087300000| Untracked |  0
|  58|0x0000000087400000, 0x0000000087400000, 0x0000000087500000|  0%| F|  |TAMS 0x0000000087400000| PB 0x0000000087400000| Untracked |  0
|  59|0x0000000087500000, 0x0000000087500000, 0x0000000087600000|  0%| F|  |TAMS 0x0000000087500000| PB 0x0000000087500000| Untracked |  0
|  60|0x0000000087600000, 0x00000000876960a8, 0x0000000087700000| 58%| S|CS|TAMS 0x0000000087600000| PB 0x0000000087600000| Complete |  0
|  61|0x0000000087700000, 0x0000000087800000, 0x0000000087800000|100%| S|CS|TAMS 0x0000000087700000| PB 0x0000000087700000| Complete |  0
|  62|0x0000000087800000, 0x0000000087900000, 0x0000000087900000|100%| S|CS|TAMS 0x0000000087800000| PB 0x0000000087800000| Complete |  0
|  63|0x0000000087900000, 0x0000000087a00000, 0x0000000087a00000|100%| S|CS|TAMS 0x0000000087900000| PB 0x0000000087900000| Complete |  0
|  64|0x0000000087a00000, 0x0000000087b00000, 0x0000000087b00000|100%| S|CS|TAMS 0x0000000087a00000| PB 0x0000000087a00000| Complete |  0
|  65|0x0000000087b00000, 0x0000000087c00000, 0x0000000087c00000|100%| S|CS|TAMS 0x0000000087b00000| PB 0x0000000087b00000| Complete |  0
|  66|0x0000000087c00000, 0x0000000087c00000, 0x0000000087d00000|  0%| F|  |TAMS 0x0000000087c00000| PB 0x0000000087c00000| Untracked |  0
|  67|0x0000000087d00000, 0x0000000087d00000, 0x0000000087e00000|  0%| F|  |TAMS 0x0000000087d00000| PB 0x0000000087d00000| Untracked |  0
|  68|0x0000000087e00000, 0x0000000087e00000, 0x0000000087f00000|  0%| F|  |TAMS 0x0000000087e00000| PB 0x0000000087e00000| Untracked |  0
|  69|0x0000000087f00000, 0x0000000087f00000, 0x0000000088000000|  0%| F|  |TAMS 0x0000000087f00000| PB 0x0000000087f00000| Untracked |  0
|  70|0x0000000088000000, 0x0000000088000000, 0x0000000088100000|  0%| F|  |TAMS 0x0000000088000000| PB 0x0000000088000000| Untracked |  0
|  71|0x0000000088100000, 0x0000000088100000, 0x0000000088200000|  0%| F|  |TAMS 0x0000000088100000| PB 0x0000000088100000| Untracked |  0
|  72|0x0000000088200000, 0x0000000088200000, 0x0000000088300000|  0%| F|  |TAMS 0x0000000088200000| PB 0x0000000088200000| Untracked |  0
|  73|0x0000000088300000, 0x0000000088300000, 0x0000000088400000|  0%| F|  |TAMS 0x0000000088300000| PB 0x0000000088300000| Untracked |  0
|  74|0x0000000088400000, 0x0000000088400000, 0x0000000088500000|  0%| F|  |TAMS 0x0000000088400000| PB 0x0000000088400000| Untracked |  0
|  75|0x0000000088500000, 0x0000000088500000, 0x0000000088600000|  0%| F|  |TAMS 0x0000000088500000| PB 0x0000000088500000| Untracked |  0
|  76|0x0000000088600000, 0x0000000088600000, 0x0000000088700000|  0%| F|  |TAMS 0x0000000088600000| PB 0x0000000088600000| Untracked |  0
|  77|0x0000000088700000, 0x0000000088700000, 0x0000000088800000|  0%| F|  |TAMS 0x0000000088700000| PB 0x0000000088700000| Untracked |  0
|  78|0x0000000088800000, 0x0000000088800000, 0x0000000088900000|  0%| F|  |TAMS 0x0000000088800000| PB 0x0000000088800000| Untracked |  0
|  79|0x0000000088900000, 0x0000000088900000, 0x0000000088a00000|  0%| F|  |TAMS 0x0000000088900000| PB 0x0000000088900000| Untracked |  0
|  80|0x0000000088a00000, 0x0000000088a00000, 0x0000000088b00000|  0%| F|  |TAMS 0x0000000088a00000| PB 0x0000000088a00000| Untracked |  0
|  81|0x0000000088b00000, 0x0000000088b00000, 0x0000000088c00000|  0%| F|  |TAMS 0x0000000088b00000| PB 0x0000000088b00000| Untracked |  0
|  82|0x0000000088c00000, 0x0000000088c00000, 0x0000000088d00000|  0%| F|  |TAMS 0x0000000088c00000| PB 0x0000000088c00000| Untracked |  0
|  83|0x0000000088d00000, 0x0000000088d00000, 0x0000000088e00000|  0%| F|  |TAMS 0x0000000088d00000| PB 0x0000000088d00000| Untracked |  0
|  84|0x0000000088e00000, 0x0000000088e00000, 0x0000000088f00000|  0%| F|  |TAMS 0x0000000088e00000| PB 0x0000000088e00000| Untracked |  0
|  85|0x0000000088f00000, 0x0000000088f00000, 0x0000000089000000|  0%| F|  |TAMS 0x0000000088f00000| PB 0x0000000088f00000| Untracked |  0
|  86|0x0000000089000000, 0x0000000089000000, 0x0000000089100000|  0%| F|  |TAMS 0x0000000089000000| PB 0x0000000089000000| Untracked |  0
|  87|0x0000000089100000, 0x0000000089100000, 0x0000000089200000|  0%| F|  |TAMS 0x0000000089100000| PB 0x0000000089100000| Untracked |  0
|  88|0x0000000089200000, 0x0000000089200000, 0x0000000089300000|  0%| F|  |TAMS 0x0000000089200000| PB 0x0000000089200000| Untracked |  0
|  89|0x0000000089300000, 0x0000000089300000, 0x0000000089400000|  0%| F|  |TAMS 0x0000000089300000| PB 0x0000000089300000| Untracked |  0
|  90|0x0000000089400000, 0x0000000089400000, 0x0000000089500000|  0%| F|  |TAMS 0x0000000089400000| PB 0x0000000089400000| Untracked |  0
|  91|0x0000000089500000, 0x0000000089500000, 0x0000000089600000|  0%| F|  |TAMS 0x0000000089500000| PB 0x0000000089500000| Untracked |  0
|  92|0x0000000089600000, 0x0000000089600000, 0x0000000089700000|  0%| F|  |TAMS 0x0000000089600000| PB 0x0000000089600000| Untracked |  0
|  93|0x0000000089700000, 0x0000000089700000, 0x0000000089800000|  0%| F|  |TAMS 0x0000000089700000| PB 0x0000000089700000| Untracked |  0
|  94|0x0000000089800000, 0x0000000089800000, 0x0000000089900000|  0%| F|  |TAMS 0x0000000089800000| PB 0x0000000089800000| Untracked |  0
|  95|0x0000000089900000, 0x0000000089900000, 0x0000000089a00000|  0%| F|  |TAMS 0x0000000089900000| PB 0x0000000089900000| Untracked |  0
|  96|0x0000000089a00000, 0x0000000089a00000, 0x0000000089b00000|  0%| F|  |TAMS 0x0000000089a00000| PB 0x0000000089a00000| Untracked |  0
|  97|0x0000000089b00000, 0x0000000089b00000, 0x0000000089c00000|  0%| F|  |TAMS 0x0000000089b00000| PB 0x0000000089b00000| Untracked |  0
|  98|0x0000000089c00000, 0x0000000089c00000, 0x0000000089d00000|  0%| F|  |TAMS 0x0000000089c00000| PB 0x0000000089c00000| Untracked |  0
|  99|0x0000000089d00000, 0x0000000089d00000, 0x0000000089e00000|  0%| F|  |TAMS 0x0000000089d00000| PB 0x0000000089d00000| Untracked |  0
| 100|0x0000000089e00000, 0x0000000089e00000, 0x0000000089f00000|  0%| F|  |TAMS 0x0000000089e00000| PB 0x0000000089e00000| Untracked |  0
| 101|0x0000000089f00000, 0x0000000089f00000, 0x000000008a000000|  0%| F|  |TAMS 0x0000000089f00000| PB 0x0000000089f00000| Untracked |  0
| 102|0x000000008a000000, 0x000000008a000000, 0x000000008a100000|  0%| F|  |TAMS 0x000000008a000000| PB 0x000000008a000000| Untracked |  0
| 103|0x000000008a100000, 0x000000008a100000, 0x000000008a200000|  0%| F|  |TAMS 0x000000008a100000| PB 0x000000008a100000| Untracked |  0
| 104|0x000000008a200000, 0x000000008a200000, 0x000000008a300000|  0%| F|  |TAMS 0x000000008a200000| PB 0x000000008a200000| Untracked |  0
| 105|0x000000008a300000, 0x000000008a300000, 0x000000008a400000|  0%| F|  |TAMS 0x000000008a300000| PB 0x000000008a300000| Untracked |  0
| 106|0x000000008a400000, 0x000000008a400000, 0x000000008a500000|  0%| F|  |TAMS 0x000000008a400000| PB 0x000000008a400000| Untracked |  0
| 107|0x000000008a500000, 0x000000008a500000, 0x000000008a600000|  0%| F|  |TAMS 0x000000008a500000| PB 0x000000008a500000| Untracked |  0
| 108|0x000000008a600000, 0x000000008a600000, 0x000000008a700000|  0%| F|  |TAMS 0x000000008a600000| PB 0x000000008a600000| Untracked |  0
| 109|0x000000008a700000, 0x000000008a700000, 0x000000008a800000|  0%| F|  |TAMS 0x000000008a700000| PB 0x000000008a700000| Untracked |  0
| 110|0x000000008a800000, 0x000000008a800000, 0x000000008a900000|  0%| F|  |TAMS 0x000000008a800000| PB 0x000000008a800000| Untracked |  0
| 111|0x000000008a900000, 0x000000008a900000, 0x000000008aa00000|  0%| F|  |TAMS 0x000000008a900000| PB 0x000000008a900000| Untracked |  0
| 112|0x000000008aa00000, 0x000000008aa00000, 0x000000008ab00000|  0%| F|  |TAMS 0x000000008aa00000| PB 0x000000008aa00000| Untracked |  0
| 113|0x000000008ab00000, 0x000000008ab00000, 0x000000008ac00000|  0%| F|  |TAMS 0x000000008ab00000| PB 0x000000008ab00000| Untracked |  0
| 114|0x000000008ac00000, 0x000000008ac00000, 0x000000008ad00000|  0%| F|  |TAMS 0x000000008ac00000| PB 0x000000008ac00000| Untracked |  0
| 115|0x000000008ad00000, 0x000000008ad00000, 0x000000008ae00000|  0%| F|  |TAMS 0x000000008ad00000| PB 0x000000008ad00000| Untracked |  0
| 116|0x000000008ae00000, 0x000000008ae00000, 0x000000008af00000|  0%| F|  |TAMS 0x000000008ae00000| PB 0x000000008ae00000| Untracked |  0
| 117|0x000000008af00000, 0x000000008af00000, 0x000000008b000000|  0%| F|  |TAMS 0x000000008af00000| PB 0x000000008af00000| Untracked |  0
| 118|0x000000008b000000, 0x000000008b000000, 0x000000008b100000|  0%| F|  |TAMS 0x000000008b000000| PB 0x000000008b000000| Untracked |  0
| 119|0x000000008b100000, 0x000000008b100000, 0x000000008b200000|  0%| F|  |TAMS 0x000000008b100000| PB 0x000000008b100000| Untracked |  0
| 120|0x000000008b200000, 0x000000008b200000, 0x000000008b300000|  0%| F|  |TAMS 0x000000008b200000| PB 0x000000008b200000| Untracked |  0
| 121|0x000000008b300000, 0x000000008b300000, 0x000000008b400000|  0%| F|  |TAMS 0x000000008b300000| PB 0x000000008b300000| Untracked |  0
| 122|0x000000008b400000, 0x000000008b400000, 0x000000008b500000|  0%| F|  |TAMS 0x000000008b400000| PB 0x000000008b400000| Untracked |  0
| 123|0x000000008b500000, 0x000000008b500000, 0x000000008b600000|  0%| F|  |TAMS 0x000000008b500000| PB 0x000000008b500000| Untracked |  0
| 124|0x000000008b600000, 0x000000008b600000, 0x000000008b700000|  0%| F|  |TAMS 0x000000008b600000| PB 0x000000008b600000| Untracked |  0
| 125|0x000000008b700000, 0x000000008b700000, 0x000000008b800000|  0%| F|  |TAMS 0x000000008b700000| PB 0x000000008b700000| Untracked |  0

Card table byte_map: [0x0000022670eb0000,0x00000226712a0000] _byte_map_base: 0x0000022670a93000

Marking Bits: (CMBitMap*) 0x0000022657575a60
 Bits: [0x00000226712a0000, 0x00000226731b8000)

Polling page: 0x00000226575e0000

Metaspace:

Usage:
  Non-class:     18.38 MB used.
      Class:      2.30 MB used.
       Both:     20.69 MB used.

Virtual space:
  Non-class space:       64.00 MB reserved,      18.56 MB ( 29%) committed,  1 nodes.
      Class space:        1.00 GB reserved,       2.44 MB ( <1%) committed,  1 nodes.
             Both:        1.06 GB reserved,      21.00 MB (  2%) committed. 

Chunk freelists:
   Non-Class:  13.44 MB
       Class:  13.50 MB
        Both:  26.94 MB

MaxMetaspaceSize: unlimited
CompressedClassSpaceSize: 1.00 GB
Initial GC threshold: 21.00 MB
Current GC threshold: 21.00 MB
CDS: on
 - commit_granule_bytes: 65536.
 - commit_granule_words: 8192.
 - virtual_space_node_default_size: 8388608.
 - enlarge_chunks_in_place: 1.
 - use_allocation_guard: 0.


Internal statistics:

num_allocs_failed_limit: 3.
num_arena_births: 228.
num_arena_deaths: 0.
num_vsnodes_births: 2.
num_vsnodes_deaths: 0.
num_space_committed: 336.
num_space_uncommitted: 0.
num_chunks_returned_to_freelist: 3.
num_chunks_taken_from_freelist: 980.
num_chunk_merges: 3.
num_chunk_splits: 659.
num_chunks_enlarged: 510.
num_inconsistent_stats: 0.

CodeHeap 'non-profiled nmethods': size=120000Kb used=3617Kb max_used=3617Kb free=116382Kb
 bounds [0x0000022668b10000, 0x0000022668ea0000, 0x0000022670040000]
CodeHeap 'profiled nmethods': size=120000Kb used=13286Kb max_used=13286Kb free=106713Kb
 bounds [0x0000022661040000, 0x0000022661d40000, 0x0000022668570000]
CodeHeap 'non-nmethods': size=5760Kb used=1631Kb max_used=1653Kb free=4128Kb
 bounds [0x0000022668570000, 0x00000226687e0000, 0x0000022668b10000]
 total_blobs=6508 nmethods=5956 adapters=455
 compilation: enabled
              stopped_count=0, restarted_count=0
 full_count=0

Compilation events (20 events):
Event: 61.518 Thread 0x0000022675c81fb0 5969       4       java.util.regex.Pattern$Branch::match (66 bytes)
Event: 61.519 Thread 0x00000226450d03a0 nmethod 5967 0x0000022661d25b90 code [0x0000022661d26be0, 0x0000022661d315a0]
Event: 61.519 Thread 0x00000226450d03a0 5968       3       org.apache.maven.ReactorReader::findModel (49 bytes)
Event: 61.519 Thread 0x00000226450d03a0 nmethod 5968 0x0000022661d36710 code [0x0000022661d36900, 0x0000022661d36dd0]
Event: 61.526 Thread 0x0000022675c81fb0 nmethod 5969 0x0000022668e96190 code [0x0000022668e96380, 0x0000022668e96ac8]
Event: 61.534 Thread 0x00000226450d03a0 5970       3       org.eclipse.aether.util.graph.visitor.FilteringDependencyVisitor::visitEnter (66 bytes)
Event: 61.534 Thread 0x00000226450d03a0 nmethod 5970 0x0000022661d36f90 code [0x0000022661d371a0, 0x0000022661d376b8]
Event: 61.534 Thread 0x00000226450d03a0 5971       3       org.eclipse.aether.internal.impl.ArtifactRequestBuilder::visitEnter (40 bytes)
Event: 61.534 Thread 0x00000226450d03a0 nmethod 5971 0x0000022661d37890 code [0x0000022661d37a60, 0x0000022661d37e48]
Event: 61.534 Thread 0x00000226450d03a0 5972       3       org.eclipse.aether.resolution.ArtifactRequest::<init> (46 bytes)
Event: 61.535 Thread 0x00000226450d03a0 nmethod 5972 0x0000022661d38010 code [0x0000022661d38240, 0x0000022661d38ac0]
Event: 61.634 Thread 0x00000226450d03a0 5973       3       org.eclipse.aether.graph.DefaultDependencyNode::setArtifact (41 bytes)
Event: 61.634 Thread 0x00000226450d03a0 nmethod 5973 0x0000022661d38d90 code [0x0000022661d38f60, 0x0000022661d392a0]
Event: 61.756 Thread 0x0000022675c81fb0 5974       4       java.lang.Class::getPackageName (81 bytes)
Event: 61.798 Thread 0x0000022675c81fb0 nmethod 5974 0x0000022668e97090 code [0x0000022668e97280, 0x0000022668e97c50]
Event: 61.823 Thread 0x0000022675c81fb0 5975       4       java.security.CodeSource::getCertificates (95 bytes)
Event: 61.824 Thread 0x0000022675c81fb0 nmethod 5975 0x0000022668e98090 code [0x0000022668e98220, 0x0000022668e982f0]
Event: 61.836 Thread 0x00000226450d03a0 5977       3       sun.net.www.ParseUtil::match (50 bytes)
Event: 61.836 Thread 0x00000226450d03a0 nmethod 5977 0x0000022661d39410 code [0x0000022661d395c0, 0x0000022661d39830]
Event: 61.922 Thread 0x0000022675c81fb0 5978       4       org.codehaus.plexus.classworlds.realm.Entry::matches (282 bytes)

GC Heap History (17 events):
Event: 11.456 GC heap before
{Heap before GC invocations=0 (full 0):
 garbage-first heap   total reserved 2037760K, committed 129024K, used 23552K [0x0000000083a00000, 0x0000000100000000)
  region size 1024K, 24 young (24576K), 0 survivors (0K)
 Metaspace       used 6140K, committed 6400K, reserved 1114112K
  class space    used 716K, committed 832K, reserved 1048576K
}
Event: 11.699 GC heap after
{Heap after GC invocations=1 (full 0):
 garbage-first heap   total reserved 2037760K, committed 129024K, used 4181K [0x0000000083a00000, 0x0000000100000000)
  region size 1024K, 3 young (3072K), 3 survivors (3072K)
 Metaspace       used 6140K, committed 6400K, reserved 1114112K
  class space    used 716K, committed 832K, reserved 1048576K
}
Event: 16.950 GC heap before
{Heap before GC invocations=1 (full 0):
 garbage-first heap   total reserved 2037760K, committed 129024K, used 35925K [0x0000000083a00000, 0x0000000100000000)
  region size 1024K, 34 young (34816K), 3 survivors (3072K)
 Metaspace       used 10118K, committed 10240K, reserved 1114112K
  class space    used 1208K, committed 1280K, reserved 1048576K
}
Event: 16.957 GC heap after
{Heap after GC invocations=2 (full 0):
 garbage-first heap   total reserved 2037760K, committed 129024K, used 5817K [0x0000000083a00000, 0x0000000100000000)
  region size 1024K, 2 young (2048K), 2 survivors (2048K)
 Metaspace       used 10118K, committed 10240K, reserved 1114112K
  class space    used 1208K, committed 1280K, reserved 1048576K
}
Event: 35.436 GC heap before
{Heap before GC invocations=2 (full 0):
 garbage-first heap   total reserved 2037760K, committed 129024K, used 80569K [0x0000000083a00000, 0x0000000100000000)
  region size 1024K, 75 young (76800K), 2 survivors (2048K)
 Metaspace       used 16335K, committed 16576K, reserved 1114112K
  class space    used 1936K, committed 2048K, reserved 1048576K
}
Event: 35.453 GC heap after
{Heap after GC invocations=3 (full 0):
 garbage-first heap   total reserved 2037760K, committed 129024K, used 14219K [0x0000000083a00000, 0x0000000100000000)
  region size 1024K, 10 young (10240K), 10 survivors (10240K)
 Metaspace       used 16335K, committed 16576K, reserved 1114112K
  class space    used 1936K, committed 2048K, reserved 1048576K
}
Event: 44.301 GC heap before
{Heap before GC invocations=3 (full 0):
 garbage-first heap   total reserved 2037760K, committed 129024K, used 80779K [0x0000000083a00000, 0x0000000100000000)
  region size 1024K, 75 young (76800K), 10 survivors (10240K)
 Metaspace       used 16897K, committed 17152K, reserved 1114112K
  class space    used 1943K, committed 2048K, reserved 1048576K
}
Event: 44.319 GC heap after
{Heap after GC invocations=4 (full 0):
 garbage-first heap   total reserved 2037760K, committed 129024K, used 18345K [0x0000000083a00000, 0x0000000100000000)
  region size 1024K, 5 young (5120K), 5 survivors (5120K)
 Metaspace       used 16897K, committed 17152K, reserved 1114112K
  class space    used 1943K, committed 2048K, reserved 1048576K
}
Event: 51.797 GC heap before
{Heap before GC invocations=4 (full 0):
 garbage-first heap   total reserved 2037760K, committed 129024K, used 108457K [0x0000000083a00000, 0x0000000100000000)
  region size 1024K, 54 young (55296K), 5 survivors (5120K)
 Metaspace       used 18449K, committed 18816K, reserved 1114112K
  class space    used 2101K, committed 2240K, reserved 1048576K
}
Event: 51.806 GC heap after
{Heap after GC invocations=5 (full 0):
 garbage-first heap   total reserved 2037760K, committed 129024K, used 29097K [0x0000000083a00000, 0x0000000100000000)
  region size 1024K, 7 young (7168K), 7 survivors (7168K)
 Metaspace       used 18449K, committed 18816K, reserved 1114112K
  class space    used 2101K, committed 2240K, reserved 1048576K
}
Event: 51.839 GC heap before
{Heap before GC invocations=5 (full 0):
 garbage-first heap   total reserved 2037760K, committed 129024K, used 61865K [0x0000000083a00000, 0x0000000100000000)
  region size 1024K, 8 young (8192K), 7 survivors (7168K)
 Metaspace       used 18451K, committed 18816K, reserved 1114112K
  class space    used 2101K, committed 2240K, reserved 1048576K
}
Event: 51.845 GC heap after
{Heap after GC invocations=6 (full 0):
 garbage-first heap   total reserved 2037760K, committed 129024K, used 29317K [0x0000000083a00000, 0x0000000100000000)
  region size 1024K, 4 young (4096K), 4 survivors (4096K)
 Metaspace       used 18451K, committed 18816K, reserved 1114112K
  class space    used 2101K, committed 2240K, reserved 1048576K
}
Event: 51.861 GC heap before
{Heap before GC invocations=6 (full 0):
 garbage-first heap   total reserved 2037760K, committed 129024K, used 53893K [0x0000000083a00000, 0x0000000100000000)
  region size 1024K, 5 young (5120K), 4 survivors (4096K)
 Metaspace       used 18451K, committed 18816K, reserved 1114112K
  class space    used 2101K, committed 2240K, reserved 1048576K
}
Event: 51.865 GC heap after
{Heap after GC invocations=7 (full 0):
 garbage-first heap   total reserved 2037760K, committed 129024K, used 20972K [0x0000000083a00000, 0x0000000100000000)
  region size 1024K, 4 young (4096K), 4 survivors (4096K)
 Metaspace       used 18451K, committed 18816K, reserved 1114112K
  class space    used 2101K, committed 2240K, reserved 1048576K
}
Event: 51.874 GC heap before
{Heap before GC invocations=7 (full 0):
 garbage-first heap   total reserved 2037760K, committed 129024K, used 53740K [0x0000000083a00000, 0x0000000100000000)
  region size 1024K, 5 young (5120K), 4 survivors (4096K)
 Metaspace       used 18451K, committed 18816K, reserved 1114112K
  class space    used 2101K, committed 2240K, reserved 1048576K
}
Event: 51.879 GC heap after
{Heap after GC invocations=8 (full 0):
 garbage-first heap   total reserved 2037760K, committed 129024K, used 20934K [0x0000000083a00000, 0x0000000100000000)
  region size 1024K, 4 young (4096K), 4 survivors (4096K)
 Metaspace       used 18451K, committed 18816K, reserved 1114112K
  class space    used 2101K, committed 2240K, reserved 1048576K
}
Event: 61.950 GC heap before
{Heap before GC invocations=8 (full 0):
 garbage-first heap   total reserved 2037760K, committed 129024K, used 110022K [0x0000000083a00000, 0x0000000100000000)
  region size 1024K, 60 young (61440K), 4 survivors (4096K)
 Metaspace       used 21183K, committed 21504K, reserved 1114112K
  class space    used 2357K, committed 2496K, reserved 1048576K
}

Dll operation events (12 events):
Event: 0.041 Loaded shared library C:\Users\USER\.jdks\openjdk-22.0.2\bin\java.dll
Event: 0.733 Loaded shared library C:\Users\USER\.jdks\openjdk-22.0.2\bin\jsvml.dll
Event: 1.404 Loaded shared library C:\Users\USER\.jdks\openjdk-22.0.2\bin\zip.dll
Event: 1.621 Loaded shared library C:\Users\USER\.jdks\openjdk-22.0.2\bin\instrument.dll
Event: 1.745 Loaded shared library C:\Users\USER\.jdks\openjdk-22.0.2\bin\net.dll
Event: 1.805 Loaded shared library C:\Users\USER\.jdks\openjdk-22.0.2\bin\nio.dll
Event: 2.005 Loaded shared library C:\Users\USER\.jdks\openjdk-22.0.2\bin\zip.dll
Event: 2.063 Loaded shared library C:\Program Files\JetBrains\IntelliJ IDEA 2024.2.0.1\bin\breakgen64.dll
Event: 2.084 Loaded shared library C:\Users\USER\.jdks\openjdk-22.0.2\bin\jimage.dll
Event: 2.173 Loaded shared library C:\Users\USER\.jdks\openjdk-22.0.2\bin\extnet.dll
Event: 6.931 Loaded shared library C:\Users\USER\AppData\Local\Temp\jansi-2.4.1-c368144184ec8043-jansi.dll
Event: 7.020 Loaded shared library C:\Users\USER\.jdks\openjdk-22.0.2\bin\verify.dll

Deoptimization events (20 events):
Event: 61.110 Thread 0x00000226572b3190 Uncommon trap: trap_request=0xffffffc6 fr.pc=0x0000022668d894ec relative=0x0000000000000b4c
Event: 61.110 Thread 0x00000226572b3190 Uncommon trap: reason=bimorphic_or_optimized_type_check action=maybe_recompile pc=0x0000022668d894ec method=java.util.stream.Collectors.lambda$uniqKeysMapAccumulator$1(Ljava/util/function/Function;Ljava/util/function/Function;Ljava/util/Map;Ljava/lang/Obj
Event: 61.110 Thread 0x00000226572b3190 DEOPT PACKING pc=0x0000022668d894ec sp=0x000000acb7ffdd40
Event: 61.110 Thread 0x00000226572b3190 DEOPT UNPACKING pc=0x00000226685c7da2 sp=0x000000acb7ffdc48 mode 2
Event: 61.124 Thread 0x00000226572b3190 Uncommon trap: trap_request=0xffffff45 fr.pc=0x0000022668e196a8 relative=0x0000000000000a88
Event: 61.124 Thread 0x00000226572b3190 Uncommon trap: reason=unstable_if action=reinterpret pc=0x0000022668e196a8 method=org.codehaus.plexus.classworlds.realm.Entry.matches(Ljava/lang/String;)Z @ 20 c2
Event: 61.124 Thread 0x00000226572b3190 DEOPT PACKING pc=0x0000022668e196a8 sp=0x000000acb7ffdbd0
Event: 61.124 Thread 0x00000226572b3190 DEOPT UNPACKING pc=0x00000226685c7da2 sp=0x000000acb7ffdb78 mode 2
Event: 61.148 Thread 0x00000226572b3190 Uncommon trap: trap_request=0xffffff45 fr.pc=0x0000022668d8d058 relative=0x00000000000021f8
Event: 61.148 Thread 0x00000226572b3190 Uncommon trap: reason=unstable_if action=reinterpret pc=0x0000022668d8d058 method=sun.nio.fs.WindowsPathParser.nextNonSlash(Ljava/lang/String;II)I @ 2 c2
Event: 61.148 Thread 0x00000226572b3190 DEOPT PACKING pc=0x0000022668d8d058 sp=0x000000acb7ffcf90
Event: 61.148 Thread 0x00000226572b3190 DEOPT UNPACKING pc=0x00000226685c7da2 sp=0x000000acb7ffcf20 mode 2
Event: 61.296 Thread 0x00000226572b3190 Uncommon trap: trap_request=0xffffff45 fr.pc=0x0000022668d9d208 relative=0x00000000000003a8
Event: 61.296 Thread 0x00000226572b3190 Uncommon trap: reason=unstable_if action=reinterpret pc=0x0000022668d9d208 method=org.eclipse.aether.artifact.AbstractArtifact.hash(Ljava/lang/Object;)I @ 1 c2
Event: 61.296 Thread 0x00000226572b3190 DEOPT PACKING pc=0x0000022668d9d208 sp=0x000000acb7ffd650
Event: 61.296 Thread 0x00000226572b3190 DEOPT UNPACKING pc=0x00000226685c7da2 sp=0x000000acb7ffd588 mode 2
Event: 61.312 Thread 0x00000226572b3190 Uncommon trap: trap_request=0xffffff45 fr.pc=0x0000022668da255c relative=0x000000000000051c
Event: 61.312 Thread 0x00000226572b3190 Uncommon trap: reason=unstable_if action=reinterpret pc=0x0000022668da255c method=org.eclipse.aether.artifact.AbstractArtifact.hash(Ljava/lang/Object;)I @ 1 c2
Event: 61.312 Thread 0x00000226572b3190 DEOPT PACKING pc=0x0000022668da255c sp=0x000000acb7ffd570
Event: 61.312 Thread 0x00000226572b3190 DEOPT UNPACKING pc=0x00000226685c7da2 sp=0x000000acb7ffd438 mode 2

Classes loaded (20 events):
Event: 61.813 Loading class java/util/concurrent/ScheduledThreadPoolExecutor$DelayedWorkQueue
Event: 61.814 Loading class java/util/concurrent/ScheduledThreadPoolExecutor$DelayedWorkQueue done
Event: 61.814 Loading class java/util/concurrent/RunnableScheduledFuture
Event: 61.814 Loading class java/util/concurrent/ScheduledFuture
Event: 61.814 Loading class java/util/concurrent/Delayed
Event: 61.814 Loading class java/util/concurrent/Delayed done
Event: 61.814 Loading class java/util/concurrent/ScheduledFuture done
Event: 61.814 Loading class java/util/concurrent/RunnableScheduledFuture done
Event: 61.827 Loading class java/util/concurrent/ScheduledThreadPoolExecutor$ScheduledFutureTask
Event: 61.827 Loading class java/util/concurrent/ScheduledThreadPoolExecutor$ScheduledFutureTask done
Event: 61.827 Loading class java/util/concurrent/Executors$RunnableAdapter
Event: 61.827 Loading class java/util/concurrent/Executors$RunnableAdapter done
Event: 61.828 Loading class java/util/concurrent/ThreadPoolExecutor$Worker
Event: 61.828 Loading class java/util/concurrent/ThreadPoolExecutor$Worker done
Event: 61.834 Loading class java/util/concurrent/Semaphore
Event: 61.834 Loading class java/util/concurrent/Semaphore done
Event: 61.834 Loading class java/util/concurrent/Semaphore$NonfairSync
Event: 61.834 Loading class java/util/concurrent/Semaphore$Sync
Event: 61.834 Loading class java/util/concurrent/Semaphore$Sync done
Event: 61.834 Loading class java/util/concurrent/Semaphore$NonfairSync done

Classes unloaded (0 events):
No events

Classes redefined (0 events):
No events

Internal exceptions (20 events):
Event: 26.665 Thread 0x00000226572b3190 Exception <a 'java/lang/NoSuchMethodError'{0x0000000089e84478}: 'java.lang.Object java.lang.invoke.DirectMethodHandle$Holder.invokeVirtual(java.lang.Object, java.lang.Object, java.lang.Object)'> (0x0000000089e84478) 
thrown [s\open\src\hotspot\share\interpreter\linkResolver.cpp, line 774]
Event: 27.198 Thread 0x00000226572b3190 Exception <a 'java/lang/NoSuchMethodError'{0x0000000089c6b528}: 'void java.lang.invoke.DirectMethodHandle$Holder.invokeVirtual(java.lang.Object, java.lang.Object, int)'> (0x0000000089c6b528) 
thrown [s\open\src\hotspot\share\interpreter\linkResolver.cpp, line 774]
Event: 27.199 Thread 0x00000226572b3190 Exception <a 'java/lang/NoSuchMethodError'{0x0000000089c6f328}: 'void java.lang.invoke.DirectMethodHandle$Holder.invokeSpecial(java.lang.Object, java.lang.Object, java.lang.Object, int)'> (0x0000000089c6f328) 
thrown [s\open\src\hotspot\share\interpreter\linkResolver.cpp, line 774]
Event: 27.199 Thread 0x00000226572b3190 Exception <a 'java/lang/NoSuchMethodError'{0x0000000089c729f8}: 'void java.lang.invoke.DelegatingMethodHandle$Holder.reinvoke_L(java.lang.Object, java.lang.Object, int)'> (0x0000000089c729f8) 
thrown [s\open\src\hotspot\share\interpreter\linkResolver.cpp, line 774]
Event: 33.891 Thread 0x00000226572b3190 Exception <a 'java/lang/NoSuchMethodError'{0x0000000087739488}: 'int java.lang.invoke.DirectMethodHandle$Holder.invokeSpecialIFC(java.lang.Object, java.lang.Object, java.lang.Object, java.lang.Object)'> (0x0000000087739488) 
thrown [s\open\src\hotspot\share\interpreter\linkResolver.cpp, line 774]
Event: 46.675 Thread 0x00000226572b3190 Implicit null exception at 0x0000022668d55018 to 0x0000022668d551e0
Event: 46.675 Thread 0x00000226572b3190 Implicit null exception at 0x0000022668d1e418 to 0x0000022668d1e5e4
Event: 46.676 Thread 0x00000226572b3190 Implicit null exception at 0x0000022668b6173d to 0x0000022668b617bd
Event: 48.801 Thread 0x00000226572b3190 Exception <a 'java/lang/NoSuchMethodError'{0x0000000089c1ef08}: 'java.lang.Object java.lang.invoke.DirectMethodHandle$Holder.newInvokeSpecial(java.lang.Object, java.lang.Object, java.lang.Object, java.lang.Object, java.lang.Object, java.lang.Object, java.lang.Object)'> (0x0000000089c1ef08) 
thrown [s\open\src\hotspot\share\interpreter\linkResolver.cpp, line 774]
Event: 48.806 Thread 0x00000226572b3190 Implicit null exception at 0x0000022668d9a512 to 0x0000022668d9b134
Event: 50.497 Thread 0x00000226572b3190 Implicit null exception at 0x0000022668d282df to 0x0000022668d28ab0
Event: 50.520 Thread 0x00000226572b3190 Exception <a 'java/lang/NoSuchMethodError'{0x0000000089180288}: 'int java.lang.invoke.DirectMethodHandle$Holder.invokeVirtual(java.lang.Object, java.lang.Object)'> (0x0000000089180288) 
thrown [s\open\src\hotspot\share\interpreter\linkResolver.cpp, line 774]
Event: 50.610 Thread 0x00000226572b3190 Implicit null exception at 0x0000022668d06c69 to 0x0000022668d07416
Event: 61.075 Thread 0x000002264680f6a0 Exception <a 'java/lang/NoSuchMethodError'{0x0000000088495e38}: 'java.lang.Object java.lang.invoke.DirectMethodHandle$Holder.invokeStatic(java.lang.Object, long, java.lang.Object)'> (0x0000000088495e38) 
thrown [s\open\src\hotspot\share\interpreter\linkResolver.cpp, line 774]
Event: 61.075 Thread 0x000002264680f6a0 Exception <a 'java/lang/NoSuchMethodError'{0x0000000088499330}: 'java.lang.Object java.lang.invoke.DirectMethodHandle$Holder.invokeStaticInit(java.lang.Object, long, java.lang.Object)'> (0x0000000088499330) 
thrown [s\open\src\hotspot\share\interpreter\linkResolver.cpp, line 774]
Event: 61.076 Thread 0x000002264680f6a0 Exception <a 'java/lang/NoSuchMethodError'{0x000000008849e788}: 'java.lang.Object java.lang.invoke.DirectMethodHandle$Holder.newInvokeSpecial(java.lang.Object, long)'> (0x000000008849e788) 
thrown [s\open\src\hotspot\share\interpreter\linkResolver.cpp, line 774]
Event: 61.082 Thread 0x000002264680f6a0 Exception <a 'java/lang/NoSuchMethodError'{0x00000000884a2fd0}: 'long java.lang.invoke.DirectMethodHandle$Holder.invokeInterface(java.lang.Object, java.lang.Object)'> (0x00000000884a2fd0) 
thrown [s\open\src\hotspot\share\interpreter\linkResolver.cpp, line 774]
Event: 61.083 Thread 0x000002264680f6a0 Exception <a 'java/lang/NoSuchMethodError'{0x00000000884a64a8}: 'long java.lang.invoke.DelegatingMethodHandle$Holder.reinvoke_L(java.lang.Object, java.lang.Object)'> (0x00000000884a64a8) 
thrown [s\open\src\hotspot\share\interpreter\linkResolver.cpp, line 774]
Event: 61.126 Thread 0x00000226572b3190 Exception <a 'java/lang/NoSuchMethodError'{0x00000000883b5ad8}: 'int java.lang.invoke.DirectMethodHandle$Holder.invokeInterface(java.lang.Object, java.lang.Object)'> (0x00000000883b5ad8) 
thrown [s\open\src\hotspot\share\interpreter\linkResolver.cpp, line 774]
Event: 61.208 Thread 0x00000226572b3190 Exception <a 'java/lang/NoSuchMethodError'{0x000000008829cae8}: 'java.lang.Object java.lang.invoke.DirectMethodHandle$Holder.invokeStaticInit(java.lang.Object, java.lang.Object, int, int, int, int)'> (0x000000008829cae8) 
thrown [s\open\src\hotspot\share\interpreter\linkResolver.cpp, line 774]

ZGC Phase Switch (0 events):
No events

VM Operations (20 events):
Event: 53.290 Executing VM operation: HandshakeAllThreads (Deoptimize) done
Event: 54.295 Executing VM operation: Cleanup
Event: 54.295 Executing VM operation: Cleanup done
Event: 56.311 Executing VM operation: Cleanup
Event: 56.311 Executing VM operation: Cleanup done
Event: 57.043 Executing VM operation: HandshakeAllThreads (Deoptimize)
Event: 57.043 Executing VM operation: HandshakeAllThreads (Deoptimize) done
Event: 58.048 Executing VM operation: Cleanup
Event: 58.048 Executing VM operation: Cleanup done
Event: 59.050 Executing VM operation: Cleanup
Event: 59.050 Executing VM operation: Cleanup done
Event: 60.051 Executing VM operation: Cleanup
Event: 60.051 Executing VM operation: Cleanup done
Event: 60.188 Executing VM operation: HandshakeAllThreads (HandshakeForDeflation)
Event: 60.188 Executing VM operation: HandshakeAllThreads (HandshakeForDeflation) done
Event: 60.188 Executing VM operation: RendezvousGCThreads
Event: 60.188 Executing VM operation: RendezvousGCThreads done
Event: 60.996 Executing VM operation: HandshakeAllThreads (Deoptimize)
Event: 61.026 Executing VM operation: HandshakeAllThreads (Deoptimize) done
Event: 61.927 Executing VM operation: CollectForMetadataAllocation (Metadata GC Threshold)

Memory protections (0 events):
No events

Nmethod flushes (0 events):
No events

Events (20 events):
Event: 33.722 Thread 0x00000226450d03a0 Thread added: 0x0000022646261a10
Event: 34.675 Thread 0x0000022646261a10 Thread exited: 0x0000022646261a10
Event: 35.470 Thread 0x00000226450d03a0 Thread added: 0x000002264644cc20
Event: 35.664 Thread 0x000002264644cc20 Thread exited: 0x000002264644cc20
Event: 44.247 Thread 0x00000226450d03a0 Thread added: 0x00000226467de580
Event: 44.668 Thread 0x00000226467de580 Thread exited: 0x00000226467de580
Event: 44.867 Thread 0x00000226450d03a0 Thread added: 0x0000022645f96b60
Event: 45.173 Thread 0x0000022645f96b60 Thread exited: 0x0000022645f96b60
Event: 46.687 Thread 0x0000022675c81fb0 Thread added: 0x0000022646fde800
Event: 47.195 Thread 0x0000022646fde800 Thread exited: 0x0000022646fde800
Event: 53.446 Thread 0x00000226450d03a0 Thread added: 0x0000022646eafb90
Event: 53.836 Thread 0x0000022646eafb90 Thread exited: 0x0000022646eafb90
Event: 60.079 Thread 0x00000226450d03a0 Thread added: 0x00000226467dd430
Event: 60.561 Thread 0x00000226467dd430 Thread exited: 0x00000226467dd430
Event: 60.911 Thread 0x00000226572b3190 Thread added: 0x000002264680f6a0
Event: 60.951 Thread 0x00000226450d03a0 Thread added: 0x0000022646faa730
Event: 61.085 Thread 0x000002264680f6a0 Thread exited: 0x000002264680f6a0
Event: 61.458 Thread 0x0000022646faa730 Thread exited: 0x0000022646faa730
Event: 61.828 Thread 0x00000226572b3190 Thread added: 0x000002264669c2c0
Event: 61.837 Thread 0x00000226572b3190 Thread added: 0x000002264625f160


Dynamic libraries:
0x00007ff6b3b90000 - 0x00007ff6b3b9e000 	C:\Users\USER\.jdks\openjdk-22.0.2\bin\java.exe
0x00007fffc60d0000 - 0x00007fffc62e7000 	C:\WINDOWS\SYSTEM32\ntdll.dll
0x00007fffc4f30000 - 0x00007fffc4ff4000 	C:\WINDOWS\System32\KERNEL32.DLL
0x00007fffc3750000 - 0x00007fffc3b07000 	C:\WINDOWS\System32\KERNELBASE.dll
0x00007fffc3630000 - 0x00007fffc3741000 	C:\WINDOWS\System32\ucrtbase.dll
0x00007fffbcbe0000 - 0x00007fffbcbf7000 	C:\Users\USER\.jdks\openjdk-22.0.2\bin\jli.dll
0x00007fffc5250000 - 0x00007fffc53ff000 	C:\WINDOWS\System32\USER32.dll
0x00007fffc3460000 - 0x00007fffc3486000 	C:\WINDOWS\System32\win32u.dll
0x00007fffc3e10000 - 0x00007fffc3e39000 	C:\WINDOWS\System32\GDI32.dll
0x00007fffc3bd0000 - 0x00007fffc3ce8000 	C:\WINDOWS\System32\gdi32full.dll
0x00007fffc3cf0000 - 0x00007fffc3d8a000 	C:\WINDOWS\System32\msvcp_win.dll
0x00007fffbcc00000 - 0x00007fffbcc1b000 	C:\Users\USER\.jdks\openjdk-22.0.2\bin\VCRUNTIME140.dll
0x00007fffaed10000 - 0x00007fffaefa3000 	C:\WINDOWS\WinSxS\amd64_microsoft.windows.common-controls_6595b64144ccf1df_6.0.22621.3672_none_2713b9d173822955\COMCTL32.dll
0x00007fffc4570000 - 0x00007fffc4617000 	C:\WINDOWS\System32\msvcrt.dll
0x00007fffc4530000 - 0x00007fffc4561000 	C:\WINDOWS\System32\IMM32.DLL
0x00007fffbcbb0000 - 0x00007fffbcbbc000 	C:\Users\USER\.jdks\openjdk-22.0.2\bin\vcruntime140_1.dll
0x00007fffbc660000 - 0x00007fffbc6ee000 	C:\Users\USER\.jdks\openjdk-22.0.2\bin\msvcp140.dll
0x00007fff63820000 - 0x00007fff64569000 	C:\Users\USER\.jdks\openjdk-22.0.2\bin\server\jvm.dll
0x00007fffc5560000 - 0x00007fffc5612000 	C:\WINDOWS\System32\ADVAPI32.dll
0x00007fffc54b0000 - 0x00007fffc5558000 	C:\WINDOWS\System32\sechost.dll
0x00007fffc3600000 - 0x00007fffc3628000 	C:\WINDOWS\System32\bcrypt.dll
0x00007fffc4410000 - 0x00007fffc4524000 	C:\WINDOWS\System32\RPCRT4.dll
0x00007fffc4230000 - 0x00007fffc42a1000 	C:\WINDOWS\System32\WS2_32.dll
0x00007fffc2260000 - 0x00007fffc22ad000 	C:\WINDOWS\SYSTEM32\POWRPROF.dll
0x00007fffbc490000 - 0x00007fffbc4c4000 	C:\WINDOWS\SYSTEM32\WINMM.dll
0x00007fffb8b10000 - 0x00007fffb8b1a000 	C:\WINDOWS\SYSTEM32\VERSION.dll
0x00007fffc2240000 - 0x00007fffc2253000 	C:\WINDOWS\SYSTEM32\UMPDC.dll
0x00007fffc24f0000 - 0x00007fffc2508000 	C:\WINDOWS\SYSTEM32\kernel.appcore.dll
0x00007fffbcb80000 - 0x00007fffbcb8a000 	C:\Users\USER\.jdks\openjdk-22.0.2\bin\jimage.dll
0x00007fffc0cb0000 - 0x00007fffc0ee2000 	C:\WINDOWS\SYSTEM32\DBGHELP.DLL
0x00007fffc3e40000 - 0x00007fffc41ce000 	C:\WINDOWS\System32\combase.dll
0x00007fffc5860000 - 0x00007fffc5937000 	C:\WINDOWS\System32\OLEAUT32.dll
0x00007fffaf2b0000 - 0x00007fffaf2e2000 	C:\WINDOWS\SYSTEM32\dbgcore.DLL
0x00007fffc33e0000 - 0x00007fffc345b000 	C:\WINDOWS\System32\bcryptPrimitives.dll
0x00007fffbcd30000 - 0x00007fffbcd3f000 	C:\Users\USER\.jdks\openjdk-22.0.2\bin\instrument.dll
0x00007fffbc640000 - 0x00007fffbc65e000 	C:\Users\USER\.jdks\openjdk-22.0.2\bin\java.dll
0x00007fffc4620000 - 0x00007fffc4e89000 	C:\WINDOWS\System32\SHELL32.dll
0x00007fffc5000000 - 0x00007fffc51a5000 	C:\WINDOWS\System32\ole32.dll
0x00007fffc1310000 - 0x00007fffc1c0f000 	C:\WINDOWS\SYSTEM32\windows.storage.dll
0x00007fffc1060000 - 0x00007fffc119f000 	C:\WINDOWS\SYSTEM32\wintypes.dll
0x00007fffc4310000 - 0x00007fffc4409000 	C:\WINDOWS\System32\SHCORE.dll
0x00007fffc41d0000 - 0x00007fffc422e000 	C:\WINDOWS\System32\shlwapi.dll
0x00007fffc3310000 - 0x00007fffc3337000 	C:\WINDOWS\SYSTEM32\profapi.dll
0x00007fffae0d0000 - 0x00007fffae1a7000 	C:\Users\USER\.jdks\openjdk-22.0.2\bin\jsvml.dll
0x00007fffbc580000 - 0x00007fffbc597000 	C:\Users\USER\.jdks\openjdk-22.0.2\bin\zip.dll
0x00007fffbc620000 - 0x00007fffbc630000 	C:\Users\USER\.jdks\openjdk-22.0.2\bin\net.dll
0x00007fffc2990000 - 0x00007fffc29f9000 	C:\WINDOWS\system32\mswsock.dll
0x00007fffbc5e0000 - 0x00007fffbc5f6000 	C:\Users\USER\.jdks\openjdk-22.0.2\bin\nio.dll
0x00007fffbbbf0000 - 0x00007fffbbc0a000 	C:\Program Files\JetBrains\IntelliJ IDEA 2024.2.0.1\bin\breakgen64.dll
0x00007fffba650000 - 0x00007fffba659000 	C:\Users\USER\.jdks\openjdk-22.0.2\bin\extnet.dll
0x00007fff88430000 - 0x00007fff88454000 	C:\Users\USER\AppData\Local\Temp\jansi-2.4.1-c368144184ec8043-jansi.dll
0x00007fffbcd20000 - 0x00007fffbcd30000 	C:\Users\USER\.jdks\openjdk-22.0.2\bin\verify.dll
0x00007fffc2be0000 - 0x00007fffc2bfb000 	C:\WINDOWS\SYSTEM32\CRYPTSP.dll
0x00007fffc2450000 - 0x00007fffc2485000 	C:\WINDOWS\system32\rsaenh.dll
0x00007fffc2a80000 - 0x00007fffc2aa8000 	C:\WINDOWS\SYSTEM32\USERENV.dll
0x00007fffc2c00000 - 0x00007fffc2c0c000 	C:\WINDOWS\SYSTEM32\CRYPTBASE.dll
0x00007fffc1ed0000 - 0x00007fffc1efd000 	C:\WINDOWS\SYSTEM32\IPHLPAPI.DLL
0x00007fffc51b0000 - 0x00007fffc51b9000 	C:\WINDOWS\System32\NSI.dll

dbghelp: loaded successfully - version: 4.0.5 - missing functions: none
symbol engine: initialized successfully - sym options: 0x614 - pdb path: .;C:\Users\USER\.jdks\openjdk-22.0.2\bin;C:\WINDOWS\SYSTEM32;C:\WINDOWS\WinSxS\amd64_microsoft.windows.common-controls_6595b64144ccf1df_6.0.22621.3672_none_2713b9d173822955;C:\Users\USER\.jdks\openjdk-22.0.2\bin\server;C:\Program Files\JetBrains\IntelliJ IDEA 2024.2.0.1\bin;C:\Users\USER\AppData\Local\Temp

VM Arguments:
jvm_args: -Dmaven.multiModuleProjectDirectory=C:\Users\USER\IdeaProjects\ssacthree\shop3\ssacthree-shop-api -Djansi.passthrough=true -Dmaven.home=C:\Users\USER\.m2\wrapper\dists\apache-maven-3.9.9-bin\4nf9hui3q3djbarqar9g711ggc\apache-maven-3.9.9 -Dclassworlds.conf=C:\Users\USER\.m2\wrapper\dists\apache-maven-3.9.9-bin\4nf9hui3q3djbarqar9g711ggc\apache-maven-3.9.9\bin\m2.conf -Dmaven.ext.class.path=C:\Program Files\JetBrains\IntelliJ IDEA 2024.2.0.1\plugins\maven\lib\maven-event-listener.jar -javaagent:C:\Program Files\JetBrains\IntelliJ IDEA 2024.2.0.1\lib\idea_rt.jar=34909:C:\Program Files\JetBrains\IntelliJ IDEA 2024.2.0.1\bin -Dfile.encoding=UTF-8 -Dsun.stdout.encoding=UTF-8 -Dsun.stderr.encoding=UTF-8 
java_command: org.codehaus.classworlds.Launcher -Didea.version=2024.2.0.1 test
java_class_path (initial): C:\Users\USER\.m2\wrapper\dists\apache-maven-3.9.9-bin\4nf9hui3q3djbarqar9g711ggc\apache-maven-3.9.9\boot\plexus-classworlds-2.8.0.jar;C:\Users\USER\.m2\wrapper\dists\apache-maven-3.9.9-bin\4nf9hui3q3djbarqar9g711ggc\apache-maven-3.9.9\boot\plexus-classworlds.license
Launcher Type: SUN_STANDARD

[Global flags]
     intx CICompilerCount                          = 4                                         {product} {ergonomic}
     uint ConcGCThreads                            = 2                                         {product} {ergonomic}
     uint G1ConcRefinementThreads                  = 8                                         {product} {ergonomic}
   size_t G1HeapRegionSize                         = 1048576                                   {product} {ergonomic}
   size_t InitialHeapSize                          = 132120576                                 {product} {ergonomic}
   size_t MarkStackSize                            = 4194304                                   {product} {ergonomic}
   size_t MaxHeapSize                              = 2086666240                                {product} {ergonomic}
   size_t MaxNewSize                               = 1251999744                                {product} {ergonomic}
   size_t MinHeapDeltaBytes                        = 1048576                                   {product} {ergonomic}
   size_t MinHeapSize                              = 8388608                                   {product} {ergonomic}
    uintx NonNMethodCodeHeapSize                   = 5839372                                {pd product} {ergonomic}
    uintx NonProfiledCodeHeapSize                  = 122909434                              {pd product} {ergonomic}
    uintx ProfiledCodeHeapSize                     = 122909434                              {pd product} {ergonomic}
    uintx ReservedCodeCacheSize                    = 251658240                              {pd product} {ergonomic}
     bool SegmentedCodeCache                       = true                                      {product} {ergonomic}
   size_t SoftMaxHeapSize                          = 2086666240                             {manageable} {ergonomic}
     bool UseCompressedOops                        = true                           {product lp64_product} {ergonomic}
     bool UseG1GC                                  = true                                      {product} {ergonomic}
     bool UseLargePagesIndividualAllocation        = false                                  {pd product} {ergonomic}

Logging:
Log output configuration:
 #0: stdout all=warning uptime,level,tags foldmultilines=false
 #1: stderr all=off uptime,level,tags foldmultilines=false

Environment Variables:
JAVA_HOME=C:\Users\USER\Downloads\jdk-21.0.3_windows-x64_bin\jdk-21.0.3
PATH=C:\Users\USER\Downloads\jdk-21.0.3_windows-x64_bin\jdk-21.0.3\bin;C:\Program Files\MySQL\MySQL Server 8.0\bin;C:\apache-maven-3.9.8-bin\apache-maven-3.9.8\bin;C:\Users\USER\Downloads\netcat-win32-1.12;C:\Users\USER\Downloads\curl-8.9.0_1-win64-mingw\curl-8.9.0_1-win64-mingw\bin;C:\Program Files\Docker\Docker\resources\bin;C:\Program Files (x86)\Microsoft SQL Server\160\Tools\Binn\;C:\Program Files\Microsoft SQL Server\160\Tools\Binn\;C:\Program Files\Microsoft SQL Server\Client SDK\ODBC\170\Tools\Binn\;C:\Program Files\Microsoft SQL Server\160\DTS\Binn\;C:\Program Files (x86)\Microsoft SQL Server\160\DTS\Binn\;C:\Program Files\Git\cmd;C:\Users\USER\anaconda3;C:\Users\USER\anaconda3\Library\mingw-w64\bin;C:\Users\USER\anaconda3\Library\usr\bin;C:\Users\USER\anaconda3\Library\bin;C:\Users\USER\anaconda3\Scripts;C:\Users\USER\AppData\Local\Microsoft\WindowsApps;C:\Program Files\JetBrains\PyCharm Community Edition 2021.3.2\bin;;C:\Users\USER\AppData\Local\Programs\Microsoft VS Code\bin;;C:\Program Files\JetBrains\IntelliJ IDEA 2024.2.0.1\bin;
USERNAME=USER
OS=Windows_NT
PROCESSOR_IDENTIFIER=Intel64 Family 6 Model 126 Stepping 5, GenuineIntel
TMP=C:\Users\USER\AppData\Local\Temp
TEMP=C:\Users\USER\AppData\Local\Temp




Periodic native trim disabled

---------------  S Y S T E M  ---------------

OS:
 Windows 11 , 64 bit Build 22621 (10.0.22621.3958)
OS uptime: 3 days 9:28 hours
Hyper-V role detected

CPU: total 8 (initial active 8) (4 cores per cpu, 2 threads per core) family 6 model 126 stepping 5 microcode 0xa0, cx8, cmov, fxsr, ht, mmx, 3dnowpref, sse, sse2, sse3, ssse3, sse4.1, sse4.2, popcnt, lzcnt, tsc, tscinvbit, avx, avx2, aes, erms, clmul, bmi1, bmi2, adx, avx512f, avx512dq, avx512cd, avx512bw, avx512vl, sha, fma, vzeroupper, avx512_vpopcntdq, avx512_vpclmulqdq, avx512_vaes, avx512_vnni, clflush, clflushopt, avx512_vbmi2, avx512_vbmi, hv, rdtscp, rdpid, fsrm, gfni, avx512_bitalg, f16c, avx512_ifma
Processor Information for all 8 processors :
  Max Mhz: 1498, Current Mhz: 1098, Mhz Limit: 1093

Memory: 4k page, system-wide physical 7953M (528M free)
TotalPageFile size 32529M (AvailPageFile size 302M)
current process WorkingSet (physical memory assigned to process): 231M, peak: 236M
current process commit charge ("private bytes"): 268M, peak: 442M

vm_info: OpenJDK 64-Bit Server VM (22.0.2+9-70) for windows-amd64 JRE (22.0.2+9-70), built on 2024-06-04T16:52:23Z by "mach5one" with MS VC++ 17.6 (VS2022)

END.
