#
# There is insufficient memory for the Java Runtime Environment to continue.
# Native memory allocation (mmap) failed to map 65536 bytes. Error detail: Failed to commit metaspace.
# Possible reasons:
#   The system is out of physical RAM or swap space
#   This process is running with CompressedOops enabled, and the Java Heap may be blocking the growth of the native heap
# Possible solutions:
#   Reduce memory load on the system
#   Increase physical memory or swap space
#   Check if swap backing store is full
#   Decrease Java heap size (-Xmx/-Xms)
#     to set the Java Heap base and to place the Java Heap above 4GB virtual address.
# This output file may be truncated or incomplete.
#
#  Out of Memory Error (virtualSpaceNode.cpp:112), pid=21576, tid=11528
#
# JRE version: OpenJDK Runtime Environment (22.0.2+9) (build 22.0.2+9-70)
# Java VM: OpenJDK 64-Bit Server VM (22.0.2+9-70, mixed mode, sharing, tiered, compressed oops, compressed class ptrs, g1 gc, windows-amd64)
# No core dump will be written. Minidumps are not enabled by default on client versions of Windows
#

---------------  S U M M A R Y ------------

Command Line: -Dmaven.multiModuleProjectDirectory=C:\Users\USER\IdeaProjects\ssacthree\shop3\ssacthree-shop-api -Djansi.passthrough=true -Dmaven.home=C:\Users\USER\.m2\wrapper\dists\apache-maven-3.9.9-bin\4nf9hui3q3djbarqar9g711ggc\apache-maven-3.9.9 -Dclassworlds.conf=C:\Users\USER\.m2\wrapper\dists\apache-maven-3.9.9-bin\4nf9hui3q3djbarqar9g711ggc\apache-maven-3.9.9\bin\m2.conf -Dmaven.ext.class.path=C:\Program Files\JetBrains\IntelliJ IDEA 2024.2.0.1\plugins\maven\lib\maven-event-listener.jar -javaagent:C:\Program Files\JetBrains\IntelliJ IDEA 2024.2.0.1\lib\idea_rt.jar=34906:C:\Program Files\JetBrains\IntelliJ IDEA 2024.2.0.1\bin -Dfile.encoding=UTF-8 -Dsun.stdout.encoding=UTF-8 -Dsun.stderr.encoding=UTF-8 org.codehaus.classworlds.Launcher -Didea.version=2024.2.0.1 package

Host: Intel(R) Core(TM) i5-1035G4 CPU @ 1.10GHz, 8 cores, 7G,  Windows 11 , 64 bit Build 22621 (10.0.22621.3958)
Time: Thu Oct 31 10:20:35 2024  Windows 11 , 64 bit Build 22621 (10.0.22621.3958) elapsed time: 64.972848 seconds (0d 0h 1m 4s)

---------------  T H R E A D  ---------------

Current thread (0x000002aceef53190):  JavaThread "main"             [_thread_in_vm, id=11528, stack(0x000000b1df300000,0x000000b1df400000) (1024K)]

Stack: [0x000000b1df300000,0x000000b1df400000]
Native frames: (J=compiled Java code, j=interpreted, Vv=VM code, C=native code)
V  [jvm.dll+0x6e26e9]  (no source info available)
V  [jvm.dll+0x875753]  (no source info available)
V  [jvm.dll+0x877b7e]  (no source info available)
V  [jvm.dll+0x878253]  (no source info available)
V  [jvm.dll+0x27fc86]  (no source info available)
V  [jvm.dll+0x87139e]  (no source info available)
V  [jvm.dll+0x685755]  (no source info available)
V  [jvm.dll+0x1e3cdc]  (no source info available)
V  [jvm.dll+0x1e3aae]  (no source info available)
V  [jvm.dll+0x6880a8]  (no source info available)
V  [jvm.dll+0x224f6c]  (no source info available)
V  [jvm.dll+0x68616e]  (no source info available)
V  [jvm.dll+0x30b4b1]  (no source info available)
V  [jvm.dll+0x2167e3]  (no source info available)
V  [jvm.dll+0x20b3c7]  (no source info available)
V  [jvm.dll+0x5c4a8f]  (no source info available)
V  [jvm.dll+0x21cb2a]  (no source info available)
V  [jvm.dll+0x7ebe8c]  (no source info available)
V  [jvm.dll+0x7ecf26]  (no source info available)
V  [jvm.dll+0x7ed750]  (no source info available)
V  [jvm.dll+0x21646c]  (no source info available)
V  [jvm.dll+0x20b3c7]  (no source info available)
V  [jvm.dll+0x5c4a8f]  (no source info available)
V  [jvm.dll+0x21cb2a]  (no source info available)
V  [jvm.dll+0x7ebe8c]  (no source info available)
V  [jvm.dll+0x7ecf26]  (no source info available)
V  [jvm.dll+0x7ed534]  (no source info available)
V  [jvm.dll+0x7ed1b8]  (no source info available)
V  [jvm.dll+0x26d6ab]  (no source info available)
V  [jvm.dll+0x3d9eae]  (no source info available)
C  0x000002ac8754b494  (no source info available)

The last pc belongs to new (printed below).
Java frames: (J=compiled Java code, j=interpreted, Vv=VM code)
j  sun.util.cldr.CLDRLocaleProviderAdapter.lambda$getTimeZoneNameProvider$3()Ljava/util/spi/TimeZoneNameProvider;+0 java.base@22.0.2
j  sun.util.cldr.CLDRLocaleProviderAdapter$$Lambda+0x000002ac901dd3f0.run()Ljava/lang/Object;+4 java.base@22.0.2
J 1553 c1 java.security.AccessController.doPrivileged(Ljava/security/PrivilegedAction;)Ljava/lang/Object; java.base@22.0.2 (9 bytes) @ 0x000002ac802d3274 [0x000002ac802d3100+0x0000000000000174]
j  sun.util.cldr.CLDRLocaleProviderAdapter.getTimeZoneNameProvider()Ljava/util/spi/TimeZoneNameProvider;+13 java.base@22.0.2
j  sun.util.locale.provider.JRELocaleProviderAdapter.getLocaleServiceProvider(Ljava/lang/Class;)Ljava/util/spi/LocaleServiceProvider;+417 java.base@22.0.2
j  sun.util.locale.provider.LocaleServiceProviderPool.findProviders(Ljava/util/Locale;Z)Ljava/util/List;+68 java.base@22.0.2
j  sun.util.locale.provider.LocaleServiceProviderPool.getLocalizedObjectImpl(Lsun/util/locale/provider/LocaleServiceProviderPool$LocalizedObjectGetter;Ljava/util/Locale;ZLjava/lang/String;[Ljava/lang/Object;)Ljava/lang/Object;+53 java.base@22.0.2
j  sun.util.locale.provider.LocaleServiceProviderPool.getLocalizedObject(Lsun/util/locale/provider/LocaleServiceProviderPool$LocalizedObjectGetter;Ljava/util/Locale;Ljava/lang/String;[Ljava/lang/Object;)Ljava/lang/Object;+7 java.base@22.0.2
j  sun.util.locale.provider.TimeZoneNameUtility.retrieveDisplayNamesImpl(Ljava/lang/String;Ljava/util/Locale;)[Ljava/lang/String;+140 java.base@22.0.2
j  sun.util.locale.provider.TimeZoneNameUtility.retrieveDisplayName(Ljava/lang/String;ZILjava/util/Locale;)Ljava/lang/String;+2 java.base@22.0.2
j  java.util.TimeZone.getDisplayName(ZILjava/util/Locale;)Ljava/lang/String;+47 java.base@22.0.2
j  java.util.Date.toString()Ljava/lang/String;+150 java.base@22.0.2
J 4111 c1 java.lang.StringBuilder.append(Ljava/lang/Object;)Ljava/lang/StringBuilder; java.base@22.0.2 (9 bytes) @ 0x000002ac808082fc [0x000002ac80808160+0x000000000000019c]
j  java.util.Properties.writeDateComment(Ljava/io/BufferedWriter;)V+43 java.base@22.0.2
j  java.util.Properties.store0(Ljava/io/BufferedWriter;Ljava/lang/String;Z)V+10 java.base@22.0.2
j  java.util.Properties.store(Ljava/io/OutputStream;Ljava/lang/String;)V+21 java.base@22.0.2
j  org.apache.maven.surefire.booter.SystemPropertyManager.writePropertiesFile(Ljava/io/File;Ljava/lang/String;Ljava/util/Properties;)V+15
j  org.apache.maven.surefire.booter.SystemPropertyManager.writePropertiesFile(Ljava/util/Properties;Ljava/io/File;Ljava/lang/String;Z)Ljava/io/File;+25
j  org.apache.maven.plugin.surefire.booterclient.BooterSerializer.serialize(Lorg/apache/maven/surefire/booter/KeyValueSource;Lorg/apache/maven/surefire/booter/ProviderConfiguration;Lorg/apache/maven/surefire/booter/StartupConfiguration;Ljava/lang/Object;ZLjava/lang/Long;ILjava/lang/String;)Ljava/io/File;+610
j  org.apache.maven.plugin.surefire.booterclient.ForkStarter.fork(Ljava/lang/Object;Lorg/apache/maven/surefire/booter/PropertiesWrapper;Lorg/apache/maven/plugin/surefire/booterclient/output/ForkClient;Lorg/apache/maven/plugin/surefire/SurefireProperties;ILorg/apache/maven/plugin/surefire/booterclient/lazytestprovider/AbstractCommandReader;Lorg/apache/maven/surefire/extensions/ForkNodeFactory;Z)Lorg/apache/maven/surefire/api/suite/RunResult;+225
j  org.apache.maven.plugin.surefire.booterclient.ForkStarter.run(Lorg/apache/maven/plugin/surefire/SurefireProperties;Ljava/util/Map;)Lorg/apache/maven/surefire/api/suite/RunResult;+153
j  org.apache.maven.plugin.surefire.booterclient.ForkStarter.run(Lorg/apache/maven/plugin/surefire/SurefireProperties;Lorg/apache/maven/surefire/api/util/DefaultScanResult;)Lorg/apache/maven/surefire/api/suite/RunResult;+23
j  org.apache.maven.plugin.surefire.AbstractSurefireMojo.executeProvider(Lorg/apache/maven/surefire/providerapi/ProviderInfo;Lorg/apache/maven/surefire/api/util/DefaultScanResult;Lorg/apache/maven/plugin/surefire/TestClassPath;Lorg/apache/maven/plugin/surefire/booterclient/Platform;Lorg/apache/maven/plugin/surefire/ResolvePathResultWrapper;)Lorg/apache/maven/surefire/api/suite/RunResult;+268
j  org.apache.maven.plugin.surefire.AbstractSurefireMojo.executeAfterPreconditionsChecked(Lorg/apache/maven/surefire/api/util/DefaultScanResult;Lorg/apache/maven/plugin/surefire/booterclient/Platform;)V+74
j  org.apache.maven.plugin.surefire.AbstractSurefireMojo.execute()V+216
j  org.apache.maven.plugin.DefaultBuildPluginManager.executeMojo(Lorg/apache/maven/execution/MavenSession;Lorg/apache/maven/plugin/MojoExecution;)V+152
j  org.apache.maven.lifecycle.internal.MojoExecutor.doExecute2(Lorg/apache/maven/execution/MavenSession;Lorg/apache/maven/plugin/MojoExecution;)V+20
j  org.apache.maven.lifecycle.internal.MojoExecutor.doExecute(Lorg/apache/maven/execution/MavenSession;Lorg/apache/maven/plugin/MojoExecution;Lorg/apache/maven/lifecycle/internal/ProjectIndex;Lorg/apache/maven/lifecycle/internal/DependencyContext;)V+40
j  org.apache.maven.lifecycle.internal.MojoExecutor.execute(Lorg/apache/maven/execution/MavenSession;Lorg/apache/maven/plugin/MojoExecution;Lorg/apache/maven/lifecycle/internal/ProjectIndex;Lorg/apache/maven/lifecycle/internal/DependencyContext;)V+183
j  org.apache.maven.lifecycle.internal.MojoExecutor.execute(Lorg/apache/maven/execution/MavenSession;Lorg/apache/maven/plugin/MojoExecution;Lorg/apache/maven/lifecycle/internal/ProjectIndex;Lorg/apache/maven/lifecycle/internal/DependencyContext;Lorg/apache/maven/lifecycle/internal/PhaseRecorder;)V+6
j  org.apache.maven.lifecycle.internal.MojoExecutor.access$000(Lorg/apache/maven/lifecycle/internal/MojoExecutor;Lorg/apache/maven/execution/MavenSession;Lorg/apache/maven/plugin/MojoExecution;Lorg/apache/maven/lifecycle/internal/ProjectIndex;Lorg/apache/maven/lifecycle/internal/DependencyContext;Lorg/apache/maven/lifecycle/internal/PhaseRecorder;)V+8
j  org.apache.maven.lifecycle.internal.MojoExecutor$1.run(Lorg/apache/maven/plugin/MojoExecution;)V+21
j  org.apache.maven.plugin.DefaultMojosExecutionStrategy.execute(Ljava/util/List;Lorg/apache/maven/execution/MavenSession;Lorg/apache/maven/plugin/MojoExecutionRunner;)V+33
j  org.apache.maven.lifecycle.internal.MojoExecutor.execute(Lorg/apache/maven/execution/MavenSession;Ljava/util/List;Lorg/apache/maven/lifecycle/internal/ProjectIndex;)V+72
j  org.apache.maven.lifecycle.internal.LifecycleModuleBuilder.buildProject(Lorg/apache/maven/execution/MavenSession;Lorg/apache/maven/execution/MavenSession;Lorg/apache/maven/lifecycle/internal/ReactorContext;Lorg/apache/maven/project/MavenProject;Lorg/apache/maven/lifecycle/internal/TaskSegment;)V+151
j  org.apache.maven.lifecycle.internal.LifecycleModuleBuilder.buildProject(Lorg/apache/maven/execution/MavenSession;Lorg/apache/maven/lifecycle/internal/ReactorContext;Lorg/apache/maven/project/MavenProject;Lorg/apache/maven/lifecycle/internal/TaskSegment;)V+7
j  org.apache.maven.lifecycle.internal.builder.singlethreaded.SingleThreadedBuilder.build(Lorg/apache/maven/execution/MavenSession;Lorg/apache/maven/lifecycle/internal/ReactorContext;Lorg/apache/maven/lifecycle/internal/ProjectBuildList;Ljava/util/List;Lorg/apache/maven/lifecycle/internal/ReactorBuildStatus;)V+77
j  org.apache.maven.lifecycle.internal.LifecycleStarter.execute(Lorg/apache/maven/execution/MavenSession;)V+343
j  org.apache.maven.DefaultMaven.doExecute(Lorg/apache/maven/execution/MavenExecutionRequest;Lorg/apache/maven/execution/MavenSession;Lorg/apache/maven/execution/MavenExecutionResult;Lorg/eclipse/aether/DefaultRepositorySystemSession;)Lorg/apache/maven/execution/MavenExecutionResult;+418
j  org.apache.maven.DefaultMaven.doExecute(Lorg/apache/maven/execution/MavenExecutionRequest;)Lorg/apache/maven/execution/MavenExecutionResult;+98
j  org.apache.maven.DefaultMaven.execute(Lorg/apache/maven/execution/MavenExecutionRequest;)Lorg/apache/maven/execution/MavenExecutionResult;+2
j  org.apache.maven.cli.MavenCli.execute(Lorg/apache/maven/cli/CliRequest;)I+27
j  org.apache.maven.cli.MavenCli.doMain(Lorg/apache/maven/cli/CliRequest;)I+66
j  org.apache.maven.cli.MavenCli.main([Ljava/lang/String;Lorg/codehaus/plexus/classworlds/ClassWorld;)I+24
j  java.lang.invoke.DirectMethodHandle$Holder.invokeStatic(Ljava/lang/Object;Ljava/lang/Object;Ljava/lang/Object;)I+11 java.base@22.0.2
j  java.lang.invoke.LambdaForm$MH+0x000002ac9000b000.invoke(Ljava/lang/Object;Ljava/lang/Object;Ljava/lang/Object;Ljava/lang/Object;)Ljava/lang/Object;+54 java.base@22.0.2
j  java.lang.invoke.LambdaForm$MH+0x000002ac90002800.invokeExact_MT(Ljava/lang/Object;Ljava/lang/Object;Ljava/lang/Object;Ljava/lang/Object;Ljava/lang/Object;)Ljava/lang/Object;+22 java.base@22.0.2
j  jdk.internal.reflect.DirectMethodHandleAccessor.invokeImpl(Ljava/lang/Object;[Ljava/lang/Object;)Ljava/lang/Object;+72 java.base@22.0.2
j  jdk.internal.reflect.DirectMethodHandleAccessor.invoke(Ljava/lang/Object;[Ljava/lang/Object;)Ljava/lang/Object;+23 java.base@22.0.2
j  java.lang.reflect.Method.invoke(Ljava/lang/Object;[Ljava/lang/Object;)Ljava/lang/Object;+102 java.base@22.0.2
j  org.codehaus.plexus.classworlds.launcher.Launcher.launchEnhanced([Ljava/lang/String;)V+45
j  org.codehaus.plexus.classworlds.launcher.Launcher.launch([Ljava/lang/String;)V+2
j  org.codehaus.plexus.classworlds.launcher.Launcher.mainWithExitCode([Ljava/lang/String;)I+108
j  org.codehaus.plexus.classworlds.launcher.Launcher.main([Ljava/lang/String;)V+1
j  org.codehaus.classworlds.Launcher.main([Ljava/lang/String;)V+1
v  ~StubRoutines::call_stub 0x000002ac8753100d
new  187 new  [0x000002ac8754b300, 0x000002ac8754b508]  520 bytes
[MachCode]
  0x000002ac8754b300: 4883 ec08 | c5fa 1104 | 24eb 1f48 | 83ec 10c5 | fb11 0424 | eb14 4883 | ec10 4889 | 0424 48c7 
  0x000002ac8754b320: 4424 0800 | 0000 00eb | 0150 410f | b755 010f | cac1 ea10 | 488b 4de8 | 488b 4908 | 488b 4908 
  0x000002ac8754b340: 488b 4108 | 807c 1004 | 070f 85d3 | 0000 0066 | 8b54 d148 | 488b 4928 | 488b 4cd1 | 0851 80b9 
  0x000002ac8754b360: 2001 0000 | 050f 85b6 | 0000 008b | 5108 f6c2 | 010f 85aa | 0000 0049 | 8b87 b801 | 0000 488d 
  0x000002ac8754b380: 1c10 493b | 9fc8 0100 | 000f 8792 | 0000 0049 | 899f b801 | 0000 4883 | ea10 0f84 | 0f00 0000 
  0x000002ac8754b3a0: 33c9 c1ea | 0348 894c | d008 48ff | ca75 f648 | c700 0100 | 0000 5933 | f689 700c | 49ba 0000 
  0x000002ac8754b3c0: 008f ac02 | 0000 492b | ca89 4808 | 49ba 6d40 | 4664 ff7f | 0000 4180 | 3a00 0f84 | 3c00 0000 
  0x000002ac8754b3e0: 5048 8bc8 | 4883 ec20 | 40f6 c40f | 0f84 1900 | 0000 4883 | ec08 48b8 | c0b9 f663 | ff7f 0000 
  0x000002ac8754b400: ffd0 4883 | c408 e90c | 0000 0048 | b8c0 b9f6 | 63ff 7f00 | 00ff d048 | 83c4 2058 | e9cb 0000 
  0x000002ac8754b420: 0059 488b | 55e8 488b | 5208 488b | 5208 450f | b745 0141 | 0fc8 41c1 | e810 e805 | 0000 00e9 
  0x000002ac8754b440: a800 0000 | 488d 4424 | 084c 896d | c049 8bcf | c5f8 7749 | 89af b003 | 0000 4989 | 87a0 0300 
  0x000002ac8754b460: 0048 83ec | 2040 f6c4 | 0f0f 8419 | 0000 0048 | 83ec 0848 | b860 9ebf | 63ff 7f00 | 00ff d048 
  0x000002ac8754b480: 83c4 08e9 | 0c00 0000 | 48b8 609e | bf63 ff7f | 0000 ffd0 | 4883 c420 | 49c7 87a0 | 0300 0000 
  0x000002ac8754b4a0: 0000 0049 | c787 b003 | 0000 0000 | 0000 49c7 | 87a8 0300 | 0000 0000 | 00c5 f877 | 4983 7f08 
  0x000002ac8754b4c0: 000f 8405 | 0000 00e9 | 345a feff | 498b 87f8 | 0300 0049 | c787 f803 | 0000 0000 | 0000 4c8b 
  0x000002ac8754b4e0: 6dc0 4c8b | 75c8 4e8d | 74f5 00c3 | 410f b65d | 0349 83c5 | 0349 ba30 | 094a 64ff | 7f00 0041 
  0x000002ac8754b500: ff24 da0f | 1f44 0000 
[/MachCode]

Compiled method (c1) 65511 1553       3       java.security.AccessController::doPrivileged (9 bytes)
 total in heap  [0x000002ac802d2f10,0x000002ac802d35d0] = 1728
 relocation     [0x000002ac802d3068,0x000002ac802d30e8] = 128
 main code      [0x000002ac802d3100,0x000002ac802d3408] = 776
 stub code      [0x000002ac802d3408,0x000002ac802d3470] = 104
 metadata       [0x000002ac802d3470,0x000002ac802d3488] = 24
 scopes data    [0x000002ac802d3488,0x000002ac802d3518] = 144
 scopes pcs     [0x000002ac802d3518,0x000002ac802d35b8] = 160
 dependencies   [0x000002ac802d35b8,0x000002ac802d35c0] = 8
 nul chk table  [0x000002ac802d35c0,0x000002ac802d35d0] = 16

[Constant Pool (empty)]

[MachCode]
[Verified Entry Point]
  # {method} {0x000002ac8f4348b8} 'doPrivileged' '(Ljava/security/PrivilegedAction;)Ljava/lang/Object;' in 'java/security/AccessController'
  # parm0:    rdx:rdx   = 'java/security/PrivilegedAction'
  #           [sp+0x70]  (sp of caller)
  0x000002ac802d3100: 8984 2400 | 80ff ff55 | 4883 ec60 | 4181 7f20 | 0500 0000 

  0x000002ac802d3114: ;   {runtime_call StubRoutines (final stubs)}
  0x000002ac802d3114: 7405 e8a5 

  0x000002ac802d3118: ;   {metadata(method data for {method} {0x000002ac8f4348b8} 'doPrivileged' '(Ljava/security/PrivilegedAction;)Ljava/lang/Object;' in 'java/security/AccessController')}
  0x000002ac802d3118: 3e29 0748 | bec0 440e | d0ac 0200 | 008b becc | 0000 0083 | c702 89be | cc00 0000 | 81e7 fe07 
  0x000002ac802d3138: 0000 85ff | 0f84 fc01 | 0000 4889 

  0x000002ac802d3144: ;   {metadata(method data for {method} {0x000002ac8f4348b8} 'doPrivileged' '(Ljava/security/PrivilegedAction;)Ljava/lang/Object;' in 'java/security/AccessController')}
  0x000002ac802d3144: 5424 4048 | bec0 440e | d0ac 0200 | 0048 8386 | 1801 0000 | 0166 0f1f 

  0x000002ac802d315c: ;   {static_call}
  0x000002ac802d315c: 4400 00e8 

  0x000002ac802d3160: ; ImmutableOopMap {[64]=Oop }
                      ;*invokestatic getCallerClass {reexecute=0 rethrow=0 return_oop=0}
                      ; - java.security.AccessController::doPrivileged@2 (line 319)
  0x000002ac802d3160: 7cdf 8207 

  0x000002ac802d3164: ;   {other}
  0x000002ac802d3164: 0f1f 8400 | 5402 0000 | 4889 4424 

  0x000002ac802d3170: ;   {metadata(method data for {method} {0x000002ac8f4348b8} 'doPrivileged' '(Ljava/security/PrivilegedAction;)Ljava/lang/Object;' in 'java/security/AccessController')}
  0x000002ac802d3170: 4848 bac0 | 440e d0ac | 0200 0048 | 8382 2801 

  0x000002ac802d3180: ;   {metadata(method data for {method} {0x000002ac8f434ca0} 'executePrivileged' '(Ljava/security/PrivilegedAction;Ljava/security/AccessControlContext;Ljava/lang/Class;)Ljava/lang/Object;' in 'java/security/AccessController')}
  0x000002ac802d3180: 0000 0148 | ba38 460e | d0ac 0200 | 008b b2cc | 0000 0083 | c602 89b2 | cc00 0000 | 81e6 feff 
  0x000002ac802d31a0: 1f00 85f6 | 0f84 b501 

  0x000002ac802d31a8: ;   {metadata(method data for {method} {0x000002ac8f434ca0} 'executePrivileged' '(Ljava/security/PrivilegedAction;Ljava/security/AccessControlContext;Ljava/lang/Class;)Ljava/lang/Object;' in 'java/security/AccessController')}
  0x000002ac802d31a8: 0000 48ba | 3846 0ed0 | ac02 0000 | ff82 1801 

  0x000002ac802d31b8: ;   {metadata(method data for {method} {0x000002ac8f434ca0} 'executePrivileged' '(Ljava/security/PrivilegedAction;Ljava/security/AccessControlContext;Ljava/lang/Class;)Ljava/lang/Object;' in 'java/security/AccessController')}
  0x000002ac802d31b8: 0000 48ba | 3846 0ed0 | ac02 0000 | ff82 4801 | 0000 488b | 5424 4048 | 3b02 488b 

  0x000002ac802d31d4: ;   {metadata(method data for {method} {0x000002ac8f434ca0} 'executePrivileged' '(Ljava/security/PrivilegedAction;Ljava/security/AccessControlContext;Ljava/lang/Class;)Ljava/lang/Object;' in 'java/security/AccessController')}
  0x000002ac802d31d4: f248 bf38 | 460e d0ac | 0200 008b | 7608 49ba | 0000 008f | ac02 0000 | 4903 f248 | 3bb7 b001 
  0x000002ac802d31f4: 0000 750d | 4883 87b8 | 0100 0001 | e960 0000 | 0048 3bb7 | c001 0000 | 750d 4883 | 87c8 0100 
  0x000002ac802d3214: 0001 e94a | 0000 0048 | 83bf b001 | 0000 0075 | 1748 89b7 | b001 0000 | 48c7 87b8 | 0100 0001 
  0x000002ac802d3234: 0000 00e9 | 2900 0000 | 4883 bfc0 | 0100 0000 | 7517 4889 | b7c0 0100 | 0048 c787 | c801 0000 
  0x000002ac802d3254: 0100 0000 | e908 0000 | 0048 8387 | a801 0000 | 0148 b850 | bfc0 d4ac 

  0x000002ac802d326c: ;   {virtual_call}
  0x000002ac802d326c: 0200 00e8 

  0x000002ac802d3270: ; ImmutableOopMap {[72]=Oop }
                      ;*invokeinterface run {reexecute=0 rethrow=0 return_oop=0}
                      ; - java.security.AccessController::executePrivileged@29 (line 778)
                      ; - java.security.AccessController::doPrivileged@5 (line 319)
  0x000002ac802d3270: 0438 3907 

  0x000002ac802d3274: ;   {other}
  0x000002ac802d3274: 0f1f 8400 | 6403 0001 

  0x000002ac802d327c: ;   {metadata(method data for {method} {0x000002ac8f434ca0} 'executePrivileged' '(Ljava/security/PrivilegedAction;Ljava/security/AccessControlContext;Ljava/lang/Class;)Ljava/lang/Object;' in 'java/security/AccessController')}
  0x000002ac802d327c: 48ba 3846 | 0ed0 ac02 | 0000 ff82 | d801 0000 

  0x000002ac802d328c: ;   {metadata(method data for {method} {0x000002ac8f434ca0} 'executePrivileged' '(Ljava/security/PrivilegedAction;Ljava/security/AccessControlContext;Ljava/lang/Class;)Ljava/lang/Object;' in 'java/security/AccessController')}
  0x000002ac802d328c: 48ba 3846 | 0ed0 ac02 | 0000 4883 | 8238 0200 | 0001 488b | d048 8944 

  0x000002ac802d32a4: ;   {static_call}
  0x000002ac802d32a4: 2450 90e8 

  0x000002ac802d32a8: ; ImmutableOopMap {[72]=Oop [80]=Oop }
                      ;*invokestatic ensureMaterializedForStackWalk {reexecute=0 rethrow=0 return_oop=0}
                      ; - java.security.AccessController::executePrivileged@56 (line 786)
                      ; - java.security.AccessController::doPrivileged@5 (line 319)
  0x000002ac802d32a8: 944d 8207 

  0x000002ac802d32ac: ;   {other}
  0x000002ac802d32ac: 0f1f 8400 | 9c03 0002 

  0x000002ac802d32b4: ;   {metadata(method data for {method} {0x000002ac8f434ca0} 'executePrivileged' '(Ljava/security/PrivilegedAction;Ljava/security/AccessControlContext;Ljava/lang/Class;)Ljava/lang/Object;' in 'java/security/AccessController')}
  0x000002ac802d32b4: 48b8 3846 | 0ed0 ac02 | 0000 4883 | 8048 0200 

  0x000002ac802d32c4: ;   {metadata(method data for {method} {0x000002ac8f037300} 'reachabilityFence' '(Ljava/lang/Object;)V' in 'java/lang/ref/Reference')}
  0x000002ac802d32c4: 0001 48b8 | 4850 0ed0 | ac02 0000 | 8bb0 cc00 | 0000 83c6 | 0289 b0cc | 0000 0081 | e6fe ff1f 
  0x000002ac802d32e4: 0085 f60f | 8498 0000 

  0x000002ac802d32ec: ;   {metadata(method data for {method} {0x000002ac8f434ca0} 'executePrivileged' '(Ljava/security/PrivilegedAction;Ljava/security/AccessControlContext;Ljava/lang/Class;)Ljava/lang/Object;' in 'java/security/AccessController')}
  0x000002ac802d32ec: 0048 b838 | 460e d0ac | 0200 0048 | 8380 5802 

  0x000002ac802d32fc: ;   {metadata(method data for {method} {0x000002ac8f037300} 'reachabilityFence' '(Ljava/lang/Object;)V' in 'java/lang/ref/Reference')}
  0x000002ac802d32fc: 0000 0148 | b848 500e | d0ac 0200 | 008b b0cc | 0000 0083 | c602 89b0 | cc00 0000 | 81e6 feff 
  0x000002ac802d331c: 1f00 85f6 | 0f84 8000 | 0000 488b | 4424 5048 | 83c4 605d 

  0x000002ac802d3330: ;   {poll_return}
  0x000002ac802d3330: 493b a758 | 0400 000f | 878a 0000 

  0x000002ac802d333c: ;   {metadata({method} {0x000002ac8f4348b8} 'doPrivileged' '(Ljava/security/PrivilegedAction;)Ljava/lang/Object;' in 'java/security/AccessController')}
  0x000002ac802d333c: 00c3 49ba | b048 438f | ac02 0000 | 4c89 5424 | 0848 c704 | 24ff ffff 

  0x000002ac802d3354: ;   {runtime_call counter_overflow Runtime1 stub}
  0x000002ac802d3354: ffe8 a6a7 

  0x000002ac802d3358: ; ImmutableOopMap {rdx=Oop }
                      ;*synchronization entry
                      ; - java.security.AccessController::doPrivileged@-1 (line 319)
  0x000002ac802d3358: 3807 e9e3 

  0x000002ac802d335c: ;   {metadata({method} {0x000002ac8f434ca0} 'executePrivileged' '(Ljava/security/PrivilegedAction;Ljava/security/AccessControlContext;Ljava/lang/Class;)Ljava/lang/Object;' in 'java/security/AccessController')}
  0x000002ac802d335c: fdff ff49 | ba98 4c43 | 8fac 0200 | 004c 8954 | 2408 48c7 | 0424 ffff 

  0x000002ac802d3374: ;   {runtime_call counter_overflow Runtime1 stub}
  0x000002ac802d3374: ffff e885 

  0x000002ac802d3378: ; ImmutableOopMap {rax=Oop [64]=Oop [72]=Oop }
                      ;*synchronization entry
                      ; - java.security.AccessController::executePrivileged@-1 (line 773)
                      ; - java.security.AccessController::doPrivileged@5 (line 319)
  0x000002ac802d3378: a738 07e9 | 2afe ffff 

  0x000002ac802d3380: ;   {runtime_call throw_null_pointer_exception Runtime1 stub}
  0x000002ac802d3380: e81b 572f 

  0x000002ac802d3384: ; ImmutableOopMap {rdx=Oop [72]=Oop }
                      ;*invokeinterface run {reexecute=0 rethrow=0 return_oop=0}
                      ; - java.security.AccessController::executePrivileged@29 (line 778)
                      ; - java.security.AccessController::doPrivileged@5 (line 319)
                      ;   {metadata({method} {0x000002ac8f037300} 'reachabilityFence' '(Ljava/lang/Object;)V' in 'java/lang/ref/Reference')}
  0x000002ac802d3384: 0749 baf8 | 7203 8fac | 0200 004c | 8954 2408 | 48c7 0424 | ffff ffff 

  0x000002ac802d339c: ;   {runtime_call counter_overflow Runtime1 stub}
  0x000002ac802d339c: e85f a738 

  0x000002ac802d33a0: ; ImmutableOopMap {[72]=Oop [80]=Oop }
                      ;*synchronization entry
                      ; - java.lang.ref.Reference::reachabilityFence@-1 (line 628)
                      ; - java.security.AccessController::executePrivileged@60 (line 790)
                      ; - java.security.AccessController::doPrivileged@5 (line 319)
  0x000002ac802d33a0: 07e9 47ff 

  0x000002ac802d33a4: ;   {metadata({method} {0x000002ac8f037300} 'reachabilityFence' '(Ljava/lang/Object;)V' in 'java/lang/ref/Reference')}
  0x000002ac802d33a4: ffff 49ba | f872 038f | ac02 0000 | 4c89 5424 | 0848 c704 | 24ff ffff 

  0x000002ac802d33bc: ;   {runtime_call counter_overflow Runtime1 stub}
  0x000002ac802d33bc: ffe8 3ea7 

  0x000002ac802d33c0: ; ImmutableOopMap {[80]=Oop }
                      ;*synchronization entry
                      ; - java.lang.ref.Reference::reachabilityFence@-1 (line 628)
                      ; - java.security.AccessController::executePrivileged@64 (line 791)
                      ; - java.security.AccessController::doPrivileged@5 (line 319)
  0x000002ac802d33c0: 3807 e95f 

  0x000002ac802d33c4: ;   {internal_word}
  0x000002ac802d33c4: ffff ff49 | ba30 332d | 80ac 0200 | 004d 8997 | 7004 0000 

  0x000002ac802d33d8: ;   {runtime_call SafepointBlob}
  0x000002ac802d33d8: e9a3 372b | 0749 8b87 | 0805 0000 | 49c7 8708 | 0500 0000 | 0000 0049 | c787 1005 | 0000 0000 
  0x000002ac802d33f8: 0000 4883 

  0x000002ac802d33fc: ;   {runtime_call unwind_exception Runtime1 stub}
  0x000002ac802d33fc: c460 5de9 | 7c65 2f07 | f4f4 f4f4 
[Stub Code]
  0x000002ac802d3408: ;   {no_reloc}
  0x000002ac802d3408: 0f1f 4400 

  0x000002ac802d340c: ;   {static_stub}
  0x000002ac802d340c: 0048 bb00 | 0000 0000 

  0x000002ac802d3414: ;   {runtime_call}
  0x000002ac802d3414: 0000 00e9 | fbff ffff 

  0x000002ac802d341c: ;   {static_stub}
  0x000002ac802d341c: 48bb 0000 | 0000 0000 

  0x000002ac802d3424: ;   {runtime_call}
  0x000002ac802d3424: 0000 e9fb 

  0x000002ac802d3428: ;   {static_stub}
  0x000002ac802d3428: ffff ff48 | bb00 0000 | 0000 0000 

  0x000002ac802d3434: ;   {runtime_call}
  0x000002ac802d3434: 00e9 fbff 

  0x000002ac802d3438: ;   {runtime_call handle_exception_from_callee Runtime1 stub}
  0x000002ac802d3438: ffff e841 

  0x000002ac802d343c: ;   {external_word}
  0x000002ac802d343c: 6a38 0748 | b9b0 281e | 64ff 7f00 | 0048 83e4 

  0x000002ac802d344c: ;   {runtime_call}
  0x000002ac802d344c: f048 b830 | 99e5 63ff | 7f00 00ff 

  0x000002ac802d3458: ;   {section_word}
  0x000002ac802d3458: d0f4 49ba | 5a34 2d80 | ac02 0000 

  0x000002ac802d3464: ;   {runtime_call DeoptimizationBlob}
  0x000002ac802d3464: 4152 e9b5 | 4b2b 07f4 | f4f4 f4f4 
[/MachCode]


Compiled method (c1) 65610 4111       3       java.lang.StringBuilder::append (9 bytes)
 total in heap  [0x000002ac80807f90,0x000002ac808085a0] = 1552
 relocation     [0x000002ac808080e8,0x000002ac80808150] = 104
 main code      [0x000002ac80808160,0x000002ac80808440] = 736
 stub code      [0x000002ac80808440,0x000002ac80808498] = 88
 metadata       [0x000002ac80808498,0x000002ac808084b0] = 24
 scopes data    [0x000002ac808084b0,0x000002ac80808508] = 88
 scopes pcs     [0x000002ac80808508,0x000002ac80808588] = 128
 dependencies   [0x000002ac80808588,0x000002ac80808590] = 8
 nul chk table  [0x000002ac80808590,0x000002ac808085a0] = 16

[Constant Pool (empty)]

[MachCode]
[Entry Point]
  # {method} {0x000002ac8f426e88} 'append' '(Ljava/lang/Object;)Ljava/lang/StringBuilder;' in 'java/lang/StringBuilder'
  # this:     rdx:rdx   = 'java/lang/StringBuilder'
  # parm0:    r8:r8     = 'java/lang/Object'
  #           [sp+0x50]  (sp of caller)
  0x000002ac80808160: 448b 5208 | 49bb 0000 | 008f ac02 | 0000 4d03 | d34c 3bd0 

  0x000002ac80808174: ;   {runtime_call ic_miss_stub}
  0x000002ac80808174: 0f85 0668 | d706 660f | 1f44 0000 
[Verified Entry Point]
  0x000002ac80808180: 8984 2400 | 80ff ff55 | 4883 ec40 | 4181 7f20 | 0500 0000 

  0x000002ac80808194: ;   {runtime_call StubRoutines (final stubs)}
  0x000002ac80808194: 7405 e825 | eed5 0648 | 8954 2430 

  0x000002ac808081a0: ;   {metadata(method data for {method} {0x000002ac8f426e88} 'append' '(Ljava/lang/Object;)Ljava/lang/StringBuilder;' in 'java/lang/StringBuilder')}
  0x000002ac808081a0: 48be 1864 | 15d0 ac02 | 0000 8bbe | cc00 0000 | 83c7 0289 | becc 0000 | 0081 e7fe | 0700 0085 
  0x000002ac808081c0: ff0f 84cd 

  0x000002ac808081c4: ;   {metadata(method data for {method} {0x000002ac8f426e88} 'append' '(Ljava/lang/Object;)Ljava/lang/StringBuilder;' in 'java/lang/StringBuilder')}
  0x000002ac808081c4: 0100 0048 | be18 6415 | d0ac 0200 | 0048 8386 | 1801 0000 

  0x000002ac808081d8: ;   {metadata(method data for {method} {0x000002ac8f41bc20} 'valueOf' '(Ljava/lang/Object;)Ljava/lang/String;' in 'java/lang/String')}
  0x000002ac808081d8: 0148 beb8 | 6515 d0ac | 0200 008b | becc 0000 | 0083 c702 | 89be cc00 | 0000 81e7 | feff 1f00 
  0x000002ac808081f8: 85ff 0f84 | b501 0000 

  0x000002ac80808200: ;   {metadata(method data for {method} {0x000002ac8f41bc20} 'valueOf' '(Ljava/lang/Object;)Ljava/lang/String;' in 'java/lang/String')}
  0x000002ac80808200: 4d85 c048 | beb8 6515 | d0ac 0200 | 0048 c7c7 | 1801 0000 | 7507 48c7 | c728 0100 | 0048 8b1c 
  0x000002ac80808220: 3e48 8d5b | 0148 891c | 3e0f 851f 

  0x000002ac8080822c: ;   {metadata(method data for {method} {0x000002ac8f41bc20} 'valueOf' '(Ljava/lang/Object;)Ljava/lang/String;' in 'java/lang/String')}
  0x000002ac8080822c: 0000 0048 | beb8 6515 | d0ac 0200 | 00ff 8638 

  0x000002ac8080823c: ;   {oop("null"{0x0000000083b00018})}
  0x000002ac8080823c: 0100 0048 | be18 00b0 | 8300 0000 | 00e9 b900 | 0000 493b | 0049 8bf0 

  0x000002ac80808254: ;   {metadata(method data for {method} {0x000002ac8f41bc20} 'valueOf' '(Ljava/lang/Object;)Ljava/lang/String;' in 'java/lang/String')}
  0x000002ac80808254: 48bf b865 | 15d0 ac02 | 0000 8b76 | 0849 ba00 | 0000 8fac | 0200 0049 | 03f2 483b | b758 0100 
  0x000002ac80808274: 0075 0d48 | 8387 6001 | 0000 01e9 | 6000 0000 | 483b b768 | 0100 0075 | 0d48 8387 | 7001 0000 
  0x000002ac80808294: 01e9 4a00 | 0000 4883 | bf58 0100 | 0000 7517 | 4889 b758 | 0100 0048 | c787 6001 | 0000 0100 
  0x000002ac808082b4: 0000 e929 | 0000 0048 | 83bf 6801 | 0000 0075 | 1748 89b7 | 6801 0000 | 48c7 8770 | 0100 0001 
  0x000002ac808082d4: 0000 00e9 | 0800 0000 | 4883 8750 | 0100 0001 | 498b d066 | 0f1f 4400 | 0048 b8ff | ffff ffff 
  0x000002ac808082f4: ;   {virtual_call}
  0x000002ac808082f4: ffff ffe8 

  0x000002ac808082f8: ; ImmutableOopMap {[48]=Oop }
                      ;*invokevirtual toString {reexecute=0 rethrow=0 return_oop=0}
                      ; - java.lang.String::valueOf@11 (line 4507)
                      ; - java.lang.StringBuilder::append@2 (line 173)
  0x000002ac808082f8: 5460 ea06 

  0x000002ac808082fc: ;   {other}
  0x000002ac808082fc: 0f1f 8400 | 6c03 0000 | 488b f048 | 8b54 2430 

  0x000002ac8080830c: ;   {metadata(method data for {method} {0x000002ac8f426e88} 'append' '(Ljava/lang/Object;)Ljava/lang/StringBuilder;' in 'java/lang/StringBuilder')}
  0x000002ac8080830c: 4c8b c248 | bf18 6415 | d0ac 0200 | 0048 8387 | 2801 0000 

  0x000002ac80808320: ;   {metadata(method data for {method} {0x000002ac8f426e30} 'append' '(Ljava/lang/String;)Ljava/lang/StringBuilder;' in 'java/lang/StringBuilder')}
  0x000002ac80808320: 0149 b8c0 | 2101 d0ac | 0200 0041 | 8bb8 cc00 | 0000 83c7 | 0241 89b8 | cc00 0000 | 81e7 feff 
  0x000002ac80808340: 1f00 85ff | 0f84 9100 | 0000 4c8b 

  0x000002ac8080834c: ;   {metadata(method data for {method} {0x000002ac8f426e30} 'append' '(Ljava/lang/String;)Ljava/lang/StringBuilder;' in 'java/lang/StringBuilder')}
  0x000002ac8080834c: c248 bfc0 | 2101 d0ac | 0200 0048 | 8387 1801 | 0000 014c | 8bc6 488b | f248 8bd6 | 0f1f 8000 
  0x000002ac8080836c: ;   {optimized virtual_call}
  0x000002ac8080836c: 0000 00e8 

  0x000002ac80808370: ; ImmutableOopMap {[48]=Oop }
                      ;*invokespecial append {reexecute=0 rethrow=0 return_oop=0}
                      ; - java.lang.StringBuilder::append@2 (line 179)
                      ; - java.lang.StringBuilder::append@5 (line 173)
  0x000002ac80808370: 8cdc 3f07 

  0x000002ac80808374: ;   {other}
  0x000002ac80808374: 0f1f 8400 | e403 0001 | 488b 4424 | 3048 83c4 

  0x000002ac80808384: ;   {poll_return}
  0x000002ac80808384: 405d 493b | a758 0400 | 000f 8769 | 0000 00c3 

  0x000002ac80808394: ;   {metadata({method} {0x000002ac8f426e88} 'append' '(Ljava/lang/Object;)Ljava/lang/StringBuilder;' in 'java/lang/StringBuilder')}
  0x000002ac80808394: 49ba 806e | 428f ac02 | 0000 4c89 | 5424 0848 | c704 24ff 

  0x000002ac808083a8: ;   {runtime_call counter_overflow Runtime1 stub}
  0x000002ac808083a8: ffff ffe8 

  0x000002ac808083ac: ; ImmutableOopMap {rdx=Oop r8=Oop [48]=Oop }
                      ;*synchronization entry
                      ; - java.lang.StringBuilder::append@-1 (line 173)
  0x000002ac808083ac: 5057 e506 | e912 feff 

  0x000002ac808083b4: ;   {metadata({method} {0x000002ac8f41bc20} 'valueOf' '(Ljava/lang/Object;)Ljava/lang/String;' in 'java/lang/String')}
  0x000002ac808083b4: ff49 ba18 | bc41 8fac | 0200 004c | 8954 2408 | 48c7 0424 | ffff ffff 

  0x000002ac808083cc: ;   {runtime_call counter_overflow Runtime1 stub}
  0x000002ac808083cc: e82f 57e5 

  0x000002ac808083d0: ; ImmutableOopMap {rdx=Oop r8=Oop [48]=Oop }
                      ;*synchronization entry
                      ; - java.lang.String::valueOf@-1 (line 4507)
                      ; - java.lang.StringBuilder::append@2 (line 173)
  0x000002ac808083d0: 06e9 2afe 

  0x000002ac808083d4: ;   {runtime_call throw_null_pointer_exception Runtime1 stub}
  0x000002ac808083d4: ffff e8c5 

  0x000002ac808083d8: ; ImmutableOopMap {r8=Oop [48]=Oop }
                      ;*invokevirtual toString {reexecute=0 rethrow=0 return_oop=0}
                      ; - java.lang.String::valueOf@11 (line 4507)
                      ; - java.lang.StringBuilder::append@2 (line 173)
                      ;   {metadata({method} {0x000002ac8f426e30} 'append' '(Ljava/lang/String;)Ljava/lang/StringBuilder;' in 'java/lang/StringBuilder')}
  0x000002ac808083d8: 06dc 0649 | ba28 6e42 | 8fac 0200 | 004c 8954 | 2408 48c7 | 0424 ffff 

  0x000002ac808083f0: ;   {runtime_call counter_overflow Runtime1 stub}
  0x000002ac808083f0: ffff e809 

  0x000002ac808083f4: ; ImmutableOopMap {rsi=Oop rdx=Oop [48]=Oop }
                      ;*synchronization entry
                      ; - java.lang.StringBuilder::append@-1 (line 179)
                      ; - java.lang.StringBuilder::append@5 (line 173)
  0x000002ac808083f4: 57e5 06e9 | 4eff ffff 

  0x000002ac808083fc: ;   {internal_word}
  0x000002ac808083fc: 49ba 8683 | 8080 ac02 | 0000 4d89 | 9770 0400 

  0x000002ac8080840c: ;   {runtime_call SafepointBlob}
  0x000002ac8080840c: 00e9 6ee7 | d706 498b | 8708 0500 | 0049 c787 | 0805 0000 | 0000 0000 | 49c7 8710 | 0500 0000 
  0x000002ac8080842c: 0000 0048 | 83c4 405d 

  0x000002ac80808434: ;   {runtime_call unwind_exception Runtime1 stub}
  0x000002ac80808434: e947 15dc | 06f4 f4f4 | f4f4 f4f4 
[Stub Code]
  0x000002ac80808440: ;   {no_reloc}
  0x000002ac80808440: 0f1f 4400 

  0x000002ac80808444: ;   {static_stub}
  0x000002ac80808444: 0048 bb00 | 0000 0000 

  0x000002ac8080844c: ;   {runtime_call}
  0x000002ac8080844c: 0000 00e9 | fbff ffff 

  0x000002ac80808454: ;   {static_stub}
  0x000002ac80808454: 9048 bb00 | 0000 0000 

  0x000002ac8080845c: ;   {runtime_call}
  0x000002ac8080845c: 0000 00e9 | fbff ffff 
[Exception Handler]
  0x000002ac80808464: ;   {runtime_call handle_exception_from_callee Runtime1 stub}
  0x000002ac80808464: e817 1ae5 

  0x000002ac80808468: ;   {external_word}
  0x000002ac80808468: 0648 b9b0 | 281e 64ff | 7f00 0048 

  0x000002ac80808474: ;   {runtime_call}
  0x000002ac80808474: 83e4 f048 | b830 99e5 | 63ff 7f00 | 00ff d0f4 
[Deopt Handler Code]
  0x000002ac80808484: ;   {section_word}
  0x000002ac80808484: 49ba 8484 | 8080 ac02 | 0000 4152 

  0x000002ac80808490: ;   {runtime_call DeoptimizationBlob}
  0x000002ac80808490: e98b fbd7 | 06f4 f4f4 
[/MachCode]


---------------  P R O C E S S  ---------------

Threads class SMR info:
_java_thread_list=0x000002acd4a64d60, length=15, elements={
0x000002aceef53190, 0x000002acfe8b6190, 0x000002acfe8b70b0, 0x000002acfe8bcd90,
0x000002acfe8bd8e0, 0x000002acfe8be430, 0x000002acfe8bef80, 0x000002acfe8bfe00,
0x000002acfe90e2d0, 0x000002acfe8824d0, 0x000002acd422e4b0, 0x000002acd4230220,
0x000002acd4dc5c50, 0x000002acd52184e0, 0x000002acd4a6f5b0
}

Java Threads: ( => current thread )
=>0x000002aceef53190 JavaThread "main"                              [_thread_in_vm, id=11528, stack(0x000000b1df300000,0x000000b1df400000) (1024K)]
  0x000002acfe8b6190 JavaThread "Reference Handler"          daemon [_thread_blocked, id=816, stack(0x000000b1dfc00000,0x000000b1dfd00000) (1024K)]
  0x000002acfe8b70b0 JavaThread "Finalizer"                  daemon [_thread_blocked, id=6376, stack(0x000000b1dfd00000,0x000000b1dfe00000) (1024K)]
  0x000002acfe8bcd90 JavaThread "Signal Dispatcher"          daemon [_thread_blocked, id=14772, stack(0x000000b1dfe00000,0x000000b1dff00000) (1024K)]
  0x000002acfe8bd8e0 JavaThread "Attach Listener"            daemon [_thread_blocked, id=28476, stack(0x000000b1dff00000,0x000000b1e0000000) (1024K)]
  0x000002acfe8be430 JavaThread "Service Thread"             daemon [_thread_blocked, id=5976, stack(0x000000b1e0000000,0x000000b1e0100000) (1024K)]
  0x000002acfe8bef80 JavaThread "Monitor Deflation Thread"   daemon [_thread_blocked, id=25596, stack(0x000000b1e0100000,0x000000b1e0200000) (1024K)]
  0x000002acfe8bfe00 JavaThread "C2 CompilerThread0"         daemon [_thread_blocked, id=14428, stack(0x000000b1e0200000,0x000000b1e0300000) (1024K)]
  0x000002acfe90e2d0 JavaThread "C1 CompilerThread0"         daemon [_thread_blocked, id=12316, stack(0x000000b1e0300000,0x000000b1e0400000) (1024K)]
  0x000002acfe8824d0 JavaThread "Common-Cleaner"             daemon [_thread_blocked, id=24628, stack(0x000000b1e0400000,0x000000b1e0500000) (1024K)]
  0x000002acd422e4b0 JavaThread "Monitor Ctrl-Break"         daemon [_thread_in_native, id=8076, stack(0x000000b1e0500000,0x000000b1e0600000) (1024K)]
  0x000002acd4230220 JavaThread "Notification Thread"        daemon [_thread_blocked, id=3088, stack(0x000000b1e0600000,0x000000b1e0700000) (1024K)]
  0x000002acd4dc5c50 JavaThread "Thread-1"                   daemon [_thread_blocked, id=7500, stack(0x000000b1e0e00000,0x000000b1e0f00000) (1024K)]
  0x000002acd52184e0 JavaThread "timeout-check-timer"        daemon [_thread_in_vm, id=17948, stack(0x000000b1e0f00000,0x000000b1e1000000) (1024K)]
  0x000002acd4a6f5b0 JavaThread "ping-timer-10s"             daemon [_thread_blocked, id=7408, stack(0x000000b1e1000000,0x000000b1e1100000) (1024K)]
Total: 15

Other Threads:
  0x000002acfe896e80 VMThread "VM Thread"                           [id=29112, stack(0x000000b1dfb00000,0x000000b1dfc00000) (1024K)] _threads_hazard_ptr=0x000002acd4a64d60
  0x000002acfe881420 WatcherThread "VM Periodic Task Thread"        [id=25224, stack(0x000000b1dfa00000,0x000000b1dfb00000) (1024K)]
  0x000002acf1165350 WorkerThread "GC Thread#0"                     [id=23300, stack(0x000000b1df500000,0x000000b1df600000) (1024K)]
  0x000002acd4eda240 WorkerThread "GC Thread#1"                     [id=18756, stack(0x000000b1e0700000,0x000000b1e0800000) (1024K)]
  0x000002acd4eda5f0 WorkerThread "GC Thread#2"                     [id=5308, stack(0x000000b1e0800000,0x000000b1e0900000) (1024K)]
  0x000002acd4f5b450 WorkerThread "GC Thread#3"                     [id=5872, stack(0x000000b1e0900000,0x000000b1e0a00000) (1024K)]
  0x000002acd4f5b800 WorkerThread "GC Thread#4"                     [id=19976, stack(0x000000b1e0a00000,0x000000b1e0b00000) (1024K)]
  0x000002acd4f5bbb0 WorkerThread "GC Thread#5"                     [id=7940, stack(0x000000b1e0b00000,0x000000b1e0c00000) (1024K)]
  0x000002acd4f5bf60 WorkerThread "GC Thread#6"                     [id=20120, stack(0x000000b1e0c00000,0x000000b1e0d00000) (1024K)]
  0x000002acd4f5c310 WorkerThread "GC Thread#7"                     [id=25576, stack(0x000000b1e0d00000,0x000000b1e0e00000) (1024K)]
  0x000002acf1175c00 ConcurrentGCThread "G1 Main Marker"            [id=20268, stack(0x000000b1df600000,0x000000b1df700000) (1024K)]
  0x000002acf1176710 WorkerThread "G1 Conc#0"                       [id=28936, stack(0x000000b1df700000,0x000000b1df800000) (1024K)]
  0x000002acf11ceb60 ConcurrentGCThread "G1 Refine#0"               [id=19492, stack(0x000000b1df800000,0x000000b1df900000) (1024K)]
  0x000002acfe7548c0 ConcurrentGCThread "G1 Service"                [id=8156, stack(0x000000b1df900000,0x000000b1dfa00000) (1024K)]
Total: 14

Threads with active compile tasks:
Total: 0

VM state: synchronizing (normal execution)

VM Mutex/Monitor currently owned by a thread:  ([mutex/lock_event])
[0x00007fff6448ab00] Metaspace_lock - owner thread: 0x000002aceef53190
[0x00007fff6448cb80] Threads_lock - owner thread: 0x000002acfe896e80

Heap address: 0x0000000083a00000, size: 1990 MB, Compressed Oops mode: 32-bit

CDS archive(s) mapped at: [0x000002ac8f000000-0x000002ac8fc60000-0x000002ac8fc60000), size 12976128, SharedBaseAddress: 0x000002ac8f000000, ArchiveRelocationMode: 1.
Compressed class space mapped at: 0x000002ac90000000-0x000002acd0000000, reserved size: 1073741824
Narrow klass base: 0x000002ac8f000000, Narrow klass shift: 0, Narrow klass range: 0x41000000

GC Precious Log:
 CardTable entry size: 512
 Card Set container configuration: InlinePtr #cards 5 size 8 Array Of Cards #cards 12 size 40 Howl #buckets 4 coarsen threshold 1843 Howl Bitmap #cards 512 size 80 coarsen threshold 460 Card regions per heap region 1 cards per card region 2048
 CPUs: 8 total, 8 available
 Memory: 7953M
 Large Page Support: Disabled
 NUMA Support: Disabled
 Compressed Oops: Enabled (32-bit)
 Heap Region Size: 1M
 Heap Min Capacity: 8M
 Heap Initial Capacity: 126M
 Heap Max Capacity: 1990M
 Pre-touch: Disabled
 Parallel Workers: 8
 Concurrent Workers: 2
 Concurrent Refinement Workers: 8
 Periodic GC: Disabled

Heap:
 garbage-first heap   total reserved 2037760K, committed 129024K, used 111322K [0x0000000083a00000, 0x0000000100000000)
  region size 1024K, 60 young (61440K), 3 survivors (3072K)
 Metaspace       used 21145K, committed 21440K, reserved 1114112K
  class space    used 2358K, committed 2496K, reserved 1048576K

Heap Regions: E=young(eden), S=young(survivor), O=old, HS=humongous(starts), HC=humongous(continues), CS=collection set, F=free, TAMS=top-at-mark-start, PB=parsable bottom
|   0|0x0000000083a00000, 0x0000000083b00000, 0x0000000083b00000|100%| O|  |TAMS 0x0000000083a00000| PB 0x0000000083a00000| Untracked |  0
|   1|0x0000000083b00000, 0x0000000083c00000, 0x0000000083c00000|100%| O|  |TAMS 0x0000000083b00000| PB 0x0000000083b00000| Untracked |  0
|   2|0x0000000083c00000, 0x0000000083d00000, 0x0000000083d00000|100%| O|  |TAMS 0x0000000083c00000| PB 0x0000000083c00000| Untracked |  0
|   3|0x0000000083d00000, 0x0000000083e00000, 0x0000000083e00000|100%| O|  |TAMS 0x0000000083d00000| PB 0x0000000083d00000| Untracked |  0
|   4|0x0000000083e00000, 0x0000000083f00000, 0x0000000083f00000|100%| O|  |TAMS 0x0000000083e00000| PB 0x0000000083e00000| Untracked |  0
|   5|0x0000000083f00000, 0x0000000084000000, 0x0000000084000000|100%| O|  |TAMS 0x0000000083f00000| PB 0x0000000083f00000| Untracked |  0
|   6|0x0000000084000000, 0x0000000084100000, 0x0000000084100000|100%| O|  |TAMS 0x0000000084000000| PB 0x0000000084000000| Untracked |  0
|   7|0x0000000084100000, 0x0000000084200000, 0x0000000084200000|100%| O|  |TAMS 0x0000000084100000| PB 0x0000000084100000| Untracked |  0
|   8|0x0000000084200000, 0x0000000084300000, 0x0000000084300000|100%| O|  |TAMS 0x0000000084200000| PB 0x0000000084200000| Untracked |  0
|   9|0x0000000084300000, 0x0000000084400000, 0x0000000084400000|100%| O|  |TAMS 0x0000000084300000| PB 0x0000000084300000| Untracked |  0
|  10|0x0000000084400000, 0x0000000084500000, 0x0000000084500000|100%| O|  |TAMS 0x0000000084400000| PB 0x0000000084400000| Untracked |  0
|  11|0x0000000084500000, 0x0000000084600000, 0x0000000084600000|100%| O|  |TAMS 0x0000000084500000| PB 0x0000000084500000| Untracked |  0
|  12|0x0000000084600000, 0x0000000084700000, 0x0000000084700000|100%| O|  |TAMS 0x0000000084600000| PB 0x0000000084600000| Untracked |  0
|  13|0x0000000084700000, 0x0000000084800000, 0x0000000084800000|100%| O|  |TAMS 0x0000000084700000| PB 0x0000000084700000| Untracked |  0
|  14|0x0000000084800000, 0x0000000084900000, 0x0000000084900000|100%|HS|  |TAMS 0x0000000084800000| PB 0x0000000084800000| Complete |  0
|  15|0x0000000084900000, 0x0000000084a00000, 0x0000000084a00000|100%|HC|  |TAMS 0x0000000084900000| PB 0x0000000084900000| Complete |  0
|  16|0x0000000084a00000, 0x0000000084b00000, 0x0000000084b00000|100%|HC|  |TAMS 0x0000000084a00000| PB 0x0000000084a00000| Complete |  0
|  17|0x0000000084b00000, 0x0000000084c00000, 0x0000000084c00000|100%|HC|  |TAMS 0x0000000084b00000| PB 0x0000000084b00000| Complete |  0
|  18|0x0000000084c00000, 0x0000000084d00000, 0x0000000084d00000|100%|HC|  |TAMS 0x0000000084c00000| PB 0x0000000084c00000| Complete |  0
|  19|0x0000000084d00000, 0x0000000084e00000, 0x0000000084e00000|100%|HC|  |TAMS 0x0000000084d00000| PB 0x0000000084d00000| Complete |  0
|  20|0x0000000084e00000, 0x0000000084f00000, 0x0000000084f00000|100%|HC|  |TAMS 0x0000000084e00000| PB 0x0000000084e00000| Complete |  0
|  21|0x0000000084f00000, 0x0000000085000000, 0x0000000085000000|100%|HC|  |TAMS 0x0000000084f00000| PB 0x0000000084f00000| Complete |  0
|  22|0x0000000085000000, 0x0000000085100000, 0x0000000085100000|100%|HS|  |TAMS 0x0000000085000000| PB 0x0000000085000000| Complete |  0
|  23|0x0000000085100000, 0x0000000085200000, 0x0000000085200000|100%|HC|  |TAMS 0x0000000085100000| PB 0x0000000085100000| Complete |  0
|  24|0x0000000085200000, 0x0000000085300000, 0x0000000085300000|100%|HC|  |TAMS 0x0000000085200000| PB 0x0000000085200000| Complete |  0
|  25|0x0000000085300000, 0x0000000085400000, 0x0000000085400000|100%|HC|  |TAMS 0x0000000085300000| PB 0x0000000085300000| Complete |  0
|  26|0x0000000085400000, 0x0000000085500000, 0x0000000085500000|100%|HC|  |TAMS 0x0000000085400000| PB 0x0000000085400000| Complete |  0
|  27|0x0000000085500000, 0x0000000085600000, 0x0000000085600000|100%|HC|  |TAMS 0x0000000085500000| PB 0x0000000085500000| Complete |  0
|  28|0x0000000085600000, 0x0000000085700000, 0x0000000085700000|100%|HC|  |TAMS 0x0000000085600000| PB 0x0000000085600000| Complete |  0
|  29|0x0000000085700000, 0x0000000085800000, 0x0000000085800000|100%|HC|  |TAMS 0x0000000085700000| PB 0x0000000085700000| Complete |  0
|  30|0x0000000085800000, 0x0000000085900000, 0x0000000085900000|100%|HC|  |TAMS 0x0000000085800000| PB 0x0000000085800000| Complete |  0
|  31|0x0000000085900000, 0x0000000085a00000, 0x0000000085a00000|100%|HC|  |TAMS 0x0000000085900000| PB 0x0000000085900000| Complete |  0
|  32|0x0000000085a00000, 0x0000000085b00000, 0x0000000085b00000|100%|HC|  |TAMS 0x0000000085a00000| PB 0x0000000085a00000| Complete |  0
|  33|0x0000000085b00000, 0x0000000085c00000, 0x0000000085c00000|100%|HC|  |TAMS 0x0000000085b00000| PB 0x0000000085b00000| Complete |  0
|  34|0x0000000085c00000, 0x0000000085d00000, 0x0000000085d00000|100%|HS|  |TAMS 0x0000000085c00000| PB 0x0000000085c00000| Complete |  0
|  35|0x0000000085d00000, 0x0000000085e00000, 0x0000000085e00000|100%|HC|  |TAMS 0x0000000085d00000| PB 0x0000000085d00000| Complete |  0
|  36|0x0000000085e00000, 0x0000000085f00000, 0x0000000085f00000|100%|HC|  |TAMS 0x0000000085e00000| PB 0x0000000085e00000| Complete |  0
|  37|0x0000000085f00000, 0x0000000086000000, 0x0000000086000000|100%|HC|  |TAMS 0x0000000085f00000| PB 0x0000000085f00000| Complete |  0
|  38|0x0000000086000000, 0x0000000086100000, 0x0000000086100000|100%|HC|  |TAMS 0x0000000086000000| PB 0x0000000086000000| Complete |  0
|  39|0x0000000086100000, 0x0000000086200000, 0x0000000086200000|100%|HC|  |TAMS 0x0000000086100000| PB 0x0000000086100000| Complete |  0
|  40|0x0000000086200000, 0x0000000086300000, 0x0000000086300000|100%|HC|  |TAMS 0x0000000086200000| PB 0x0000000086200000| Complete |  0
|  41|0x0000000086300000, 0x0000000086400000, 0x0000000086400000|100%|HC|  |TAMS 0x0000000086300000| PB 0x0000000086300000| Complete |  0
|  42|0x0000000086400000, 0x0000000086500000, 0x0000000086500000|100%|HC|  |TAMS 0x0000000086400000| PB 0x0000000086400000| Complete |  0
|  43|0x0000000086500000, 0x0000000086600000, 0x0000000086600000|100%|HC|  |TAMS 0x0000000086500000| PB 0x0000000086500000| Complete |  0
|  44|0x0000000086600000, 0x0000000086700000, 0x0000000086700000|100%|HC|  |TAMS 0x0000000086600000| PB 0x0000000086600000| Complete |  0
|  45|0x0000000086700000, 0x0000000086800000, 0x0000000086800000|100%|HC|  |TAMS 0x0000000086700000| PB 0x0000000086700000| Complete |  0
|  46|0x0000000086800000, 0x0000000086800000, 0x0000000086900000|  0%| F|  |TAMS 0x0000000086800000| PB 0x0000000086800000| Untracked |  0
|  47|0x0000000086900000, 0x0000000086900000, 0x0000000086a00000|  0%| F|  |TAMS 0x0000000086900000| PB 0x0000000086900000| Untracked |  0
|  48|0x0000000086a00000, 0x0000000086a00000, 0x0000000086b00000|  0%| F|  |TAMS 0x0000000086a00000| PB 0x0000000086a00000| Untracked |  0
|  49|0x0000000086b00000, 0x0000000086b00000, 0x0000000086c00000|  0%| F|  |TAMS 0x0000000086b00000| PB 0x0000000086b00000| Untracked |  0
|  50|0x0000000086c00000, 0x0000000086c00000, 0x0000000086d00000|  0%| F|  |TAMS 0x0000000086c00000| PB 0x0000000086c00000| Untracked |  0
|  51|0x0000000086d00000, 0x0000000086d00000, 0x0000000086e00000|  0%| F|  |TAMS 0x0000000086d00000| PB 0x0000000086d00000| Untracked |  0
|  52|0x0000000086e00000, 0x0000000086e00000, 0x0000000086f00000|  0%| F|  |TAMS 0x0000000086e00000| PB 0x0000000086e00000| Untracked |  0
|  53|0x0000000086f00000, 0x0000000086f00000, 0x0000000087000000|  0%| F|  |TAMS 0x0000000086f00000| PB 0x0000000086f00000| Untracked |  0
|  54|0x0000000087000000, 0x0000000087100000, 0x0000000087100000|100%| O|  |TAMS 0x0000000087000000| PB 0x0000000087000000| Untracked |  0
|  55|0x0000000087100000, 0x0000000087200000, 0x0000000087200000|100%| O|  |TAMS 0x0000000087100000| PB 0x0000000087100000| Untracked |  0
|  56|0x0000000087200000, 0x0000000087300000, 0x0000000087300000|100%| O|  |TAMS 0x0000000087200000| PB 0x0000000087200000| Untracked |  0
|  57|0x0000000087300000, 0x00000000873b6970, 0x0000000087400000| 71%| O|  |TAMS 0x0000000087300000| PB 0x0000000087300000| Untracked |  0
|  58|0x0000000087400000, 0x0000000087400000, 0x0000000087500000|  0%| F|  |TAMS 0x0000000087400000| PB 0x0000000087400000| Untracked |  0
|  59|0x0000000087500000, 0x0000000087500000, 0x0000000087600000|  0%| F|  |TAMS 0x0000000087500000| PB 0x0000000087500000| Untracked |  0
|  60|0x0000000087600000, 0x0000000087600000, 0x0000000087700000|  0%| F|  |TAMS 0x0000000087600000| PB 0x0000000087600000| Untracked |  0
|  61|0x0000000087700000, 0x0000000087700000, 0x0000000087800000|  0%| F|  |TAMS 0x0000000087700000| PB 0x0000000087700000| Untracked |  0
|  62|0x0000000087800000, 0x0000000087800000, 0x0000000087900000|  0%| F|  |TAMS 0x0000000087800000| PB 0x0000000087800000| Untracked |  0
|  63|0x0000000087900000, 0x0000000087900000, 0x0000000087a00000|  0%| F|  |TAMS 0x0000000087900000| PB 0x0000000087900000| Untracked |  0
|  64|0x0000000087a00000, 0x0000000087a00000, 0x0000000087b00000|  0%| F|  |TAMS 0x0000000087a00000| PB 0x0000000087a00000| Untracked |  0
|  65|0x0000000087b00000, 0x0000000087b00000, 0x0000000087c00000|  0%| F|  |TAMS 0x0000000087b00000| PB 0x0000000087b00000| Untracked |  0
|  66|0x0000000087c00000, 0x0000000087d00000, 0x0000000087d00000|100%| E|  |TAMS 0x0000000087c00000| PB 0x0000000087c00000| Complete |  0
|  67|0x0000000087d00000, 0x0000000087e00000, 0x0000000087e00000|100%| E|CS|TAMS 0x0000000087d00000| PB 0x0000000087d00000| Complete |  0
|  68|0x0000000087e00000, 0x0000000087f00000, 0x0000000087f00000|100%| E|CS|TAMS 0x0000000087e00000| PB 0x0000000087e00000| Complete |  0
|  69|0x0000000087f00000, 0x0000000088000000, 0x0000000088000000|100%| E|CS|TAMS 0x0000000087f00000| PB 0x0000000087f00000| Complete |  0
|  70|0x0000000088000000, 0x0000000088100000, 0x0000000088100000|100%| E|CS|TAMS 0x0000000088000000| PB 0x0000000088000000| Complete |  0
|  71|0x0000000088100000, 0x0000000088200000, 0x0000000088200000|100%| E|CS|TAMS 0x0000000088100000| PB 0x0000000088100000| Complete |  0
|  72|0x0000000088200000, 0x0000000088300000, 0x0000000088300000|100%| E|CS|TAMS 0x0000000088200000| PB 0x0000000088200000| Complete |  0
|  73|0x0000000088300000, 0x0000000088400000, 0x0000000088400000|100%| E|CS|TAMS 0x0000000088300000| PB 0x0000000088300000| Complete |  0
|  74|0x0000000088400000, 0x0000000088500000, 0x0000000088500000|100%| E|CS|TAMS 0x0000000088400000| PB 0x0000000088400000| Complete |  0
|  75|0x0000000088500000, 0x0000000088600000, 0x0000000088600000|100%| E|CS|TAMS 0x0000000088500000| PB 0x0000000088500000| Complete |  0
|  76|0x0000000088600000, 0x0000000088700000, 0x0000000088700000|100%| E|CS|TAMS 0x0000000088600000| PB 0x0000000088600000| Complete |  0
|  77|0x0000000088700000, 0x0000000088800000, 0x0000000088800000|100%| E|CS|TAMS 0x0000000088700000| PB 0x0000000088700000| Complete |  0
|  78|0x0000000088800000, 0x0000000088900000, 0x0000000088900000|100%| E|CS|TAMS 0x0000000088800000| PB 0x0000000088800000| Complete |  0
|  79|0x0000000088900000, 0x0000000088a00000, 0x0000000088a00000|100%| E|CS|TAMS 0x0000000088900000| PB 0x0000000088900000| Complete |  0
|  80|0x0000000088a00000, 0x0000000088b00000, 0x0000000088b00000|100%| E|CS|TAMS 0x0000000088a00000| PB 0x0000000088a00000| Complete |  0
|  81|0x0000000088b00000, 0x0000000088c00000, 0x0000000088c00000|100%| E|CS|TAMS 0x0000000088b00000| PB 0x0000000088b00000| Complete |  0
|  82|0x0000000088c00000, 0x0000000088d00000, 0x0000000088d00000|100%| E|CS|TAMS 0x0000000088c00000| PB 0x0000000088c00000| Complete |  0
|  83|0x0000000088d00000, 0x0000000088e00000, 0x0000000088e00000|100%| E|CS|TAMS 0x0000000088d00000| PB 0x0000000088d00000| Complete |  0
|  84|0x0000000088e00000, 0x0000000088f00000, 0x0000000088f00000|100%| E|CS|TAMS 0x0000000088e00000| PB 0x0000000088e00000| Complete |  0
|  85|0x0000000088f00000, 0x0000000089000000, 0x0000000089000000|100%| E|CS|TAMS 0x0000000088f00000| PB 0x0000000088f00000| Complete |  0
|  86|0x0000000089000000, 0x0000000089100000, 0x0000000089100000|100%| E|CS|TAMS 0x0000000089000000| PB 0x0000000089000000| Complete |  0
|  87|0x0000000089100000, 0x0000000089200000, 0x0000000089200000|100%| E|CS|TAMS 0x0000000089100000| PB 0x0000000089100000| Complete |  0
|  88|0x0000000089200000, 0x0000000089300000, 0x0000000089300000|100%| E|CS|TAMS 0x0000000089200000| PB 0x0000000089200000| Complete |  0
|  89|0x0000000089300000, 0x0000000089400000, 0x0000000089400000|100%| E|CS|TAMS 0x0000000089300000| PB 0x0000000089300000| Complete |  0
|  90|0x0000000089400000, 0x0000000089500000, 0x0000000089500000|100%| E|CS|TAMS 0x0000000089400000| PB 0x0000000089400000| Complete |  0
|  91|0x0000000089500000, 0x0000000089600000, 0x0000000089600000|100%| E|CS|TAMS 0x0000000089500000| PB 0x0000000089500000| Complete |  0
|  92|0x0000000089600000, 0x0000000089700000, 0x0000000089700000|100%| E|CS|TAMS 0x0000000089600000| PB 0x0000000089600000| Complete |  0
|  93|0x0000000089700000, 0x0000000089800000, 0x0000000089800000|100%| E|CS|TAMS 0x0000000089700000| PB 0x0000000089700000| Complete |  0
|  94|0x0000000089800000, 0x0000000089900000, 0x0000000089900000|100%| E|CS|TAMS 0x0000000089800000| PB 0x0000000089800000| Complete |  0
|  95|0x0000000089900000, 0x0000000089a00000, 0x0000000089a00000|100%| E|CS|TAMS 0x0000000089900000| PB 0x0000000089900000| Complete |  0
|  96|0x0000000089a00000, 0x0000000089b00000, 0x0000000089b00000|100%| E|CS|TAMS 0x0000000089a00000| PB 0x0000000089a00000| Complete |  0
|  97|0x0000000089b00000, 0x0000000089c00000, 0x0000000089c00000|100%| E|CS|TAMS 0x0000000089b00000| PB 0x0000000089b00000| Complete |  0
|  98|0x0000000089c00000, 0x0000000089d00000, 0x0000000089d00000|100%| E|CS|TAMS 0x0000000089c00000| PB 0x0000000089c00000| Complete |  0
|  99|0x0000000089d00000, 0x0000000089e00000, 0x0000000089e00000|100%| E|CS|TAMS 0x0000000089d00000| PB 0x0000000089d00000| Complete |  0
| 100|0x0000000089e00000, 0x0000000089f00000, 0x0000000089f00000|100%| E|CS|TAMS 0x0000000089e00000| PB 0x0000000089e00000| Complete |  0
| 101|0x0000000089f00000, 0x000000008a000000, 0x000000008a000000|100%| E|CS|TAMS 0x0000000089f00000| PB 0x0000000089f00000| Complete |  0
| 102|0x000000008a000000, 0x000000008a100000, 0x000000008a100000|100%| E|CS|TAMS 0x000000008a000000| PB 0x000000008a000000| Complete |  0
| 103|0x000000008a100000, 0x000000008a200000, 0x000000008a200000|100%| E|CS|TAMS 0x000000008a100000| PB 0x000000008a100000| Complete |  0
| 104|0x000000008a200000, 0x000000008a300000, 0x000000008a300000|100%| E|CS|TAMS 0x000000008a200000| PB 0x000000008a200000| Complete |  0
| 105|0x000000008a300000, 0x000000008a400000, 0x000000008a400000|100%| E|CS|TAMS 0x000000008a300000| PB 0x000000008a300000| Complete |  0
| 106|0x000000008a400000, 0x000000008a500000, 0x000000008a500000|100%| E|CS|TAMS 0x000000008a400000| PB 0x000000008a400000| Complete |  0
| 107|0x000000008a500000, 0x000000008a600000, 0x000000008a600000|100%| E|CS|TAMS 0x000000008a500000| PB 0x000000008a500000| Complete |  0
| 108|0x000000008a600000, 0x000000008a700000, 0x000000008a700000|100%| E|CS|TAMS 0x000000008a600000| PB 0x000000008a600000| Complete |  0
| 109|0x000000008a700000, 0x000000008a800000, 0x000000008a800000|100%| E|CS|TAMS 0x000000008a700000| PB 0x000000008a700000| Complete |  0
| 110|0x000000008a800000, 0x000000008a900000, 0x000000008a900000|100%| E|CS|TAMS 0x000000008a800000| PB 0x000000008a800000| Complete |  0
| 111|0x000000008a900000, 0x000000008aa00000, 0x000000008aa00000|100%| E|CS|TAMS 0x000000008a900000| PB 0x000000008a900000| Complete |  0
| 112|0x000000008aa00000, 0x000000008ab00000, 0x000000008ab00000|100%| E|CS|TAMS 0x000000008aa00000| PB 0x000000008aa00000| Complete |  0
| 113|0x000000008ab00000, 0x000000008ac00000, 0x000000008ac00000|100%| E|CS|TAMS 0x000000008ab00000| PB 0x000000008ab00000| Complete |  0
| 114|0x000000008ac00000, 0x000000008ad00000, 0x000000008ad00000|100%| E|CS|TAMS 0x000000008ac00000| PB 0x000000008ac00000| Complete |  0
| 115|0x000000008ad00000, 0x000000008ae00000, 0x000000008ae00000|100%| E|CS|TAMS 0x000000008ad00000| PB 0x000000008ad00000| Complete |  0
| 116|0x000000008ae00000, 0x000000008af00000, 0x000000008af00000|100%| E|CS|TAMS 0x000000008ae00000| PB 0x000000008ae00000| Complete |  0
| 117|0x000000008af00000, 0x000000008b000000, 0x000000008b000000|100%| E|CS|TAMS 0x000000008af00000| PB 0x000000008af00000| Complete |  0
| 118|0x000000008b000000, 0x000000008b100000, 0x000000008b100000|100%| E|CS|TAMS 0x000000008b000000| PB 0x000000008b000000| Complete |  0
| 119|0x000000008b100000, 0x000000008b200000, 0x000000008b200000|100%| E|CS|TAMS 0x000000008b100000| PB 0x000000008b100000| Complete |  0
| 120|0x000000008b200000, 0x000000008b300000, 0x000000008b300000|100%| E|CS|TAMS 0x000000008b200000| PB 0x000000008b200000| Complete |  0
| 121|0x000000008b300000, 0x000000008b400000, 0x000000008b400000|100%| E|CS|TAMS 0x000000008b300000| PB 0x000000008b300000| Complete |  0
| 122|0x000000008b400000, 0x000000008b500000, 0x000000008b500000|100%| S|CS|TAMS 0x000000008b400000| PB 0x000000008b400000| Complete |  0
| 123|0x000000008b500000, 0x000000008b600000, 0x000000008b600000|100%| S|CS|TAMS 0x000000008b500000| PB 0x000000008b500000| Complete |  0
| 124|0x000000008b600000, 0x000000008b700000, 0x000000008b700000|100%| S|CS|TAMS 0x000000008b600000| PB 0x000000008b600000| Complete |  0
| 125|0x000000008b700000, 0x000000008b800000, 0x000000008b800000|100%| E|CS|TAMS 0x000000008b700000| PB 0x000000008b700000| Complete |  0

Card table byte_map: [0x000002acf9b80000,0x000002acf9f70000] _byte_map_base: 0x000002acf9763000

Marking Bits: (CMBitMap*) 0x000002acf1165a60
 Bits: [0x000002acf9f70000, 0x000002acfbe88000)

Polling page: 0x000002acef0b0000

Metaspace:

Usage:
  Non-class:     18.35 MB used.
      Class:      2.30 MB used.
       Both:     20.65 MB used.

Virtual space:
  Non-class space:       64.00 MB reserved,      18.50 MB ( 29%) committed,  1 nodes.
      Class space:        1.00 GB reserved,       2.44 MB ( <1%) committed,  1 nodes.
             Both:        1.06 GB reserved,      20.94 MB (  2%) committed. 

Chunk freelists:
   Non-Class:  12.52 MB
       Class:  13.47 MB
        Both:  25.98 MB

MaxMetaspaceSize: unlimited
CompressedClassSpaceSize: 1.00 GB
Initial GC threshold: 21.00 MB
Current GC threshold: 21.00 MB
CDS: on
 - commit_granule_bytes: 65536.
 - commit_granule_words: 8192.
 - virtual_space_node_default_size: 8388608.
 - enlarge_chunks_in_place: 1.
 - use_allocation_guard: 0.


Internal statistics:

num_allocs_failed_limit: 0.
num_arena_births: 228.
num_arena_deaths: 0.
num_vsnodes_births: 2.
num_vsnodes_deaths: 0.
num_space_committed: 335.
num_space_uncommitted: 0.
num_chunks_returned_to_freelist: 0.
num_chunks_taken_from_freelist: 964.
num_chunk_merges: 0.
num_chunk_splits: 670.
num_chunks_enlarged: 517.
num_inconsistent_stats: 0.

CodeHeap 'non-profiled nmethods': size=120000Kb used=3656Kb max_used=3656Kb free=116343Kb
 bounds [0x000002ac87ad0000, 0x000002ac87e70000, 0x000002ac8f000000]
CodeHeap 'profiled nmethods': size=120000Kb used=13268Kb max_used=13268Kb free=106731Kb
 bounds [0x000002ac80000000, 0x000002ac80d00000, 0x000002ac87530000]
CodeHeap 'non-nmethods': size=5760Kb used=1632Kb max_used=1653Kb free=4127Kb
 bounds [0x000002ac87530000, 0x000002ac877a0000, 0x000002ac87ad0000]
 total_blobs=6505 nmethods=5953 adapters=455
 compilation: enabled
              stopped_count=0, restarted_count=0
 full_count=0

Compilation events (20 events):
Event: 64.822 Thread 0x000002acfe8bfe00 5953   !   4       java.util.zip.Inflater::inflate (456 bytes)
Event: 64.832 Thread 0x000002acfe8bfe00 nmethod 5953 0x000002ac87e5dd10 code [0x000002ac87e5dee0, 0x000002ac87e5e3f0]
Event: 64.877 Thread 0x000002acfe8bfe00 5955       4       java.lang.Class::getPackageName (81 bytes)
Event: 64.896 Thread 0x000002acfe8bfe00 nmethod 5955 0x000002ac87e5eb90 code [0x000002ac87e5ed80, 0x000002ac87e5f750]
Event: 64.913 Thread 0x000002acfe8bfe00 5956       4       org.codehaus.plexus.classworlds.realm.Entry::matches (282 bytes)
Event: 64.935 Thread 0x000002acfe8bfe00 nmethod 5956 0x000002ac87e5fb90 code [0x000002ac87e5fe60, 0x000002ac87e60c70]
Event: 64.935 Thread 0x000002acfe8bfe00 5957       4       java.lang.invoke.VarHandleByteArrayAsInts$ArrayHandle::index (12 bytes)
Event: 64.936 Thread 0x000002acfe8bfe00 nmethod 5957 0x000002ac87e61b90 code [0x000002ac87e61d20, 0x000002ac87e61de8]
Event: 64.948 Thread 0x000002acfe90e2d0 5960  s    3       java.util.Properties::setProperty (7 bytes)
Event: 64.948 Thread 0x000002acfe90e2d0 nmethod 5960 0x000002ac80cf2890 code [0x000002ac80cf2a40, 0x000002ac80cf2cd0]
Event: 64.949 Thread 0x000002acfe90e2d0 5961       3       java.lang.invoke.InfoFromMemberName::getName (8 bytes)
Event: 64.950 Thread 0x000002acfe90e2d0 nmethod 5961 0x000002ac80cf2d90 code [0x000002ac80cf2f60, 0x000002ac80cf3318]
Event: 64.950 Thread 0x000002acfe90e2d0 5962       3       java.lang.invoke.InfoFromMemberName::getMethodType (8 bytes)
Event: 64.950 Thread 0x000002acfe90e2d0 nmethod 5962 0x000002ac80cf3490 code [0x000002ac80cf3640, 0x000002ac80cf3780]
Event: 64.951 Thread 0x000002acfe90e2d0 5963       3       java.lang.invoke.MethodHandles$Lookup::hasFullPrivilegeAccess (18 bytes)
Event: 64.951 Thread 0x000002acfe90e2d0 nmethod 5963 0x000002ac80cf3890 code [0x000002ac80cf3a20, 0x000002ac80cf3b88]
Event: 64.951 Thread 0x000002acfe90e2d0 5964       3       jdk.internal.org.objectweb.asm.ClassVisitor::<init> (78 bytes)
Event: 64.952 Thread 0x000002acfe90e2d0 nmethod 5964 0x000002ac80cf3c10 code [0x000002ac80cf3e40, 0x000002ac80cf4638]
Event: 64.952 Thread 0x000002acfe90e2d0 5965       3       jdk.internal.org.objectweb.asm.SymbolTable::<init> (41 bytes)
Event: 64.952 Thread 0x000002acfe90e2d0 nmethod 5965 0x000002ac80cf4910 code [0x000002ac80cf4ae0, 0x000002ac80cf5040]

GC Heap History (16 events):
Event: 12.106 GC heap before
{Heap before GC invocations=0 (full 0):
 garbage-first heap   total reserved 2037760K, committed 129024K, used 23552K [0x0000000083a00000, 0x0000000100000000)
  region size 1024K, 24 young (24576K), 0 survivors (0K)
 Metaspace       used 6014K, committed 6208K, reserved 1114112K
  class space    used 709K, committed 768K, reserved 1048576K
}
Event: 12.155 GC heap after
{Heap after GC invocations=1 (full 0):
 garbage-first heap   total reserved 2037760K, committed 129024K, used 3998K [0x0000000083a00000, 0x0000000100000000)
  region size 1024K, 3 young (3072K), 3 survivors (3072K)
 Metaspace       used 6014K, committed 6208K, reserved 1114112K
  class space    used 709K, committed 768K, reserved 1048576K
}
Event: 18.675 GC heap before
{Heap before GC invocations=1 (full 0):
 garbage-first heap   total reserved 2037760K, committed 129024K, used 35742K [0x0000000083a00000, 0x0000000100000000)
  region size 1024K, 34 young (34816K), 3 survivors (3072K)
 Metaspace       used 10011K, committed 10240K, reserved 1114112K
  class space    used 1202K, committed 1344K, reserved 1048576K
}
Event: 18.682 GC heap after
{Heap after GC invocations=2 (full 0):
 garbage-first heap   total reserved 2037760K, committed 129024K, used 5785K [0x0000000083a00000, 0x0000000100000000)
  region size 1024K, 2 young (2048K), 2 survivors (2048K)
 Metaspace       used 10011K, committed 10240K, reserved 1114112K
  class space    used 1202K, committed 1344K, reserved 1048576K
}
Event: 39.101 GC heap before
{Heap before GC invocations=2 (full 0):
 garbage-first heap   total reserved 2037760K, committed 129024K, used 80537K [0x0000000083a00000, 0x0000000100000000)
  region size 1024K, 75 young (76800K), 2 survivors (2048K)
 Metaspace       used 16160K, committed 16448K, reserved 1114112K
  class space    used 1925K, committed 2048K, reserved 1048576K
}
Event: 39.121 GC heap after
{Heap after GC invocations=3 (full 0):
 garbage-first heap   total reserved 2037760K, committed 129024K, used 14479K [0x0000000083a00000, 0x0000000100000000)
  region size 1024K, 10 young (10240K), 10 survivors (10240K)
 Metaspace       used 16160K, committed 16448K, reserved 1114112K
  class space    used 1925K, committed 2048K, reserved 1048576K
}
Event: 47.092 GC heap before
{Heap before GC invocations=3 (full 0):
 garbage-first heap   total reserved 2037760K, committed 129024K, used 81039K [0x0000000083a00000, 0x0000000100000000)
  region size 1024K, 75 young (76800K), 10 survivors (10240K)
 Metaspace       used 16705K, committed 17024K, reserved 1114112K
  class space    used 1931K, committed 2048K, reserved 1048576K
}
Event: 47.109 GC heap after
{Heap after GC invocations=4 (full 0):
 garbage-first heap   total reserved 2037760K, committed 129024K, used 18938K [0x0000000083a00000, 0x0000000100000000)
  region size 1024K, 5 young (5120K), 5 survivors (5120K)
 Metaspace       used 16705K, committed 17024K, reserved 1114112K
  class space    used 1931K, committed 2048K, reserved 1048576K
}
Event: 53.670 GC heap before
{Heap before GC invocations=4 (full 0):
 garbage-first heap   total reserved 2037760K, committed 129024K, used 111098K [0x0000000083a00000, 0x0000000100000000)
  region size 1024K, 56 young (57344K), 5 survivors (5120K)
 Metaspace       used 18261K, committed 18560K, reserved 1114112K
  class space    used 2088K, committed 2240K, reserved 1048576K
}
Event: 53.678 GC heap after
{Heap after GC invocations=5 (full 0):
 garbage-first heap   total reserved 2037760K, committed 129024K, used 29690K [0x0000000083a00000, 0x0000000100000000)
  region size 1024K, 7 young (7168K), 7 survivors (7168K)
 Metaspace       used 18261K, committed 18560K, reserved 1114112K
  class space    used 2088K, committed 2240K, reserved 1048576K
}
Event: 53.688 GC heap before
{Heap before GC invocations=5 (full 0):
 garbage-first heap   total reserved 2037760K, committed 129024K, used 62458K [0x0000000083a00000, 0x0000000100000000)
  region size 1024K, 8 young (8192K), 7 survivors (7168K)
 Metaspace       used 18270K, committed 18624K, reserved 1114112K
  class space    used 2088K, committed 2240K, reserved 1048576K
}
Event: 53.695 GC heap after
{Heap after GC invocations=6 (full 0):
 garbage-first heap   total reserved 2037760K, committed 129024K, used 29814K [0x0000000083a00000, 0x0000000100000000)
  region size 1024K, 4 young (4096K), 4 survivors (4096K)
 Metaspace       used 18270K, committed 18624K, reserved 1114112K
  class space    used 2088K, committed 2240K, reserved 1048576K
}
Event: 53.713 GC heap before
{Heap before GC invocations=6 (full 0):
 garbage-first heap   total reserved 2037760K, committed 129024K, used 54390K [0x0000000083a00000, 0x0000000100000000)
  region size 1024K, 5 young (5120K), 4 survivors (4096K)
 Metaspace       used 18270K, committed 18624K, reserved 1114112K
  class space    used 2088K, committed 2240K, reserved 1048576K
}
Event: 53.716 GC heap after
{Heap after GC invocations=7 (full 0):
 garbage-first heap   total reserved 2037760K, committed 129024K, used 21461K [0x0000000083a00000, 0x0000000100000000)
  region size 1024K, 4 young (4096K), 4 survivors (4096K)
 Metaspace       used 18270K, committed 18624K, reserved 1114112K
  class space    used 2088K, committed 2240K, reserved 1048576K
}
Event: 53.726 GC heap before
{Heap before GC invocations=7 (full 0):
 garbage-first heap   total reserved 2037760K, committed 129024K, used 54229K [0x0000000083a00000, 0x0000000100000000)
  region size 1024K, 5 young (5120K), 4 survivors (4096K)
 Metaspace       used 18270K, committed 18624K, reserved 1114112K
  class space    used 2088K, committed 2240K, reserved 1048576K
}
Event: 53.730 GC heap after
{Heap after GC invocations=8 (full 0):
 garbage-first heap   total reserved 2037760K, committed 129024K, used 21210K [0x0000000083a00000, 0x0000000100000000)
  region size 1024K, 3 young (3072K), 3 survivors (3072K)
 Metaspace       used 18270K, committed 18624K, reserved 1114112K
  class space    used 2088K, committed 2240K, reserved 1048576K
}

Dll operation events (12 events):
Event: 0.175 Loaded shared library C:\Users\USER\.jdks\openjdk-22.0.2\bin\java.dll
Event: 1.695 Loaded shared library C:\Users\USER\.jdks\openjdk-22.0.2\bin\jsvml.dll
Event: 2.750 Loaded shared library C:\Users\USER\.jdks\openjdk-22.0.2\bin\zip.dll
Event: 2.765 Loaded shared library C:\Users\USER\.jdks\openjdk-22.0.2\bin\instrument.dll
Event: 2.773 Loaded shared library C:\Users\USER\.jdks\openjdk-22.0.2\bin\net.dll
Event: 2.866 Loaded shared library C:\Users\USER\.jdks\openjdk-22.0.2\bin\nio.dll
Event: 2.875 Loaded shared library C:\Users\USER\.jdks\openjdk-22.0.2\bin\zip.dll
Event: 3.076 Loaded shared library C:\Program Files\JetBrains\IntelliJ IDEA 2024.2.0.1\bin\breakgen64.dll
Event: 3.167 Loaded shared library C:\Users\USER\.jdks\openjdk-22.0.2\bin\extnet.dll
Event: 4.822 Loaded shared library C:\Users\USER\.jdks\openjdk-22.0.2\bin\jimage.dll
Event: 5.674 Loaded shared library C:\Users\USER\AppData\Local\Temp\jansi-2.4.1-f03e12d95fdad134-jansi.dll
Event: 5.814 Loaded shared library C:\Users\USER\.jdks\openjdk-22.0.2\bin\verify.dll

Deoptimization events (20 events):
Event: 64.231 Thread 0x000002aceef53190 Uncommon trap: trap_request=0xffffffc6 fr.pc=0x000002ac87d4f6f8 relative=0x0000000000000d38
Event: 64.231 Thread 0x000002aceef53190 Uncommon trap: reason=bimorphic_or_optimized_type_check action=maybe_recompile pc=0x000002ac87d4f6f8 method=java.util.stream.Collectors.lambda$uniqKeysMapAccumulator$1(Ljava/util/function/Function;Ljava/util/function/Function;Ljava/util/Map;Ljava/lang/Obj
Event: 64.231 Thread 0x000002aceef53190 DEOPT PACKING pc=0x000002ac87d4f6f8 sp=0x000000b1df3fe210
Event: 64.231 Thread 0x000002aceef53190 DEOPT UNPACKING pc=0x000002ac87587da2 sp=0x000000b1df3fe170 mode 2
Event: 64.231 Thread 0x000002aceef53190 Uncommon trap: trap_request=0xffffffc6 fr.pc=0x000002ac87d512d8 relative=0x0000000000000d18
Event: 64.231 Thread 0x000002aceef53190 Uncommon trap: reason=bimorphic_or_optimized_type_check action=maybe_recompile pc=0x000002ac87d512d8 method=java.util.stream.Collectors.lambda$uniqKeysMapAccumulator$1(Ljava/util/function/Function;Ljava/util/function/Function;Ljava/util/Map;Ljava/lang/Obj
Event: 64.231 Thread 0x000002aceef53190 DEOPT PACKING pc=0x000002ac87d512d8 sp=0x000000b1df3fe170
Event: 64.231 Thread 0x000002aceef53190 DEOPT UNPACKING pc=0x000002ac87587da2 sp=0x000000b1df3fe160 mode 2
Event: 64.243 Thread 0x000002aceef53190 Uncommon trap: trap_request=0xffffff45 fr.pc=0x000002ac87de7db8 relative=0x0000000000000a98
Event: 64.243 Thread 0x000002aceef53190 Uncommon trap: reason=unstable_if action=reinterpret pc=0x000002ac87de7db8 method=org.codehaus.plexus.classworlds.realm.Entry.matches(Ljava/lang/String;)Z @ 20 c2
Event: 64.243 Thread 0x000002aceef53190 DEOPT PACKING pc=0x000002ac87de7db8 sp=0x000000b1df3fe060
Event: 64.243 Thread 0x000002aceef53190 DEOPT UNPACKING pc=0x000002ac87587da2 sp=0x000000b1df3fe008 mode 2
Event: 64.269 Thread 0x000002aceef53190 Uncommon trap: trap_request=0xffffff45 fr.pc=0x000002ac87d4cb58 relative=0x00000000000016b8
Event: 64.269 Thread 0x000002aceef53190 Uncommon trap: reason=unstable_if action=reinterpret pc=0x000002ac87d4cb58 method=sun.nio.fs.WindowsPathParser.nextNonSlash(Ljava/lang/String;II)I @ 2 c2
Event: 64.269 Thread 0x000002aceef53190 DEOPT PACKING pc=0x000002ac87d4cb58 sp=0x000000b1df3fd430
Event: 64.269 Thread 0x000002aceef53190 DEOPT UNPACKING pc=0x000002ac87587da2 sp=0x000000b1df3fd3b0 mode 2
Event: 64.362 Thread 0x000002aceef53190 Uncommon trap: trap_request=0xffffff45 fr.pc=0x000002ac87d69f84 relative=0x0000000000000c24
Event: 64.362 Thread 0x000002aceef53190 Uncommon trap: reason=unstable_if action=reinterpret pc=0x000002ac87d69f84 method=org.eclipse.aether.artifact.AbstractArtifact.hash(Ljava/lang/Object;)I @ 1 c2
Event: 64.362 Thread 0x000002aceef53190 DEOPT PACKING pc=0x000002ac87d69f84 sp=0x000000b1df3fdaf0
Event: 64.362 Thread 0x000002aceef53190 DEOPT UNPACKING pc=0x000002ac87587da2 sp=0x000000b1df3fda18 mode 2

Classes loaded (20 events):
Event: 64.931 Loading class java/util/UUID
Event: 64.931 Loading class java/util/UUID done
Event: 64.931 Loading class java/util/UUID$Holder
Event: 64.931 Loading class java/util/UUID$Holder done
Event: 64.935 Loading class jdk/internal/util/HexDigits
Event: 64.935 Loading class jdk/internal/util/HexDigits done
Event: 64.935 Loading class jdk/internal/util/ByteArrayLittleEndian
Event: 64.935 Loading class jdk/internal/util/ByteArrayLittleEndian done
Event: 64.955 Loading class sun/nio/cs/ISO_8859_1$Encoder
Event: 64.955 Loading class sun/nio/cs/ISO_8859_1$Encoder done
Event: 64.955 Loading class sun/nio/cs/Surrogate$Parser
Event: 64.955 Loading class sun/nio/cs/Surrogate$Parser done
Event: 64.955 Loading class sun/nio/cs/Surrogate
Event: 64.956 Loading class sun/nio/cs/Surrogate done
Event: 64.956 Loading class sun/util/locale/provider/TimeZoneNameUtility
Event: 64.956 Loading class sun/util/locale/provider/TimeZoneNameUtility done
Event: 64.956 Loading class sun/util/locale/provider/TimeZoneNameUtility$TimeZoneNameGetter
Event: 64.956 Loading class sun/util/locale/provider/TimeZoneNameUtility$TimeZoneNameGetter done
Event: 64.957 Loading class sun/util/cldr/CLDRTimeZoneNameProviderImpl
Event: 64.957 Loading class sun/util/locale/provider/TimeZoneNameProviderImpl

Classes unloaded (0 events):
No events

Classes redefined (0 events):
No events

Internal exceptions (20 events):
Event: 30.104 Thread 0x000002aceef53190 Exception <a 'java/lang/NoSuchMethodError'{0x0000000089c495f0}: 'void java.lang.invoke.DirectMethodHandle$Holder.invokeSpecial(java.lang.Object, java.lang.Object, java.lang.Object, int)'> (0x0000000089c495f0) 
thrown [s\open\src\hotspot\share\interpreter\linkResolver.cpp, line 774]
Event: 30.104 Thread 0x000002aceef53190 Exception <a 'java/lang/NoSuchMethodError'{0x0000000089c4ccc0}: 'void java.lang.invoke.DelegatingMethodHandle$Holder.reinvoke_L(java.lang.Object, java.lang.Object, int)'> (0x0000000089c4ccc0) 
thrown [s\open\src\hotspot\share\interpreter\linkResolver.cpp, line 774]
Event: 37.174 Thread 0x000002aceef53190 Exception <a 'java/lang/NoSuchMethodError'{0x00000000876a4170}: 'int java.lang.invoke.DirectMethodHandle$Holder.invokeSpecialIFC(java.lang.Object, java.lang.Object, java.lang.Object, java.lang.Object)'> (0x00000000876a4170) 
thrown [s\open\src\hotspot\share\interpreter\linkResolver.cpp, line 774]
Event: 49.341 Thread 0x000002aceef53190 Implicit null exception at 0x000002ac87d23a98 to 0x000002ac87d23c98
Event: 49.341 Thread 0x000002aceef53190 Implicit null exception at 0x000002ac87d13e98 to 0x000002ac87d140ac
Event: 49.341 Thread 0x000002aceef53190 Implicit null exception at 0x000002ac87b5c23d to 0x000002ac87b5c2bd
Event: 49.355 Thread 0x000002aceef53190 Implicit null exception at 0x000002ac87d94fb7 to 0x000002ac87d95170
Event: 51.152 Thread 0x000002aceef53190 Exception <a 'java/lang/NoSuchMethodError'{0x0000000089bda830}: 'java.lang.Object java.lang.invoke.DirectMethodHandle$Holder.newInvokeSpecial(java.lang.Object, java.lang.Object, java.lang.Object, java.lang.Object, java.lang.Object, java.lang.Object, java.lang.Object)'> (0x0000000089bda830) 
thrown [s\open\src\hotspot\share\interpreter\linkResolver.cpp, line 774]
Event: 51.156 Thread 0x000002aceef53190 Implicit null exception at 0x000002ac87d45f92 to 0x000002ac87d46bc4
Event: 52.499 Thread 0x000002aceef53190 Implicit null exception at 0x000002ac87cf2edf to 0x000002ac87cf36b4
Event: 52.549 Thread 0x000002aceef53190 Exception <a 'java/lang/NoSuchMethodError'{0x0000000088f3c540}: 'int java.lang.invoke.DirectMethodHandle$Holder.invokeVirtual(java.lang.Object, java.lang.Object)'> (0x0000000088f3c540) 
thrown [s\open\src\hotspot\share\interpreter\linkResolver.cpp, line 774]
Event: 52.630 Thread 0x000002aceef53190 Implicit null exception at 0x000002ac87cd94e9 to 0x000002ac87cd9c96
Event: 52.705 Thread 0x000002aceef53190 Exception <a 'java/lang/NoSuchMethodError'{0x0000000088ecffa8}: 'void java.lang.invoke.Invokers$Holder.invokeExact_MT(java.lang.Object, java.lang.Object, int, java.lang.Object)'> (0x0000000088ecffa8) 
thrown [s\open\src\hotspot\share\interpreter\linkResolver.cpp, line 774]
Event: 64.057 Thread 0x000002acd65cc970 Exception <a 'java/lang/NoSuchMethodError'{0x00000000888b8340}: 'java.lang.Object java.lang.invoke.DirectMethodHandle$Holder.invokeStatic(java.lang.Object, long, java.lang.Object)'> (0x00000000888b8340) 
thrown [s\open\src\hotspot\share\interpreter\linkResolver.cpp, line 774]
Event: 64.057 Thread 0x000002acd65cc970 Exception <a 'java/lang/NoSuchMethodError'{0x00000000888bb818}: 'java.lang.Object java.lang.invoke.DirectMethodHandle$Holder.invokeStaticInit(java.lang.Object, long, java.lang.Object)'> (0x00000000888bb818) 
thrown [s\open\src\hotspot\share\interpreter\linkResolver.cpp, line 774]
Event: 64.058 Thread 0x000002acd65cc970 Exception <a 'java/lang/NoSuchMethodError'{0x00000000888c0c40}: 'java.lang.Object java.lang.invoke.DirectMethodHandle$Holder.newInvokeSpecial(java.lang.Object, long)'> (0x00000000888c0c40) 
thrown [s\open\src\hotspot\share\interpreter\linkResolver.cpp, line 774]
Event: 64.061 Thread 0x000002acd65cc970 Exception <a 'java/lang/NoSuchMethodError'{0x00000000888c5408}: 'long java.lang.invoke.DirectMethodHandle$Holder.invokeInterface(java.lang.Object, java.lang.Object)'> (0x00000000888c5408) 
thrown [s\open\src\hotspot\share\interpreter\linkResolver.cpp, line 774]
Event: 64.061 Thread 0x000002acd65cc970 Exception <a 'java/lang/NoSuchMethodError'{0x00000000888c88c0}: 'long java.lang.invoke.DelegatingMethodHandle$Holder.reinvoke_L(java.lang.Object, java.lang.Object)'> (0x00000000888c88c0) 
thrown [s\open\src\hotspot\share\interpreter\linkResolver.cpp, line 774]
Event: 64.246 Thread 0x000002aceef53190 Exception <a 'java/lang/NoSuchMethodError'{0x00000000884155d0}: 'int java.lang.invoke.DirectMethodHandle$Holder.invokeInterface(java.lang.Object, java.lang.Object)'> (0x00000000884155d0) 
thrown [s\open\src\hotspot\share\interpreter\linkResolver.cpp, line 774]
Event: 64.342 Thread 0x000002aceef53190 Exception <a 'java/lang/NoSuchMethodError'{0x00000000884fc028}: 'java.lang.Object java.lang.invoke.DirectMethodHandle$Holder.invokeStaticInit(java.lang.Object, java.lang.Object, int, int, int, int)'> (0x00000000884fc028) 
thrown [s\open\src\hotspot\share\interpreter\linkResolver.cpp, line 774]

ZGC Phase Switch (0 events):
No events

VM Operations (20 events):
Event: 54.920 Executing VM operation: HandshakeAllThreads (Deoptimize)
Event: 54.920 Executing VM operation: HandshakeAllThreads (Deoptimize) done
Event: 55.925 Executing VM operation: Cleanup
Event: 55.925 Executing VM operation: Cleanup done
Event: 59.951 Executing VM operation: Cleanup
Event: 59.951 Executing VM operation: Cleanup done
Event: 59.971 Executing VM operation: HandshakeAllThreads (Deoptimize)
Event: 59.971 Executing VM operation: HandshakeAllThreads (Deoptimize) done
Event: 60.308 Executing VM operation: HandshakeAllThreads (HandshakeForDeflation)
Event: 60.308 Executing VM operation: HandshakeAllThreads (HandshakeForDeflation) done
Event: 60.308 Executing VM operation: RendezvousGCThreads
Event: 60.308 Executing VM operation: RendezvousGCThreads done
Event: 61.319 Executing VM operation: Cleanup
Event: 61.319 Executing VM operation: Cleanup done
Event: 62.322 Executing VM operation: Cleanup
Event: 62.322 Executing VM operation: Cleanup done
Event: 63.324 Executing VM operation: Cleanup
Event: 63.324 Executing VM operation: Cleanup done
Event: 64.081 Executing VM operation: HandshakeAllThreads (Deoptimize)
Event: 64.081 Executing VM operation: HandshakeAllThreads (Deoptimize) done

Memory protections (0 events):
No events

Nmethod flushes (0 events):
No events

Events (20 events):
Event: 2.186 Thread 0x000002aceef53190 Thread added: 0x000002acfe8824d0
Event: 3.077 Thread 0x000002aceef53190 Thread added: 0x000002acd422e4b0
Event: 3.078 Thread 0x000002aceef53190 Thread added: 0x000002acd4230220
Event: 4.815 Thread 0x000002aceef53190 Thread added: 0x000002acd44a7490
Event: 9.727 Thread 0x000002acd44a7490 Thread exited: 0x000002acd44a7490
Event: 27.832 Thread 0x000002aceef53190 Thread added: 0x000002acd4dc5c50
Event: 36.959 Thread 0x000002acfe8bfe00 Thread added: 0x000002acd4e85680
Event: 37.119 Thread 0x000002acd4e85680 Thread exited: 0x000002acd4e85680
Event: 37.169 Thread 0x000002acfe90e2d0 Thread added: 0x000002acd549be50
Event: 37.824 Thread 0x000002acd549be50 Thread exited: 0x000002acd549be50
Event: 47.179 Thread 0x000002acfe90e2d0 Thread added: 0x000002acd4e81050
Event: 47.485 Thread 0x000002acd4e81050 Thread exited: 0x000002acd4e81050
Event: 49.355 Thread 0x000002acfe90e2d0 Thread added: 0x000002acd5275e70
Event: 49.685 Thread 0x000002acd5275e70 Thread exited: 0x000002acd5275e70
Event: 52.000 Thread 0x000002acfe90e2d0 Thread added: 0x000002acd5619650
Event: 52.949 Thread 0x000002acd5619650 Thread exited: 0x000002acd5619650
Event: 64.044 Thread 0x000002aceef53190 Thread added: 0x000002acd65cc970
Event: 64.063 Thread 0x000002acd65cc970 Thread exited: 0x000002acd65cc970
Event: 64.852 Thread 0x000002aceef53190 Thread added: 0x000002acd52184e0
Event: 64.861 Thread 0x000002aceef53190 Thread added: 0x000002acd4a6f5b0


Dynamic libraries:
0x00007ff6b3b90000 - 0x00007ff6b3b9e000 	C:\Users\USER\.jdks\openjdk-22.0.2\bin\java.exe
0x00007fffc60d0000 - 0x00007fffc62e7000 	C:\WINDOWS\SYSTEM32\ntdll.dll
0x00007fffc4f30000 - 0x00007fffc4ff4000 	C:\WINDOWS\System32\KERNEL32.DLL
0x00007fffc3750000 - 0x00007fffc3b07000 	C:\WINDOWS\System32\KERNELBASE.dll
0x00007fffc3630000 - 0x00007fffc3741000 	C:\WINDOWS\System32\ucrtbase.dll
0x00007fffbcbe0000 - 0x00007fffbcbf7000 	C:\Users\USER\.jdks\openjdk-22.0.2\bin\jli.dll
0x00007fffc5250000 - 0x00007fffc53ff000 	C:\WINDOWS\System32\USER32.dll
0x00007fffc3460000 - 0x00007fffc3486000 	C:\WINDOWS\System32\win32u.dll
0x00007fffc3e10000 - 0x00007fffc3e39000 	C:\WINDOWS\System32\GDI32.dll
0x00007fffc3bd0000 - 0x00007fffc3ce8000 	C:\WINDOWS\System32\gdi32full.dll
0x00007fffc3cf0000 - 0x00007fffc3d8a000 	C:\WINDOWS\System32\msvcp_win.dll
0x00007fffbcc00000 - 0x00007fffbcc1b000 	C:\Users\USER\.jdks\openjdk-22.0.2\bin\VCRUNTIME140.dll
0x00007fffaed10000 - 0x00007fffaefa3000 	C:\WINDOWS\WinSxS\amd64_microsoft.windows.common-controls_6595b64144ccf1df_6.0.22621.3672_none_2713b9d173822955\COMCTL32.dll
0x00007fffc4570000 - 0x00007fffc4617000 	C:\WINDOWS\System32\msvcrt.dll
0x00007fffc4530000 - 0x00007fffc4561000 	C:\WINDOWS\System32\IMM32.DLL
0x00007fffbcbb0000 - 0x00007fffbcbbc000 	C:\Users\USER\.jdks\openjdk-22.0.2\bin\vcruntime140_1.dll
0x00007fffbc660000 - 0x00007fffbc6ee000 	C:\Users\USER\.jdks\openjdk-22.0.2\bin\msvcp140.dll
0x00007fff63820000 - 0x00007fff64569000 	C:\Users\USER\.jdks\openjdk-22.0.2\bin\server\jvm.dll
0x00007fffc5560000 - 0x00007fffc5612000 	C:\WINDOWS\System32\ADVAPI32.dll
0x00007fffc54b0000 - 0x00007fffc5558000 	C:\WINDOWS\System32\sechost.dll
0x00007fffc3600000 - 0x00007fffc3628000 	C:\WINDOWS\System32\bcrypt.dll
0x00007fffc4410000 - 0x00007fffc4524000 	C:\WINDOWS\System32\RPCRT4.dll
0x00007fffc4230000 - 0x00007fffc42a1000 	C:\WINDOWS\System32\WS2_32.dll
0x00007fffc2260000 - 0x00007fffc22ad000 	C:\WINDOWS\SYSTEM32\POWRPROF.dll
0x00007fffbc490000 - 0x00007fffbc4c4000 	C:\WINDOWS\SYSTEM32\WINMM.dll
0x00007fffb8b10000 - 0x00007fffb8b1a000 	C:\WINDOWS\SYSTEM32\VERSION.dll
0x00007fffc2240000 - 0x00007fffc2253000 	C:\WINDOWS\SYSTEM32\UMPDC.dll
0x00007fffc24f0000 - 0x00007fffc2508000 	C:\WINDOWS\SYSTEM32\kernel.appcore.dll
0x00007fffbcb80000 - 0x00007fffbcb8a000 	C:\Users\USER\.jdks\openjdk-22.0.2\bin\jimage.dll
0x00007fffc0cb0000 - 0x00007fffc0ee2000 	C:\WINDOWS\SYSTEM32\DBGHELP.DLL
0x00007fffc3e40000 - 0x00007fffc41ce000 	C:\WINDOWS\System32\combase.dll
0x00007fffc5860000 - 0x00007fffc5937000 	C:\WINDOWS\System32\OLEAUT32.dll
0x00007fffaf2b0000 - 0x00007fffaf2e2000 	C:\WINDOWS\SYSTEM32\dbgcore.DLL
0x00007fffc33e0000 - 0x00007fffc345b000 	C:\WINDOWS\System32\bcryptPrimitives.dll
0x00007fffbcd30000 - 0x00007fffbcd3f000 	C:\Users\USER\.jdks\openjdk-22.0.2\bin\instrument.dll
0x00007fffbc640000 - 0x00007fffbc65e000 	C:\Users\USER\.jdks\openjdk-22.0.2\bin\java.dll
0x00007fffc4620000 - 0x00007fffc4e89000 	C:\WINDOWS\System32\SHELL32.dll
0x00007fffc5000000 - 0x00007fffc51a5000 	C:\WINDOWS\System32\ole32.dll
0x00007fffc1310000 - 0x00007fffc1c0f000 	C:\WINDOWS\SYSTEM32\windows.storage.dll
0x00007fffc1060000 - 0x00007fffc119f000 	C:\WINDOWS\SYSTEM32\wintypes.dll
0x00007fffc4310000 - 0x00007fffc4409000 	C:\WINDOWS\System32\SHCORE.dll
0x00007fffc41d0000 - 0x00007fffc422e000 	C:\WINDOWS\System32\shlwapi.dll
0x00007fffc3310000 - 0x00007fffc3337000 	C:\WINDOWS\SYSTEM32\profapi.dll
0x00007fffae0d0000 - 0x00007fffae1a7000 	C:\Users\USER\.jdks\openjdk-22.0.2\bin\jsvml.dll
0x00007fffbc580000 - 0x00007fffbc597000 	C:\Users\USER\.jdks\openjdk-22.0.2\bin\zip.dll
0x00007fffbc620000 - 0x00007fffbc630000 	C:\Users\USER\.jdks\openjdk-22.0.2\bin\net.dll
0x00007fffc2990000 - 0x00007fffc29f9000 	C:\WINDOWS\system32\mswsock.dll
0x00007fffbc5e0000 - 0x00007fffbc5f6000 	C:\Users\USER\.jdks\openjdk-22.0.2\bin\nio.dll
0x00007fffbbbf0000 - 0x00007fffbbc0a000 	C:\Program Files\JetBrains\IntelliJ IDEA 2024.2.0.1\bin\breakgen64.dll
0x00007fffba650000 - 0x00007fffba659000 	C:\Users\USER\.jdks\openjdk-22.0.2\bin\extnet.dll
0x00007fff8c830000 - 0x00007fff8c854000 	C:\Users\USER\AppData\Local\Temp\jansi-2.4.1-f03e12d95fdad134-jansi.dll
0x00007fffbcd20000 - 0x00007fffbcd30000 	C:\Users\USER\.jdks\openjdk-22.0.2\bin\verify.dll
0x00007fffc2be0000 - 0x00007fffc2bfb000 	C:\WINDOWS\SYSTEM32\CRYPTSP.dll
0x00007fffc2450000 - 0x00007fffc2485000 	C:\WINDOWS\system32\rsaenh.dll
0x00007fffc2a80000 - 0x00007fffc2aa8000 	C:\WINDOWS\SYSTEM32\USERENV.dll
0x00007fffc2c00000 - 0x00007fffc2c0c000 	C:\WINDOWS\SYSTEM32\CRYPTBASE.dll
0x00007fffc1ed0000 - 0x00007fffc1efd000 	C:\WINDOWS\SYSTEM32\IPHLPAPI.DLL
0x00007fffc51b0000 - 0x00007fffc51b9000 	C:\WINDOWS\System32\NSI.dll

dbghelp: loaded successfully - version: 4.0.5 - missing functions: none
symbol engine: initialized successfully - sym options: 0x614 - pdb path: .;C:\Users\USER\.jdks\openjdk-22.0.2\bin;C:\WINDOWS\SYSTEM32;C:\WINDOWS\WinSxS\amd64_microsoft.windows.common-controls_6595b64144ccf1df_6.0.22621.3672_none_2713b9d173822955;C:\Users\USER\.jdks\openjdk-22.0.2\bin\server;C:\Program Files\JetBrains\IntelliJ IDEA 2024.2.0.1\bin;C:\Users\USER\AppData\Local\Temp

VM Arguments:
jvm_args: -Dmaven.multiModuleProjectDirectory=C:\Users\USER\IdeaProjects\ssacthree\shop3\ssacthree-shop-api -Djansi.passthrough=true -Dmaven.home=C:\Users\USER\.m2\wrapper\dists\apache-maven-3.9.9-bin\4nf9hui3q3djbarqar9g711ggc\apache-maven-3.9.9 -Dclassworlds.conf=C:\Users\USER\.m2\wrapper\dists\apache-maven-3.9.9-bin\4nf9hui3q3djbarqar9g711ggc\apache-maven-3.9.9\bin\m2.conf -Dmaven.ext.class.path=C:\Program Files\JetBrains\IntelliJ IDEA 2024.2.0.1\plugins\maven\lib\maven-event-listener.jar -javaagent:C:\Program Files\JetBrains\IntelliJ IDEA 2024.2.0.1\lib\idea_rt.jar=34906:C:\Program Files\JetBrains\IntelliJ IDEA 2024.2.0.1\bin -Dfile.encoding=UTF-8 -Dsun.stdout.encoding=UTF-8 -Dsun.stderr.encoding=UTF-8 
java_command: org.codehaus.classworlds.Launcher -Didea.version=2024.2.0.1 package
java_class_path (initial): C:\Users\USER\.m2\wrapper\dists\apache-maven-3.9.9-bin\4nf9hui3q3djbarqar9g711ggc\apache-maven-3.9.9\boot\plexus-classworlds-2.8.0.jar;C:\Users\USER\.m2\wrapper\dists\apache-maven-3.9.9-bin\4nf9hui3q3djbarqar9g711ggc\apache-maven-3.9.9\boot\plexus-classworlds.license
Launcher Type: SUN_STANDARD

[Global flags]
     intx CICompilerCount                          = 4                                         {product} {ergonomic}
     uint ConcGCThreads                            = 2                                         {product} {ergonomic}
     uint G1ConcRefinementThreads                  = 8                                         {product} {ergonomic}
   size_t G1HeapRegionSize                         = 1048576                                   {product} {ergonomic}
   size_t InitialHeapSize                          = 132120576                                 {product} {ergonomic}
   size_t MarkStackSize                            = 4194304                                   {product} {ergonomic}
   size_t MaxHeapSize                              = 2086666240                                {product} {ergonomic}
   size_t MaxNewSize                               = 1251999744                                {product} {ergonomic}
   size_t MinHeapDeltaBytes                        = 1048576                                   {product} {ergonomic}
   size_t MinHeapSize                              = 8388608                                   {product} {ergonomic}
    uintx NonNMethodCodeHeapSize                   = 5839372                                {pd product} {ergonomic}
    uintx NonProfiledCodeHeapSize                  = 122909434                              {pd product} {ergonomic}
    uintx ProfiledCodeHeapSize                     = 122909434                              {pd product} {ergonomic}
    uintx ReservedCodeCacheSize                    = 251658240                              {pd product} {ergonomic}
     bool SegmentedCodeCache                       = true                                      {product} {ergonomic}
   size_t SoftMaxHeapSize                          = 2086666240                             {manageable} {ergonomic}
     bool UseCompressedOops                        = true                           {product lp64_product} {ergonomic}
     bool UseG1GC                                  = true                                      {product} {ergonomic}
     bool UseLargePagesIndividualAllocation        = false                                  {pd product} {ergonomic}

Logging:
Log output configuration:
 #0: stdout all=warning uptime,level,tags foldmultilines=false
 #1: stderr all=off uptime,level,tags foldmultilines=false

Environment Variables:
JAVA_HOME=C:\Users\USER\Downloads\jdk-21.0.3_windows-x64_bin\jdk-21.0.3
PATH=C:\Users\USER\Downloads\jdk-21.0.3_windows-x64_bin\jdk-21.0.3\bin;C:\Program Files\MySQL\MySQL Server 8.0\bin;C:\apache-maven-3.9.8-bin\apache-maven-3.9.8\bin;C:\Users\USER\Downloads\netcat-win32-1.12;C:\Users\USER\Downloads\curl-8.9.0_1-win64-mingw\curl-8.9.0_1-win64-mingw\bin;C:\Program Files\Docker\Docker\resources\bin;C:\Program Files (x86)\Microsoft SQL Server\160\Tools\Binn\;C:\Program Files\Microsoft SQL Server\160\Tools\Binn\;C:\Program Files\Microsoft SQL Server\Client SDK\ODBC\170\Tools\Binn\;C:\Program Files\Microsoft SQL Server\160\DTS\Binn\;C:\Program Files (x86)\Microsoft SQL Server\160\DTS\Binn\;C:\Program Files\Git\cmd;C:\Users\USER\anaconda3;C:\Users\USER\anaconda3\Library\mingw-w64\bin;C:\Users\USER\anaconda3\Library\usr\bin;C:\Users\USER\anaconda3\Library\bin;C:\Users\USER\anaconda3\Scripts;C:\Users\USER\AppData\Local\Microsoft\WindowsApps;C:\Program Files\JetBrains\PyCharm Community Edition 2021.3.2\bin;;C:\Users\USER\AppData\Local\Programs\Microsoft VS Code\bin;;C:\Program Files\JetBrains\IntelliJ IDEA 2024.2.0.1\bin;
USERNAME=USER
OS=Windows_NT
PROCESSOR_IDENTIFIER=Intel64 Family 6 Model 126 Stepping 5, GenuineIntel
TMP=C:\Users\USER\AppData\Local\Temp
TEMP=C:\Users\USER\AppData\Local\Temp




Periodic native trim disabled

---------------  S Y S T E M  ---------------

OS:
 Windows 11 , 64 bit Build 22621 (10.0.22621.3958)
OS uptime: 3 days 9:28 hours
Hyper-V role detected

CPU: total 8 (initial active 8) (4 cores per cpu, 2 threads per core) family 6 model 126 stepping 5 microcode 0xa0, cx8, cmov, fxsr, ht, mmx, 3dnowpref, sse, sse2, sse3, ssse3, sse4.1, sse4.2, popcnt, lzcnt, tsc, tscinvbit, avx, avx2, aes, erms, clmul, bmi1, bmi2, adx, avx512f, avx512dq, avx512cd, avx512bw, avx512vl, sha, fma, vzeroupper, avx512_vpopcntdq, avx512_vpclmulqdq, avx512_vaes, avx512_vnni, clflush, clflushopt, avx512_vbmi2, avx512_vbmi, hv, rdtscp, rdpid, fsrm, gfni, avx512_bitalg, f16c, avx512_ifma
Processor Information for processor 0
  Max Mhz: 1498, Current Mhz: 998, Mhz Limit: 1093
Processor Information for processor 1
  Max Mhz: 1498, Current Mhz: 1098, Mhz Limit: 1093
Processor Information for processor 2
  Max Mhz: 1498, Current Mhz: 1098, Mhz Limit: 1093
Processor Information for processor 3
  Max Mhz: 1498, Current Mhz: 998, Mhz Limit: 1093
Processor Information for processor 4
  Max Mhz: 1498, Current Mhz: 1098, Mhz Limit: 1093
Processor Information for processor 5
  Max Mhz: 1498, Current Mhz: 1098, Mhz Limit: 1093
Processor Information for processor 6
  Max Mhz: 1498, Current Mhz: 1098, Mhz Limit: 1093
Processor Information for processor 7
  Max Mhz: 1498, Current Mhz: 1098, Mhz Limit: 1093

Memory: 4k page, system-wide physical 7953M (857M free)
TotalPageFile size 32529M (AvailPageFile size 1096M)
current process WorkingSet (physical memory assigned to process): 233M, peak: 233M
current process commit charge ("private bytes"): 271M, peak: 280M

vm_info: OpenJDK 64-Bit Server VM (22.0.2+9-70) for windows-amd64 JRE (22.0.2+9-70), built on 2024-06-04T16:52:23Z by "mach5one" with MS VC++ 17.6 (VS2022)

END.
