#
# There is insufficient memory for the Java Runtime Environment to continue.
# Native memory allocation (malloc) failed to allocate 311888 bytes. Error detail: Chunk::new
# Possible reasons:
#   The system is out of physical RAM or swap space
#   This process is running with CompressedOops enabled, and the Java Heap may be blocking the growth of the native heap
# Possible solutions:
#   Reduce memory load on the system
#   Increase physical memory or swap space
#   Check if swap backing store is full
#   Decrease Java heap size (-Xmx/-Xms)
#   Decrease number of Java threads
#   Decrease Java thread stack sizes (-Xss)
#   Set larger code cache with -XX:ReservedCodeCacheSize=
#   JVM is running with Unscaled Compressed Oops mode in which the Java heap is
#     placed in the first 4GB address space. The Java Heap base address is the
#     maximum limit for the native heap growth. Please use -XX:HeapBaseMinAddress
#     to set the Java Heap base and to place the Java Heap above 4GB virtual address.
# This output file may be truncated or incomplete.
#
#  Out of Memory Error (arena.cpp:150), pid=17124, tid=20132
#
# JRE version: OpenJDK Runtime Environment (22.0.2+9) (build 22.0.2+9-70)
# Java VM: OpenJDK 64-Bit Server VM (22.0.2+9-70, mixed mode, sharing, tiered, compressed oops, compressed class ptrs, g1 gc, windows-amd64)
# No core dump will be written. Minidumps are not enabled by default on client versions of Windows
#

---------------  S U M M A R Y ------------

Command Line: -Dmaven.multiModuleProjectDirectory=C:\Users\USER\IdeaProjects\ssacthree\shop3\ssacthree-shop-api -Djansi.passthrough=true -Dmaven.home=C:\Users\USER\.m2\wrapper\dists\apache-maven-3.9.9-bin\4nf9hui3q3djbarqar9g711ggc\apache-maven-3.9.9 -Dclassworlds.conf=C:\Users\USER\.m2\wrapper\dists\apache-maven-3.9.9-bin\4nf9hui3q3djbarqar9g711ggc\apache-maven-3.9.9\bin\m2.conf -Dmaven.ext.class.path=C:\Program Files\JetBrains\IntelliJ IDEA 2024.2.0.1\plugins\maven\lib\maven-event-listener.jar -javaagent:C:\Program Files\JetBrains\IntelliJ IDEA 2024.2.0.1\lib\idea_rt.jar=34910:C:\Program Files\JetBrains\IntelliJ IDEA 2024.2.0.1\bin -Dfile.encoding=UTF-8 -Dsun.stdout.encoding=UTF-8 -Dsun.stderr.encoding=UTF-8 org.codehaus.classworlds.Launcher -Didea.version=2024.2.0.1 test

Host: Intel(R) Core(TM) i5-1035G4 CPU @ 1.10GHz, 8 cores, 7G,  Windows 11 , 64 bit Build 22621 (10.0.22621.3958)
Time: Thu Oct 31 10:20:35 2024  Windows 11 , 64 bit Build 22621 (10.0.22621.3958) elapsed time: 61.110832 seconds (0d 0h 1m 1s)

---------------  T H R E A D  ---------------

Current thread (0x000001f6f238f2a0):  JavaThread "C2 CompilerThread0" daemon [_thread_in_native, id=20132, stack(0x000000e81c700000,0x000000e81c800000) (1024K)]


Current CompileTask:
C2:61111 5908       4       java.util.WeakHashMap::put (160 bytes)

Stack: [0x000000e81c700000,0x000000e81c800000]
Native frames: (J=compiled Java code, j=interpreted, Vv=VM code, C=native code)
V  [jvm.dll+0x6e26e9]  (no source info available)
V  [jvm.dll+0x875753]  (no source info available)
V  [jvm.dll+0x877b7e]  (no source info available)
V  [jvm.dll+0x878253]  (no source info available)
V  [jvm.dll+0x27fc86]  (no source info available)
V  [jvm.dll+0xc3d0f]  (no source info available)
V  [jvm.dll+0xc3f6b]  (no source info available)
V  [jvm.dll+0x3bb47c]  (no source info available)
V  [jvm.dll+0x387d4b]  (no source info available)
V  [jvm.dll+0x3871ba]  (no source info available)
V  [jvm.dll+0x2477f8]  (no source info available)
V  [jvm.dll+0x246e9f]  (no source info available)
V  [jvm.dll+0x1c4e80]  (no source info available)
V  [jvm.dll+0x2568f3]  (no source info available)
V  [jvm.dll+0x254baa]  (no source info available)
V  [jvm.dll+0x3f57a6]  (no source info available)
V  [jvm.dll+0x81dc0b]  (no source info available)
V  [jvm.dll+0x6e0d85]  (no source info available)
C  [ucrtbase.dll+0x29333]  (no source info available)
C  [KERNEL32.DLL+0x1257d]  (no source info available)
C  [ntdll.dll+0x5af08]  (no source info available)


---------------  P R O C E S S  ---------------

Threads class SMR info:
_java_thread_list=0x000001f6c6b916b0, length=15, elements={
0x000001f6d3983190, 0x000001f6f23852d0, 0x000001f6f23863a0, 0x000001f6f238c080,
0x000001f6f238cbd0, 0x000001f6f238d8d0, 0x000001f6f238e420, 0x000001f6f238f2a0,
0x000001f6f23922b0, 0x000001f6c51200a0, 0x000001f6c52da7f0, 0x000001f6c52dd6f0,
0x000001f6c5996200, 0x000001f6c5ca5a40, 0x000001f6c6a92690
}

Java Threads: ( => current thread )
  0x000001f6d3983190 JavaThread "main"                              [_thread_blocked, id=22848, stack(0x000000e81b800000,0x000000e81b900000) (1024K)]
  0x000001f6f23852d0 JavaThread "Reference Handler"          daemon [_thread_blocked, id=12136, stack(0x000000e81c100000,0x000000e81c200000) (1024K)]
  0x000001f6f23863a0 JavaThread "Finalizer"                  daemon [_thread_blocked, id=11904, stack(0x000000e81c200000,0x000000e81c300000) (1024K)]
  0x000001f6f238c080 JavaThread "Signal Dispatcher"          daemon [_thread_blocked, id=20408, stack(0x000000e81c300000,0x000000e81c400000) (1024K)]
  0x000001f6f238cbd0 JavaThread "Attach Listener"            daemon [_thread_blocked, id=28304, stack(0x000000e81c400000,0x000000e81c500000) (1024K)]
  0x000001f6f238d8d0 JavaThread "Service Thread"             daemon [_thread_blocked, id=9088, stack(0x000000e81c500000,0x000000e81c600000) (1024K)]
  0x000001f6f238e420 JavaThread "Monitor Deflation Thread"   daemon [_thread_blocked, id=16272, stack(0x000000e81c600000,0x000000e81c700000) (1024K)]
=>0x000001f6f238f2a0 JavaThread "C2 CompilerThread0"         daemon [_thread_in_native, id=20132, stack(0x000000e81c700000,0x000000e81c800000) (1024K)]
  0x000001f6f23922b0 JavaThread "C1 CompilerThread0"         daemon [_thread_blocked, id=29592, stack(0x000000e81c800000,0x000000e81c900000) (1024K)]
  0x000001f6c51200a0 JavaThread "Common-Cleaner"             daemon [_thread_blocked, id=9544, stack(0x000000e81c900000,0x000000e81ca00000) (1024K)]
  0x000001f6c52da7f0 JavaThread "Monitor Ctrl-Break"         daemon [_thread_in_native, id=9332, stack(0x000000e81ca00000,0x000000e81cb00000) (1024K)]
  0x000001f6c52dd6f0 JavaThread "Notification Thread"        daemon [_thread_blocked, id=2448, stack(0x000000e81cb00000,0x000000e81cc00000) (1024K)]
  0x000001f6c5996200 JavaThread "Thread-1"                   daemon [_thread_blocked, id=13536, stack(0x000000e81cc00000,0x000000e81cd00000) (1024K)]
  0x000001f6c5ca5a40 JavaThread "SeedGenerator Thread"       daemon [_thread_in_Java, id=18288, stack(0x000000e81b900000,0x000000e81ba00000) (1024K)]
  0x000001f6c6a92690 JavaThread "SeedGenerator Thread"       daemon [_thread_in_vm, id=21640, stack(0x000000e81d400000,0x000000e81d500000) (1024K)]
Total: 15

Other Threads:
  0x000001f6f2363f90 VMThread "VM Thread"                           [id=19036, stack(0x000000e81c000000,0x000000e81c100000) (1024K)]
  0x000001f6f234ec10 WatcherThread "VM Periodic Task Thread"        [id=24260, stack(0x000000e81bf00000,0x000000e81c000000) (1024K)]
  0x000001f6d5c35350 WorkerThread "GC Thread#0"                     [id=18908, stack(0x000000e81ba00000,0x000000e81bb00000) (1024K)]
  0x000001f6c58720a0 WorkerThread "GC Thread#1"                     [id=26096, stack(0x000000e81cd00000,0x000000e81ce00000) (1024K)]
  0x000001f6c5872450 WorkerThread "GC Thread#2"                     [id=25896, stack(0x000000e81ce00000,0x000000e81cf00000) (1024K)]
  0x000001f6d5bed580 WorkerThread "GC Thread#3"                     [id=24252, stack(0x000000e81cf00000,0x000000e81d000000) (1024K)]
  0x000001f6d5bed930 WorkerThread "GC Thread#4"                     [id=18348, stack(0x000000e81d000000,0x000000e81d100000) (1024K)]
  0x000001f6d5bee0f0 WorkerThread "GC Thread#5"                     [id=15464, stack(0x000000e81d100000,0x000000e81d200000) (1024K)]
  0x000001f6d5bee4a0 WorkerThread "GC Thread#6"                     [id=24536, stack(0x000000e81d200000,0x000000e81d300000) (1024K)]
  0x000001f6d5bee850 WorkerThread "GC Thread#7"                     [id=20788, stack(0x000000e81d300000,0x000000e81d400000) (1024K)]
  0x000001f6d5c45c00 ConcurrentGCThread "G1 Main Marker"            [id=19956, stack(0x000000e81bb00000,0x000000e81bc00000) (1024K)]
  0x000001f6d5c468c0 WorkerThread "G1 Conc#0"                       [id=26160, stack(0x000000e81bc00000,0x000000e81bd00000) (1024K)]
  0x000001f6f2220550 ConcurrentGCThread "G1 Refine#0"               [id=2528, stack(0x000000e81bd00000,0x000000e81be00000) (1024K)]
  0x000001f6f2222ff0 ConcurrentGCThread "G1 Service"                [id=10636, stack(0x000000e81be00000,0x000000e81bf00000) (1024K)]
Total: 14

Threads with active compile tasks:
C2 CompilerThread0  61694 5908       4       java.util.WeakHashMap::put (160 bytes)
Total: 1

VM state: not at safepoint (normal execution)

VM Mutex/Monitor currently owned by a thread: None

Heap address: 0x0000000083a00000, size: 1990 MB, Compressed Oops mode: 32-bit

CDS archive(s) mapped at: [0x000001f680000000-0x000001f680c60000-0x000001f680c60000), size 12976128, SharedBaseAddress: 0x000001f680000000, ArchiveRelocationMode: 1.
Compressed class space mapped at: 0x000001f681000000-0x000001f6c1000000, reserved size: 1073741824
Narrow klass base: 0x000001f680000000, Narrow klass shift: 0, Narrow klass range: 0x41000000

GC Precious Log:
 CardTable entry size: 512
 Card Set container configuration: InlinePtr #cards 5 size 8 Array Of Cards #cards 12 size 40 Howl #buckets 4 coarsen threshold 1843 Howl Bitmap #cards 512 size 80 coarsen threshold 460 Card regions per heap region 1 cards per card region 2048
 CPUs: 8 total, 8 available
 Memory: 7953M
 Large Page Support: Disabled
 NUMA Support: Disabled
 Compressed Oops: Enabled (32-bit)
 Heap Region Size: 1M
 Heap Min Capacity: 8M
 Heap Initial Capacity: 126M
 Heap Max Capacity: 1990M
 Pre-touch: Disabled
 Parallel Workers: 8
 Concurrent Workers: 2
 Concurrent Refinement Workers: 8
 Periodic GC: Disabled

Heap:
 garbage-first heap   total reserved 2037760K, committed 129024K, used 104246K [0x0000000083a00000, 0x0000000100000000)
  region size 1024K, 54 young (55296K), 4 survivors (4096K)
 Metaspace       used 20628K, committed 20992K, reserved 1114112K
  class space    used 2286K, committed 2432K, reserved 1048576K

Heap Regions: E=young(eden), S=young(survivor), O=old, HS=humongous(starts), HC=humongous(continues), CS=collection set, F=free, TAMS=top-at-mark-start, PB=parsable bottom
|   0|0x0000000083a00000, 0x0000000083b00000, 0x0000000083b00000|100%| O|  |TAMS 0x0000000083a00000| PB 0x0000000083a00000| Untracked |  0
|   1|0x0000000083b00000, 0x0000000083c00000, 0x0000000083c00000|100%| O|  |TAMS 0x0000000083b00000| PB 0x0000000083b00000| Untracked |  0
|   2|0x0000000083c00000, 0x0000000083d00000, 0x0000000083d00000|100%| O|  |TAMS 0x0000000083c00000| PB 0x0000000083c00000| Untracked |  0
|   3|0x0000000083d00000, 0x0000000083e00000, 0x0000000083e00000|100%| O|  |TAMS 0x0000000083d00000| PB 0x0000000083d00000| Untracked |  0
|   4|0x0000000083e00000, 0x0000000083f00000, 0x0000000083f00000|100%| O|  |TAMS 0x0000000083e00000| PB 0x0000000083e00000| Untracked |  0
|   5|0x0000000083f00000, 0x0000000084000000, 0x0000000084000000|100%| O|  |TAMS 0x0000000083f00000| PB 0x0000000083f00000| Untracked |  0
|   6|0x0000000084000000, 0x0000000084100000, 0x0000000084100000|100%| O|  |TAMS 0x0000000084000000| PB 0x0000000084000000| Untracked |  0
|   7|0x0000000084100000, 0x0000000084200000, 0x0000000084200000|100%| O|  |TAMS 0x0000000084100000| PB 0x0000000084100000| Untracked |  0
|   8|0x0000000084200000, 0x0000000084300000, 0x0000000084300000|100%| O|  |TAMS 0x0000000084200000| PB 0x0000000084200000| Untracked |  0
|   9|0x0000000084300000, 0x0000000084400000, 0x0000000084400000|100%| O|  |TAMS 0x0000000084300000| PB 0x0000000084300000| Untracked |  0
|  10|0x0000000084400000, 0x0000000084500000, 0x0000000084500000|100%| O|  |TAMS 0x0000000084400000| PB 0x0000000084400000| Untracked |  0
|  11|0x0000000084500000, 0x0000000084600000, 0x0000000084600000|100%| O|  |TAMS 0x0000000084500000| PB 0x0000000084500000| Untracked |  0
|  12|0x0000000084600000, 0x0000000084700000, 0x0000000084700000|100%| O|  |TAMS 0x0000000084600000| PB 0x0000000084600000| Untracked |  0
|  13|0x0000000084700000, 0x0000000084800000, 0x0000000084800000|100%| O|  |TAMS 0x0000000084700000| PB 0x0000000084700000| Untracked |  0
|  14|0x0000000084800000, 0x0000000084900000, 0x0000000084900000|100%|HS|  |TAMS 0x0000000084800000| PB 0x0000000084800000| Complete |  0
|  15|0x0000000084900000, 0x0000000084a00000, 0x0000000084a00000|100%|HC|  |TAMS 0x0000000084900000| PB 0x0000000084900000| Complete |  0
|  16|0x0000000084a00000, 0x0000000084b00000, 0x0000000084b00000|100%|HC|  |TAMS 0x0000000084a00000| PB 0x0000000084a00000| Complete |  0
|  17|0x0000000084b00000, 0x0000000084c00000, 0x0000000084c00000|100%|HC|  |TAMS 0x0000000084b00000| PB 0x0000000084b00000| Complete |  0
|  18|0x0000000084c00000, 0x0000000084d00000, 0x0000000084d00000|100%|HC|  |TAMS 0x0000000084c00000| PB 0x0000000084c00000| Complete |  0
|  19|0x0000000084d00000, 0x0000000084e00000, 0x0000000084e00000|100%|HC|  |TAMS 0x0000000084d00000| PB 0x0000000084d00000| Complete |  0
|  20|0x0000000084e00000, 0x0000000084f00000, 0x0000000084f00000|100%|HC|  |TAMS 0x0000000084e00000| PB 0x0000000084e00000| Complete |  0
|  21|0x0000000084f00000, 0x0000000085000000, 0x0000000085000000|100%|HC|  |TAMS 0x0000000084f00000| PB 0x0000000084f00000| Complete |  0
|  22|0x0000000085000000, 0x0000000085100000, 0x0000000085100000|100%|HS|  |TAMS 0x0000000085000000| PB 0x0000000085000000| Complete |  0
|  23|0x0000000085100000, 0x0000000085200000, 0x0000000085200000|100%|HC|  |TAMS 0x0000000085100000| PB 0x0000000085100000| Complete |  0
|  24|0x0000000085200000, 0x0000000085300000, 0x0000000085300000|100%|HC|  |TAMS 0x0000000085200000| PB 0x0000000085200000| Complete |  0
|  25|0x0000000085300000, 0x0000000085400000, 0x0000000085400000|100%|HC|  |TAMS 0x0000000085300000| PB 0x0000000085300000| Complete |  0
|  26|0x0000000085400000, 0x0000000085500000, 0x0000000085500000|100%|HC|  |TAMS 0x0000000085400000| PB 0x0000000085400000| Complete |  0
|  27|0x0000000085500000, 0x0000000085600000, 0x0000000085600000|100%|HC|  |TAMS 0x0000000085500000| PB 0x0000000085500000| Complete |  0
|  28|0x0000000085600000, 0x0000000085700000, 0x0000000085700000|100%|HC|  |TAMS 0x0000000085600000| PB 0x0000000085600000| Complete |  0
|  29|0x0000000085700000, 0x0000000085800000, 0x0000000085800000|100%|HC|  |TAMS 0x0000000085700000| PB 0x0000000085700000| Complete |  0
|  30|0x0000000085800000, 0x0000000085900000, 0x0000000085900000|100%|HC|  |TAMS 0x0000000085800000| PB 0x0000000085800000| Complete |  0
|  31|0x0000000085900000, 0x0000000085a00000, 0x0000000085a00000|100%|HC|  |TAMS 0x0000000085900000| PB 0x0000000085900000| Complete |  0
|  32|0x0000000085a00000, 0x0000000085b00000, 0x0000000085b00000|100%|HC|  |TAMS 0x0000000085a00000| PB 0x0000000085a00000| Complete |  0
|  33|0x0000000085b00000, 0x0000000085c00000, 0x0000000085c00000|100%|HC|  |TAMS 0x0000000085b00000| PB 0x0000000085b00000| Complete |  0
|  34|0x0000000085c00000, 0x0000000085d00000, 0x0000000085d00000|100%|HS|  |TAMS 0x0000000085c00000| PB 0x0000000085c00000| Complete |  0
|  35|0x0000000085d00000, 0x0000000085e00000, 0x0000000085e00000|100%|HC|  |TAMS 0x0000000085d00000| PB 0x0000000085d00000| Complete |  0
|  36|0x0000000085e00000, 0x0000000085f00000, 0x0000000085f00000|100%|HC|  |TAMS 0x0000000085e00000| PB 0x0000000085e00000| Complete |  0
|  37|0x0000000085f00000, 0x0000000086000000, 0x0000000086000000|100%|HC|  |TAMS 0x0000000085f00000| PB 0x0000000085f00000| Complete |  0
|  38|0x0000000086000000, 0x0000000086100000, 0x0000000086100000|100%|HC|  |TAMS 0x0000000086000000| PB 0x0000000086000000| Complete |  0
|  39|0x0000000086100000, 0x0000000086200000, 0x0000000086200000|100%|HC|  |TAMS 0x0000000086100000| PB 0x0000000086100000| Complete |  0
|  40|0x0000000086200000, 0x0000000086300000, 0x0000000086300000|100%|HC|  |TAMS 0x0000000086200000| PB 0x0000000086200000| Complete |  0
|  41|0x0000000086300000, 0x0000000086400000, 0x0000000086400000|100%|HC|  |TAMS 0x0000000086300000| PB 0x0000000086300000| Complete |  0
|  42|0x0000000086400000, 0x0000000086500000, 0x0000000086500000|100%|HC|  |TAMS 0x0000000086400000| PB 0x0000000086400000| Complete |  0
|  43|0x0000000086500000, 0x0000000086600000, 0x0000000086600000|100%|HC|  |TAMS 0x0000000086500000| PB 0x0000000086500000| Complete |  0
|  44|0x0000000086600000, 0x0000000086700000, 0x0000000086700000|100%|HC|  |TAMS 0x0000000086600000| PB 0x0000000086600000| Complete |  0
|  45|0x0000000086700000, 0x0000000086800000, 0x0000000086800000|100%|HC|  |TAMS 0x0000000086700000| PB 0x0000000086700000| Complete |  0
|  46|0x0000000086800000, 0x0000000086800000, 0x0000000086900000|  0%| F|  |TAMS 0x0000000086800000| PB 0x0000000086800000| Untracked |  0
|  47|0x0000000086900000, 0x0000000086900000, 0x0000000086a00000|  0%| F|  |TAMS 0x0000000086900000| PB 0x0000000086900000| Untracked |  0
|  48|0x0000000086a00000, 0x0000000086a00000, 0x0000000086b00000|  0%| F|  |TAMS 0x0000000086a00000| PB 0x0000000086a00000| Untracked |  0
|  49|0x0000000086b00000, 0x0000000086b00000, 0x0000000086c00000|  0%| F|  |TAMS 0x0000000086b00000| PB 0x0000000086b00000| Untracked |  0
|  50|0x0000000086c00000, 0x0000000086c00000, 0x0000000086d00000|  0%| F|  |TAMS 0x0000000086c00000| PB 0x0000000086c00000| Untracked |  0
|  51|0x0000000086d00000, 0x0000000086d00000, 0x0000000086e00000|  0%| F|  |TAMS 0x0000000086d00000| PB 0x0000000086d00000| Untracked |  0
|  52|0x0000000086e00000, 0x0000000086e00000, 0x0000000086f00000|  0%| F|  |TAMS 0x0000000086e00000| PB 0x0000000086e00000| Untracked |  0
|  53|0x0000000086f00000, 0x0000000086f00000, 0x0000000087000000|  0%| F|  |TAMS 0x0000000086f00000| PB 0x0000000086f00000| Untracked |  0
|  54|0x0000000087000000, 0x0000000087100000, 0x0000000087100000|100%| O|  |TAMS 0x0000000087000000| PB 0x0000000087000000| Untracked |  0
|  55|0x0000000087100000, 0x0000000087200000, 0x0000000087200000|100%| O|  |TAMS 0x0000000087100000| PB 0x0000000087100000| Untracked |  0
|  56|0x0000000087200000, 0x0000000087300000, 0x0000000087300000|100%| O|  |TAMS 0x0000000087200000| PB 0x0000000087200000| Untracked |  0
|  57|0x0000000087300000, 0x0000000087399110, 0x0000000087400000| 59%| O|  |TAMS 0x0000000087300000| PB 0x0000000087300000| Untracked |  0
|  58|0x0000000087400000, 0x0000000087400000, 0x0000000087500000|  0%| F|  |TAMS 0x0000000087400000| PB 0x0000000087400000| Untracked |  0
|  59|0x0000000087500000, 0x0000000087500000, 0x0000000087600000|  0%| F|  |TAMS 0x0000000087500000| PB 0x0000000087500000| Untracked |  0
|  60|0x0000000087600000, 0x0000000087600000, 0x0000000087700000|  0%| F|  |TAMS 0x0000000087600000| PB 0x0000000087600000| Untracked |  0
|  61|0x0000000087700000, 0x0000000087700000, 0x0000000087800000|  0%| F|  |TAMS 0x0000000087700000| PB 0x0000000087700000| Untracked |  0
|  62|0x0000000087800000, 0x0000000087800000, 0x0000000087900000|  0%| F|  |TAMS 0x0000000087800000| PB 0x0000000087800000| Untracked |  0
|  63|0x0000000087900000, 0x0000000087900000, 0x0000000087a00000|  0%| F|  |TAMS 0x0000000087900000| PB 0x0000000087900000| Untracked |  0
|  64|0x0000000087a00000, 0x0000000087a00000, 0x0000000087b00000|  0%| F|  |TAMS 0x0000000087a00000| PB 0x0000000087a00000| Untracked |  0
|  65|0x0000000087b00000, 0x0000000087b00000, 0x0000000087c00000|  0%| F|  |TAMS 0x0000000087b00000| PB 0x0000000087b00000| Untracked |  0
|  66|0x0000000087c00000, 0x0000000087c00000, 0x0000000087d00000|  0%| F|  |TAMS 0x0000000087c00000| PB 0x0000000087c00000| Untracked |  0
|  67|0x0000000087d00000, 0x0000000087d00000, 0x0000000087e00000|  0%| F|  |TAMS 0x0000000087d00000| PB 0x0000000087d00000| Untracked |  0
|  68|0x0000000087e00000, 0x0000000087e00000, 0x0000000087f00000|  0%| F|  |TAMS 0x0000000087e00000| PB 0x0000000087e00000| Untracked |  0
|  69|0x0000000087f00000, 0x0000000087f00000, 0x0000000088000000|  0%| F|  |TAMS 0x0000000087f00000| PB 0x0000000087f00000| Untracked |  0
|  70|0x0000000088000000, 0x0000000088000000, 0x0000000088100000|  0%| F|  |TAMS 0x0000000088000000| PB 0x0000000088000000| Untracked |  0
|  71|0x0000000088100000, 0x0000000088100000, 0x0000000088200000|  0%| F|  |TAMS 0x0000000088100000| PB 0x0000000088100000| Untracked |  0
|  72|0x0000000088200000, 0x0000000088280000, 0x0000000088300000| 50%| E|  |TAMS 0x0000000088200000| PB 0x0000000088200000| Complete |  0
|  73|0x0000000088300000, 0x0000000088400000, 0x0000000088400000|100%| E|CS|TAMS 0x0000000088300000| PB 0x0000000088300000| Complete |  0
|  74|0x0000000088400000, 0x0000000088500000, 0x0000000088500000|100%| E|CS|TAMS 0x0000000088400000| PB 0x0000000088400000| Complete |  0
|  75|0x0000000088500000, 0x0000000088600000, 0x0000000088600000|100%| E|CS|TAMS 0x0000000088500000| PB 0x0000000088500000| Complete |  0
|  76|0x0000000088600000, 0x0000000088700000, 0x0000000088700000|100%| E|CS|TAMS 0x0000000088600000| PB 0x0000000088600000| Complete |  0
|  77|0x0000000088700000, 0x0000000088800000, 0x0000000088800000|100%| E|CS|TAMS 0x0000000088700000| PB 0x0000000088700000| Complete |  0
|  78|0x0000000088800000, 0x0000000088900000, 0x0000000088900000|100%| E|CS|TAMS 0x0000000088800000| PB 0x0000000088800000| Complete |  0
|  79|0x0000000088900000, 0x0000000088a00000, 0x0000000088a00000|100%| E|CS|TAMS 0x0000000088900000| PB 0x0000000088900000| Complete |  0
|  80|0x0000000088a00000, 0x0000000088b00000, 0x0000000088b00000|100%| E|CS|TAMS 0x0000000088a00000| PB 0x0000000088a00000| Complete |  0
|  81|0x0000000088b00000, 0x0000000088c00000, 0x0000000088c00000|100%| E|CS|TAMS 0x0000000088b00000| PB 0x0000000088b00000| Complete |  0
|  82|0x0000000088c00000, 0x0000000088d00000, 0x0000000088d00000|100%| E|CS|TAMS 0x0000000088c00000| PB 0x0000000088c00000| Complete |  0
|  83|0x0000000088d00000, 0x0000000088e00000, 0x0000000088e00000|100%| E|CS|TAMS 0x0000000088d00000| PB 0x0000000088d00000| Complete |  0
|  84|0x0000000088e00000, 0x0000000088f00000, 0x0000000088f00000|100%| E|CS|TAMS 0x0000000088e00000| PB 0x0000000088e00000| Complete |  0
|  85|0x0000000088f00000, 0x0000000089000000, 0x0000000089000000|100%| E|CS|TAMS 0x0000000088f00000| PB 0x0000000088f00000| Complete |  0
|  86|0x0000000089000000, 0x0000000089100000, 0x0000000089100000|100%| E|CS|TAMS 0x0000000089000000| PB 0x0000000089000000| Complete |  0
|  87|0x0000000089100000, 0x0000000089200000, 0x0000000089200000|100%| E|CS|TAMS 0x0000000089100000| PB 0x0000000089100000| Complete |  0
|  88|0x0000000089200000, 0x0000000089300000, 0x0000000089300000|100%| E|CS|TAMS 0x0000000089200000| PB 0x0000000089200000| Complete |  0
|  89|0x0000000089300000, 0x0000000089400000, 0x0000000089400000|100%| E|CS|TAMS 0x0000000089300000| PB 0x0000000089300000| Complete |  0
|  90|0x0000000089400000, 0x0000000089500000, 0x0000000089500000|100%| E|CS|TAMS 0x0000000089400000| PB 0x0000000089400000| Complete |  0
|  91|0x0000000089500000, 0x0000000089600000, 0x0000000089600000|100%| E|CS|TAMS 0x0000000089500000| PB 0x0000000089500000| Complete |  0
|  92|0x0000000089600000, 0x0000000089700000, 0x0000000089700000|100%| E|CS|TAMS 0x0000000089600000| PB 0x0000000089600000| Complete |  0
|  93|0x0000000089700000, 0x0000000089800000, 0x0000000089800000|100%| E|CS|TAMS 0x0000000089700000| PB 0x0000000089700000| Complete |  0
|  94|0x0000000089800000, 0x0000000089900000, 0x0000000089900000|100%| E|CS|TAMS 0x0000000089800000| PB 0x0000000089800000| Complete |  0
|  95|0x0000000089900000, 0x0000000089a00000, 0x0000000089a00000|100%| E|CS|TAMS 0x0000000089900000| PB 0x0000000089900000| Complete |  0
|  96|0x0000000089a00000, 0x0000000089b00000, 0x0000000089b00000|100%| E|CS|TAMS 0x0000000089a00000| PB 0x0000000089a00000| Complete |  0
|  97|0x0000000089b00000, 0x0000000089c00000, 0x0000000089c00000|100%| E|CS|TAMS 0x0000000089b00000| PB 0x0000000089b00000| Complete |  0
|  98|0x0000000089c00000, 0x0000000089d00000, 0x0000000089d00000|100%| E|CS|TAMS 0x0000000089c00000| PB 0x0000000089c00000| Complete |  0
|  99|0x0000000089d00000, 0x0000000089e00000, 0x0000000089e00000|100%| E|CS|TAMS 0x0000000089d00000| PB 0x0000000089d00000| Complete |  0
| 100|0x0000000089e00000, 0x0000000089f00000, 0x0000000089f00000|100%| E|CS|TAMS 0x0000000089e00000| PB 0x0000000089e00000| Complete |  0
| 101|0x0000000089f00000, 0x000000008a000000, 0x000000008a000000|100%| E|CS|TAMS 0x0000000089f00000| PB 0x0000000089f00000| Complete |  0
| 102|0x000000008a000000, 0x000000008a100000, 0x000000008a100000|100%| E|CS|TAMS 0x000000008a000000| PB 0x000000008a000000| Complete |  0
| 103|0x000000008a100000, 0x000000008a200000, 0x000000008a200000|100%| E|CS|TAMS 0x000000008a100000| PB 0x000000008a100000| Complete |  0
| 104|0x000000008a200000, 0x000000008a300000, 0x000000008a300000|100%| E|CS|TAMS 0x000000008a200000| PB 0x000000008a200000| Complete |  0
| 105|0x000000008a300000, 0x000000008a400000, 0x000000008a400000|100%| E|CS|TAMS 0x000000008a300000| PB 0x000000008a300000| Complete |  0
| 106|0x000000008a400000, 0x000000008a500000, 0x000000008a500000|100%| E|CS|TAMS 0x000000008a400000| PB 0x000000008a400000| Complete |  0
| 107|0x000000008a500000, 0x000000008a600000, 0x000000008a600000|100%| E|CS|TAMS 0x000000008a500000| PB 0x000000008a500000| Complete |  0
| 108|0x000000008a600000, 0x000000008a700000, 0x000000008a700000|100%| E|CS|TAMS 0x000000008a600000| PB 0x000000008a600000| Complete |  0
| 109|0x000000008a700000, 0x000000008a800000, 0x000000008a800000|100%| E|CS|TAMS 0x000000008a700000| PB 0x000000008a700000| Complete |  0
| 110|0x000000008a800000, 0x000000008a900000, 0x000000008a900000|100%| E|CS|TAMS 0x000000008a800000| PB 0x000000008a800000| Complete |  0
| 111|0x000000008a900000, 0x000000008aa00000, 0x000000008aa00000|100%| E|CS|TAMS 0x000000008a900000| PB 0x000000008a900000| Complete |  0
| 112|0x000000008aa00000, 0x000000008ab00000, 0x000000008ab00000|100%| E|CS|TAMS 0x000000008aa00000| PB 0x000000008aa00000| Complete |  0
| 113|0x000000008ab00000, 0x000000008ac00000, 0x000000008ac00000|100%| E|CS|TAMS 0x000000008ab00000| PB 0x000000008ab00000| Complete |  0
| 114|0x000000008ac00000, 0x000000008ad00000, 0x000000008ad00000|100%| E|CS|TAMS 0x000000008ac00000| PB 0x000000008ac00000| Complete |  0
| 115|0x000000008ad00000, 0x000000008ae00000, 0x000000008ae00000|100%| E|CS|TAMS 0x000000008ad00000| PB 0x000000008ad00000| Complete |  0
| 116|0x000000008ae00000, 0x000000008af00000, 0x000000008af00000|100%| E|CS|TAMS 0x000000008ae00000| PB 0x000000008ae00000| Complete |  0
| 117|0x000000008af00000, 0x000000008b000000, 0x000000008b000000|100%| E|CS|TAMS 0x000000008af00000| PB 0x000000008af00000| Complete |  0
| 118|0x000000008b000000, 0x000000008b100000, 0x000000008b100000|100%| E|CS|TAMS 0x000000008b000000| PB 0x000000008b000000| Complete |  0
| 119|0x000000008b100000, 0x000000008b200000, 0x000000008b200000|100%| E|CS|TAMS 0x000000008b100000| PB 0x000000008b100000| Complete |  0
| 120|0x000000008b200000, 0x000000008b300000, 0x000000008b300000|100%| E|CS|TAMS 0x000000008b200000| PB 0x000000008b200000| Complete |  0
| 121|0x000000008b300000, 0x000000008b334720, 0x000000008b400000| 20%| S|CS|TAMS 0x000000008b300000| PB 0x000000008b300000| Complete |  0
| 122|0x000000008b400000, 0x000000008b500000, 0x000000008b500000|100%| S|CS|TAMS 0x000000008b400000| PB 0x000000008b400000| Complete |  0
| 123|0x000000008b500000, 0x000000008b600000, 0x000000008b600000|100%| S|CS|TAMS 0x000000008b500000| PB 0x000000008b500000| Complete |  0
| 124|0x000000008b600000, 0x000000008b700000, 0x000000008b700000|100%| S|CS|TAMS 0x000000008b600000| PB 0x000000008b600000| Complete |  0
| 125|0x000000008b700000, 0x000000008b800000, 0x000000008b800000|100%| E|CS|TAMS 0x000000008b700000| PB 0x000000008b700000| Complete |  0

Card table byte_map: [0x000001f6ed640000,0x000001f6eda30000] _byte_map_base: 0x000001f6ed223000

Marking Bits: (CMBitMap*) 0x000001f6d5c35a60
 Bits: [0x000001f6eda30000, 0x000001f6ef948000)

Polling page: 0x000001f6d3b40000

Metaspace:

Usage:
  Non-class:     17.91 MB used.
      Class:      2.23 MB used.
       Both:     20.15 MB used.

Virtual space:
  Non-class space:       64.00 MB reserved,      18.12 MB ( 28%) committed,  1 nodes.
      Class space:        1.00 GB reserved,       2.38 MB ( <1%) committed,  1 nodes.
             Both:        1.06 GB reserved,      20.50 MB (  2%) committed. 

Chunk freelists:
   Non-Class:  13.82 MB
       Class:  13.51 MB
        Both:  27.34 MB

MaxMetaspaceSize: unlimited
CompressedClassSpaceSize: 1.00 GB
Initial GC threshold: 21.00 MB
Current GC threshold: 21.00 MB
CDS: on
 - commit_granule_bytes: 65536.
 - commit_granule_words: 8192.
 - virtual_space_node_default_size: 8388608.
 - enlarge_chunks_in_place: 1.
 - use_allocation_guard: 0.


Internal statistics:

num_allocs_failed_limit: 0.
num_arena_births: 228.
num_arena_deaths: 0.
num_vsnodes_births: 2.
num_vsnodes_deaths: 0.
num_space_committed: 328.
num_space_uncommitted: 0.
num_chunks_returned_to_freelist: 0.
num_chunks_taken_from_freelist: 946.
num_chunk_merges: 0.
num_chunk_splits: 655.
num_chunks_enlarged: 513.
num_inconsistent_stats: 0.

CodeHeap 'non-profiled nmethods': size=120000Kb used=3425Kb max_used=3425Kb free=116574Kb
 bounds [0x000001f6e59f0000, 0x000001f6e5d50000, 0x000001f6ecf20000]
CodeHeap 'profiled nmethods': size=120000Kb used=13206Kb max_used=13206Kb free=106794Kb
 bounds [0x000001f6ddf20000, 0x000001f6dec10000, 0x000001f6e5450000]
CodeHeap 'non-nmethods': size=5760Kb used=1620Kb max_used=1641Kb free=4139Kb
 bounds [0x000001f6e5450000, 0x000001f6e56c0000, 0x000001f6e59f0000]
 total_blobs=6468 nmethods=5924 adapters=448
 compilation: enabled
              stopped_count=0, restarted_count=0
 full_count=0

Compilation events (20 events):
Event: 60.965 Thread 0x000001f6f238f2a0 nmethod 5901 0x000001f6e5d45090 code [0x000001f6e5d45300, 0x000001f6e5d45e80]
Event: 61.049 Thread 0x000001f6f23922b0 5902       3       org.apache.maven.surefire.shared.utils.io.SelectorUtils::equals (37 bytes)
Event: 61.049 Thread 0x000001f6f23922b0 nmethod 5902 0x000001f6debec590 code [0x000001f6debec800, 0x000001f6debed100]
Event: 61.066 Thread 0x000001f6f23922b0 5903   !   3       sun.nio.fs.WindowsPath::initOffsets (153 bytes)
Event: 61.068 Thread 0x000001f6f23922b0 nmethod 5903 0x000001f6debed410 code [0x000001f6debed7e0, 0x000001f6debefaf0]
Event: 61.068 Thread 0x000001f6f23922b0 5904       3       org.apache.maven.shared.artifact.filter.PatternIncludesArtifactFilter::include (22 bytes)
Event: 61.068 Thread 0x000001f6f238f2a0 5907       4       java.util.stream.ReduceOps$3ReducingSink::accept (15 bytes)
Event: 61.070 Thread 0x000001f6f23922b0 nmethod 5904 0x000001f6debf0810 code [0x000001f6debf0ae0, 0x000001f6debf16c0]
Event: 61.070 Thread 0x000001f6f23922b0 5905       3       org.apache.maven.shared.artifact.filter.PatternIncludesArtifactFilter::patternMatches (28 bytes)
Event: 61.070 Thread 0x000001f6f23922b0 nmethod 5905 0x000001f6debf1b10 code [0x000001f6debf1d20, 0x000001f6debf23f0]
Event: 61.070 Thread 0x000001f6f23922b0 5906       3       sun.invoke.util.VerifyAccess::getClassModifiers (24 bytes)
Event: 61.071 Thread 0x000001f6f23922b0 nmethod 5906 0x000001f6debf2610 code [0x000001f6debf27e0, 0x000001f6debf2a18]
Event: 61.089 Thread 0x000001f6f238f2a0 nmethod 5907 0x000001f6e5d46510 code [0x000001f6e5d46760, 0x000001f6e5d47420]
Event: 61.089 Thread 0x000001f6f238f2a0 5908       4       java.util.WeakHashMap::put (160 bytes)
Event: 61.095 Thread 0x000001f6f23922b0 5909       3       java.lang.invoke.MethodHandles$Lookup::resolveOrFail (44 bytes)
Event: 61.096 Thread 0x000001f6f23922b0 nmethod 5909 0x000001f6debf2b10 code [0x000001f6debf2dc0, 0x000001f6debf3970]
Event: 61.097 Thread 0x000001f6f23922b0 5910       3       java.lang.invoke.MethodHandles$Lookup::getDirectMethodForConstant (72 bytes)
Event: 61.098 Thread 0x000001f6f23922b0 nmethod 5910 0x000001f6debf3d90 code [0x000001f6debf40e0, 0x000001f6debf51f8]
Event: 61.098 Thread 0x000001f6f23922b0 5911       3       jdk.internal.org.objectweb.asm.FieldWriter::visitEnd (1 bytes)
Event: 61.098 Thread 0x000001f6f23922b0 nmethod 5911 0x000001f6debf5790 code [0x000001f6debf5920, 0x000001f6debf5a28]

GC Heap History (16 events):
Event: 13.757 GC heap before
{Heap before GC invocations=0 (full 0):
 garbage-first heap   total reserved 2037760K, committed 129024K, used 23552K [0x0000000083a00000, 0x0000000100000000)
  region size 1024K, 24 young (24576K), 0 survivors (0K)
 Metaspace       used 6015K, committed 6208K, reserved 1114112K
  class space    used 709K, committed 768K, reserved 1048576K
}
Event: 13.962 GC heap after
{Heap after GC invocations=1 (full 0):
 garbage-first heap   total reserved 2037760K, committed 129024K, used 3998K [0x0000000083a00000, 0x0000000100000000)
  region size 1024K, 3 young (3072K), 3 survivors (3072K)
 Metaspace       used 6015K, committed 6208K, reserved 1114112K
  class space    used 709K, committed 768K, reserved 1048576K
}
Event: 22.704 GC heap before
{Heap before GC invocations=1 (full 0):
 garbage-first heap   total reserved 2037760K, committed 129024K, used 35742K [0x0000000083a00000, 0x0000000100000000)
  region size 1024K, 34 young (34816K), 3 survivors (3072K)
 Metaspace       used 9982K, committed 10176K, reserved 1114112K
  class space    used 1198K, committed 1280K, reserved 1048576K
}
Event: 22.714 GC heap after
{Heap after GC invocations=2 (full 0):
 garbage-first heap   total reserved 2037760K, committed 129024K, used 5857K [0x0000000083a00000, 0x0000000100000000)
  region size 1024K, 2 young (2048K), 2 survivors (2048K)
 Metaspace       used 9982K, committed 10176K, reserved 1114112K
  class space    used 1198K, committed 1280K, reserved 1048576K
}
Event: 36.831 GC heap before
{Heap before GC invocations=2 (full 0):
 garbage-first heap   total reserved 2037760K, committed 129024K, used 80609K [0x0000000083a00000, 0x0000000100000000)
  region size 1024K, 75 young (76800K), 2 survivors (2048K)
 Metaspace       used 16199K, committed 16512K, reserved 1114112K
  class space    used 1925K, committed 2048K, reserved 1048576K
}
Event: 36.849 GC heap after
{Heap after GC invocations=3 (full 0):
 garbage-first heap   total reserved 2037760K, committed 129024K, used 14277K [0x0000000083a00000, 0x0000000100000000)
  region size 1024K, 10 young (10240K), 10 survivors (10240K)
 Metaspace       used 16199K, committed 16512K, reserved 1114112K
  class space    used 1925K, committed 2048K, reserved 1048576K
}
Event: 44.398 GC heap before
{Heap before GC invocations=3 (full 0):
 garbage-first heap   total reserved 2037760K, committed 129024K, used 80837K [0x0000000083a00000, 0x0000000100000000)
  region size 1024K, 75 young (76800K), 10 survivors (10240K)
 Metaspace       used 16744K, committed 17024K, reserved 1114112K
  class space    used 1932K, committed 2048K, reserved 1048576K
}
Event: 44.415 GC heap after
{Heap after GC invocations=4 (full 0):
 garbage-first heap   total reserved 2037760K, committed 129024K, used 18766K [0x0000000083a00000, 0x0000000100000000)
  region size 1024K, 5 young (5120K), 5 survivors (5120K)
 Metaspace       used 16744K, committed 17024K, reserved 1114112K
  class space    used 1932K, committed 2048K, reserved 1048576K
}
Event: 50.992 GC heap before
{Heap before GC invocations=4 (full 0):
 garbage-first heap   total reserved 2037760K, committed 129024K, used 108878K [0x0000000083a00000, 0x0000000100000000)
  region size 1024K, 54 young (55296K), 5 survivors (5120K)
 Metaspace       used 18321K, committed 18688K, reserved 1114112K
  class space    used 2090K, committed 2240K, reserved 1048576K
}
Event: 51.001 GC heap after
{Heap after GC invocations=5 (full 0):
 garbage-first heap   total reserved 2037760K, committed 129024K, used 30030K [0x0000000083a00000, 0x0000000100000000)
  region size 1024K, 8 young (8192K), 8 survivors (8192K)
 Metaspace       used 18321K, committed 18688K, reserved 1114112K
  class space    used 2090K, committed 2240K, reserved 1048576K
}
Event: 51.009 GC heap before
{Heap before GC invocations=5 (full 0):
 garbage-first heap   total reserved 2037760K, committed 129024K, used 62798K [0x0000000083a00000, 0x0000000100000000)
  region size 1024K, 9 young (9216K), 8 survivors (8192K)
 Metaspace       used 18323K, committed 18688K, reserved 1114112K
  class space    used 2090K, committed 2240K, reserved 1048576K
}
Event: 51.016 GC heap after
{Heap after GC invocations=6 (full 0):
 garbage-first heap   total reserved 2037760K, committed 129024K, used 30087K [0x0000000083a00000, 0x0000000100000000)
  region size 1024K, 4 young (4096K), 4 survivors (4096K)
 Metaspace       used 18323K, committed 18688K, reserved 1114112K
  class space    used 2090K, committed 2240K, reserved 1048576K
}
Event: 51.024 GC heap before
{Heap before GC invocations=6 (full 0):
 garbage-first heap   total reserved 2037760K, committed 129024K, used 54663K [0x0000000083a00000, 0x0000000100000000)
  region size 1024K, 5 young (5120K), 4 survivors (4096K)
 Metaspace       used 18323K, committed 18688K, reserved 1114112K
  class space    used 2090K, committed 2240K, reserved 1048576K
}
Event: 51.028 GC heap after
{Heap after GC invocations=7 (full 0):
 garbage-first heap   total reserved 2037760K, committed 129024K, used 21340K [0x0000000083a00000, 0x0000000100000000)
  region size 1024K, 4 young (4096K), 4 survivors (4096K)
 Metaspace       used 18323K, committed 18688K, reserved 1114112K
  class space    used 2090K, committed 2240K, reserved 1048576K
}
Event: 51.037 GC heap before
{Heap before GC invocations=7 (full 0):
 garbage-first heap   total reserved 2037760K, committed 129024K, used 54108K [0x0000000083a00000, 0x0000000100000000)
  region size 1024K, 5 young (5120K), 4 survivors (4096K)
 Metaspace       used 18323K, committed 18688K, reserved 1114112K
  class space    used 2090K, committed 2240K, reserved 1048576K
}
Event: 51.041 GC heap after
{Heap after GC invocations=8 (full 0):
 garbage-first heap   total reserved 2037760K, committed 129024K, used 21302K [0x0000000083a00000, 0x0000000100000000)
  region size 1024K, 4 young (4096K), 4 survivors (4096K)
 Metaspace       used 18323K, committed 18688K, reserved 1114112K
  class space    used 2090K, committed 2240K, reserved 1048576K
}

Dll operation events (12 events):
Event: 0.907 Loaded shared library C:\Users\USER\.jdks\openjdk-22.0.2\bin\java.dll
Event: 1.133 Loaded shared library C:\Users\USER\.jdks\openjdk-22.0.2\bin\jsvml.dll
Event: 1.347 Loaded shared library C:\Users\USER\.jdks\openjdk-22.0.2\bin\zip.dll
Event: 1.359 Loaded shared library C:\Users\USER\.jdks\openjdk-22.0.2\bin\instrument.dll
Event: 1.376 Loaded shared library C:\Users\USER\.jdks\openjdk-22.0.2\bin\net.dll
Event: 1.391 Loaded shared library C:\Users\USER\.jdks\openjdk-22.0.2\bin\nio.dll
Event: 1.409 Loaded shared library C:\Users\USER\.jdks\openjdk-22.0.2\bin\zip.dll
Event: 2.055 Loaded shared library C:\Program Files\JetBrains\IntelliJ IDEA 2024.2.0.1\bin\breakgen64.dll
Event: 2.360 Loaded shared library C:\Users\USER\.jdks\openjdk-22.0.2\bin\extnet.dll
Event: 3.725 Loaded shared library C:\Users\USER\.jdks\openjdk-22.0.2\bin\jimage.dll
Event: 7.216 Loaded shared library C:\Users\USER\AppData\Local\Temp\jansi-2.4.1-24cedfd6152f28e3-jansi.dll
Event: 7.262 Loaded shared library C:\Users\USER\.jdks\openjdk-22.0.2\bin\verify.dll

Deoptimization events (20 events):
Event: 61.068 Thread 0x000001f6d3983190 Uncommon trap: trap_request=0xffffffc6 fr.pc=0x000001f6e5c43f94 relative=0x0000000000000b74
Event: 61.068 Thread 0x000001f6d3983190 Uncommon trap: reason=bimorphic_or_optimized_type_check action=maybe_recompile pc=0x000001f6e5c43f94 method=java.util.stream.Collectors.lambda$uniqKeysMapAccumulator$1(Ljava/util/function/Function;Ljava/util/function/Function;Ljava/util/Map;Ljava/lang/Obj
Event: 61.068 Thread 0x000001f6d3983190 DEOPT PACKING pc=0x000001f6e5c43f94 sp=0x000000e81b8fe360
Event: 61.068 Thread 0x000001f6d3983190 DEOPT UNPACKING pc=0x000001f6e54a7da2 sp=0x000000e81b8fe268 mode 2
Event: 61.068 Thread 0x000001f6d3983190 Uncommon trap: trap_request=0xffffffc6 fr.pc=0x000001f6e5c43f94 relative=0x0000000000000b74
Event: 61.068 Thread 0x000001f6d3983190 Uncommon trap: reason=bimorphic_or_optimized_type_check action=maybe_recompile pc=0x000001f6e5c43f94 method=java.util.stream.Collectors.lambda$uniqKeysMapAccumulator$1(Ljava/util/function/Function;Ljava/util/function/Function;Ljava/util/Map;Ljava/lang/Obj
Event: 61.068 Thread 0x000001f6d3983190 DEOPT PACKING pc=0x000001f6e5c43f94 sp=0x000000e81b8fe360
Event: 61.068 Thread 0x000001f6d3983190 DEOPT UNPACKING pc=0x000001f6e54a7da2 sp=0x000000e81b8fe268 mode 2
Event: 61.068 Thread 0x000001f6d3983190 Uncommon trap: trap_request=0xffffffc6 fr.pc=0x000001f6e5c43f94 relative=0x0000000000000b74
Event: 61.068 Thread 0x000001f6d3983190 Uncommon trap: reason=bimorphic_or_optimized_type_check action=maybe_recompile pc=0x000001f6e5c43f94 method=java.util.stream.Collectors.lambda$uniqKeysMapAccumulator$1(Ljava/util/function/Function;Ljava/util/function/Function;Ljava/util/Map;Ljava/lang/Obj
Event: 61.068 Thread 0x000001f6d3983190 DEOPT PACKING pc=0x000001f6e5c43f94 sp=0x000000e81b8fe360
Event: 61.068 Thread 0x000001f6d3983190 DEOPT UNPACKING pc=0x000001f6e54a7da2 sp=0x000000e81b8fe268 mode 2
Event: 61.068 Thread 0x000001f6d3983190 Uncommon trap: trap_request=0xffffffc6 fr.pc=0x000001f6e5c43f94 relative=0x0000000000000b74
Event: 61.068 Thread 0x000001f6d3983190 Uncommon trap: reason=bimorphic_or_optimized_type_check action=maybe_recompile pc=0x000001f6e5c43f94 method=java.util.stream.Collectors.lambda$uniqKeysMapAccumulator$1(Ljava/util/function/Function;Ljava/util/function/Function;Ljava/util/Map;Ljava/lang/Obj
Event: 61.068 Thread 0x000001f6d3983190 DEOPT PACKING pc=0x000001f6e5c43f94 sp=0x000000e81b8fe360
Event: 61.068 Thread 0x000001f6d3983190 DEOPT UNPACKING pc=0x000001f6e54a7da2 sp=0x000000e81b8fe268 mode 2
Event: 61.091 Thread 0x000001f6d3983190 Uncommon trap: trap_request=0xffffff45 fr.pc=0x000001f6e5ce6338 relative=0x0000000000000a98
Event: 61.091 Thread 0x000001f6d3983190 Uncommon trap: reason=unstable_if action=reinterpret pc=0x000001f6e5ce6338 method=org.codehaus.plexus.classworlds.realm.Entry.matches(Ljava/lang/String;)Z @ 20 c2
Event: 61.091 Thread 0x000001f6d3983190 DEOPT PACKING pc=0x000001f6e5ce6338 sp=0x000000e81b8fe190
Event: 61.091 Thread 0x000001f6d3983190 DEOPT UNPACKING pc=0x000001f6e54a7da2 sp=0x000000e81b8fe138 mode 2

Classes loaded (20 events):
Event: 60.943 Loading class java/security/MessageDigestSpi done
Event: 60.943 Loading class java/security/MessageDigest done
Event: 60.943 Loading class sun/security/jca/GetInstance
Event: 60.943 Loading class sun/security/jca/GetInstance done
Event: 60.944 Loading class sun/security/provider/SHA
Event: 60.944 Loading class sun/security/provider/DigestBase
Event: 60.944 Loading class sun/security/provider/DigestBase done
Event: 60.944 Loading class sun/security/provider/SHA done
Event: 60.944 Loading class sun/security/jca/GetInstance$Instance
Event: 60.944 Loading class sun/security/jca/GetInstance$Instance done
Event: 60.944 Loading class java/security/MessageDigest$Delegate
Event: 60.944 Loading class sun/security/util/MessageDigestSpi2
Event: 60.944 Loading class sun/security/util/MessageDigestSpi2 done
Event: 60.944 Loading class java/security/MessageDigest$Delegate done
Event: 60.944 Loading class java/security/MessageDigest$Delegate$CloneableDelegate
Event: 60.944 Loading class java/security/MessageDigest$Delegate$CloneableDelegate done
Event: 60.945 Loading class sun/security/provider/ByteArrayAccess
Event: 60.945 Loading class sun/security/provider/ByteArrayAccess done
Event: 60.945 Loading class sun/security/provider/ByteArrayAccess$BE
Event: 60.946 Loading class sun/security/provider/ByteArrayAccess$BE done

Classes unloaded (0 events):
No events

Classes redefined (0 events):
No events

Internal exceptions (20 events):
Event: 31.709 Thread 0x000001f6d3983190 Exception <a 'java/lang/NoSuchMethodError'{0x0000000089c63580}: 'void java.lang.invoke.DirectMethodHandle$Holder.invokeVirtual(java.lang.Object, java.lang.Object, int)'> (0x0000000089c63580) 
thrown [s\open\src\hotspot\share\interpreter\linkResolver.cpp, line 774]
Event: 31.709 Thread 0x000001f6d3983190 Exception <a 'java/lang/NoSuchMethodError'{0x0000000089c67380}: 'void java.lang.invoke.DirectMethodHandle$Holder.invokeSpecial(java.lang.Object, java.lang.Object, java.lang.Object, int)'> (0x0000000089c67380) 
thrown [s\open\src\hotspot\share\interpreter\linkResolver.cpp, line 774]
Event: 31.710 Thread 0x000001f6d3983190 Exception <a 'java/lang/NoSuchMethodError'{0x0000000089c6aa50}: 'void java.lang.invoke.DelegatingMethodHandle$Holder.reinvoke_L(java.lang.Object, java.lang.Object, int)'> (0x0000000089c6aa50) 
thrown [s\open\src\hotspot\share\interpreter\linkResolver.cpp, line 774]
Event: 35.436 Thread 0x000001f6d3983190 Exception <a 'java/lang/NoSuchMethodError'{0x0000000087725b78}: 'int java.lang.invoke.DirectMethodHandle$Holder.invokeSpecialIFC(java.lang.Object, java.lang.Object, java.lang.Object, java.lang.Object)'> (0x0000000087725b78) 
thrown [s\open\src\hotspot\share\interpreter\linkResolver.cpp, line 774]
Event: 46.226 Thread 0x000001f6d3983190 Implicit null exception at 0x000001f6e5c22618 to 0x000001f6e5c22824
Event: 46.226 Thread 0x000001f6d3983190 Implicit null exception at 0x000001f6e5bf0c98 to 0x000001f6e5bf0eac
Event: 46.227 Thread 0x000001f6d3983190 Implicit null exception at 0x000001f6e5a8ff3d to 0x000001f6e5a8ffbd
Event: 46.240 Thread 0x000001f6d3983190 Implicit null exception at 0x000001f6e5c8fdb7 to 0x000001f6e5c8ff70
Event: 48.472 Thread 0x000001f6d3983190 Exception <a 'java/lang/NoSuchMethodError'{0x0000000089c1ef08}: 'java.lang.Object java.lang.invoke.DirectMethodHandle$Holder.newInvokeSpecial(java.lang.Object, java.lang.Object, java.lang.Object, java.lang.Object, java.lang.Object, java.lang.Object, java.lang.Object)'> (0x0000000089c1ef08) 
thrown [s\open\src\hotspot\share\interpreter\linkResolver.cpp, line 774]
Event: 48.478 Thread 0x000001f6d3983190 Implicit null exception at 0x000001f6e5c5c792 to 0x000001f6e5c5d3b4
Event: 49.563 Thread 0x000001f6d3983190 Implicit null exception at 0x000001f6e5bfdd5f to 0x000001f6e5bfe530
Event: 49.587 Thread 0x000001f6d3983190 Exception <a 'java/lang/NoSuchMethodError'{0x00000000891815a0}: 'int java.lang.invoke.DirectMethodHandle$Holder.invokeVirtual(java.lang.Object, java.lang.Object)'> (0x00000000891815a0) 
thrown [s\open\src\hotspot\share\interpreter\linkResolver.cpp, line 774]
Event: 49.734 Thread 0x000001f6d3983190 Implicit null exception at 0x000001f6e5bcb669 to 0x000001f6e5bcbe22
Event: 49.786 Thread 0x000001f6d3983190 Exception <a 'java/lang/NoSuchMethodError'{0x0000000088f70840}: 'void java.lang.invoke.Invokers$Holder.invokeExact_MT(java.lang.Object, java.lang.Object, int, java.lang.Object)'> (0x0000000088f70840) 
thrown [s\open\src\hotspot\share\interpreter\linkResolver.cpp, line 774]
Event: 60.812 Thread 0x000001f6c738b3a0 Exception <a 'java/lang/NoSuchMethodError'{0x00000000887b8148}: 'java.lang.Object java.lang.invoke.DirectMethodHandle$Holder.invokeStatic(java.lang.Object, long, java.lang.Object)'> (0x00000000887b8148) 
thrown [s\open\src\hotspot\share\interpreter\linkResolver.cpp, line 774]
Event: 60.813 Thread 0x000001f6c738b3a0 Exception <a 'java/lang/NoSuchMethodError'{0x00000000887bb620}: 'java.lang.Object java.lang.invoke.DirectMethodHandle$Holder.invokeStaticInit(java.lang.Object, long, java.lang.Object)'> (0x00000000887bb620) 
thrown [s\open\src\hotspot\share\interpreter\linkResolver.cpp, line 774]
Event: 60.813 Thread 0x000001f6c738b3a0 Exception <a 'java/lang/NoSuchMethodError'{0x00000000887c0a48}: 'java.lang.Object java.lang.invoke.DirectMethodHandle$Holder.newInvokeSpecial(java.lang.Object, long)'> (0x00000000887c0a48) 
thrown [s\open\src\hotspot\share\interpreter\linkResolver.cpp, line 774]
Event: 60.816 Thread 0x000001f6c738b3a0 Exception <a 'java/lang/NoSuchMethodError'{0x00000000887c5210}: 'long java.lang.invoke.DirectMethodHandle$Holder.invokeInterface(java.lang.Object, java.lang.Object)'> (0x00000000887c5210) 
thrown [s\open\src\hotspot\share\interpreter\linkResolver.cpp, line 774]
Event: 60.816 Thread 0x000001f6c738b3a0 Exception <a 'java/lang/NoSuchMethodError'{0x00000000887c86c8}: 'long java.lang.invoke.DelegatingMethodHandle$Holder.reinvoke_L(java.lang.Object, java.lang.Object)'> (0x00000000887c86c8) 
thrown [s\open\src\hotspot\share\interpreter\linkResolver.cpp, line 774]
Event: 61.098 Thread 0x000001f6d3983190 Exception <a 'java/lang/NoSuchMethodError'{0x0000000088308ba8}: 'int java.lang.invoke.DirectMethodHandle$Holder.invokeInterface(java.lang.Object, java.lang.Object)'> (0x0000000088308ba8) 
thrown [s\open\src\hotspot\share\interpreter\linkResolver.cpp, line 774]

ZGC Phase Switch (0 events):
No events

VM Operations (20 events):
Event: 53.906 Executing VM operation: Cleanup
Event: 53.906 Executing VM operation: Cleanup done
Event: 56.927 Executing VM operation: Cleanup
Event: 56.927 Executing VM operation: Cleanup done
Event: 56.989 Executing VM operation: HandshakeAllThreads (Deoptimize)
Event: 56.989 Executing VM operation: HandshakeAllThreads (Deoptimize) done
Event: 57.991 Executing VM operation: Cleanup
Event: 57.991 Executing VM operation: Cleanup done
Event: 58.992 Executing VM operation: Cleanup
Event: 58.992 Executing VM operation: Cleanup done
Event: 59.996 Executing VM operation: Cleanup
Event: 59.997 Executing VM operation: Cleanup done
Event: 60.843 Executing VM operation: HandshakeAllThreads (Deoptimize)
Event: 60.843 Executing VM operation: HandshakeAllThreads (Deoptimize) done
Event: 61.028 Executing VM operation: HandshakeAllThreads (HandshakeForDeflation)
Event: 61.028 Executing VM operation: HandshakeAllThreads (HandshakeForDeflation) done
Event: 61.028 Executing VM operation: Cleanup
Event: 61.028 Executing VM operation: Cleanup done
Event: 61.028 Executing VM operation: RendezvousGCThreads
Event: 61.028 Executing VM operation: RendezvousGCThreads done

Memory protections (0 events):
No events

Nmethod flushes (0 events):
No events

Events (20 events):
Event: 21.780 Thread 0x000001f6c55800a0 Thread exited: 0x000001f6c55800a0
Event: 30.362 Thread 0x000001f6d3983190 Thread added: 0x000001f6c5996200
Event: 31.397 Thread 0x000001f6f23922b0 Thread added: 0x000001f6c5eb90c0
Event: 31.704 Thread 0x000001f6c5eb90c0 Thread exited: 0x000001f6c5eb90c0
Event: 31.763 Thread 0x000001f6f23922b0 Thread added: 0x000001f6c5eb90c0
Event: 32.211 Thread 0x000001f6c5eb90c0 Thread exited: 0x000001f6c5eb90c0
Event: 35.043 Thread 0x000001f6f23922b0 Thread added: 0x000001f6c5dd85e0
Event: 35.920 Thread 0x000001f6c5dd85e0 Thread exited: 0x000001f6c5dd85e0
Event: 44.253 Thread 0x000001f6f23922b0 Thread added: 0x000001f6c67f0cb0
Event: 44.738 Thread 0x000001f6c67f0cb0 Thread exited: 0x000001f6c67f0cb0
Event: 45.308 Thread 0x000001f6f23922b0 Thread added: 0x000001f6c57c0db0
Event: 45.507 Thread 0x000001f6c57c0db0 Thread exited: 0x000001f6c57c0db0
Event: 45.998 Thread 0x000001f6f23922b0 Thread added: 0x000001f6c63a5fd0
Event: 47.246 Thread 0x000001f6c63a5fd0 Thread exited: 0x000001f6c63a5fd0
Event: 49.122 Thread 0x000001f6f23922b0 Thread added: 0x000001f6c6c55a10
Event: 49.301 Thread 0x000001f6c6c55a10 Thread exited: 0x000001f6c6c55a10
Event: 49.568 Thread 0x000001f6f23922b0 Thread added: 0x000001f6c6a56d60
Event: 50.424 Thread 0x000001f6c6a56d60 Thread exited: 0x000001f6c6a56d60
Event: 60.800 Thread 0x000001f6d3983190 Thread added: 0x000001f6c738b3a0
Event: 60.818 Thread 0x000001f6c738b3a0 Thread exited: 0x000001f6c738b3a0


Dynamic libraries:
0x00007ff6b3b90000 - 0x00007ff6b3b9e000 	C:\Users\USER\.jdks\openjdk-22.0.2\bin\java.exe
0x00007fffc60d0000 - 0x00007fffc62e7000 	C:\WINDOWS\SYSTEM32\ntdll.dll
0x00007fffc4f30000 - 0x00007fffc4ff4000 	C:\WINDOWS\System32\KERNEL32.DLL
0x00007fffc3750000 - 0x00007fffc3b07000 	C:\WINDOWS\System32\KERNELBASE.dll
0x00007fffc3630000 - 0x00007fffc3741000 	C:\WINDOWS\System32\ucrtbase.dll
0x00007fffbcbe0000 - 0x00007fffbcbf7000 	C:\Users\USER\.jdks\openjdk-22.0.2\bin\jli.dll
0x00007fffc5250000 - 0x00007fffc53ff000 	C:\WINDOWS\System32\USER32.dll
0x00007fffc3460000 - 0x00007fffc3486000 	C:\WINDOWS\System32\win32u.dll
0x00007fffc3e10000 - 0x00007fffc3e39000 	C:\WINDOWS\System32\GDI32.dll
0x00007fffc3bd0000 - 0x00007fffc3ce8000 	C:\WINDOWS\System32\gdi32full.dll
0x00007fffc3cf0000 - 0x00007fffc3d8a000 	C:\WINDOWS\System32\msvcp_win.dll
0x00007fffbcc00000 - 0x00007fffbcc1b000 	C:\Users\USER\.jdks\openjdk-22.0.2\bin\VCRUNTIME140.dll
0x00007fffaed10000 - 0x00007fffaefa3000 	C:\WINDOWS\WinSxS\amd64_microsoft.windows.common-controls_6595b64144ccf1df_6.0.22621.3672_none_2713b9d173822955\COMCTL32.dll
0x00007fffc4570000 - 0x00007fffc4617000 	C:\WINDOWS\System32\msvcrt.dll
0x00007fffc4530000 - 0x00007fffc4561000 	C:\WINDOWS\System32\IMM32.DLL
0x00007fffbcbb0000 - 0x00007fffbcbbc000 	C:\Users\USER\.jdks\openjdk-22.0.2\bin\vcruntime140_1.dll
0x00007fffbc660000 - 0x00007fffbc6ee000 	C:\Users\USER\.jdks\openjdk-22.0.2\bin\msvcp140.dll
0x00007fff63820000 - 0x00007fff64569000 	C:\Users\USER\.jdks\openjdk-22.0.2\bin\server\jvm.dll
0x00007fffc5560000 - 0x00007fffc5612000 	C:\WINDOWS\System32\ADVAPI32.dll
0x00007fffc54b0000 - 0x00007fffc5558000 	C:\WINDOWS\System32\sechost.dll
0x00007fffc3600000 - 0x00007fffc3628000 	C:\WINDOWS\System32\bcrypt.dll
0x00007fffc4410000 - 0x00007fffc4524000 	C:\WINDOWS\System32\RPCRT4.dll
0x00007fffc4230000 - 0x00007fffc42a1000 	C:\WINDOWS\System32\WS2_32.dll
0x00007fffc2260000 - 0x00007fffc22ad000 	C:\WINDOWS\SYSTEM32\POWRPROF.dll
0x00007fffbc490000 - 0x00007fffbc4c4000 	C:\WINDOWS\SYSTEM32\WINMM.dll
0x00007fffb8b10000 - 0x00007fffb8b1a000 	C:\WINDOWS\SYSTEM32\VERSION.dll
0x00007fffc2240000 - 0x00007fffc2253000 	C:\WINDOWS\SYSTEM32\UMPDC.dll
0x00007fffc24f0000 - 0x00007fffc2508000 	C:\WINDOWS\SYSTEM32\kernel.appcore.dll
0x00007fffbcb80000 - 0x00007fffbcb8a000 	C:\Users\USER\.jdks\openjdk-22.0.2\bin\jimage.dll
0x00007fffc0cb0000 - 0x00007fffc0ee2000 	C:\WINDOWS\SYSTEM32\DBGHELP.DLL
0x00007fffc3e40000 - 0x00007fffc41ce000 	C:\WINDOWS\System32\combase.dll
0x00007fffc5860000 - 0x00007fffc5937000 	C:\WINDOWS\System32\OLEAUT32.dll
0x00007fffaf2b0000 - 0x00007fffaf2e2000 	C:\WINDOWS\SYSTEM32\dbgcore.DLL
0x00007fffc33e0000 - 0x00007fffc345b000 	C:\WINDOWS\System32\bcryptPrimitives.dll
0x00007fffbcd30000 - 0x00007fffbcd3f000 	C:\Users\USER\.jdks\openjdk-22.0.2\bin\instrument.dll
0x00007fffbc640000 - 0x00007fffbc65e000 	C:\Users\USER\.jdks\openjdk-22.0.2\bin\java.dll
0x00007fffc4620000 - 0x00007fffc4e89000 	C:\WINDOWS\System32\SHELL32.dll
0x00007fffc5000000 - 0x00007fffc51a5000 	C:\WINDOWS\System32\ole32.dll
0x00007fffc1310000 - 0x00007fffc1c0f000 	C:\WINDOWS\SYSTEM32\windows.storage.dll
0x00007fffc1060000 - 0x00007fffc119f000 	C:\WINDOWS\SYSTEM32\wintypes.dll
0x00007fffc4310000 - 0x00007fffc4409000 	C:\WINDOWS\System32\SHCORE.dll
0x00007fffc41d0000 - 0x00007fffc422e000 	C:\WINDOWS\System32\shlwapi.dll
0x00007fffc3310000 - 0x00007fffc3337000 	C:\WINDOWS\SYSTEM32\profapi.dll
0x00007fffae0d0000 - 0x00007fffae1a7000 	C:\Users\USER\.jdks\openjdk-22.0.2\bin\jsvml.dll
0x00007fffbc580000 - 0x00007fffbc597000 	C:\Users\USER\.jdks\openjdk-22.0.2\bin\zip.dll
0x00007fffbc620000 - 0x00007fffbc630000 	C:\Users\USER\.jdks\openjdk-22.0.2\bin\net.dll
0x00007fffc2990000 - 0x00007fffc29f9000 	C:\WINDOWS\system32\mswsock.dll
0x00007fffbc5e0000 - 0x00007fffbc5f6000 	C:\Users\USER\.jdks\openjdk-22.0.2\bin\nio.dll
0x00007fffbbbf0000 - 0x00007fffbbc0a000 	C:\Program Files\JetBrains\IntelliJ IDEA 2024.2.0.1\bin\breakgen64.dll
0x00007fffba650000 - 0x00007fffba659000 	C:\Users\USER\.jdks\openjdk-22.0.2\bin\extnet.dll
0x00007fff87910000 - 0x00007fff87934000 	C:\Users\USER\AppData\Local\Temp\jansi-2.4.1-24cedfd6152f28e3-jansi.dll
0x00007fffbcd20000 - 0x00007fffbcd30000 	C:\Users\USER\.jdks\openjdk-22.0.2\bin\verify.dll
0x00007fffc2be0000 - 0x00007fffc2bfb000 	C:\WINDOWS\SYSTEM32\CRYPTSP.dll
0x00007fffc2450000 - 0x00007fffc2485000 	C:\WINDOWS\system32\rsaenh.dll
0x00007fffc2a80000 - 0x00007fffc2aa8000 	C:\WINDOWS\SYSTEM32\USERENV.dll
0x00007fffc1ed0000 - 0x00007fffc1efd000 	C:\WINDOWS\SYSTEM32\IPHLPAPI.DLL
0x00007fffc51b0000 - 0x00007fffc51b9000 	C:\WINDOWS\System32\NSI.dll

dbghelp: loaded successfully - version: 4.0.5 - missing functions: none
symbol engine: initialized successfully - sym options: 0x614 - pdb path: .;C:\Users\USER\.jdks\openjdk-22.0.2\bin;C:\WINDOWS\SYSTEM32;C:\WINDOWS\WinSxS\amd64_microsoft.windows.common-controls_6595b64144ccf1df_6.0.22621.3672_none_2713b9d173822955;C:\Users\USER\.jdks\openjdk-22.0.2\bin\server;C:\Program Files\JetBrains\IntelliJ IDEA 2024.2.0.1\bin;C:\Users\USER\AppData\Local\Temp

VM Arguments:
jvm_args: -Dmaven.multiModuleProjectDirectory=C:\Users\USER\IdeaProjects\ssacthree\shop3\ssacthree-shop-api -Djansi.passthrough=true -Dmaven.home=C:\Users\USER\.m2\wrapper\dists\apache-maven-3.9.9-bin\4nf9hui3q3djbarqar9g711ggc\apache-maven-3.9.9 -Dclassworlds.conf=C:\Users\USER\.m2\wrapper\dists\apache-maven-3.9.9-bin\4nf9hui3q3djbarqar9g711ggc\apache-maven-3.9.9\bin\m2.conf -Dmaven.ext.class.path=C:\Program Files\JetBrains\IntelliJ IDEA 2024.2.0.1\plugins\maven\lib\maven-event-listener.jar -javaagent:C:\Program Files\JetBrains\IntelliJ IDEA 2024.2.0.1\lib\idea_rt.jar=34910:C:\Program Files\JetBrains\IntelliJ IDEA 2024.2.0.1\bin -Dfile.encoding=UTF-8 -Dsun.stdout.encoding=UTF-8 -Dsun.stderr.encoding=UTF-8 
java_command: org.codehaus.classworlds.Launcher -Didea.version=2024.2.0.1 test
java_class_path (initial): C:\Users\USER\.m2\wrapper\dists\apache-maven-3.9.9-bin\4nf9hui3q3djbarqar9g711ggc\apache-maven-3.9.9\boot\plexus-classworlds-2.8.0.jar;C:\Users\USER\.m2\wrapper\dists\apache-maven-3.9.9-bin\4nf9hui3q3djbarqar9g711ggc\apache-maven-3.9.9\boot\plexus-classworlds.license
Launcher Type: SUN_STANDARD

[Global flags]
     intx CICompilerCount                          = 4                                         {product} {ergonomic}
     uint ConcGCThreads                            = 2                                         {product} {ergonomic}
     uint G1ConcRefinementThreads                  = 8                                         {product} {ergonomic}
   size_t G1HeapRegionSize                         = 1048576                                   {product} {ergonomic}
   size_t InitialHeapSize                          = 132120576                                 {product} {ergonomic}
   size_t MarkStackSize                            = 4194304                                   {product} {ergonomic}
   size_t MaxHeapSize                              = 2086666240                                {product} {ergonomic}
   size_t MaxNewSize                               = 1251999744                                {product} {ergonomic}
   size_t MinHeapDeltaBytes                        = 1048576                                   {product} {ergonomic}
   size_t MinHeapSize                              = 8388608                                   {product} {ergonomic}
    uintx NonNMethodCodeHeapSize                   = 5839372                                {pd product} {ergonomic}
    uintx NonProfiledCodeHeapSize                  = 122909434                              {pd product} {ergonomic}
    uintx ProfiledCodeHeapSize                     = 122909434                              {pd product} {ergonomic}
    uintx ReservedCodeCacheSize                    = 251658240                              {pd product} {ergonomic}
     bool SegmentedCodeCache                       = true                                      {product} {ergonomic}
   size_t SoftMaxHeapSize                          = 2086666240                             {manageable} {ergonomic}
     bool UseCompressedOops                        = true                           {product lp64_product} {ergonomic}
     bool UseG1GC                                  = true                                      {product} {ergonomic}
     bool UseLargePagesIndividualAllocation        = false                                  {pd product} {ergonomic}

Logging:
Log output configuration:
 #0: stdout all=warning uptime,level,tags foldmultilines=false
 #1: stderr all=off uptime,level,tags foldmultilines=false

Environment Variables:
JAVA_HOME=C:\Users\USER\Downloads\jdk-21.0.3_windows-x64_bin\jdk-21.0.3
PATH=C:\Users\USER\Downloads\jdk-21.0.3_windows-x64_bin\jdk-21.0.3\bin;C:\Program Files\MySQL\MySQL Server 8.0\bin;C:\apache-maven-3.9.8-bin\apache-maven-3.9.8\bin;C:\Users\USER\Downloads\netcat-win32-1.12;C:\Users\USER\Downloads\curl-8.9.0_1-win64-mingw\curl-8.9.0_1-win64-mingw\bin;C:\Program Files\Docker\Docker\resources\bin;C:\Program Files (x86)\Microsoft SQL Server\160\Tools\Binn\;C:\Program Files\Microsoft SQL Server\160\Tools\Binn\;C:\Program Files\Microsoft SQL Server\Client SDK\ODBC\170\Tools\Binn\;C:\Program Files\Microsoft SQL Server\160\DTS\Binn\;C:\Program Files (x86)\Microsoft SQL Server\160\DTS\Binn\;C:\Program Files\Git\cmd;C:\Users\USER\anaconda3;C:\Users\USER\anaconda3\Library\mingw-w64\bin;C:\Users\USER\anaconda3\Library\usr\bin;C:\Users\USER\anaconda3\Library\bin;C:\Users\USER\anaconda3\Scripts;C:\Users\USER\AppData\Local\Microsoft\WindowsApps;C:\Program Files\JetBrains\PyCharm Community Edition 2021.3.2\bin;;C:\Users\USER\AppData\Local\Programs\Microsoft VS Code\bin;;C:\Program Files\JetBrains\IntelliJ IDEA 2024.2.0.1\bin;
USERNAME=USER
OS=Windows_NT
PROCESSOR_IDENTIFIER=Intel64 Family 6 Model 126 Stepping 5, GenuineIntel
TMP=C:\Users\USER\AppData\Local\Temp
TEMP=C:\Users\USER\AppData\Local\Temp




Periodic native trim disabled

---------------  S Y S T E M  ---------------

OS:
 Windows 11 , 64 bit Build 22621 (10.0.22621.3958)
OS uptime: 3 days 9:28 hours
Hyper-V role detected

CPU: total 8 (initial active 8) (4 cores per cpu, 2 threads per core) family 6 model 126 stepping 5 microcode 0xa0, cx8, cmov, fxsr, ht, mmx, 3dnowpref, sse, sse2, sse3, ssse3, sse4.1, sse4.2, popcnt, lzcnt, tsc, tscinvbit, avx, avx2, aes, erms, clmul, bmi1, bmi2, adx, avx512f, avx512dq, avx512cd, avx512bw, avx512vl, sha, fma, vzeroupper, avx512_vpopcntdq, avx512_vpclmulqdq, avx512_vaes, avx512_vnni, clflush, clflushopt, avx512_vbmi2, avx512_vbmi, hv, rdtscp, rdpid, fsrm, gfni, avx512_bitalg, f16c, avx512_ifma
Processor Information for processor 0
  Max Mhz: 1498, Current Mhz: 1098, Mhz Limit: 1093
Processor Information for processor 1
  Max Mhz: 1498, Current Mhz: 998, Mhz Limit: 1093
Processor Information for processor 2
  Max Mhz: 1498, Current Mhz: 1098, Mhz Limit: 1093
Processor Information for processor 3
  Max Mhz: 1498, Current Mhz: 998, Mhz Limit: 1093
Processor Information for processor 4
  Max Mhz: 1498, Current Mhz: 1098, Mhz Limit: 1093
Processor Information for processor 5
  Max Mhz: 1498, Current Mhz: 1098, Mhz Limit: 1093
Processor Information for processor 6
  Max Mhz: 1498, Current Mhz: 1098, Mhz Limit: 1093
Processor Information for processor 7
  Max Mhz: 1498, Current Mhz: 1098, Mhz Limit: 1093

Memory: 4k page, system-wide physical 7953M (514M free)
TotalPageFile size 32529M (AvailPageFile size 535M)
current process WorkingSet (physical memory assigned to process): 224M, peak: 237M
current process commit charge ("private bytes"): 261M, peak: 277M

vm_info: OpenJDK 64-Bit Server VM (22.0.2+9-70) for windows-amd64 JRE (22.0.2+9-70), built on 2024-06-04T16:52:23Z by "mach5one" with MS VC++ 17.6 (VS2022)

END.
