#
# There is insufficient memory for the Java Runtime Environment to continue.
# Native memory allocation (malloc) failed to allocate 640304 bytes. Error detail: Chunk::new
# Possible reasons:
#   The system is out of physical RAM or swap space
#   This process is running with CompressedOops enabled, and the Java Heap may be blocking the growth of the native heap
# Possible solutions:
#   Reduce memory load on the system
#   Increase physical memory or swap space
#   Check if swap backing store is full
#   Decrease Java heap size (-Xmx/-Xms)
#   Decrease number of Java threads
#   Decrease Java thread stack sizes (-Xss)
#   Set larger code cache with -XX:ReservedCodeCacheSize=
#   JVM is running with Unscaled Compressed Oops mode in which the Java heap is
#     placed in the first 4GB address space. The Java Heap base address is the
#     maximum limit for the native heap growth. Please use -XX:HeapBaseMinAddress
#     to set the Java Heap base and to place the Java Heap above 4GB virtual address.
# This output file may be truncated or incomplete.
#
#  Out of Memory Error (arena.cpp:150), pid=26860, tid=25432
#
# JRE version: OpenJDK Runtime Environment (22.0.2+9) (build 22.0.2+9-70)
# Java VM: OpenJDK 64-Bit Server VM (22.0.2+9-70, mixed mode, sharing, tiered, compressed oops, compressed class ptrs, g1 gc, windows-amd64)
# No core dump will be written. Minidumps are not enabled by default on client versions of Windows
#

---------------  S U M M A R Y ------------

Command Line: -Dnet.bytebuddy.agent.attacher.dump= net.bytebuddy.agent.Attacher com.sun.tools.attach.VirtualMachine 25444 C:\Users\USER\.m2\repository\net\bytebuddy\byte-buddy-agent\1.14.19\byte-buddy-agent-1.14.19.jar false 

Host: Intel(R) Core(TM) i5-1035G4 CPU @ 1.10GHz, 8 cores, 7G,  Windows 11 , 64 bit Build 22621 (10.0.22621.3958)
Time: Tue Oct 29 11:03:22 2024  Windows 11 , 64 bit Build 22621 (10.0.22621.3958) elapsed time: 0.408700 seconds (0d 0h 0m 0s)

---------------  T H R E A D  ---------------

Current thread (0x0000022a452480a0):  JavaThread "C2 CompilerThread1" daemon [_thread_in_native, id=25432, stack(0x0000004904e00000,0x0000004904f00000) (1024K)]


Current CompileTask:
C2:409  350       4       java.io.StreamTokenizer::nextToken (1266 bytes)

Stack: [0x0000004904e00000,0x0000004904f00000]
Native frames: (J=compiled Java code, j=interpreted, Vv=VM code, C=native code)
V  [jvm.dll+0x6e26e9]  (no source info available)
V  [jvm.dll+0x875753]  (no source info available)
V  [jvm.dll+0x877b7e]  (no source info available)
V  [jvm.dll+0x878253]  (no source info available)
V  [jvm.dll+0x27fc86]  (no source info available)
V  [jvm.dll+0xc3d0f]  (no source info available)
V  [jvm.dll+0xc3f6b]  (no source info available)
V  [jvm.dll+0x3bb47c]  (no source info available)
V  [jvm.dll+0x387d4b]  (no source info available)
V  [jvm.dll+0x3871ba]  (no source info available)
V  [jvm.dll+0x2477f8]  (no source info available)
V  [jvm.dll+0x246e9f]  (no source info available)
V  [jvm.dll+0x1c4e80]  (no source info available)
V  [jvm.dll+0x2568f3]  (no source info available)
V  [jvm.dll+0x254baa]  (no source info available)
V  [jvm.dll+0x3f57a6]  (no source info available)
V  [jvm.dll+0x81dc0b]  (no source info available)
V  [jvm.dll+0x6e0d85]  (no source info available)
C  [ucrtbase.dll+0x29333]  (no source info available)
C  [KERNEL32.DLL+0x1257d]  (no source info available)
C  [ntdll.dll+0x5af08]  (no source info available)


---------------  P R O C E S S  ---------------

Threads class SMR info:
_java_thread_list=0x0000022a453e3bb0, length=12, elements={
0x0000022a6e471aa0, 0x0000022a6e472dd0, 0x0000022a6e4775c0, 0x0000022a6e4786b0,
0x0000022a6e47b660, 0x0000022a6e481b00, 0x0000022a6e48ade0, 0x0000022a6e48c9d0,
0x0000022a451ebe30, 0x0000022a451eecc0, 0x0000022a452480a0, 0x0000022a4fa02470
}

Java Threads: ( => current thread )
  0x0000022a6e471aa0 JavaThread "Reference Handler"          daemon [_thread_blocked, id=16536, stack(0x0000004904400000,0x0000004904500000) (1024K)]
  0x0000022a6e472dd0 JavaThread "Finalizer"                  daemon [_thread_blocked, id=21560, stack(0x0000004904500000,0x0000004904600000) (1024K)]
  0x0000022a6e4775c0 JavaThread "Signal Dispatcher"          daemon [_thread_blocked, id=13216, stack(0x0000004904600000,0x0000004904700000) (1024K)]
  0x0000022a6e4786b0 JavaThread "Attach Listener"            daemon [_thread_blocked, id=8584, stack(0x0000004904700000,0x0000004904800000) (1024K)]
  0x0000022a6e47b660 JavaThread "Service Thread"             daemon [_thread_blocked, id=19008, stack(0x0000004904800000,0x0000004904900000) (1024K)]
  0x0000022a6e481b00 JavaThread "Monitor Deflation Thread"   daemon [_thread_blocked, id=21396, stack(0x0000004904900000,0x0000004904a00000) (1024K)]
  0x0000022a6e48ade0 JavaThread "C2 CompilerThread0"         daemon [_thread_blocked, id=20224, stack(0x0000004904a00000,0x0000004904b00000) (1024K)]
  0x0000022a6e48c9d0 JavaThread "C1 CompilerThread0"         daemon [_thread_blocked, id=27992, stack(0x0000004904b00000,0x0000004904c00000) (1024K)]
  0x0000022a451ebe30 JavaThread "Notification Thread"        daemon [_thread_blocked, id=23752, stack(0x0000004904c00000,0x0000004904d00000) (1024K)]
  0x0000022a451eecc0 JavaThread "Common-Cleaner"             daemon [_thread_blocked, id=10660, stack(0x0000004904d00000,0x0000004904e00000) (1024K)]
=>0x0000022a452480a0 JavaThread "C2 CompilerThread1"         daemon [_thread_in_native, id=25432, stack(0x0000004904e00000,0x0000004904f00000) (1024K)]
  0x0000022a4fa02470 JavaThread "DestroyJavaVM"                     [_thread_blocked, id=26756, stack(0x0000004903c00000,0x0000004903d00000) (1024K)]
Total: 12

Other Threads:
  0x0000022a6e453870 VMThread "VM Thread"                           [id=1188, stack(0x0000004904300000,0x0000004904400000) (1024K)]
  0x0000022a6e43a9c0 WatcherThread "VM Periodic Task Thread"        [id=27208, stack(0x0000004904200000,0x0000004904300000) (1024K)]
  0x0000022a51c71c40 WorkerThread "GC Thread#0"                     [id=2692, stack(0x0000004903d00000,0x0000004903e00000) (1024K)]
  0x0000022a51c826a0 ConcurrentGCThread "G1 Main Marker"            [id=21812, stack(0x0000004903e00000,0x0000004903f00000) (1024K)]
  0x0000022a51c83950 WorkerThread "G1 Conc#0"                       [id=14884, stack(0x0000004903f00000,0x0000004904000000) (1024K)]
  0x0000022a6e309670 ConcurrentGCThread "G1 Refine#0"               [id=17092, stack(0x0000004904000000,0x0000004904100000) (1024K)]
  0x0000022a6e30b110 ConcurrentGCThread "G1 Service"                [id=17184, stack(0x0000004904100000,0x0000004904200000) (1024K)]
Total: 7

Threads with active compile tasks:
C2 CompilerThread1  771  350       4       java.io.StreamTokenizer::nextToken (1266 bytes)
Total: 1

VM state: not at safepoint (normal execution)

VM Mutex/Monitor currently owned by a thread: None

Heap address: 0x0000000083a00000, size: 1990 MB, Compressed Oops mode: 32-bit

CDS archive(s) mapped at: [0x0000022a00000000-0x0000022a00c60000-0x0000022a00c60000), size 12976128, SharedBaseAddress: 0x0000022a00000000, ArchiveRelocationMode: 1.
Compressed class space mapped at: 0x0000022a01000000-0x0000022a41000000, reserved size: 1073741824
Narrow klass base: 0x0000022a00000000, Narrow klass shift: 0, Narrow klass range: 0x41000000

GC Precious Log:
 CardTable entry size: 512
 Card Set container configuration: InlinePtr #cards 5 size 8 Array Of Cards #cards 12 size 40 Howl #buckets 4 coarsen threshold 1843 Howl Bitmap #cards 512 size 80 coarsen threshold 460 Card regions per heap region 1 cards per card region 2048
 CPUs: 8 total, 8 available
 Memory: 7953M
 Large Page Support: Disabled
 NUMA Support: Disabled
 Compressed Oops: Enabled (32-bit)
 Heap Region Size: 1M
 Heap Min Capacity: 8M
 Heap Initial Capacity: 126M
 Heap Max Capacity: 1990M
 Pre-touch: Disabled
 Parallel Workers: 8
 Concurrent Workers: 2
 Concurrent Refinement Workers: 8
 Periodic GC: Disabled

Heap:
 garbage-first heap   total reserved 2037760K, committed 129024K, used 3072K [0x0000000083a00000, 0x0000000100000000)
  region size 1024K, 4 young (4096K), 0 survivors (0K)
 Metaspace       used 1203K, committed 1344K, reserved 1114112K
  class space    used 121K, committed 192K, reserved 1048576K

Heap Regions: E=young(eden), S=young(survivor), O=old, HS=humongous(starts), HC=humongous(continues), CS=collection set, F=free, TAMS=top-at-mark-start, PB=parsable bottom
|   0|0x0000000083a00000, 0x0000000083a00000, 0x0000000083b00000|  0%| F|  |TAMS 0x0000000083a00000| PB 0x0000000083a00000| Untracked |  0
|   1|0x0000000083b00000, 0x0000000083b00000, 0x0000000083c00000|  0%| F|  |TAMS 0x0000000083b00000| PB 0x0000000083b00000| Untracked |  0
|   2|0x0000000083c00000, 0x0000000083c00000, 0x0000000083d00000|  0%| F|  |TAMS 0x0000000083c00000| PB 0x0000000083c00000| Untracked |  0
|   3|0x0000000083d00000, 0x0000000083d00000, 0x0000000083e00000|  0%| F|  |TAMS 0x0000000083d00000| PB 0x0000000083d00000| Untracked |  0
|   4|0x0000000083e00000, 0x0000000083e00000, 0x0000000083f00000|  0%| F|  |TAMS 0x0000000083e00000| PB 0x0000000083e00000| Untracked |  0
|   5|0x0000000083f00000, 0x0000000083f00000, 0x0000000084000000|  0%| F|  |TAMS 0x0000000083f00000| PB 0x0000000083f00000| Untracked |  0
|   6|0x0000000084000000, 0x0000000084000000, 0x0000000084100000|  0%| F|  |TAMS 0x0000000084000000| PB 0x0000000084000000| Untracked |  0
|   7|0x0000000084100000, 0x0000000084100000, 0x0000000084200000|  0%| F|  |TAMS 0x0000000084100000| PB 0x0000000084100000| Untracked |  0
|   8|0x0000000084200000, 0x0000000084200000, 0x0000000084300000|  0%| F|  |TAMS 0x0000000084200000| PB 0x0000000084200000| Untracked |  0
|   9|0x0000000084300000, 0x0000000084300000, 0x0000000084400000|  0%| F|  |TAMS 0x0000000084300000| PB 0x0000000084300000| Untracked |  0
|  10|0x0000000084400000, 0x0000000084400000, 0x0000000084500000|  0%| F|  |TAMS 0x0000000084400000| PB 0x0000000084400000| Untracked |  0
|  11|0x0000000084500000, 0x0000000084500000, 0x0000000084600000|  0%| F|  |TAMS 0x0000000084500000| PB 0x0000000084500000| Untracked |  0
|  12|0x0000000084600000, 0x0000000084600000, 0x0000000084700000|  0%| F|  |TAMS 0x0000000084600000| PB 0x0000000084600000| Untracked |  0
|  13|0x0000000084700000, 0x0000000084700000, 0x0000000084800000|  0%| F|  |TAMS 0x0000000084700000| PB 0x0000000084700000| Untracked |  0
|  14|0x0000000084800000, 0x0000000084800000, 0x0000000084900000|  0%| F|  |TAMS 0x0000000084800000| PB 0x0000000084800000| Untracked |  0
|  15|0x0000000084900000, 0x0000000084900000, 0x0000000084a00000|  0%| F|  |TAMS 0x0000000084900000| PB 0x0000000084900000| Untracked |  0
|  16|0x0000000084a00000, 0x0000000084a00000, 0x0000000084b00000|  0%| F|  |TAMS 0x0000000084a00000| PB 0x0000000084a00000| Untracked |  0
|  17|0x0000000084b00000, 0x0000000084b00000, 0x0000000084c00000|  0%| F|  |TAMS 0x0000000084b00000| PB 0x0000000084b00000| Untracked |  0
|  18|0x0000000084c00000, 0x0000000084c00000, 0x0000000084d00000|  0%| F|  |TAMS 0x0000000084c00000| PB 0x0000000084c00000| Untracked |  0
|  19|0x0000000084d00000, 0x0000000084d00000, 0x0000000084e00000|  0%| F|  |TAMS 0x0000000084d00000| PB 0x0000000084d00000| Untracked |  0
|  20|0x0000000084e00000, 0x0000000084e00000, 0x0000000084f00000|  0%| F|  |TAMS 0x0000000084e00000| PB 0x0000000084e00000| Untracked |  0
|  21|0x0000000084f00000, 0x0000000084f00000, 0x0000000085000000|  0%| F|  |TAMS 0x0000000084f00000| PB 0x0000000084f00000| Untracked |  0
|  22|0x0000000085000000, 0x0000000085000000, 0x0000000085100000|  0%| F|  |TAMS 0x0000000085000000| PB 0x0000000085000000| Untracked |  0
|  23|0x0000000085100000, 0x0000000085100000, 0x0000000085200000|  0%| F|  |TAMS 0x0000000085100000| PB 0x0000000085100000| Untracked |  0
|  24|0x0000000085200000, 0x0000000085200000, 0x0000000085300000|  0%| F|  |TAMS 0x0000000085200000| PB 0x0000000085200000| Untracked |  0
|  25|0x0000000085300000, 0x0000000085300000, 0x0000000085400000|  0%| F|  |TAMS 0x0000000085300000| PB 0x0000000085300000| Untracked |  0
|  26|0x0000000085400000, 0x0000000085400000, 0x0000000085500000|  0%| F|  |TAMS 0x0000000085400000| PB 0x0000000085400000| Untracked |  0
|  27|0x0000000085500000, 0x0000000085500000, 0x0000000085600000|  0%| F|  |TAMS 0x0000000085500000| PB 0x0000000085500000| Untracked |  0
|  28|0x0000000085600000, 0x0000000085600000, 0x0000000085700000|  0%| F|  |TAMS 0x0000000085600000| PB 0x0000000085600000| Untracked |  0
|  29|0x0000000085700000, 0x0000000085700000, 0x0000000085800000|  0%| F|  |TAMS 0x0000000085700000| PB 0x0000000085700000| Untracked |  0
|  30|0x0000000085800000, 0x0000000085800000, 0x0000000085900000|  0%| F|  |TAMS 0x0000000085800000| PB 0x0000000085800000| Untracked |  0
|  31|0x0000000085900000, 0x0000000085900000, 0x0000000085a00000|  0%| F|  |TAMS 0x0000000085900000| PB 0x0000000085900000| Untracked |  0
|  32|0x0000000085a00000, 0x0000000085a00000, 0x0000000085b00000|  0%| F|  |TAMS 0x0000000085a00000| PB 0x0000000085a00000| Untracked |  0
|  33|0x0000000085b00000, 0x0000000085b00000, 0x0000000085c00000|  0%| F|  |TAMS 0x0000000085b00000| PB 0x0000000085b00000| Untracked |  0
|  34|0x0000000085c00000, 0x0000000085c00000, 0x0000000085d00000|  0%| F|  |TAMS 0x0000000085c00000| PB 0x0000000085c00000| Untracked |  0
|  35|0x0000000085d00000, 0x0000000085d00000, 0x0000000085e00000|  0%| F|  |TAMS 0x0000000085d00000| PB 0x0000000085d00000| Untracked |  0
|  36|0x0000000085e00000, 0x0000000085e00000, 0x0000000085f00000|  0%| F|  |TAMS 0x0000000085e00000| PB 0x0000000085e00000| Untracked |  0
|  37|0x0000000085f00000, 0x0000000085f00000, 0x0000000086000000|  0%| F|  |TAMS 0x0000000085f00000| PB 0x0000000085f00000| Untracked |  0
|  38|0x0000000086000000, 0x0000000086000000, 0x0000000086100000|  0%| F|  |TAMS 0x0000000086000000| PB 0x0000000086000000| Untracked |  0
|  39|0x0000000086100000, 0x0000000086100000, 0x0000000086200000|  0%| F|  |TAMS 0x0000000086100000| PB 0x0000000086100000| Untracked |  0
|  40|0x0000000086200000, 0x0000000086200000, 0x0000000086300000|  0%| F|  |TAMS 0x0000000086200000| PB 0x0000000086200000| Untracked |  0
|  41|0x0000000086300000, 0x0000000086300000, 0x0000000086400000|  0%| F|  |TAMS 0x0000000086300000| PB 0x0000000086300000| Untracked |  0
|  42|0x0000000086400000, 0x0000000086400000, 0x0000000086500000|  0%| F|  |TAMS 0x0000000086400000| PB 0x0000000086400000| Untracked |  0
|  43|0x0000000086500000, 0x0000000086500000, 0x0000000086600000|  0%| F|  |TAMS 0x0000000086500000| PB 0x0000000086500000| Untracked |  0
|  44|0x0000000086600000, 0x0000000086600000, 0x0000000086700000|  0%| F|  |TAMS 0x0000000086600000| PB 0x0000000086600000| Untracked |  0
|  45|0x0000000086700000, 0x0000000086700000, 0x0000000086800000|  0%| F|  |TAMS 0x0000000086700000| PB 0x0000000086700000| Untracked |  0
|  46|0x0000000086800000, 0x0000000086800000, 0x0000000086900000|  0%| F|  |TAMS 0x0000000086800000| PB 0x0000000086800000| Untracked |  0
|  47|0x0000000086900000, 0x0000000086900000, 0x0000000086a00000|  0%| F|  |TAMS 0x0000000086900000| PB 0x0000000086900000| Untracked |  0
|  48|0x0000000086a00000, 0x0000000086a00000, 0x0000000086b00000|  0%| F|  |TAMS 0x0000000086a00000| PB 0x0000000086a00000| Untracked |  0
|  49|0x0000000086b00000, 0x0000000086b00000, 0x0000000086c00000|  0%| F|  |TAMS 0x0000000086b00000| PB 0x0000000086b00000| Untracked |  0
|  50|0x0000000086c00000, 0x0000000086c00000, 0x0000000086d00000|  0%| F|  |TAMS 0x0000000086c00000| PB 0x0000000086c00000| Untracked |  0
|  51|0x0000000086d00000, 0x0000000086d00000, 0x0000000086e00000|  0%| F|  |TAMS 0x0000000086d00000| PB 0x0000000086d00000| Untracked |  0
|  52|0x0000000086e00000, 0x0000000086e00000, 0x0000000086f00000|  0%| F|  |TAMS 0x0000000086e00000| PB 0x0000000086e00000| Untracked |  0
|  53|0x0000000086f00000, 0x0000000086f00000, 0x0000000087000000|  0%| F|  |TAMS 0x0000000086f00000| PB 0x0000000086f00000| Untracked |  0
|  54|0x0000000087000000, 0x0000000087000000, 0x0000000087100000|  0%| F|  |TAMS 0x0000000087000000| PB 0x0000000087000000| Untracked |  0
|  55|0x0000000087100000, 0x0000000087100000, 0x0000000087200000|  0%| F|  |TAMS 0x0000000087100000| PB 0x0000000087100000| Untracked |  0
|  56|0x0000000087200000, 0x0000000087200000, 0x0000000087300000|  0%| F|  |TAMS 0x0000000087200000| PB 0x0000000087200000| Untracked |  0
|  57|0x0000000087300000, 0x0000000087300000, 0x0000000087400000|  0%| F|  |TAMS 0x0000000087300000| PB 0x0000000087300000| Untracked |  0
|  58|0x0000000087400000, 0x0000000087400000, 0x0000000087500000|  0%| F|  |TAMS 0x0000000087400000| PB 0x0000000087400000| Untracked |  0
|  59|0x0000000087500000, 0x0000000087500000, 0x0000000087600000|  0%| F|  |TAMS 0x0000000087500000| PB 0x0000000087500000| Untracked |  0
|  60|0x0000000087600000, 0x0000000087600000, 0x0000000087700000|  0%| F|  |TAMS 0x0000000087600000| PB 0x0000000087600000| Untracked |  0
|  61|0x0000000087700000, 0x0000000087700000, 0x0000000087800000|  0%| F|  |TAMS 0x0000000087700000| PB 0x0000000087700000| Untracked |  0
|  62|0x0000000087800000, 0x0000000087800000, 0x0000000087900000|  0%| F|  |TAMS 0x0000000087800000| PB 0x0000000087800000| Untracked |  0
|  63|0x0000000087900000, 0x0000000087900000, 0x0000000087a00000|  0%| F|  |TAMS 0x0000000087900000| PB 0x0000000087900000| Untracked |  0
|  64|0x0000000087a00000, 0x0000000087a00000, 0x0000000087b00000|  0%| F|  |TAMS 0x0000000087a00000| PB 0x0000000087a00000| Untracked |  0
|  65|0x0000000087b00000, 0x0000000087b00000, 0x0000000087c00000|  0%| F|  |TAMS 0x0000000087b00000| PB 0x0000000087b00000| Untracked |  0
|  66|0x0000000087c00000, 0x0000000087c00000, 0x0000000087d00000|  0%| F|  |TAMS 0x0000000087c00000| PB 0x0000000087c00000| Untracked |  0
|  67|0x0000000087d00000, 0x0000000087d00000, 0x0000000087e00000|  0%| F|  |TAMS 0x0000000087d00000| PB 0x0000000087d00000| Untracked |  0
|  68|0x0000000087e00000, 0x0000000087e00000, 0x0000000087f00000|  0%| F|  |TAMS 0x0000000087e00000| PB 0x0000000087e00000| Untracked |  0
|  69|0x0000000087f00000, 0x0000000087f00000, 0x0000000088000000|  0%| F|  |TAMS 0x0000000087f00000| PB 0x0000000087f00000| Untracked |  0
|  70|0x0000000088000000, 0x0000000088000000, 0x0000000088100000|  0%| F|  |TAMS 0x0000000088000000| PB 0x0000000088000000| Untracked |  0
|  71|0x0000000088100000, 0x0000000088100000, 0x0000000088200000|  0%| F|  |TAMS 0x0000000088100000| PB 0x0000000088100000| Untracked |  0
|  72|0x0000000088200000, 0x0000000088200000, 0x0000000088300000|  0%| F|  |TAMS 0x0000000088200000| PB 0x0000000088200000| Untracked |  0
|  73|0x0000000088300000, 0x0000000088300000, 0x0000000088400000|  0%| F|  |TAMS 0x0000000088300000| PB 0x0000000088300000| Untracked |  0
|  74|0x0000000088400000, 0x0000000088400000, 0x0000000088500000|  0%| F|  |TAMS 0x0000000088400000| PB 0x0000000088400000| Untracked |  0
|  75|0x0000000088500000, 0x0000000088500000, 0x0000000088600000|  0%| F|  |TAMS 0x0000000088500000| PB 0x0000000088500000| Untracked |  0
|  76|0x0000000088600000, 0x0000000088600000, 0x0000000088700000|  0%| F|  |TAMS 0x0000000088600000| PB 0x0000000088600000| Untracked |  0
|  77|0x0000000088700000, 0x0000000088700000, 0x0000000088800000|  0%| F|  |TAMS 0x0000000088700000| PB 0x0000000088700000| Untracked |  0
|  78|0x0000000088800000, 0x0000000088800000, 0x0000000088900000|  0%| F|  |TAMS 0x0000000088800000| PB 0x0000000088800000| Untracked |  0
|  79|0x0000000088900000, 0x0000000088900000, 0x0000000088a00000|  0%| F|  |TAMS 0x0000000088900000| PB 0x0000000088900000| Untracked |  0
|  80|0x0000000088a00000, 0x0000000088a00000, 0x0000000088b00000|  0%| F|  |TAMS 0x0000000088a00000| PB 0x0000000088a00000| Untracked |  0
|  81|0x0000000088b00000, 0x0000000088b00000, 0x0000000088c00000|  0%| F|  |TAMS 0x0000000088b00000| PB 0x0000000088b00000| Untracked |  0
|  82|0x0000000088c00000, 0x0000000088c00000, 0x0000000088d00000|  0%| F|  |TAMS 0x0000000088c00000| PB 0x0000000088c00000| Untracked |  0
|  83|0x0000000088d00000, 0x0000000088d00000, 0x0000000088e00000|  0%| F|  |TAMS 0x0000000088d00000| PB 0x0000000088d00000| Untracked |  0
|  84|0x0000000088e00000, 0x0000000088e00000, 0x0000000088f00000|  0%| F|  |TAMS 0x0000000088e00000| PB 0x0000000088e00000| Untracked |  0
|  85|0x0000000088f00000, 0x0000000088f00000, 0x0000000089000000|  0%| F|  |TAMS 0x0000000088f00000| PB 0x0000000088f00000| Untracked |  0
|  86|0x0000000089000000, 0x0000000089000000, 0x0000000089100000|  0%| F|  |TAMS 0x0000000089000000| PB 0x0000000089000000| Untracked |  0
|  87|0x0000000089100000, 0x0000000089100000, 0x0000000089200000|  0%| F|  |TAMS 0x0000000089100000| PB 0x0000000089100000| Untracked |  0
|  88|0x0000000089200000, 0x0000000089200000, 0x0000000089300000|  0%| F|  |TAMS 0x0000000089200000| PB 0x0000000089200000| Untracked |  0
|  89|0x0000000089300000, 0x0000000089300000, 0x0000000089400000|  0%| F|  |TAMS 0x0000000089300000| PB 0x0000000089300000| Untracked |  0
|  90|0x0000000089400000, 0x0000000089400000, 0x0000000089500000|  0%| F|  |TAMS 0x0000000089400000| PB 0x0000000089400000| Untracked |  0
|  91|0x0000000089500000, 0x0000000089500000, 0x0000000089600000|  0%| F|  |TAMS 0x0000000089500000| PB 0x0000000089500000| Untracked |  0
|  92|0x0000000089600000, 0x0000000089600000, 0x0000000089700000|  0%| F|  |TAMS 0x0000000089600000| PB 0x0000000089600000| Untracked |  0
|  93|0x0000000089700000, 0x0000000089700000, 0x0000000089800000|  0%| F|  |TAMS 0x0000000089700000| PB 0x0000000089700000| Untracked |  0
|  94|0x0000000089800000, 0x0000000089800000, 0x0000000089900000|  0%| F|  |TAMS 0x0000000089800000| PB 0x0000000089800000| Untracked |  0
|  95|0x0000000089900000, 0x0000000089900000, 0x0000000089a00000|  0%| F|  |TAMS 0x0000000089900000| PB 0x0000000089900000| Untracked |  0
|  96|0x0000000089a00000, 0x0000000089a00000, 0x0000000089b00000|  0%| F|  |TAMS 0x0000000089a00000| PB 0x0000000089a00000| Untracked |  0
|  97|0x0000000089b00000, 0x0000000089b00000, 0x0000000089c00000|  0%| F|  |TAMS 0x0000000089b00000| PB 0x0000000089b00000| Untracked |  0
|  98|0x0000000089c00000, 0x0000000089c00000, 0x0000000089d00000|  0%| F|  |TAMS 0x0000000089c00000| PB 0x0000000089c00000| Untracked |  0
|  99|0x0000000089d00000, 0x0000000089d00000, 0x0000000089e00000|  0%| F|  |TAMS 0x0000000089d00000| PB 0x0000000089d00000| Untracked |  0
| 100|0x0000000089e00000, 0x0000000089e00000, 0x0000000089f00000|  0%| F|  |TAMS 0x0000000089e00000| PB 0x0000000089e00000| Untracked |  0
| 101|0x0000000089f00000, 0x0000000089f00000, 0x000000008a000000|  0%| F|  |TAMS 0x0000000089f00000| PB 0x0000000089f00000| Untracked |  0
| 102|0x000000008a000000, 0x000000008a000000, 0x000000008a100000|  0%| F|  |TAMS 0x000000008a000000| PB 0x000000008a000000| Untracked |  0
| 103|0x000000008a100000, 0x000000008a100000, 0x000000008a200000|  0%| F|  |TAMS 0x000000008a100000| PB 0x000000008a100000| Untracked |  0
| 104|0x000000008a200000, 0x000000008a200000, 0x000000008a300000|  0%| F|  |TAMS 0x000000008a200000| PB 0x000000008a200000| Untracked |  0
| 105|0x000000008a300000, 0x000000008a300000, 0x000000008a400000|  0%| F|  |TAMS 0x000000008a300000| PB 0x000000008a300000| Untracked |  0
| 106|0x000000008a400000, 0x000000008a400000, 0x000000008a500000|  0%| F|  |TAMS 0x000000008a400000| PB 0x000000008a400000| Untracked |  0
| 107|0x000000008a500000, 0x000000008a500000, 0x000000008a600000|  0%| F|  |TAMS 0x000000008a500000| PB 0x000000008a500000| Untracked |  0
| 108|0x000000008a600000, 0x000000008a600000, 0x000000008a700000|  0%| F|  |TAMS 0x000000008a600000| PB 0x000000008a600000| Untracked |  0
| 109|0x000000008a700000, 0x000000008a700000, 0x000000008a800000|  0%| F|  |TAMS 0x000000008a700000| PB 0x000000008a700000| Untracked |  0
| 110|0x000000008a800000, 0x000000008a800000, 0x000000008a900000|  0%| F|  |TAMS 0x000000008a800000| PB 0x000000008a800000| Untracked |  0
| 111|0x000000008a900000, 0x000000008a900000, 0x000000008aa00000|  0%| F|  |TAMS 0x000000008a900000| PB 0x000000008a900000| Untracked |  0
| 112|0x000000008aa00000, 0x000000008aa00000, 0x000000008ab00000|  0%| F|  |TAMS 0x000000008aa00000| PB 0x000000008aa00000| Untracked |  0
| 113|0x000000008ab00000, 0x000000008ab00000, 0x000000008ac00000|  0%| F|  |TAMS 0x000000008ab00000| PB 0x000000008ab00000| Untracked |  0
| 114|0x000000008ac00000, 0x000000008ac00000, 0x000000008ad00000|  0%| F|  |TAMS 0x000000008ac00000| PB 0x000000008ac00000| Untracked |  0
| 115|0x000000008ad00000, 0x000000008ad00000, 0x000000008ae00000|  0%| F|  |TAMS 0x000000008ad00000| PB 0x000000008ad00000| Untracked |  0
| 116|0x000000008ae00000, 0x000000008ae00000, 0x000000008af00000|  0%| F|  |TAMS 0x000000008ae00000| PB 0x000000008ae00000| Untracked |  0
| 117|0x000000008af00000, 0x000000008af00000, 0x000000008b000000|  0%| F|  |TAMS 0x000000008af00000| PB 0x000000008af00000| Untracked |  0
| 118|0x000000008b000000, 0x000000008b000000, 0x000000008b100000|  0%| F|  |TAMS 0x000000008b000000| PB 0x000000008b000000| Untracked |  0
| 119|0x000000008b100000, 0x000000008b100000, 0x000000008b200000|  0%| F|  |TAMS 0x000000008b100000| PB 0x000000008b100000| Untracked |  0
| 120|0x000000008b200000, 0x000000008b200000, 0x000000008b300000|  0%| F|  |TAMS 0x000000008b200000| PB 0x000000008b200000| Untracked |  0
| 121|0x000000008b300000, 0x000000008b300000, 0x000000008b400000|  0%| F|  |TAMS 0x000000008b300000| PB 0x000000008b300000| Untracked |  0
| 122|0x000000008b400000, 0x000000008b4f5cd0, 0x000000008b500000| 96%| E|  |TAMS 0x000000008b400000| PB 0x000000008b400000| Complete |  0
| 123|0x000000008b500000, 0x000000008b600000, 0x000000008b600000|100%| E|CS|TAMS 0x000000008b500000| PB 0x000000008b500000| Complete |  0
| 124|0x000000008b600000, 0x000000008b700000, 0x000000008b700000|100%| E|CS|TAMS 0x000000008b600000| PB 0x000000008b600000| Complete |  0
| 125|0x000000008b700000, 0x000000008b800000, 0x000000008b800000|100%| E|CS|TAMS 0x000000008b700000| PB 0x000000008b700000| Complete |  0

Card table byte_map: [0x0000022a69680000,0x0000022a69a70000] _byte_map_base: 0x0000022a69263000

Marking Bits: (CMBitMap*) 0x0000022a51c72350
 Bits: [0x0000022a69a70000, 0x0000022a6b988000)

Polling page: 0x0000022a513e0000

Metaspace:

Usage:
  Non-class:      1.06 MB used.
      Class:    121.84 KB used.
       Both:      1.18 MB used.

Virtual space:
  Non-class space:       64.00 MB reserved,       1.12 MB (  2%) committed,  1 nodes.
      Class space:        1.00 GB reserved,     192.00 KB ( <1%) committed,  1 nodes.
             Both:        1.06 GB reserved,       1.31 MB ( <1%) committed. 

Chunk freelists:
   Non-Class:  11.70 MB
       Class:  15.66 MB
        Both:  27.36 MB

MaxMetaspaceSize: unlimited
CompressedClassSpaceSize: 1.00 GB
Initial GC threshold: 21.00 MB
Current GC threshold: 21.00 MB
CDS: on
 - commit_granule_bytes: 65536.
 - commit_granule_words: 8192.
 - virtual_space_node_default_size: 8388608.
 - enlarge_chunks_in_place: 1.
 - use_allocation_guard: 0.


Internal statistics:

num_allocs_failed_limit: 0.
num_arena_births: 102.
num_arena_deaths: 0.
num_vsnodes_births: 2.
num_vsnodes_deaths: 0.
num_space_committed: 21.
num_space_uncommitted: 0.
num_chunks_returned_to_freelist: 0.
num_chunks_taken_from_freelist: 137.
num_chunk_merges: 0.
num_chunk_splits: 83.
num_chunks_enlarged: 38.
num_inconsistent_stats: 0.

CodeHeap 'non-profiled nmethods': size=120000Kb used=140Kb max_used=140Kb free=119859Kb
 bounds [0x0000022a61a30000, 0x0000022a61ca0000, 0x0000022a68f60000]
CodeHeap 'profiled nmethods': size=120000Kb used=574Kb max_used=574Kb free=119425Kb
 bounds [0x0000022a59f60000, 0x0000022a5a1d0000, 0x0000022a61490000]
CodeHeap 'non-nmethods': size=5760Kb used=1457Kb max_used=1471Kb free=4302Kb
 bounds [0x0000022a61490000, 0x0000022a61700000, 0x0000022a61a30000]
 total_blobs=869 nmethods=431 adapters=343
 compilation: enabled
              stopped_count=0, restarted_count=0
 full_count=0

Compilation events (20 events):
Event: 0.394 Thread 0x0000022a6e48ade0 nmethod 388 0x0000022a61a51b90 code [0x0000022a61a51d00, 0x0000022a61a51d70]
Event: 0.395 Thread 0x0000022a6e48c9d0 nmethod 415 0x0000022a59fe7290 code [0x0000022a59fe75c0, 0x0000022a59fe89f0]
Event: 0.396 Thread 0x0000022a6e48c9d0  416       3       jdk.internal.org.objectweb.asm.ByteVector::putInt (74 bytes)
Event: 0.396 Thread 0x0000022a6e48c9d0 nmethod 416 0x0000022a59fe8e90 code [0x0000022a59fe9040, 0x0000022a59fe9290]
Event: 0.396 Thread 0x0000022a6e48c9d0  414       3       jdk.internal.org.objectweb.asm.SymbolTable::hash (20 bytes)
Event: 0.396 Thread 0x0000022a6e48c9d0 nmethod 414 0x0000022a59fe9410 code [0x0000022a59fe95c0, 0x0000022a59fe9780]
Event: 0.397 Thread 0x0000022a6e48c9d0  420       3       java.lang.invoke.MemberName::isResolved (13 bytes)
Event: 0.398 Thread 0x0000022a6e48c9d0 nmethod 420 0x0000022a59fe9910 code [0x0000022a59fe9aa0, 0x0000022a59fe9c00]
Event: 0.398 Thread 0x0000022a6e48c9d0  421       3       java.lang.invoke.LambdaFormBuffer::ownedCount (7 bytes)
Event: 0.398 Thread 0x0000022a6e48c9d0 nmethod 421 0x0000022a59fe9c90 code [0x0000022a59fe9e20, 0x0000022a59fe9f30]
Event: 0.398 Thread 0x0000022a6e48c9d0  423       3       jdk.internal.org.objectweb.asm.ByteVector::put11 (52 bytes)
Event: 0.398 Thread 0x0000022a6e48c9d0 nmethod 423 0x0000022a59fe9f90 code [0x0000022a59fea140, 0x0000022a59fea348]
Event: 0.398 Thread 0x0000022a6e48c9d0  424       3       jdk.internal.org.objectweb.asm.Type::getArgumentsAndReturnSizes (140 bytes)
Event: 0.401 Thread 0x0000022a6e48c9d0 nmethod 424 0x0000022a59fea490 code [0x0000022a59fea840, 0x0000022a59fec3a0]
Event: 0.401 Thread 0x0000022a6e48c9d0  425       3       java.lang.invoke.InvokerBytecodeGenerator::getInternalName (103 bytes)
Event: 0.402 Thread 0x0000022a6e48c9d0 nmethod 425 0x0000022a59fece90 code [0x0000022a59fed0a0, 0x0000022a59fed5b8]
Event: 0.402 Thread 0x0000022a6e48c9d0  427       3       java.util.AbstractList::<init> (10 bytes)
Event: 0.402 Thread 0x0000022a6e48c9d0 nmethod 427 0x0000022a59fed710 code [0x0000022a59fed8c0, 0x0000022a59feda90]
Event: 0.402 Thread 0x0000022a6e48c9d0  426       3       jdk.internal.org.objectweb.asm.Frame::pop (46 bytes)
Event: 0.402 Thread 0x0000022a6e48c9d0 nmethod 426 0x0000022a59fedb90 code [0x0000022a59fedd20, 0x0000022a59fedec0]

GC Heap History (0 events):
No events

Dll operation events (8 events):
Event: 0.024 Loaded shared library C:\Users\USER\.jdks\openjdk-22.0.2\bin\java.dll
Event: 0.101 Loaded shared library C:\Users\USER\.jdks\openjdk-22.0.2\bin\jsvml.dll
Event: 0.139 Loaded shared library C:\Users\USER\.jdks\openjdk-22.0.2\bin\net.dll
Event: 0.145 Loaded shared library C:\Users\USER\.jdks\openjdk-22.0.2\bin\nio.dll
Event: 0.156 Loaded shared library C:\Users\USER\.jdks\openjdk-22.0.2\bin\zip.dll
Event: 0.166 Loaded shared library C:\Users\USER\.jdks\openjdk-22.0.2\bin\verify.dll
Event: 0.170 Loaded shared library C:\Users\USER\.jdks\openjdk-22.0.2\bin\jimage.dll
Event: 0.212 Loaded shared library C:\Users\USER\.jdks\openjdk-22.0.2\bin\attach.dll

Deoptimization events (0 events):
No events

Classes loaded (20 events):
Event: 0.360 Loading class java/util/concurrent/RejectedExecutionHandler done
Event: 0.360 Loading class java/util/concurrent/ThreadPoolExecutor$AbortPolicy done
Event: 0.360 Loading class java/util/concurrent/SynchronousQueue
Event: 0.360 Loading class java/util/concurrent/BlockingQueue
Event: 0.361 Loading class java/util/concurrent/BlockingQueue done
Event: 0.361 Loading class java/util/AbstractQueue
Event: 0.361 Loading class java/util/AbstractQueue done
Event: 0.361 Loading class java/util/concurrent/SynchronousQueue done
Event: 0.361 Loading class java/util/concurrent/SynchronousQueue$Transferer
Event: 0.361 Loading class java/util/concurrent/LinkedTransferQueue
Event: 0.361 Loading class java/util/concurrent/TransferQueue
Event: 0.362 Loading class java/util/concurrent/TransferQueue done
Event: 0.362 Loading class java/util/concurrent/LinkedTransferQueue done
Event: 0.362 Loading class java/util/concurrent/SynchronousQueue$Transferer done
Event: 0.362 Loading class java/util/concurrent/LinkedTransferQueue$DualNode
Event: 0.362 Loading class java/util/concurrent/LinkedTransferQueue$DualNode done
Event: 0.363 Loading class java/lang/invoke/VarHandleInts$FieldInstanceReadWrite
Event: 0.364 Loading class java/lang/invoke/VarHandleInts$FieldInstanceReadOnly
Event: 0.364 Loading class java/lang/invoke/VarHandleInts$FieldInstanceReadOnly done
Event: 0.364 Loading class java/lang/invoke/VarHandleInts$FieldInstanceReadWrite done

Classes unloaded (0 events):
No events

Classes redefined (0 events):
No events

Internal exceptions (10 events):
Event: 0.280 Thread 0x0000022a4fa02470 Exception <a 'java/lang/NoSuchMethodError'{0x000000008b579158}: 'java.lang.Object java.lang.invoke.DirectMethodHandle$Holder.newInvokeSpecial(java.lang.Object, java.lang.Object, int)'> (0x000000008b579158) 
thrown [s\open\src\hotspot\share\interpreter\linkResolver.cpp, line 774]
Event: 0.283 Thread 0x0000022a4fa02470 Exception <a 'java/lang/NoSuchMethodError'{0x000000008b57de20}: 'int java.lang.invoke.DirectMethodHandle$Holder.invokeSpecial(java.lang.Object, java.lang.Object, java.lang.Object, int)'> (0x000000008b57de20) 
thrown [s\open\src\hotspot\share\interpreter\linkResolver.cpp, line 774]
Event: 0.288 Thread 0x0000022a4fa02470 Exception <a 'java/lang/NoSuchMethodError'{0x000000008b590838}: 'java.lang.Object java.lang.invoke.DirectMethodHandle$Holder.invokeStatic(java.lang.Object, java.lang.Object, java.lang.Object, java.lang.Object, int)'> (0x000000008b590838) 
thrown [s\open\src\hotspot\share\interpreter\linkResolver.cpp, line 774]
Event: 0.293 Thread 0x0000022a4fa02470 Exception <a 'java/lang/NoSuchMethodError'{0x000000008b5993e8}: 'int java.lang.invoke.DirectMethodHandle$Holder.invokeSpecial(java.lang.Object, java.lang.Object, java.lang.Object)'> (0x000000008b5993e8) 
thrown [s\open\src\hotspot\share\interpreter\linkResolver.cpp, line 774]
Event: 0.355 Thread 0x0000022a4fa02470 Exception <a 'java/lang/NoSuchMethodError'{0x000000008b5ec630}: 'java.lang.Object java.lang.invoke.DirectMethodHandle$Holder.invokeStatic(java.lang.Object, long, java.lang.Object)'> (0x000000008b5ec630) 
thrown [s\open\src\hotspot\share\interpreter\linkResolver.cpp, line 774]
Event: 0.357 Thread 0x0000022a4fa02470 Exception <a 'java/lang/NoSuchMethodError'{0x000000008b5efb38}: 'java.lang.Object java.lang.invoke.DirectMethodHandle$Holder.invokeStaticInit(java.lang.Object, long, java.lang.Object)'> (0x000000008b5efb38) 
thrown [s\open\src\hotspot\share\interpreter\linkResolver.cpp, line 774]
Event: 0.358 Thread 0x0000022a4fa02470 Exception <a 'java/lang/NoSuchMethodError'{0x000000008b5f5238}: 'java.lang.Object java.lang.invoke.DirectMethodHandle$Holder.newInvokeSpecial(java.lang.Object, long)'> (0x000000008b5f5238) 
thrown [s\open\src\hotspot\share\interpreter\linkResolver.cpp, line 774]
Event: 0.377 Thread 0x0000022a4fa02470 Exception <a 'java/lang/NoSuchMethodError'{0x000000008b5fd3d0}: 'void java.lang.invoke.DirectMethodHandle$Holder.invokeVirtual(java.lang.Object, java.lang.Object, java.lang.Object, java.lang.Object)'> (0x000000008b5fd3d0) 
thrown [s\open\src\hotspot\share\interpreter\linkResolver.cpp, line 774]
Event: 0.378 Thread 0x0000022a4fa02470 Exception <a 'java/lang/NoSuchMethodError'{0x000000008b4014d8}: 'void java.lang.invoke.DirectMethodHandle$Holder.invokeSpecial(java.lang.Object, java.lang.Object, java.lang.Object, java.lang.Object, java.lang.Object)'> (0x000000008b4014d8) 
thrown [s\open\src\hotspot\share\interpreter\linkResolver.cpp, line 774]
Event: 0.383 Thread 0x0000022a4fa02470 Exception <a 'java/lang/NoSuchMethodError'{0x000000008b410270}: 'java.lang.Object java.lang.invoke.Invokers$Holder.invokeExact_MT(java.lang.Object, java.lang.Object, java.lang.Object, java.lang.Object, java.lang.Object)'> (0x000000008b410270) 
thrown [s\open\src\hotspot\share\interpreter\linkResolver.cpp, line 774]

ZGC Phase Switch (0 events):
No events

VM Operations (2 events):
Event: 0.158 Executing VM operation: HandshakeAllThreads (Deoptimize)
Event: 0.158 Executing VM operation: HandshakeAllThreads (Deoptimize) done

Memory protections (0 events):
No events

Nmethod flushes (0 events):
No events

Events (12 events):
Event: 0.051 Thread 0x0000022a4fa02470 Thread added: 0x0000022a4fa02470
Event: 0.093 Thread 0x0000022a4fa02470 Thread added: 0x0000022a6e471aa0
Event: 0.094 Thread 0x0000022a4fa02470 Thread added: 0x0000022a6e472dd0
Event: 0.094 Thread 0x0000022a4fa02470 Thread added: 0x0000022a6e4775c0
Event: 0.095 Thread 0x0000022a4fa02470 Thread added: 0x0000022a6e4786b0
Event: 0.095 Thread 0x0000022a4fa02470 Thread added: 0x0000022a6e47b660
Event: 0.096 Thread 0x0000022a4fa02470 Thread added: 0x0000022a6e481b00
Event: 0.097 Thread 0x0000022a4fa02470 Thread added: 0x0000022a6e48ade0
Event: 0.097 Thread 0x0000022a4fa02470 Thread added: 0x0000022a6e48c9d0
Event: 0.128 Thread 0x0000022a4fa02470 Thread added: 0x0000022a451ebe30
Event: 0.132 Thread 0x0000022a4fa02470 Thread added: 0x0000022a451eecc0
Event: 0.343 Thread 0x0000022a6e48ade0 Thread added: 0x0000022a452480a0


Dynamic libraries:
0x00007ff6b3b90000 - 0x00007ff6b3b9e000 	C:\Users\USER\.jdks\openjdk-22.0.2\bin\java.exe
0x00007fffc60d0000 - 0x00007fffc62e7000 	C:\WINDOWS\SYSTEM32\ntdll.dll
0x00007fffc4f30000 - 0x00007fffc4ff4000 	C:\WINDOWS\System32\KERNEL32.DLL
0x00007fffc3750000 - 0x00007fffc3b07000 	C:\WINDOWS\System32\KERNELBASE.dll
0x00007fffc3630000 - 0x00007fffc3741000 	C:\WINDOWS\System32\ucrtbase.dll
0x00007fffbcd20000 - 0x00007fffbcd37000 	C:\Users\USER\.jdks\openjdk-22.0.2\bin\jli.dll
0x00007fffbcd00000 - 0x00007fffbcd1b000 	C:\Users\USER\.jdks\openjdk-22.0.2\bin\VCRUNTIME140.dll
0x00007fffc5250000 - 0x00007fffc53ff000 	C:\WINDOWS\System32\USER32.dll
0x00007fffc3460000 - 0x00007fffc3486000 	C:\WINDOWS\System32\win32u.dll
0x00007fffc3e10000 - 0x00007fffc3e39000 	C:\WINDOWS\System32\GDI32.dll
0x00007fffc3bd0000 - 0x00007fffc3ce8000 	C:\WINDOWS\System32\gdi32full.dll
0x00007fffaed10000 - 0x00007fffaefa3000 	C:\WINDOWS\WinSxS\amd64_microsoft.windows.common-controls_6595b64144ccf1df_6.0.22621.3672_none_2713b9d173822955\COMCTL32.dll
0x00007fffc4570000 - 0x00007fffc4617000 	C:\WINDOWS\System32\msvcrt.dll
0x00007fffc3cf0000 - 0x00007fffc3d8a000 	C:\WINDOWS\System32\msvcp_win.dll
0x00007fffc4530000 - 0x00007fffc4561000 	C:\WINDOWS\System32\IMM32.DLL
0x00007fffbc6e0000 - 0x00007fffbc6ec000 	C:\Users\USER\.jdks\openjdk-22.0.2\bin\vcruntime140_1.dll
0x00007fffbc650000 - 0x00007fffbc6de000 	C:\Users\USER\.jdks\openjdk-22.0.2\bin\msvcp140.dll
0x00007fff4f080000 - 0x00007fff4fdc9000 	C:\Users\USER\.jdks\openjdk-22.0.2\bin\server\jvm.dll
0x00007fffc5560000 - 0x00007fffc5612000 	C:\WINDOWS\System32\ADVAPI32.dll
0x00007fffc54b0000 - 0x00007fffc5558000 	C:\WINDOWS\System32\sechost.dll
0x00007fffc3600000 - 0x00007fffc3628000 	C:\WINDOWS\System32\bcrypt.dll
0x00007fffc4410000 - 0x00007fffc4524000 	C:\WINDOWS\System32\RPCRT4.dll
0x00007fffc4230000 - 0x00007fffc42a1000 	C:\WINDOWS\System32\WS2_32.dll
0x00007fffc2260000 - 0x00007fffc22ad000 	C:\WINDOWS\SYSTEM32\POWRPROF.dll
0x00007fffbc490000 - 0x00007fffbc4c4000 	C:\WINDOWS\SYSTEM32\WINMM.dll
0x00007fffb8b10000 - 0x00007fffb8b1a000 	C:\WINDOWS\SYSTEM32\VERSION.dll
0x00007fffc2240000 - 0x00007fffc2253000 	C:\WINDOWS\SYSTEM32\UMPDC.dll
0x00007fffc24f0000 - 0x00007fffc2508000 	C:\WINDOWS\SYSTEM32\kernel.appcore.dll
0x00007fffbc640000 - 0x00007fffbc64a000 	C:\Users\USER\.jdks\openjdk-22.0.2\bin\jimage.dll
0x00007fffc0cb0000 - 0x00007fffc0ee2000 	C:\WINDOWS\SYSTEM32\DBGHELP.DLL
0x00007fffc3e40000 - 0x00007fffc41ce000 	C:\WINDOWS\System32\combase.dll
0x00007fffc5860000 - 0x00007fffc5937000 	C:\WINDOWS\System32\OLEAUT32.dll
0x00007fffaf2b0000 - 0x00007fffaf2e2000 	C:\WINDOWS\SYSTEM32\dbgcore.DLL
0x00007fffc33e0000 - 0x00007fffc345b000 	C:\WINDOWS\System32\bcryptPrimitives.dll
0x00007fffbc620000 - 0x00007fffbc63e000 	C:\Users\USER\.jdks\openjdk-22.0.2\bin\java.dll
0x00007fffc4620000 - 0x00007fffc4e89000 	C:\WINDOWS\System32\SHELL32.dll
0x00007fffc5000000 - 0x00007fffc51a5000 	C:\WINDOWS\System32\ole32.dll
0x00007fffc1310000 - 0x00007fffc1c0f000 	C:\WINDOWS\SYSTEM32\windows.storage.dll
0x00007fffc1060000 - 0x00007fffc119f000 	C:\WINDOWS\SYSTEM32\wintypes.dll
0x00007fffc4310000 - 0x00007fffc4409000 	C:\WINDOWS\System32\SHCORE.dll
0x00007fffc41d0000 - 0x00007fffc422e000 	C:\WINDOWS\System32\shlwapi.dll
0x00007fffc3310000 - 0x00007fffc3337000 	C:\WINDOWS\SYSTEM32\profapi.dll
0x00007fffae0d0000 - 0x00007fffae1a7000 	C:\Users\USER\.jdks\openjdk-22.0.2\bin\jsvml.dll
0x00007fffbc5d0000 - 0x00007fffbc5e0000 	C:\Users\USER\.jdks\openjdk-22.0.2\bin\net.dll
0x00007fffc2990000 - 0x00007fffc29f9000 	C:\WINDOWS\system32\mswsock.dll
0x00007fffbc5b0000 - 0x00007fffbc5c6000 	C:\Users\USER\.jdks\openjdk-22.0.2\bin\nio.dll
0x00007fffbc5e0000 - 0x00007fffbc5f7000 	C:\Users\USER\.jdks\openjdk-22.0.2\bin\zip.dll
0x00007fffbc610000 - 0x00007fffbc620000 	C:\Users\USER\.jdks\openjdk-22.0.2\bin\verify.dll
0x00007fffbbbf0000 - 0x00007fffbbbf9000 	C:\Users\USER\.jdks\openjdk-22.0.2\bin\attach.dll
0x00007fffc3e00000 - 0x00007fffc3e08000 	C:\WINDOWS\System32\PSAPI.DLL

dbghelp: loaded successfully - version: 4.0.5 - missing functions: none
symbol engine: initialized successfully - sym options: 0x614 - pdb path: .;C:\Users\USER\.jdks\openjdk-22.0.2\bin;C:\WINDOWS\SYSTEM32;C:\WINDOWS\WinSxS\amd64_microsoft.windows.common-controls_6595b64144ccf1df_6.0.22621.3672_none_2713b9d173822955;C:\Users\USER\.jdks\openjdk-22.0.2\bin\server

VM Arguments:
jvm_args: -Dnet.bytebuddy.agent.attacher.dump= 
java_command: net.bytebuddy.agent.Attacher com.sun.tools.attach.VirtualMachine 25444 C:\Users\USER\.m2\repository\net\bytebuddy\byte-buddy-agent\1.14.19\byte-buddy-agent-1.14.19.jar false 
java_class_path (initial): C:\Users\USER\.m2\repository\net\bytebuddy\byte-buddy-agent\1.14.19\byte-buddy-agent-1.14.19.jar
Launcher Type: SUN_STANDARD

[Global flags]
     intx CICompilerCount                          = 4                                         {product} {ergonomic}
     uint ConcGCThreads                            = 2                                         {product} {ergonomic}
     uint G1ConcRefinementThreads                  = 8                                         {product} {ergonomic}
   size_t G1HeapRegionSize                         = 1048576                                   {product} {ergonomic}
   size_t InitialHeapSize                          = 132120576                                 {product} {ergonomic}
   size_t MarkStackSize                            = 4194304                                   {product} {ergonomic}
   size_t MaxHeapSize                              = 2086666240                                {product} {ergonomic}
   size_t MaxNewSize                               = 1251999744                                {product} {ergonomic}
   size_t MinHeapDeltaBytes                        = 1048576                                   {product} {ergonomic}
   size_t MinHeapSize                              = 8388608                                   {product} {ergonomic}
    uintx NonNMethodCodeHeapSize                   = 5839372                                {pd product} {ergonomic}
    uintx NonProfiledCodeHeapSize                  = 122909434                              {pd product} {ergonomic}
    uintx ProfiledCodeHeapSize                     = 122909434                              {pd product} {ergonomic}
    uintx ReservedCodeCacheSize                    = 251658240                              {pd product} {ergonomic}
     bool SegmentedCodeCache                       = true                                      {product} {ergonomic}
   size_t SoftMaxHeapSize                          = 2086666240                             {manageable} {ergonomic}
     bool UseCompressedOops                        = true                           {product lp64_product} {ergonomic}
     bool UseG1GC                                  = true                                      {product} {ergonomic}
     bool UseLargePagesIndividualAllocation        = false                                  {pd product} {ergonomic}

Logging:
Log output configuration:
 #0: stdout all=warning uptime,level,tags foldmultilines=false
 #1: stderr all=off uptime,level,tags foldmultilines=false

Environment Variables:
JAVA_HOME=C:\Users\USER\Downloads\jdk-21.0.3_windows-x64_bin\jdk-21.0.3
PATH=C:\Users\USER\Downloads\jdk-21.0.3_windows-x64_bin\jdk-21.0.3\bin;C:\Program Files\MySQL\MySQL Server 8.0\bin;C:\apache-maven-3.9.8-bin\apache-maven-3.9.8\bin;C:\Users\USER\Downloads\netcat-win32-1.12;C:\Users\USER\Downloads\curl-8.9.0_1-win64-mingw\curl-8.9.0_1-win64-mingw\bin;C:\Program Files\Docker\Docker\resources\bin;C:\Program Files (x86)\Microsoft SQL Server\160\Tools\Binn\;C:\Program Files\Microsoft SQL Server\160\Tools\Binn\;C:\Program Files\Microsoft SQL Server\Client SDK\ODBC\170\Tools\Binn\;C:\Program Files\Microsoft SQL Server\160\DTS\Binn\;C:\Program Files (x86)\Microsoft SQL Server\160\DTS\Binn\;C:\Program Files\Git\cmd;C:\Users\USER\anaconda3;C:\Users\USER\anaconda3\Library\mingw-w64\bin;C:\Users\USER\anaconda3\Library\usr\bin;C:\Users\USER\anaconda3\Library\bin;C:\Users\USER\anaconda3\Scripts;C:\Users\USER\AppData\Local\Microsoft\WindowsApps;C:\Program Files\JetBrains\PyCharm Community Edition 2021.3.2\bin;;C:\Users\USER\AppData\Local\Programs\Microsoft VS Code\bin;;C:\Program Files\JetBrains\IntelliJ IDEA 2024.2.0.1\bin;
USERNAME=USER
OS=Windows_NT
PROCESSOR_IDENTIFIER=Intel64 Family 6 Model 126 Stepping 5, GenuineIntel
TMP=C:\Users\USER\AppData\Local\Temp
TEMP=C:\Users\USER\AppData\Local\Temp




Periodic native trim disabled

---------------  S Y S T E M  ---------------

OS:
 Windows 11 , 64 bit Build 22621 (10.0.22621.3958)
OS uptime: 1 days 10:11 hours
Hyper-V role detected

CPU: total 8 (initial active 8) (4 cores per cpu, 2 threads per core) family 6 model 126 stepping 5 microcode 0xa0, cx8, cmov, fxsr, ht, mmx, 3dnowpref, sse, sse2, sse3, ssse3, sse4.1, sse4.2, popcnt, lzcnt, tsc, tscinvbit, avx, avx2, aes, erms, clmul, bmi1, bmi2, adx, avx512f, avx512dq, avx512cd, avx512bw, avx512vl, sha, fma, vzeroupper, avx512_vpopcntdq, avx512_vpclmulqdq, avx512_vaes, avx512_vnni, clflush, clflushopt, avx512_vbmi2, avx512_vbmi, hv, rdtscp, rdpid, fsrm, gfni, avx512_bitalg, f16c, avx512_ifma
Processor Information for all 8 processors :
  Max Mhz: 1498, Current Mhz: 1098, Mhz Limit: 1093

Memory: 4k page, system-wide physical 7953M (432M free)
TotalPageFile size 32529M (AvailPageFile size 0M)
current process WorkingSet (physical memory assigned to process): 46M, peak: 46M
current process commit charge ("private bytes"): 213M, peak: 213M

vm_info: OpenJDK 64-Bit Server VM (22.0.2+9-70) for windows-amd64 JRE (22.0.2+9-70), built on 2024-06-04T16:52:23Z by "mach5one" with MS VC++ 17.6 (VS2022)

END.
