#
# There is insufficient memory for the Java Runtime Environment to continue.
# Native memory allocation (malloc) failed to allocate 1431600 bytes. Error detail: Chunk::new
# Possible reasons:
#   The system is out of physical RAM or swap space
#   This process is running with CompressedOops enabled, and the Java Heap may be blocking the growth of the native heap
# Possible solutions:
#   Reduce memory load on the system
#   Increase physical memory or swap space
#   Check if swap backing store is full
#   Decrease Java heap size (-Xmx/-Xms)
#   Decrease number of Java threads
#   Decrease Java thread stack sizes (-Xss)
#   Set larger code cache with -XX:ReservedCodeCacheSize=
#   JVM is running with Unscaled Compressed Oops mode in which the Java heap is
#     placed in the first 4GB address space. The Java Heap base address is the
#     maximum limit for the native heap growth. Please use -XX:HeapBaseMinAddress
#     to set the Java Heap base and to place the Java Heap above 4GB virtual address.
# This output file may be truncated or incomplete.
#
#  Out of Memory Error (arena.cpp:150), pid=27504, tid=27248
#
# JRE version: OpenJDK Runtime Environment (22.0.2+9) (build 22.0.2+9-70)
# Java VM: OpenJDK 64-Bit Server VM (22.0.2+9-70, mixed mode, sharing, tiered, compressed oops, compressed class ptrs, g1 gc, windows-amd64)
# No core dump will be written. Minidumps are not enabled by default on client versions of Windows
#

---------------  S U M M A R Y ------------

Command Line: -javaagent:C:\\Users\\USER\\.m2\\repository\\org\\jacoco\\org.jacoco.agent\\0.8.12\\org.jacoco.agent-0.8.12-runtime.jar=destfile=C:\\Users\\USER\\IdeaProjects\\ssacthree\\shop3\\ssacthree-shop-api\\target\\jacoco.exec C:\Users\USER\AppData\Local\Temp\surefire9833933312291553605\surefirebooter-20241031101941144_3.jar C:\Users\USER\AppData\Local\Temp\surefire9833933312291553605 2024-10-31T10-19-40_192-jvmRun1 surefire-20241031101941144_1tmp surefire_0-20241031101941144_2tmp

Host: Intel(R) Core(TM) i5-1035G4 CPU @ 1.10GHz, 8 cores, 7G,  Windows 11 , 64 bit Build 22621 (10.0.22621.3958)
Time: Thu Oct 31 10:20:34 2024  Windows 11 , 64 bit Build 22621 (10.0.22621.3958) elapsed time: 52.864953 seconds (0d 0h 0m 52s)

---------------  T H R E A D  ---------------

Current thread (0x000001a665353480):  JavaThread "C2 CompilerThread0" daemon [_thread_in_native, id=27248, stack(0x00000056ac500000,0x00000056ac600000) (1024K)]


Current CompileTask:
C2:52865 9651       4       java.lang.invoke.MethodType::makeImpl (109 bytes)

Stack: [0x00000056ac500000,0x00000056ac600000]
Native frames: (J=compiled Java code, j=interpreted, Vv=VM code, C=native code)
V  [jvm.dll+0x6e26e9]  (no source info available)
V  [jvm.dll+0x875753]  (no source info available)
V  [jvm.dll+0x877b7e]  (no source info available)
V  [jvm.dll+0x878253]  (no source info available)
V  [jvm.dll+0x27fc86]  (no source info available)
V  [jvm.dll+0xc3d0f]  (no source info available)
V  [jvm.dll+0xc3f6b]  (no source info available)
V  [jvm.dll+0x3bb47c]  (no source info available)
V  [jvm.dll+0x1df6ae]  (no source info available)
V  [jvm.dll+0x24793c]  (no source info available)
V  [jvm.dll+0x246e9f]  (no source info available)
V  [jvm.dll+0x1c4e80]  (no source info available)
V  [jvm.dll+0x2568f3]  (no source info available)
V  [jvm.dll+0x254baa]  (no source info available)
V  [jvm.dll+0x3f57a6]  (no source info available)
V  [jvm.dll+0x81dc0b]  (no source info available)
V  [jvm.dll+0x6e0d85]  (no source info available)
C  [ucrtbase.dll+0x29333]  (no source info available)
C  [KERNEL32.DLL+0x1257d]  (no source info available)
C  [ntdll.dll+0x5af08]  (no source info available)


---------------  P R O C E S S  ---------------

Threads class SMR info:
_java_thread_list=0x000001a6679c6270, length=14, elements={
0x000001a648b9a420, 0x000001a665346a20, 0x000001a665349800, 0x000001a66534d490,
0x000001a66534fc00, 0x000001a665350360, 0x000001a665351ad0, 0x000001a665353480,
0x000001a665359c90, 0x000001a64515a170, 0x000001a665422100, 0x000001a6656f2e80,
0x000001a665942880, 0x000001a665c11ae0
}

Java Threads: ( => current thread )
  0x000001a648b9a420 JavaThread "main"                              [_thread_in_native, id=29532, stack(0x00000056ab600000,0x00000056ab700000) (1024K)]
  0x000001a665346a20 JavaThread "Reference Handler"          daemon [_thread_blocked, id=21296, stack(0x00000056abf00000,0x00000056ac000000) (1024K)]
  0x000001a665349800 JavaThread "Finalizer"                  daemon [_thread_blocked, id=18652, stack(0x00000056ac000000,0x00000056ac100000) (1024K)]
  0x000001a66534d490 JavaThread "Signal Dispatcher"          daemon [_thread_blocked, id=532, stack(0x00000056ac100000,0x00000056ac200000) (1024K)]
  0x000001a66534fc00 JavaThread "Attach Listener"            daemon [_thread_blocked, id=27844, stack(0x00000056ac200000,0x00000056ac300000) (1024K)]
  0x000001a665350360 JavaThread "Service Thread"             daemon [_thread_blocked, id=19440, stack(0x00000056ac300000,0x00000056ac400000) (1024K)]
  0x000001a665351ad0 JavaThread "Monitor Deflation Thread"   daemon [_thread_blocked, id=22480, stack(0x00000056ac400000,0x00000056ac500000) (1024K)]
=>0x000001a665353480 JavaThread "C2 CompilerThread0"         daemon [_thread_in_native, id=27248, stack(0x00000056ac500000,0x00000056ac600000) (1024K)]
  0x000001a665359c90 JavaThread "C1 CompilerThread0"         daemon [_thread_blocked, id=19324, stack(0x00000056ac600000,0x00000056ac700000) (1024K)]
  0x000001a64515a170 JavaThread "Common-Cleaner"             daemon [_thread_blocked, id=20196, stack(0x00000056ac700000,0x00000056ac800000) (1024K)]
  0x000001a665422100 JavaThread "Notification Thread"        daemon [_thread_blocked, id=21660, stack(0x00000056ac800000,0x00000056ac900000) (1024K)]
  0x000001a6656f2e80 JavaThread "surefire-forkedjvm-stream-flusher" daemon [_thread_blocked, id=7060, stack(0x00000056acd00000,0x00000056ace00000) (1024K)]
  0x000001a665942880 JavaThread "surefire-forkedjvm-command-thread" daemon [_thread_in_native, id=18960, stack(0x00000056ace00000,0x00000056acf00000) (1024K)]
  0x000001a665c11ae0 JavaThread "C2 CompilerThread1"         daemon [_thread_in_native, id=15468, stack(0x00000056ad200000,0x00000056ad300000) (1024K)]
Total: 14

Other Threads:
  0x000001a665325c40 VMThread "VM Thread"                           [id=28508, stack(0x00000056abe00000,0x00000056abf00000) (1024K)]
  0x000001a66530b6a0 WatcherThread "VM Periodic Task Thread"        [id=4192, stack(0x00000056abd00000,0x00000056abe00000) (1024K)]
  0x000001a648bf19b0 WorkerThread "GC Thread#0"                     [id=5000, stack(0x00000056ab800000,0x00000056ab900000) (1024K)]
  0x000001a665421140 WorkerThread "GC Thread#1"                     [id=20372, stack(0x00000056ac900000,0x00000056aca00000) (1024K)]
  0x000001a6654214f0 WorkerThread "GC Thread#2"                     [id=28632, stack(0x00000056aca00000,0x00000056acb00000) (1024K)]
  0x000001a665681640 WorkerThread "GC Thread#3"                     [id=4816, stack(0x00000056acb00000,0x00000056acc00000) (1024K)]
  0x000001a6656819f0 WorkerThread "GC Thread#4"                     [id=15632, stack(0x00000056acc00000,0x00000056acd00000) (1024K)]
  0x000001a665c12c10 WorkerThread "GC Thread#5"                     [id=21788, stack(0x00000056acf00000,0x00000056ad000000) (1024K)]
  0x000001a645ca1350 WorkerThread "GC Thread#6"                     [id=21932, stack(0x00000056ad000000,0x00000056ad100000) (1024K)]
  0x000001a645ca1700 WorkerThread "GC Thread#7"                     [id=14920, stack(0x00000056ad100000,0x00000056ad200000) (1024K)]
  0x000001a648c02260 ConcurrentGCThread "G1 Main Marker"            [id=24424, stack(0x00000056ab900000,0x00000056aba00000) (1024K)]
  0x000001a648c02f20 WorkerThread "G1 Conc#0"                       [id=3836, stack(0x00000056aba00000,0x00000056abb00000) (1024K)]
  0x000001a666271bb0 WorkerThread "G1 Conc#1"                       [id=7432, stack(0x00000056ad400000,0x00000056ad500000) (1024K)]
  0x000001a648c5e540 ConcurrentGCThread "G1 Refine#0"               [id=2492, stack(0x00000056abb00000,0x00000056abc00000) (1024K)]
  0x000001a6651ddbf0 ConcurrentGCThread "G1 Service"                [id=9756, stack(0x00000056abc00000,0x00000056abd00000) (1024K)]
Total: 15

Threads with active compile tasks:
C2 CompilerThread0  53198 9651       4       java.lang.invoke.MethodType::makeImpl (109 bytes)
C2 CompilerThread1  53198 9716       4       java.lang.invoke.MethodType::methodType (69 bytes)
Total: 2

VM state: not at safepoint (normal execution)

VM Mutex/Monitor currently owned by a thread: None

Heap address: 0x0000000083a00000, size: 1990 MB, Compressed Oops mode: 32-bit

CDS archive(s) mapped at: [0x000001a600000000-0x000001a600c60000-0x000001a600c60000), size 12976128, SharedBaseAddress: 0x000001a600000000, ArchiveRelocationMode: 1.
Compressed class space mapped at: 0x000001a601000000-0x000001a641000000, reserved size: 1073741824
Narrow klass base: 0x000001a600000000, Narrow klass shift: 0, Narrow klass range: 0x41000000

GC Precious Log:
 CardTable entry size: 512
 Card Set container configuration: InlinePtr #cards 5 size 8 Array Of Cards #cards 12 size 40 Howl #buckets 4 coarsen threshold 1843 Howl Bitmap #cards 512 size 80 coarsen threshold 460 Card regions per heap region 1 cards per card region 2048
 CPUs: 8 total, 8 available
 Memory: 7953M
 Large Page Support: Disabled
 NUMA Support: Disabled
 Compressed Oops: Enabled (32-bit)
 Heap Region Size: 1M
 Heap Min Capacity: 8M
 Heap Initial Capacity: 126M
 Heap Max Capacity: 1990M
 Pre-touch: Disabled
 Parallel Workers: 8
 Concurrent Workers: 2
 Concurrent Refinement Workers: 8
 Periodic GC: Disabled

Heap:
 garbage-first heap   total reserved 2037760K, committed 78848K, used 38896K [0x0000000083a00000, 0x0000000100000000)
  region size 1024K, 17 young (17408K), 5 survivors (5120K)
 Metaspace       used 47905K, committed 48512K, reserved 1114112K
  class space    used 6018K, committed 6272K, reserved 1048576K

Heap Regions: E=young(eden), S=young(survivor), O=old, HS=humongous(starts), HC=humongous(continues), CS=collection set, F=free, TAMS=top-at-mark-start, PB=parsable bottom
|   0|0x0000000083a00000, 0x0000000083b00000, 0x0000000083b00000|100%|HS|  |TAMS 0x0000000083a00000| PB 0x0000000083a00000| Complete |  0
|   1|0x0000000083b00000, 0x0000000083c00000, 0x0000000083c00000|100%|HS|  |TAMS 0x0000000083b00000| PB 0x0000000083b00000| Complete |  0
|   2|0x0000000083c00000, 0x0000000083d00000, 0x0000000083d00000|100%| O|  |TAMS 0x0000000083c00000| PB 0x0000000083c00000| Untracked |  0
|   3|0x0000000083d00000, 0x0000000083e00000, 0x0000000083e00000|100%| O|  |TAMS 0x0000000083d00000| PB 0x0000000083d00000| Untracked |  0
|   4|0x0000000083e00000, 0x0000000083f00000, 0x0000000083f00000|100%| O|  |TAMS 0x0000000083e00000| PB 0x0000000083e00000| Untracked |  0
|   5|0x0000000083f00000, 0x0000000084000000, 0x0000000084000000|100%| O|  |TAMS 0x0000000083f00000| PB 0x0000000083f00000| Untracked |  0
|   6|0x0000000084000000, 0x0000000084100000, 0x0000000084100000|100%| O|  |TAMS 0x0000000084000000| PB 0x0000000084000000| Untracked |  0
|   7|0x0000000084100000, 0x0000000084200000, 0x0000000084200000|100%| O|  |TAMS 0x0000000084100000| PB 0x0000000084100000| Untracked |  0
|   8|0x0000000084200000, 0x0000000084300000, 0x0000000084300000|100%| O|  |TAMS 0x0000000084200000| PB 0x0000000084200000| Untracked |  0
|   9|0x0000000084300000, 0x0000000084400000, 0x0000000084400000|100%| O|  |TAMS 0x0000000084300000| PB 0x0000000084300000| Untracked |  0
|  10|0x0000000084400000, 0x0000000084500000, 0x0000000084500000|100%| O|  |TAMS 0x0000000084400000| PB 0x0000000084400000| Untracked |  0
|  11|0x0000000084500000, 0x0000000084600000, 0x0000000084600000|100%| O|  |TAMS 0x0000000084500000| PB 0x0000000084500000| Untracked |  0
|  12|0x0000000084600000, 0x0000000084700000, 0x0000000084700000|100%| O|  |TAMS 0x0000000084600000| PB 0x0000000084600000| Untracked |  0
|  13|0x0000000084700000, 0x0000000084800000, 0x0000000084800000|100%| O|  |TAMS 0x0000000084700000| PB 0x0000000084700000| Untracked |  0
|  14|0x0000000084800000, 0x0000000084900000, 0x0000000084900000|100%| O|  |TAMS 0x0000000084800000| PB 0x0000000084800000| Untracked |  0
|  15|0x0000000084900000, 0x0000000084a00000, 0x0000000084a00000|100%| O|  |TAMS 0x0000000084900000| PB 0x0000000084900000| Untracked |  0
|  16|0x0000000084a00000, 0x0000000084b00000, 0x0000000084b00000|100%| O|  |TAMS 0x0000000084a00000| PB 0x0000000084a00000| Untracked |  0
|  17|0x0000000084b00000, 0x0000000084c00000, 0x0000000084c00000|100%| O|  |TAMS 0x0000000084b00000| PB 0x0000000084b00000| Untracked |  0
|  18|0x0000000084c00000, 0x0000000084d00000, 0x0000000084d00000|100%| O|  |TAMS 0x0000000084c00000| PB 0x0000000084c00000| Untracked |  0
|  19|0x0000000084d00000, 0x0000000084e00000, 0x0000000084e00000|100%| O|  |TAMS 0x0000000084d00000| PB 0x0000000084d00000| Untracked |  0
|  20|0x0000000084e00000, 0x0000000084f00000, 0x0000000084f00000|100%| O|  |TAMS 0x0000000084e00000| PB 0x0000000084e00000| Untracked |  0
|  21|0x0000000084f00000, 0x0000000085000000, 0x0000000085000000|100%| O|  |TAMS 0x0000000084f00000| PB 0x0000000084f00000| Untracked |  0
|  22|0x0000000085000000, 0x0000000085100000, 0x0000000085100000|100%| O|  |TAMS 0x0000000085000000| PB 0x0000000085000000| Untracked |  0
|  23|0x0000000085100000, 0x000000008513f060, 0x0000000085200000| 24%| O|  |TAMS 0x0000000085100000| PB 0x0000000085100000| Untracked |  0
|  24|0x0000000085200000, 0x0000000085200000, 0x0000000085300000|  0%| F|  |TAMS 0x0000000085200000| PB 0x0000000085200000| Untracked |  0
|  25|0x0000000085300000, 0x0000000085300000, 0x0000000085400000|  0%| F|  |TAMS 0x0000000085300000| PB 0x0000000085300000| Untracked |  0
|  26|0x0000000085400000, 0x0000000085400000, 0x0000000085500000|  0%| F|  |TAMS 0x0000000085400000| PB 0x0000000085400000| Untracked |  0
|  27|0x0000000085500000, 0x00000000855bd360, 0x0000000085600000| 73%| S|CS|TAMS 0x0000000085500000| PB 0x0000000085500000| Complete |  0
|  28|0x0000000085600000, 0x0000000085600000, 0x0000000085700000|  0%| F|  |TAMS 0x0000000085600000| PB 0x0000000085600000| Untracked |  0
|  29|0x0000000085700000, 0x0000000085700000, 0x0000000085800000|  0%| F|  |TAMS 0x0000000085700000| PB 0x0000000085700000| Untracked |  0
|  30|0x0000000085800000, 0x0000000085800000, 0x0000000085900000|  0%| F|  |TAMS 0x0000000085800000| PB 0x0000000085800000| Untracked |  0
|  31|0x0000000085900000, 0x0000000085a00000, 0x0000000085a00000|100%| S|CS|TAMS 0x0000000085900000| PB 0x0000000085900000| Complete |  0
|  32|0x0000000085a00000, 0x0000000085b00000, 0x0000000085b00000|100%| S|CS|TAMS 0x0000000085a00000| PB 0x0000000085a00000| Complete |  0
|  33|0x0000000085b00000, 0x0000000085c00000, 0x0000000085c00000|100%| S|CS|TAMS 0x0000000085b00000| PB 0x0000000085b00000| Complete |  0
|  34|0x0000000085c00000, 0x0000000085c00000, 0x0000000085d00000|  0%| F|  |TAMS 0x0000000085c00000| PB 0x0000000085c00000| Untracked |  0
|  35|0x0000000085d00000, 0x0000000085e00000, 0x0000000085e00000|100%| S|CS|TAMS 0x0000000085d00000| PB 0x0000000085d00000| Complete |  0
|  36|0x0000000085e00000, 0x0000000085e00000, 0x0000000085f00000|  0%| F|  |TAMS 0x0000000085e00000| PB 0x0000000085e00000| Untracked |  0
|  37|0x0000000085f00000, 0x0000000085f00000, 0x0000000086000000|  0%| F|  |TAMS 0x0000000085f00000| PB 0x0000000085f00000| Untracked |  0
|  38|0x0000000086000000, 0x0000000086000000, 0x0000000086100000|  0%| F|  |TAMS 0x0000000086000000| PB 0x0000000086000000| Untracked |  0
|  39|0x0000000086100000, 0x0000000086100000, 0x0000000086200000|  0%| F|  |TAMS 0x0000000086100000| PB 0x0000000086100000| Untracked |  0
|  40|0x0000000086200000, 0x0000000086200000, 0x0000000086300000|  0%| F|  |TAMS 0x0000000086200000| PB 0x0000000086200000| Untracked |  0
|  41|0x0000000086300000, 0x0000000086300000, 0x0000000086400000|  0%| F|  |TAMS 0x0000000086300000| PB 0x0000000086300000| Untracked |  0
|  42|0x0000000086400000, 0x0000000086400000, 0x0000000086500000|  0%| F|  |TAMS 0x0000000086400000| PB 0x0000000086400000| Untracked |  0
|  43|0x0000000086500000, 0x0000000086500000, 0x0000000086600000|  0%| F|  |TAMS 0x0000000086500000| PB 0x0000000086500000| Untracked |  0
|  44|0x0000000086600000, 0x0000000086600000, 0x0000000086700000|  0%| F|  |TAMS 0x0000000086600000| PB 0x0000000086600000| Untracked |  0
|  45|0x0000000086700000, 0x0000000086700000, 0x0000000086800000|  0%| F|  |TAMS 0x0000000086700000| PB 0x0000000086700000| Untracked |  0
|  46|0x0000000086800000, 0x0000000086800000, 0x0000000086900000|  0%| F|  |TAMS 0x0000000086800000| PB 0x0000000086800000| Untracked |  0
|  47|0x0000000086900000, 0x0000000086900000, 0x0000000086a00000|  0%| F|  |TAMS 0x0000000086900000| PB 0x0000000086900000| Untracked |  0
|  48|0x0000000086a00000, 0x0000000086a00000, 0x0000000086b00000|  0%| F|  |TAMS 0x0000000086a00000| PB 0x0000000086a00000| Untracked |  0
|  49|0x0000000086b00000, 0x0000000086b00000, 0x0000000086c00000|  0%| F|  |TAMS 0x0000000086b00000| PB 0x0000000086b00000| Untracked |  0
|  50|0x0000000086c00000, 0x0000000086c00000, 0x0000000086d00000|  0%| F|  |TAMS 0x0000000086c00000| PB 0x0000000086c00000| Untracked |  0
|  87|0x0000000089100000, 0x0000000089100000, 0x0000000089200000|  0%| F|  |TAMS 0x0000000089100000| PB 0x0000000089100000| Untracked |  0
|  88|0x0000000089200000, 0x0000000089200000, 0x0000000089300000|  0%| F|  |TAMS 0x0000000089200000| PB 0x0000000089200000| Untracked |  0
|  89|0x0000000089300000, 0x0000000089300000, 0x0000000089400000|  0%| F|  |TAMS 0x0000000089300000| PB 0x0000000089300000| Untracked |  0
|  90|0x0000000089400000, 0x0000000089400000, 0x0000000089500000|  0%| F|  |TAMS 0x0000000089400000| PB 0x0000000089400000| Untracked |  0
|  91|0x0000000089500000, 0x0000000089500000, 0x0000000089600000|  0%| F|  |TAMS 0x0000000089500000| PB 0x0000000089500000| Untracked |  0
|  92|0x0000000089600000, 0x0000000089600000, 0x0000000089700000|  0%| F|  |TAMS 0x0000000089600000| PB 0x0000000089600000| Untracked |  0
| 106|0x000000008a400000, 0x000000008a400000, 0x000000008a500000|  0%| F|  |TAMS 0x000000008a400000| PB 0x000000008a400000| Untracked |  0
| 107|0x000000008a500000, 0x000000008a500000, 0x000000008a600000|  0%| F|  |TAMS 0x000000008a500000| PB 0x000000008a500000| Untracked |  0
| 108|0x000000008a600000, 0x000000008a600000, 0x000000008a700000|  0%| F|  |TAMS 0x000000008a600000| PB 0x000000008a600000| Untracked |  0
| 109|0x000000008a700000, 0x000000008a700000, 0x000000008a800000|  0%| F|  |TAMS 0x000000008a700000| PB 0x000000008a700000| Untracked |  0
| 110|0x000000008a800000, 0x000000008a800000, 0x000000008a900000|  0%| F|  |TAMS 0x000000008a800000| PB 0x000000008a800000| Untracked |  0
| 111|0x000000008a900000, 0x000000008a900000, 0x000000008aa00000|  0%| F|  |TAMS 0x000000008a900000| PB 0x000000008a900000| Untracked |  0
| 112|0x000000008aa00000, 0x000000008aa00000, 0x000000008ab00000|  0%| F|  |TAMS 0x000000008aa00000| PB 0x000000008aa00000| Untracked |  0
| 113|0x000000008ab00000, 0x000000008ab00000, 0x000000008ac00000|  0%| F|  |TAMS 0x000000008ab00000| PB 0x000000008ab00000| Untracked |  0
| 114|0x000000008ac00000, 0x000000008ac80000, 0x000000008ad00000| 50%| E|  |TAMS 0x000000008ac00000| PB 0x000000008ac00000| Complete |  0
| 115|0x000000008ad00000, 0x000000008ae00000, 0x000000008ae00000|100%| E|CS|TAMS 0x000000008ad00000| PB 0x000000008ad00000| Complete |  0
| 116|0x000000008ae00000, 0x000000008af00000, 0x000000008af00000|100%| E|CS|TAMS 0x000000008ae00000| PB 0x000000008ae00000| Complete |  0
| 117|0x000000008af00000, 0x000000008b000000, 0x000000008b000000|100%| E|  |TAMS 0x000000008af00000| PB 0x000000008af00000| Complete |  0
| 118|0x000000008b000000, 0x000000008b100000, 0x000000008b100000|100%| E|CS|TAMS 0x000000008b000000| PB 0x000000008b000000| Complete |  1
| 119|0x000000008b100000, 0x000000008b200000, 0x000000008b200000|100%| E|CS|TAMS 0x000000008b100000| PB 0x000000008b100000| Complete |  0
| 120|0x000000008b200000, 0x000000008b300000, 0x000000008b300000|100%| E|CS|TAMS 0x000000008b200000| PB 0x000000008b200000| Complete |  0
| 121|0x000000008b300000, 0x000000008b400000, 0x000000008b400000|100%| E|CS|TAMS 0x000000008b300000| PB 0x000000008b300000| Complete |  0
| 122|0x000000008b400000, 0x000000008b500000, 0x000000008b500000|100%| E|CS|TAMS 0x000000008b400000| PB 0x000000008b400000| Complete |  0
| 123|0x000000008b500000, 0x000000008b600000, 0x000000008b600000|100%| E|CS|TAMS 0x000000008b500000| PB 0x000000008b500000| Complete |  0
| 124|0x000000008b600000, 0x000000008b700000, 0x000000008b700000|100%| E|CS|TAMS 0x000000008b600000| PB 0x000000008b600000| Complete |  0
| 125|0x000000008b700000, 0x000000008b800000, 0x000000008b800000|100%| E|CS|TAMS 0x000000008b700000| PB 0x000000008b700000| Complete |  0

Card table byte_map: [0x000001a660600000,0x000001a6609f0000] _byte_map_base: 0x000001a6601e3000

Marking Bits: (CMBitMap*) 0x000001a648bf20c0
 Bits: [0x000001a6609f0000, 0x000001a662908000)

Polling page: 0x000001a648360000

Metaspace:

Usage:
  Non-class:     40.91 MB used.
      Class:      5.88 MB used.
       Both:     46.78 MB used.

Virtual space:
  Non-class space:       64.00 MB reserved,      41.25 MB ( 64%) committed,  1 nodes.
      Class space:        1.00 GB reserved,       6.12 MB ( <1%) committed,  1 nodes.
             Both:        1.06 GB reserved,      47.38 MB (  4%) committed. 

Chunk freelists:
   Non-Class:  6.73 MB
       Class:  9.83 MB
        Both:  16.56 MB

MaxMetaspaceSize: unlimited
CompressedClassSpaceSize: 1.00 GB
Initial GC threshold: 21.00 MB
Current GC threshold: 61.25 MB
CDS: on
 - commit_granule_bytes: 65536.
 - commit_granule_words: 8192.
 - virtual_space_node_default_size: 8388608.
 - enlarge_chunks_in_place: 1.
 - use_allocation_guard: 0.


Internal statistics:

num_allocs_failed_limit: 15.
num_arena_births: 756.
num_arena_deaths: 0.
num_vsnodes_births: 2.
num_vsnodes_deaths: 0.
num_space_committed: 758.
num_space_uncommitted: 0.
num_chunks_returned_to_freelist: 15.
num_chunks_taken_from_freelist: 2422.
num_chunk_merges: 15.
num_chunk_splits: 1743.
num_chunks_enlarged: 1340.
num_inconsistent_stats: 0.

CodeHeap 'non-profiled nmethods': size=120000Kb used=6539Kb max_used=6539Kb free=113460Kb
 bounds [0x000001a6589b0000, 0x000001a659020000, 0x000001a65fee0000]
CodeHeap 'profiled nmethods': size=120000Kb used=16564Kb max_used=16564Kb free=103435Kb
 bounds [0x000001a650ee0000, 0x000001a651f10000, 0x000001a658410000]
CodeHeap 'non-nmethods': size=5760Kb used=1696Kb max_used=1758Kb free=4063Kb
 bounds [0x000001a658410000, 0x000001a658680000, 0x000001a6589b0000]
 total_blobs=9504 nmethods=8913 adapters=494
 compilation: enabled
              stopped_count=0, restarted_count=0
 full_count=0

Compilation events (20 events):
Event: 52.829 Thread 0x000001a665359c90 9737       2       java.lang.invoke.DirectMethodHandle::ensureInitialized (23 bytes)
Event: 52.829 Thread 0x000001a665359c90 nmethod 9737 0x000001a651edf410 code [0x000001a651edf600, 0x000001a651edfa00]
Event: 52.829 Thread 0x000001a665359c90 9738       2       java.lang.invoke.DirectMethodHandle::checkInitialized (28 bytes)
Event: 52.830 Thread 0x000001a665359c90 nmethod 9738 0x000001a651edfc10 code [0x000001a651edfde0, 0x000001a651ee00b0]
Event: 52.839 Thread 0x000001a665359c90 9741       2       java.lang.invoke.MethodHandleImpl$IntrinsicMethodHandle::<init> (25 bytes)
Event: 52.840 Thread 0x000001a665359c90 nmethod 9741 0x000001a651ee0290 code [0x000001a651ee0460, 0x000001a651ee0798]
Event: 52.840 Thread 0x000001a665359c90 9742       2       java.lang.invoke.MethodHandles::constant (88 bytes)
Event: 52.841 Thread 0x000001a665359c90 nmethod 9742 0x000001a651ee0910 code [0x000001a651ee0bc0, 0x000001a651ee13c8]
Event: 52.841 Thread 0x000001a665359c90 9743       2       java.util.TreeMap$Entry::<init> (25 bytes)
Event: 52.841 Thread 0x000001a665359c90 nmethod 9743 0x000001a651ee1810 code [0x000001a651ee19a0, 0x000001a651ee1bc0]
Event: 52.841 Thread 0x000001a665359c90 9744       2       org.springframework.core.annotation.TypeMappedAnnotations::stream (46 bytes)
Event: 52.841 Thread 0x000001a665359c90 nmethod 9744 0x000001a651ee1c90 code [0x000001a651ee1e60, 0x000001a651ee20c0]
Event: 52.845 Thread 0x000001a665359c90 9745       2       org.springframework.core.annotation.TypeMappedAnnotations::spliterator (26 bytes)
Event: 52.845 Thread 0x000001a665359c90 nmethod 9745 0x000001a651ee2210 code [0x000001a651ee23c0, 0x000001a651ee25c8]
Event: 52.845 Thread 0x000001a665359c90 9746       2       org.springframework.context.support.GenericApplicationContext::getClassLoader (67 bytes)
Event: 52.845 Thread 0x000001a665359c90 nmethod 9746 0x000001a651ee2710 code [0x000001a651ee28e0, 0x000001a651ee2ba0]
Event: 52.846 Thread 0x000001a665359c90 9747       2       java.lang.invoke.LambdaForm$DMH/0x000001a60102c800::invokeStaticInit (18 bytes)
Event: 52.846 Thread 0x000001a665359c90 nmethod 9747 0x000001a651ee2d10 code [0x000001a651ee2ee0, 0x000001a651ee31b0]
Event: 52.857 Thread 0x000001a665359c90 9749       3       org.springframework.orm.jpa.support.PersistenceAnnotationBeanPostProcessor::lambda$buildPersistenceMetadata$1 (247 bytes)
Event: 52.859 Thread 0x000001a665359c90 nmethod 9749 0x000001a651ee3390 code [0x000001a651ee3760, 0x000001a651ee51c8]

GC Heap History (20 events):
Event: 34.924 GC heap before
{Heap before GC invocations=9 (full 0):
 garbage-first heap   total reserved 2037760K, committed 65536K, used 56435K [0x0000000083a00000, 0x0000000100000000)
  region size 1024K, 38 young (38912K), 2 survivors (2048K)
 Metaspace       used 26798K, committed 27136K, reserved 1114112K
  class space    used 3144K, committed 3264K, reserved 1048576K
}
Event: 34.927 GC heap after
{Heap after GC invocations=10 (full 0):
 garbage-first heap   total reserved 2037760K, committed 65536K, used 19572K [0x0000000083a00000, 0x0000000100000000)
  region size 1024K, 2 young (2048K), 2 survivors (2048K)
 Metaspace       used 26798K, committed 27136K, reserved 1114112K
  class space    used 3144K, committed 3264K, reserved 1048576K
}
Event: 35.258 GC heap before
{Heap before GC invocations=10 (full 0):
 garbage-first heap   total reserved 2037760K, committed 65536K, used 56436K [0x0000000083a00000, 0x0000000100000000)
  region size 1024K, 38 young (38912K), 2 survivors (2048K)
 Metaspace       used 28366K, committed 28736K, reserved 1114112K
  class space    used 3310K, committed 3456K, reserved 1048576K
}
Event: 35.261 GC heap after
{Heap after GC invocations=11 (full 0):
 garbage-first heap   total reserved 2037760K, committed 65536K, used 20052K [0x0000000083a00000, 0x0000000100000000)
  region size 1024K, 3 young (3072K), 3 survivors (3072K)
 Metaspace       used 28366K, committed 28736K, reserved 1114112K
  class space    used 3310K, committed 3456K, reserved 1048576K
}
Event: 35.792 GC heap before
{Heap before GC invocations=11 (full 0):
 garbage-first heap   total reserved 2037760K, committed 65536K, used 54868K [0x0000000083a00000, 0x0000000100000000)
  region size 1024K, 38 young (38912K), 3 survivors (3072K)
 Metaspace       used 30349K, committed 30656K, reserved 1114112K
  class space    used 3575K, committed 3712K, reserved 1048576K
}
Event: 35.810 GC heap after
{Heap after GC invocations=12 (full 0):
 garbage-first heap   total reserved 2037760K, committed 65536K, used 21114K [0x0000000083a00000, 0x0000000100000000)
  region size 1024K, 4 young (4096K), 4 survivors (4096K)
 Metaspace       used 30349K, committed 30656K, reserved 1114112K
  class space    used 3575K, committed 3712K, reserved 1048576K
}
Event: 38.647 GC heap before
{Heap before GC invocations=12 (full 0):
 garbage-first heap   total reserved 2037760K, committed 65536K, used 54906K [0x0000000083a00000, 0x0000000100000000)
  region size 1024K, 38 young (38912K), 4 survivors (4096K)
 Metaspace       used 31536K, committed 31872K, reserved 1114112K
  class space    used 3703K, committed 3840K, reserved 1048576K
}
Event: 38.654 GC heap after
{Heap after GC invocations=13 (full 0):
 garbage-first heap   total reserved 2037760K, committed 78848K, used 23213K [0x0000000083a00000, 0x0000000100000000)
  region size 1024K, 5 young (5120K), 5 survivors (5120K)
 Metaspace       used 31536K, committed 31872K, reserved 1114112K
  class space    used 3703K, committed 3840K, reserved 1048576K
}
Event: 39.742 GC heap before
{Heap before GC invocations=13 (full 0):
 garbage-first heap   total reserved 2037760K, committed 78848K, used 65197K [0x0000000083a00000, 0x0000000100000000)
  region size 1024K, 46 young (47104K), 5 survivors (5120K)
 Metaspace       used 33396K, committed 33728K, reserved 1114112K
  class space    used 3919K, committed 4032K, reserved 1048576K
}
Event: 39.751 GC heap after
{Heap after GC invocations=14 (full 0):
 garbage-first heap   total reserved 2037760K, committed 78848K, used 23174K [0x0000000083a00000, 0x0000000100000000)
  region size 1024K, 3 young (3072K), 3 survivors (3072K)
 Metaspace       used 33396K, committed 33728K, reserved 1114112K
  class space    used 3919K, committed 4032K, reserved 1048576K
}
Event: 43.149 GC heap before
{Heap before GC invocations=14 (full 0):
 garbage-first heap   total reserved 2037760K, committed 78848K, used 67206K [0x0000000083a00000, 0x0000000100000000)
  region size 1024K, 46 young (47104K), 3 survivors (3072K)
 Metaspace       used 36208K, committed 36672K, reserved 1114112K
  class space    used 4280K, committed 4480K, reserved 1048576K
}
Event: 43.158 GC heap after
{Heap after GC invocations=15 (full 0):
 garbage-first heap   total reserved 2037760K, committed 78848K, used 24083K [0x0000000083a00000, 0x0000000100000000)
  region size 1024K, 4 young (4096K), 4 survivors (4096K)
 Metaspace       used 36208K, committed 36672K, reserved 1114112K
  class space    used 4280K, committed 4480K, reserved 1048576K
}
Event: 44.770 GC heap before
{Heap before GC invocations=15 (full 0):
 garbage-first heap   total reserved 2037760K, committed 78848K, used 38419K [0x0000000083a00000, 0x0000000100000000)
  region size 1024K, 19 young (19456K), 4 survivors (4096K)
 Metaspace       used 37161K, committed 37568K, reserved 1114112K
  class space    used 4416K, committed 4608K, reserved 1048576K
}
Event: 44.779 GC heap after
{Heap after GC invocations=16 (full 0):
 garbage-first heap   total reserved 2037760K, committed 78848K, used 24136K [0x0000000083a00000, 0x0000000100000000)
  region size 1024K, 2 young (2048K), 2 survivors (2048K)
 Metaspace       used 37161K, committed 37568K, reserved 1114112K
  class space    used 4416K, committed 4608K, reserved 1048576K
}
Event: 46.423 GC heap before
{Heap before GC invocations=17 (full 0):
 garbage-first heap   total reserved 2037760K, committed 78848K, used 69192K [0x0000000083a00000, 0x0000000100000000)
  region size 1024K, 46 young (47104K), 2 survivors (2048K)
 Metaspace       used 40390K, committed 40896K, reserved 1114112K
  class space    used 4975K, committed 5184K, reserved 1048576K
}
Event: 46.431 GC heap after
{Heap after GC invocations=18 (full 0):
 garbage-first heap   total reserved 2037760K, committed 78848K, used 25021K [0x0000000083a00000, 0x0000000100000000)
  region size 1024K, 3 young (3072K), 3 survivors (3072K)
 Metaspace       used 40390K, committed 40896K, reserved 1114112K
  class space    used 4975K, committed 5184K, reserved 1048576K
}
Event: 49.005 GC heap before
{Heap before GC invocations=18 (full 0):
 garbage-first heap   total reserved 2037760K, committed 78848K, used 69053K [0x0000000083a00000, 0x0000000100000000)
  region size 1024K, 46 young (47104K), 3 survivors (3072K)
 Metaspace       used 43257K, committed 43840K, reserved 1114112K
  class space    used 5420K, committed 5696K, reserved 1048576K
}
Event: 49.016 GC heap after
{Heap after GC invocations=19 (full 0):
 garbage-first heap   total reserved 2037760K, committed 78848K, used 25743K [0x0000000083a00000, 0x0000000100000000)
  region size 1024K, 4 young (4096K), 4 survivors (4096K)
 Metaspace       used 43257K, committed 43840K, reserved 1114112K
  class space    used 5420K, committed 5696K, reserved 1048576K
}
Event: 50.430 GC heap before
{Heap before GC invocations=19 (full 0):
 garbage-first heap   total reserved 2037760K, committed 78848K, used 68751K [0x0000000083a00000, 0x0000000100000000)
  region size 1024K, 46 young (47104K), 4 survivors (4096K)
 Metaspace       used 45372K, committed 46016K, reserved 1114112K
  class space    used 5720K, committed 6016K, reserved 1048576K
}
Event: 50.443 GC heap after
{Heap after GC invocations=20 (full 0):
 garbage-first heap   total reserved 2037760K, committed 78848K, used 26934K [0x0000000083a00000, 0x0000000100000000)
  region size 1024K, 4 young (4096K), 4 survivors (4096K)
 Metaspace       used 45372K, committed 46016K, reserved 1114112K
  class space    used 5720K, committed 6016K, reserved 1048576K
}

Dll operation events (14 events):
Event: 0.080 Loaded shared library C:\Users\USER\.jdks\openjdk-22.0.2\bin\java.dll
Event: 0.753 Loaded shared library C:\Users\USER\.jdks\openjdk-22.0.2\bin\jsvml.dll
Event: 1.522 Loaded shared library C:\Users\USER\.jdks\openjdk-22.0.2\bin\zip.dll
Event: 1.577 Loaded shared library C:\Users\USER\.jdks\openjdk-22.0.2\bin\instrument.dll
Event: 1.657 Loaded shared library C:\Users\USER\.jdks\openjdk-22.0.2\bin\net.dll
Event: 1.665 Loaded shared library C:\Users\USER\.jdks\openjdk-22.0.2\bin\nio.dll
Event: 1.672 Loaded shared library C:\Users\USER\.jdks\openjdk-22.0.2\bin\zip.dll
Event: 4.089 Loaded shared library C:\Users\USER\.jdks\openjdk-22.0.2\bin\verify.dll
Event: 4.772 Loaded shared library C:\Users\USER\.jdks\openjdk-22.0.2\bin\jimage.dll
Event: 7.098 Loaded shared library C:\Users\USER\.jdks\openjdk-22.0.2\bin\management.dll
Event: 7.329 Loaded shared library C:\Users\USER\.jdks\openjdk-22.0.2\bin\management_ext.dll
Event: 32.706 Loaded shared library C:\Users\USER\.jdks\openjdk-22.0.2\bin\le.dll
Event: 35.846 Loaded shared library C:\Users\USER\.jdks\openjdk-22.0.2\bin\sunmscapi.dll
Event: 42.128 Loaded shared library C:\Users\USER\.jdks\openjdk-22.0.2\bin\instrument.dll

Deoptimization events (20 events):
Event: 50.576 Thread 0x000001a648b9a420 DEOPT PACKING pc=0x000001a658a07b18 sp=0x00000056ab6f8410
Event: 50.576 Thread 0x000001a648b9a420 DEOPT UNPACKING pc=0x000001a658467da2 sp=0x00000056ab6f8360 mode 2
Event: 50.699 Thread 0x000001a648b9a420 DEOPT PACKING pc=0x000001a651117ab7 sp=0x00000056ab6f8050
Event: 50.699 Thread 0x000001a648b9a420 DEOPT UNPACKING pc=0x000001a6584688e2 sp=0x00000056ab6f74d8 mode 0
Event: 50.702 Thread 0x000001a648b9a420 DEOPT PACKING pc=0x000001a6510823c2 sp=0x00000056ab6f6680
Event: 50.702 Thread 0x000001a648b9a420 DEOPT UNPACKING pc=0x000001a6584688e2 sp=0x00000056ab6f5c00 mode 0
Event: 52.109 Thread 0x000001a648b9a420 Uncommon trap: trap_request=0xffffff45 fr.pc=0x000001a658f73a70 relative=0x0000000000000690
Event: 52.109 Thread 0x000001a648b9a420 Uncommon trap: reason=unstable_if action=reinterpret pc=0x000001a658f73a70 method=org.springframework.beans.factory.support.DefaultSingletonBeanRegistry.getSingleton(Ljava/lang/String;Z)Ljava/lang/Object; @ 45 c2
Event: 52.112 Thread 0x000001a648b9a420 DEOPT PACKING pc=0x000001a658f73a70 sp=0x00000056ab6f4160
Event: 52.112 Thread 0x000001a648b9a420 DEOPT UNPACKING pc=0x000001a658467da2 sp=0x00000056ab6f40d8 mode 2
Event: 52.114 Thread 0x000001a648b9a420 Uncommon trap: trap_request=0xffffff45 fr.pc=0x000001a658fd9c20 relative=0x0000000000000600
Event: 52.115 Thread 0x000001a648b9a420 Uncommon trap: reason=unstable_if action=reinterpret pc=0x000001a658fd9c20 method=org.springframework.beans.factory.support.AbstractAutowireCapableBeanFactory.predictBeanType(Ljava/lang/String;Lorg/springframework/beans/factory/support/RootBeanDefinition;
Event: 52.115 Thread 0x000001a648b9a420 DEOPT PACKING pc=0x000001a658fd9c20 sp=0x00000056ab6f4120
Event: 52.115 Thread 0x000001a648b9a420 DEOPT UNPACKING pc=0x000001a658467da2 sp=0x00000056ab6f40c8 mode 2
Event: 52.202 Thread 0x000001a648b9a420 DEOPT PACKING pc=0x000001a6510823c2 sp=0x00000056ab6f4600
Event: 52.202 Thread 0x000001a648b9a420 DEOPT UNPACKING pc=0x000001a6584688e2 sp=0x00000056ab6f3b80 mode 0
Event: 52.678 Thread 0x000001a648b9a420 DEOPT PACKING pc=0x000001a651c357e0 sp=0x00000056ab6f6d80
Event: 52.678 Thread 0x000001a648b9a420 DEOPT UNPACKING pc=0x000001a6584688e2 sp=0x00000056ab6f6290 mode 0
Event: 52.681 Thread 0x000001a648b9a420 DEOPT PACKING pc=0x000001a651e86a0a sp=0x00000056ab6f8110
Event: 52.681 Thread 0x000001a648b9a420 DEOPT UNPACKING pc=0x000001a6584688e2 sp=0x00000056ab6f7620 mode 0

Classes loaded (20 events):
Event: 52.837 Loading class org/springframework/security/web/util/ThrowableCauseExtractor
Event: 52.837 Loading class org/springframework/security/web/util/ThrowableCauseExtractor done
Event: 52.837 Loading class org/springframework/security/web/util/ThrowableCauseExtractor
Event: 52.837 Loading class org/springframework/security/web/util/ThrowableCauseExtractor done
Event: 52.839 Loading class org/springframework/security/web/util/ThrowableCauseExtractor
Event: 52.839 Loading class org/springframework/security/web/util/ThrowableCauseExtractor done
Event: 52.840 Loading class org/springframework/security/web/util/ThrowableCauseExtractor
Event: 52.840 Loading class org/springframework/security/web/util/ThrowableCauseExtractor done
Event: 52.841 Loading class jakarta/servlet/FilterConfig
Event: 52.841 Loading class jakarta/servlet/FilterConfig done
Event: 52.848 Loading class org/springframework/security/authentication/AuthenticationDetailsSource
Event: 52.848 Loading class org/springframework/security/authentication/AuthenticationDetailsSource done
Event: 52.850 Loading class org/springframework/security/web/authentication/WebAuthenticationDetailsSource
Event: 52.850 Loading class org/springframework/security/web/authentication/WebAuthenticationDetailsSource done
Event: 52.854 Loading class org/springframework/security/web/servletapi/HttpServlet3RequestFactory
Event: 52.854 Loading class org/springframework/security/web/servletapi/HttpServlet3RequestFactory done
Event: 52.857 Loading class org/springframework/security/web/authentication/logout/LogoutSuccessEventPublishingLogoutHandler
Event: 52.857 Loading class org/springframework/security/web/authentication/logout/LogoutSuccessEventPublishingLogoutHandler done
Event: 52.859 Loading class org/springframework/security/authentication/event/LogoutSuccessEvent
Event: 52.859 Loading class org/springframework/security/authentication/event/LogoutSuccessEvent done

Classes unloaded (0 events):
No events

Classes redefined (1 events):
Event: 47.132 Thread 0x000001a665325c40 redefined class name=com.nhnacademy.ssacthree_shop_api.bookset.category.service.CategoryService, count=1

Internal exceptions (20 events):
Event: 40.730 Thread 0x000001a648b9a420 Exception <a 'java/lang/NoSuchMethodError'{0x0000000086512398}: 'void java.lang.invoke.DirectMethodHandle$Holder.invokeStatic(java.lang.Object, long)'> (0x0000000086512398) 
thrown [s\open\src\hotspot\share\interpreter\linkResolver.cpp, line 774]
Event: 42.282 Thread 0x000001a648b9a420 Exception <a 'java/lang/NoSuchMethodError'{0x000000008653a5c0}: 'java.lang.Object java.lang.invoke.DirectMethodHandle$Holder.invokeStaticInit(java.lang.Object, int, int, int, int)'> (0x000000008653a5c0) 
thrown [s\open\src\hotspot\share\interpreter\linkResolver.cpp, line 774]
Event: 42.367 Thread 0x000001a648b9a420 Exception <a 'java/lang/NoSuchMethodError'{0x000000008645f958}: 'java.lang.Object java.lang.invoke.DirectMethodHandle$Holder.invokeStaticInit(java.lang.Object, java.lang.Object, int, int, int, int)'> (0x000000008645f958) 
thrown [s\open\src\hotspot\share\interpreter\linkResolver.cpp, line 774]
Event: 45.586 Thread 0x000001a648b9a420 Exception <a 'java/lang/NoSuchMethodError'{0x0000000089608258}: method resolution failed> (0x0000000089608258) 
thrown [s\open\src\hotspot\share\prims\methodHandles.cpp, line 1146]
Event: 45.597 Thread 0x000001a648b9a420 Exception <a 'java/lang/NoSuchMethodError'{0x0000000089640990}: 'java.lang.Class java.lang.Class.getNestHost(java.lang.Class)'> (0x0000000089640990) 
thrown [s\open\src\hotspot\share\interpreter\linkResolver.cpp, line 774]
Event: 45.598 Thread 0x000001a648b9a420 Exception <a 'java/lang/NoSuchMethodError'{0x0000000089643310}: 'java.lang.Class[] java.lang.Class.getNestMembers(java.lang.Class)'> (0x0000000089643310) 
thrown [s\open\src\hotspot\share\interpreter\linkResolver.cpp, line 774]
Event: 46.165 Thread 0x000001a648b9a420 Implicit null exception at 0x000001a658e3b70c to 0x000001a658e41abc
Event: 46.168 Thread 0x000001a648b9a420 Exception <a 'java/lang/NoSuchMethodError'{0x0000000086063df0}: 'long java.lang.invoke.DirectMethodHandle$Holder.invokeStatic(java.lang.Object, java.lang.Object, int)'> (0x0000000086063df0) 
thrown [s\open\src\hotspot\share\interpreter\linkResolver.cpp, line 774]
Event: 46.171 Thread 0x000001a648b9a420 Exception <a 'java/lang/NoSuchMethodError'{0x0000000086078278}: 'java.lang.Object java.lang.invoke.DirectMethodHandle$Holder.invokeStatic(java.lang.Object, java.lang.Object, java.lang.Object, java.lang.Object, int)'> (0x0000000086078278) 
thrown [s\open\src\hotspot\share\interpreter\linkResolver.cpp, line 774]
Event: 46.172 Thread 0x000001a648b9a420 Exception <a 'java/lang/NoSuchMethodError'{0x0000000086080180}: 'int java.lang.invoke.DirectMethodHandle$Holder.invokeSpecial(java.lang.Object, java.lang.Object, java.lang.Object, int)'> (0x0000000086080180) 
thrown [s\open\src\hotspot\share\interpreter\linkResolver.cpp, line 774]
Event: 46.175 Thread 0x000001a648b9a420 Exception <a 'java/lang/NoSuchMethodError'{0x000000008608adb0}: 'void java.lang.invoke.DelegatingMethodHandle$Holder.reinvoke_L(java.lang.Object, java.lang.Object, java.lang.Object, long, int)'> (0x000000008608adb0) 
thrown [s\open\src\hotspot\share\interpreter\linkResolver.cpp, line 774]
Event: 46.191 Thread 0x000001a648b9a420 Exception <a 'java/lang/NoSuchMethodError'{0x0000000085f04f98}: 'int java.lang.invoke.DirectMethodHandle$Holder.invokeStaticInit(java.lang.Object, java.lang.Object, java.lang.Object, java.lang.Object)'> (0x0000000085f04f98) 
thrown [s\open\src\hotspot\share\interpreter\linkResolver.cpp, line 774]
Event: 46.456 Thread 0x000001a648b9a420 Exception <a 'java/lang/ClassNotFoundException'{0x000000008b7d7268}: java/lang/ClassLoader$ByteBuddyAccessor$V1> (0x000000008b7d7268) 
thrown [s\open\src\hotspot\share\classfile\systemDictionary.cpp, line 313]
Event: 46.458 Thread 0x000001a648b9a420 Exception <a 'java/lang/NoSuchMethodError'{0x000000008b7e0798}: 'java.lang.Object java.lang.invoke.DelegatingMethodHandle$Holder.reinvoke_L(java.lang.Object, java.lang.Object, java.lang.Object, java.lang.Object, int, int, java.lang.Object, java.lang.Object)'> (0x000000008b7e0798) 
thrown [s\open\src\hotspot\share\interpreter\linkResolver.cpp, line 774]
Event: 48.436 Thread 0x000001a648b9a420 Exception <a 'java/lang/NoSuchMethodError'{0x0000000086601d78}: 'java.lang.Object java.lang.invoke.DelegatingMethodHandle$Holder.reinvoke_L(java.lang.Object, java.lang.Object, java.lang.Object, java.lang.Object, java.lang.Object, int, int, java.lang.Object)'> (0x0000000086601d78) 
thrown [s\open\src\hotspot\share\interpreter\linkResolver.cpp, line 774]
Event: 49.191 Thread 0x000001a648b9a420 Exception <a 'java/lang/NoSuchMethodError'{0x000000008b266ba8}: 'java.lang.Object java.lang.invoke.DirectMethodHandle$Holder.invokeSpecialIFC(java.lang.Object, java.lang.Object, java.lang.Object)'> (0x000000008b266ba8) 
thrown [s\open\src\hotspot\share\interpreter\linkResolver.cpp, line 774]
Event: 49.262 Thread 0x000001a648b9a420 Exception <a 'java/lang/NoSuchMethodError'{0x000000008b1b8dd8}: 'void java.lang.invoke.Invokers$Holder.invokeExact_MT(java.lang.Object, java.lang.Object, java.lang.Object, java.lang.Object)'> (0x000000008b1b8dd8) 
thrown [s\open\src\hotspot\share\interpreter\linkResolver.cpp, line 774]
Event: 49.518 Thread 0x000001a648b9a420 Exception <a 'java/lang/NoSuchMethodError'{0x000000008ab2e290}: 'java.lang.Object java.lang.invoke.DirectMethodHandle$Holder.newInvokeSpecial(java.lang.Object, java.lang.Object, java.lang.Object, java.lang.Object, java.lang.Object, java.lang.Object, java.lang.Object, java.lang.Object)'> (0x000000008ab2e290) 
thrown [s\open\src\hotspot\share\interpreter\linkResolver.cpp, line 774]
Event: 50.368 Thread 0x000001a648b9a420 Exception <a 'java/lang/NoSuchMethodError'{0x0000000085d5cfd0}: 'java.lang.Object java.lang.invoke.DirectMethodHandle$Holder.invokeVirtual(java.lang.Object, java.lang.Object, java.lang.Object, java.lang.Object, java.lang.Object)'> (0x0000000085d5cfd0) 
thrown [s\open\src\hotspot\share\interpreter\linkResolver.cpp, line 774]
Event: 52.665 Thread 0x000001a648b9a420 Exception <a 'java/lang/IncompatibleClassChangeError'{0x0000000086316d18}: Found class java.lang.Object, but interface was expected> (0x0000000086316d18) 
thrown [s\open\src\hotspot\share\interpreter\linkResolver.cpp, line 841]

ZGC Phase Switch (0 events):
No events

VM Operations (20 events):
Event: 47.550 Executing VM operation: ICBufferFull
Event: 47.551 Executing VM operation: ICBufferFull done
Event: 47.985 Executing VM operation: ICBufferFull
Event: 47.985 Executing VM operation: ICBufferFull done
Event: 48.355 Executing VM operation: ICBufferFull
Event: 48.355 Executing VM operation: ICBufferFull done
Event: 48.772 Executing VM operation: ICBufferFull
Event: 48.772 Executing VM operation: ICBufferFull done
Event: 49.005 Executing VM operation: G1CollectForAllocation (G1 Evacuation Pause)
Event: 49.016 Executing VM operation: G1CollectForAllocation (G1 Evacuation Pause) done
Event: 49.502 Executing VM operation: ICBufferFull
Event: 49.502 Executing VM operation: ICBufferFull done
Event: 50.430 Executing VM operation: G1CollectForAllocation (G1 Evacuation Pause)
Event: 50.443 Executing VM operation: G1CollectForAllocation (G1 Evacuation Pause) done
Event: 50.798 Executing VM operation: HandshakeAllThreads (Deoptimize)
Event: 50.798 Executing VM operation: HandshakeAllThreads (Deoptimize) done
Event: 51.801 Executing VM operation: Cleanup
Event: 51.801 Executing VM operation: Cleanup done
Event: 52.165 Executing VM operation: ICBufferFull
Event: 52.166 Executing VM operation: ICBufferFull done

Memory protections (0 events):
No events

Nmethod flushes (20 events):
Event: 44.807 Thread 0x000001a665325c40 flushing  nmethod 0x000001a651543c10
Event: 44.807 Thread 0x000001a665325c40 flushing  nmethod 0x000001a651555f90
Event: 44.807 Thread 0x000001a665325c40 flushing  nmethod 0x000001a65155a890
Event: 44.807 Thread 0x000001a665325c40 flushing  nmethod 0x000001a65157cd10
Event: 44.807 Thread 0x000001a665325c40 flushing  nmethod 0x000001a65157d510
Event: 44.807 Thread 0x000001a665325c40 flushing  nmethod 0x000001a651581d90
Event: 44.807 Thread 0x000001a665325c40 flushing  nmethod 0x000001a651583790
Event: 44.807 Thread 0x000001a665325c40 flushing  nmethod 0x000001a6515a7c90
Event: 44.807 Thread 0x000001a665325c40 flushing  nmethod 0x000001a6515a9210
Event: 44.807 Thread 0x000001a665325c40 flushing  nmethod 0x000001a6515a9a10
Event: 44.807 Thread 0x000001a665325c40 flushing  nmethod 0x000001a6515ab390
Event: 44.807 Thread 0x000001a665325c40 flushing  nmethod 0x000001a6515bbd10
Event: 44.807 Thread 0x000001a665325c40 flushing  nmethod 0x000001a6515d4890
Event: 44.807 Thread 0x000001a665325c40 flushing  nmethod 0x000001a651652410
Event: 44.807 Thread 0x000001a665325c40 flushing  nmethod 0x000001a651655790
Event: 44.807 Thread 0x000001a665325c40 flushing  nmethod 0x000001a651659210
Event: 44.807 Thread 0x000001a665325c40 flushing  nmethod 0x000001a65166ee90
Event: 44.807 Thread 0x000001a665325c40 flushing  nmethod 0x000001a651670590
Event: 44.807 Thread 0x000001a665325c40 flushing  nmethod 0x000001a6516c4b10
Event: 44.807 Thread 0x000001a665325c40 flushing  nmethod 0x000001a6516e1290

Events (20 events):
Event: 32.601 Thread 0x000001a665359c90 Thread added: 0x000001a6452574f0
Event: 35.275 Thread 0x000001a6452574f0 Thread exited: 0x000001a6452574f0
Event: 35.374 Thread 0x000001a665359c90 Thread added: 0x000001a6452574f0
Event: 35.867 Thread 0x000001a6668506e0 Thread exited: 0x000001a6668506e0
Event: 36.158 Thread 0x000001a6452574f0 Thread exited: 0x000001a6452574f0
Event: 37.204 Thread 0x000001a665353480 Thread added: 0x000001a6452574f0
Event: 38.251 Thread 0x000001a6452574f0 Thread exited: 0x000001a6452574f0
Event: 38.264 Thread 0x000001a648b9a420 Thread added: 0x000001a6452574f0
Event: 38.327 Thread 0x000001a6452574f0 Thread exited: 0x000001a6452574f0
Event: 38.399 Thread 0x000001a665359c90 Thread added: 0x000001a6452574f0
Event: 38.625 Thread 0x000001a6452574f0 Thread exited: 0x000001a6452574f0
Event: 38.793 Thread 0x000001a665359c90 Thread added: 0x000001a6452574f0
Event: 39.346 Thread 0x000001a6452574f0 Thread exited: 0x000001a6452574f0
Event: 39.804 Thread 0x000001a665359c90 Thread added: 0x000001a666a35710
Event: 42.282 Thread 0x000001a666a35710 Thread exited: 0x000001a666a35710
Event: 42.319 Thread 0x000001a665353480 Thread added: 0x000001a666a35710
Event: 43.496 Thread 0x000001a666a35710 Thread exited: 0x000001a666a35710
Event: 44.345 Thread 0x000001a665359c90 Thread added: 0x000001a666f9bb40
Event: 44.891 Thread 0x000001a666f9bb40 Thread exited: 0x000001a666f9bb40
Event: 46.187 Thread 0x000001a665353480 Thread added: 0x000001a665c11ae0


Dynamic libraries:
0x00007ff6b3b90000 - 0x00007ff6b3b9e000 	C:\Users\USER\.jdks\openjdk-22.0.2\bin\java.exe
0x00007fffc60d0000 - 0x00007fffc62e7000 	C:\WINDOWS\SYSTEM32\ntdll.dll
0x00007fffc4f30000 - 0x00007fffc4ff4000 	C:\WINDOWS\System32\KERNEL32.DLL
0x00007fffc3750000 - 0x00007fffc3b07000 	C:\WINDOWS\System32\KERNELBASE.dll
0x00007fffc3630000 - 0x00007fffc3741000 	C:\WINDOWS\System32\ucrtbase.dll
0x00007fffbcbe0000 - 0x00007fffbcbf7000 	C:\Users\USER\.jdks\openjdk-22.0.2\bin\jli.dll
0x00007fffc5250000 - 0x00007fffc53ff000 	C:\WINDOWS\System32\USER32.dll
0x00007fffc3460000 - 0x00007fffc3486000 	C:\WINDOWS\System32\win32u.dll
0x00007fffc3e10000 - 0x00007fffc3e39000 	C:\WINDOWS\System32\GDI32.dll
0x00007fffc3bd0000 - 0x00007fffc3ce8000 	C:\WINDOWS\System32\gdi32full.dll
0x00007fffc3cf0000 - 0x00007fffc3d8a000 	C:\WINDOWS\System32\msvcp_win.dll
0x00007fffbcc00000 - 0x00007fffbcc1b000 	C:\Users\USER\.jdks\openjdk-22.0.2\bin\VCRUNTIME140.dll
0x00007fffaed10000 - 0x00007fffaefa3000 	C:\WINDOWS\WinSxS\amd64_microsoft.windows.common-controls_6595b64144ccf1df_6.0.22621.3672_none_2713b9d173822955\COMCTL32.dll
0x00007fffc4570000 - 0x00007fffc4617000 	C:\WINDOWS\System32\msvcrt.dll
0x00007fffc4530000 - 0x00007fffc4561000 	C:\WINDOWS\System32\IMM32.DLL
0x00007fffbcbb0000 - 0x00007fffbcbbc000 	C:\Users\USER\.jdks\openjdk-22.0.2\bin\vcruntime140_1.dll
0x00007fffbc660000 - 0x00007fffbc6ee000 	C:\Users\USER\.jdks\openjdk-22.0.2\bin\msvcp140.dll
0x00007fff63820000 - 0x00007fff64569000 	C:\Users\USER\.jdks\openjdk-22.0.2\bin\server\jvm.dll
0x00007fffc5560000 - 0x00007fffc5612000 	C:\WINDOWS\System32\ADVAPI32.dll
0x00007fffc54b0000 - 0x00007fffc5558000 	C:\WINDOWS\System32\sechost.dll
0x00007fffc3600000 - 0x00007fffc3628000 	C:\WINDOWS\System32\bcrypt.dll
0x00007fffc4410000 - 0x00007fffc4524000 	C:\WINDOWS\System32\RPCRT4.dll
0x00007fffc4230000 - 0x00007fffc42a1000 	C:\WINDOWS\System32\WS2_32.dll
0x00007fffc2260000 - 0x00007fffc22ad000 	C:\WINDOWS\SYSTEM32\POWRPROF.dll
0x00007fffbc490000 - 0x00007fffbc4c4000 	C:\WINDOWS\SYSTEM32\WINMM.dll
0x00007fffb8b10000 - 0x00007fffb8b1a000 	C:\WINDOWS\SYSTEM32\VERSION.dll
0x00007fffc2240000 - 0x00007fffc2253000 	C:\WINDOWS\SYSTEM32\UMPDC.dll
0x00007fffc24f0000 - 0x00007fffc2508000 	C:\WINDOWS\SYSTEM32\kernel.appcore.dll
0x00007fffbcb80000 - 0x00007fffbcb8a000 	C:\Users\USER\.jdks\openjdk-22.0.2\bin\jimage.dll
0x00007fffc0cb0000 - 0x00007fffc0ee2000 	C:\WINDOWS\SYSTEM32\DBGHELP.DLL
0x00007fffc3e40000 - 0x00007fffc41ce000 	C:\WINDOWS\System32\combase.dll
0x00007fffc5860000 - 0x00007fffc5937000 	C:\WINDOWS\System32\OLEAUT32.dll
0x00007fffaf2b0000 - 0x00007fffaf2e2000 	C:\WINDOWS\SYSTEM32\dbgcore.DLL
0x00007fffc33e0000 - 0x00007fffc345b000 	C:\WINDOWS\System32\bcryptPrimitives.dll
0x00007fffbcd30000 - 0x00007fffbcd3f000 	C:\Users\USER\.jdks\openjdk-22.0.2\bin\instrument.dll
0x00007fffbc640000 - 0x00007fffbc65e000 	C:\Users\USER\.jdks\openjdk-22.0.2\bin\java.dll
0x00007fffc4620000 - 0x00007fffc4e89000 	C:\WINDOWS\System32\SHELL32.dll
0x00007fffc5000000 - 0x00007fffc51a5000 	C:\WINDOWS\System32\ole32.dll
0x00007fffc1310000 - 0x00007fffc1c0f000 	C:\WINDOWS\SYSTEM32\windows.storage.dll
0x00007fffc1060000 - 0x00007fffc119f000 	C:\WINDOWS\SYSTEM32\wintypes.dll
0x00007fffc4310000 - 0x00007fffc4409000 	C:\WINDOWS\System32\SHCORE.dll
0x00007fffc41d0000 - 0x00007fffc422e000 	C:\WINDOWS\System32\shlwapi.dll
0x00007fffc3310000 - 0x00007fffc3337000 	C:\WINDOWS\SYSTEM32\profapi.dll
0x00007fffae0d0000 - 0x00007fffae1a7000 	C:\Users\USER\.jdks\openjdk-22.0.2\bin\jsvml.dll
0x00007fffbc580000 - 0x00007fffbc597000 	C:\Users\USER\.jdks\openjdk-22.0.2\bin\zip.dll
0x00007fffbc620000 - 0x00007fffbc630000 	C:\Users\USER\.jdks\openjdk-22.0.2\bin\net.dll
0x00007fffc2990000 - 0x00007fffc29f9000 	C:\WINDOWS\system32\mswsock.dll
0x00007fffbc5e0000 - 0x00007fffbc5f6000 	C:\Users\USER\.jdks\openjdk-22.0.2\bin\nio.dll
0x00007fffbcd20000 - 0x00007fffbcd30000 	C:\Users\USER\.jdks\openjdk-22.0.2\bin\verify.dll
0x00007fff9dd40000 - 0x00007fff9dd57000 	C:\WINDOWS\system32\napinsp.dll
0x00007fff9dcb0000 - 0x00007fff9dccb000 	C:\WINDOWS\system32\pnrpnsp.dll
0x00007fffc1f00000 - 0x00007fffc2002000 	C:\WINDOWS\SYSTEM32\DNSAPI.dll
0x00007fffc1ed0000 - 0x00007fffc1efd000 	C:\WINDOWS\SYSTEM32\IPHLPAPI.DLL
0x00007fffc51b0000 - 0x00007fffc51b9000 	C:\WINDOWS\System32\NSI.dll
0x00007fff9dc90000 - 0x00007fff9dca1000 	C:\WINDOWS\System32\winrnr.dll
0x00007fffbbff0000 - 0x00007fffbc005000 	C:\WINDOWS\system32\wshbth.dll
0x00007fff9dc60000 - 0x00007fff9dc87000 	C:\WINDOWS\system32\nlansp_c.dll
0x00007fffbbba0000 - 0x00007fffbbbaa000 	C:\Windows\System32\rasadhlp.dll
0x00007fffba500000 - 0x00007fffba583000 	C:\WINDOWS\System32\fwpuclnt.dll
0x00007fffbc610000 - 0x00007fffbc61a000 	C:\Users\USER\.jdks\openjdk-22.0.2\bin\management.dll
0x00007fffbbcf0000 - 0x00007fffbbcfb000 	C:\Users\USER\.jdks\openjdk-22.0.2\bin\management_ext.dll
0x00007fffc3e00000 - 0x00007fffc3e08000 	C:\WINDOWS\System32\PSAPI.DLL
0x00007fffbbc90000 - 0x00007fffbbc9b000 	C:\Users\USER\.jdks\openjdk-22.0.2\bin\le.dll
0x00007fffbbc70000 - 0x00007fffbbc7e000 	C:\Users\USER\.jdks\openjdk-22.0.2\bin\sunmscapi.dll
0x00007fffc3490000 - 0x00007fffc35f6000 	C:\WINDOWS\System32\CRYPT32.dll
0x00007fffc2da0000 - 0x00007fffc2dcd000 	C:\WINDOWS\SYSTEM32\ncrypt.dll
0x00007fffc2d60000 - 0x00007fffc2d97000 	C:\WINDOWS\SYSTEM32\NTASN1.dll
0x00007fffc2be0000 - 0x00007fffc2bfb000 	C:\WINDOWS\SYSTEM32\CRYPTSP.dll
0x00007fffc2450000 - 0x00007fffc2485000 	C:\WINDOWS\system32\rsaenh.dll
0x00007fffc2a80000 - 0x00007fffc2aa8000 	C:\WINDOWS\SYSTEM32\USERENV.dll
0x00007fffc2c00000 - 0x00007fffc2c0c000 	C:\WINDOWS\SYSTEM32\CRYPTBASE.dll

dbghelp: loaded successfully - version: 4.0.5 - missing functions: none
symbol engine: initialized successfully - sym options: 0x614 - pdb path: .;C:\Users\USER\.jdks\openjdk-22.0.2\bin;C:\WINDOWS\SYSTEM32;C:\WINDOWS\WinSxS\amd64_microsoft.windows.common-controls_6595b64144ccf1df_6.0.22621.3672_none_2713b9d173822955;C:\Users\USER\.jdks\openjdk-22.0.2\bin\server

VM Arguments:
jvm_args: -javaagent:C:\\Users\\USER\\.m2\\repository\\org\\jacoco\\org.jacoco.agent\\0.8.12\\org.jacoco.agent-0.8.12-runtime.jar=destfile=C:\\Users\\USER\\IdeaProjects\\ssacthree\\shop3\\ssacthree-shop-api\\target\\jacoco.exec 
java_command: C:\Users\USER\AppData\Local\Temp\surefire9833933312291553605\surefirebooter-20241031101941144_3.jar C:\Users\USER\AppData\Local\Temp\surefire9833933312291553605 2024-10-31T10-19-40_192-jvmRun1 surefire-20241031101941144_1tmp surefire_0-20241031101941144_2tmp
java_class_path (initial): C:\Users\USER\AppData\Local\Temp\surefire9833933312291553605\surefirebooter-20241031101941144_3.jar
Launcher Type: SUN_STANDARD

[Global flags]
     intx CICompilerCount                          = 4                                         {product} {ergonomic}
     uint ConcGCThreads                            = 2                                         {product} {ergonomic}
     uint G1ConcRefinementThreads                  = 8                                         {product} {ergonomic}
   size_t G1HeapRegionSize                         = 1048576                                   {product} {ergonomic}
   size_t InitialHeapSize                          = 132120576                                 {product} {ergonomic}
   size_t MarkStackSize                            = 4194304                                   {product} {ergonomic}
   size_t MaxHeapSize                              = 2086666240                                {product} {ergonomic}
   size_t MaxNewSize                               = 1251999744                                {product} {ergonomic}
   size_t MinHeapDeltaBytes                        = 1048576                                   {product} {ergonomic}
   size_t MinHeapSize                              = 8388608                                   {product} {ergonomic}
    uintx NonNMethodCodeHeapSize                   = 5839372                                {pd product} {ergonomic}
    uintx NonProfiledCodeHeapSize                  = 122909434                              {pd product} {ergonomic}
    uintx ProfiledCodeHeapSize                     = 122909434                              {pd product} {ergonomic}
    uintx ReservedCodeCacheSize                    = 251658240                              {pd product} {ergonomic}
     bool SegmentedCodeCache                       = true                                      {product} {ergonomic}
   size_t SoftMaxHeapSize                          = 2086666240                             {manageable} {ergonomic}
     bool UseCompressedOops                        = true                           {product lp64_product} {ergonomic}
     bool UseG1GC                                  = true                                      {product} {ergonomic}
     bool UseLargePagesIndividualAllocation        = false                                  {pd product} {ergonomic}

Logging:
Log output configuration:
 #0: stdout all=warning uptime,level,tags foldmultilines=false
 #1: stderr all=off uptime,level,tags foldmultilines=false

Environment Variables:
JAVA_HOME=C:\Users\USER\Downloads\jdk-21.0.3_windows-x64_bin\jdk-21.0.3
PATH=C:\Users\USER\Downloads\jdk-21.0.3_windows-x64_bin\jdk-21.0.3\bin;C:\Program Files\MySQL\MySQL Server 8.0\bin;C:\apache-maven-3.9.8-bin\apache-maven-3.9.8\bin;C:\Users\USER\Downloads\netcat-win32-1.12;C:\Users\USER\Downloads\curl-8.9.0_1-win64-mingw\curl-8.9.0_1-win64-mingw\bin;C:\Program Files\Docker\Docker\resources\bin;C:\Program Files (x86)\Microsoft SQL Server\160\Tools\Binn\;C:\Program Files\Microsoft SQL Server\160\Tools\Binn\;C:\Program Files\Microsoft SQL Server\Client SDK\ODBC\170\Tools\Binn\;C:\Program Files\Microsoft SQL Server\160\DTS\Binn\;C:\Program Files (x86)\Microsoft SQL Server\160\DTS\Binn\;C:\Program Files\Git\cmd;C:\Users\USER\anaconda3;C:\Users\USER\anaconda3\Library\mingw-w64\bin;C:\Users\USER\anaconda3\Library\usr\bin;C:\Users\USER\anaconda3\Library\bin;C:\Users\USER\anaconda3\Scripts;C:\Users\USER\AppData\Local\Microsoft\WindowsApps;C:\Program Files\JetBrains\PyCharm Community Edition 2021.3.2\bin;;C:\Users\USER\AppData\Local\Programs\Microsoft VS Code\bin;;C:\Program Files\JetBrains\IntelliJ IDEA 2024.2.0.1\bin;
USERNAME=USER
OS=Windows_NT
PROCESSOR_IDENTIFIER=Intel64 Family 6 Model 126 Stepping 5, GenuineIntel
TMP=C:\Users\USER\AppData\Local\Temp
TEMP=C:\Users\USER\AppData\Local\Temp




Periodic native trim disabled

---------------  S Y S T E M  ---------------

OS:
 Windows 11 , 64 bit Build 22621 (10.0.22621.3958)
OS uptime: 3 days 9:28 hours
Hyper-V role detected

CPU: total 8 (initial active 8) (4 cores per cpu, 2 threads per core) family 6 model 126 stepping 5 microcode 0xa0, cx8, cmov, fxsr, ht, mmx, 3dnowpref, sse, sse2, sse3, ssse3, sse4.1, sse4.2, popcnt, lzcnt, tsc, tscinvbit, avx, avx2, aes, erms, clmul, bmi1, bmi2, adx, avx512f, avx512dq, avx512cd, avx512bw, avx512vl, sha, fma, vzeroupper, avx512_vpopcntdq, avx512_vpclmulqdq, avx512_vaes, avx512_vnni, clflush, clflushopt, avx512_vbmi2, avx512_vbmi, hv, rdtscp, rdpid, fsrm, gfni, avx512_bitalg, f16c, avx512_ifma
Processor Information for processor 0
  Max Mhz: 1498, Current Mhz: 998, Mhz Limit: 1093
Processor Information for processor 1
  Max Mhz: 1498, Current Mhz: 1098, Mhz Limit: 1093
Processor Information for processor 2
  Max Mhz: 1498, Current Mhz: 998, Mhz Limit: 1093
Processor Information for processor 3
  Max Mhz: 1498, Current Mhz: 998, Mhz Limit: 1093
Processor Information for processor 4
  Max Mhz: 1498, Current Mhz: 1098, Mhz Limit: 1093
Processor Information for processor 5
  Max Mhz: 1498, Current Mhz: 1098, Mhz Limit: 1093
Processor Information for processor 6
  Max Mhz: 1498, Current Mhz: 1098, Mhz Limit: 1093
Processor Information for processor 7
  Max Mhz: 1498, Current Mhz: 1098, Mhz Limit: 1093

Memory: 4k page, system-wide physical 7953M (422M free)
TotalPageFile size 32529M (AvailPageFile size 9M)
current process WorkingSet (physical memory assigned to process): 265M, peak: 270M
current process commit charge ("private bytes"): 304M, peak: 309M

vm_info: OpenJDK 64-Bit Server VM (22.0.2+9-70) for windows-amd64 JRE (22.0.2+9-70), built on 2024-06-04T16:52:23Z by "mach5one" with MS VC++ 17.6 (VS2022)

END.
