#
# There is insufficient memory for the Java Runtime Environment to continue.
# Native memory allocation (mmap) failed to map 263192576 bytes. Error detail: G1 virtual space
# Possible reasons:
#   The system is out of physical RAM or swap space
#   This process is running with CompressedOops enabled, and the Java Heap may be blocking the growth of the native heap
# Possible solutions:
#   Reduce memory load on the system
#   Increase physical memory or swap space
#   Check if swap backing store is full
#   Decrease Java heap size (-Xmx/-Xms)
#   Decrease number of Java threads
#   Decrease Java thread stack sizes (-Xss)
#   Set larger code cache with -XX:ReservedCodeCacheSize=
#   JVM is running with Unscaled Compressed Oops mode in which the Java heap is
#     placed in the first 4GB address space. The Java Heap base address is the
#     maximum limit for the native heap growth. Please use -XX:HeapBaseMinAddress
#     to set the Java Heap base and to place the Java Heap above 4GB virtual address.
# This output file may be truncated or incomplete.
#
#  Out of Memory Error (os_windows.cpp:3631), pid=19736, tid=23024
#
# JRE version: OpenJDK Runtime Environment (22.0.2+9) (build 22.0.2+9-70)
# Java VM: OpenJDK 64-Bit Server VM (22.0.2+9-70, mixed mode, sharing, tiered, compressed oops, compressed class ptrs, g1 gc, windows-amd64)
# No core dump will be written. Minidumps are not enabled by default on client versions of Windows
#

---------------  S U M M A R Y ------------

Command Line: -Dmaven.multiModuleProjectDirectory=C:\Users\USER\IdeaProjects\ssacthree\shop3\ssacthree-shop-api -Djansi.passthrough=true -Dmaven.home=C:\Users\USER\.m2\wrapper\dists\apache-maven-3.9.9-bin\4nf9hui3q3djbarqar9g711ggc\apache-maven-3.9.9 -Dclassworlds.conf=C:\Users\USER\.m2\wrapper\dists\apache-maven-3.9.9-bin\4nf9hui3q3djbarqar9g711ggc\apache-maven-3.9.9\bin\m2.conf -Dmaven.ext.class.path=C:\Program Files\JetBrains\IntelliJ IDEA 2024.2.0.1\plugins\maven\lib\maven-event-listener.jar -javaagent:C:\Program Files\JetBrains\IntelliJ IDEA 2024.2.0.1\lib\idea_rt.jar=34903:C:\Program Files\JetBrains\IntelliJ IDEA 2024.2.0.1\bin -Dfile.encoding=UTF-8 -Dsun.stdout.encoding=UTF-8 -Dsun.stderr.encoding=UTF-8 org.codehaus.classworlds.Launcher -Didea.version=2024.2.0.1 package

Host: Intel(R) Core(TM) i5-1035G4 CPU @ 1.10GHz, 8 cores, 7G,  Windows 11 , 64 bit Build 22621 (10.0.22621.3958)
Time: Thu Oct 31 10:19:50 2024  Windows 11 , 64 bit Build 22621 (10.0.22621.3958) elapsed time: 24.622872 seconds (0d 0h 0m 24s)

---------------  T H R E A D  ---------------

Current thread (0x00000248d9557d70):  VMThread "VM Thread"          [id=23024, stack(0x000000c656800000,0x000000c656900000) (1024K)]

Stack: [0x000000c656800000,0x000000c656900000]
Native frames: (J=compiled Java code, j=interpreted, Vv=VM code, C=native code)
V  [jvm.dll+0x6e26e9]  (no source info available)
V  [jvm.dll+0x875753]  (no source info available)
V  [jvm.dll+0x877b7e]  (no source info available)
V  [jvm.dll+0x878253]  (no source info available)
V  [jvm.dll+0x27fc86]  (no source info available)
V  [jvm.dll+0x6ded85]  (no source info available)
V  [jvm.dll+0x6d388a]  (no source info available)
V  [jvm.dll+0x358b8a]  (no source info available)
V  [jvm.dll+0x3610b6]  (no source info available)
V  [jvm.dll+0x3b419e]  (no source info available)
V  [jvm.dll+0x3b4448]  (no source info available)
V  [jvm.dll+0x32c5ec]  (no source info available)
V  [jvm.dll+0x32c677]  (no source info available)
V  [jvm.dll+0x37244c]  (no source info available)
V  [jvm.dll+0x370b46]  (no source info available)
V  [jvm.dll+0x32bcd7]  (no source info available)
V  [jvm.dll+0x32f8d6]  (no source info available)
V  [jvm.dll+0x386326]  (no source info available)
V  [jvm.dll+0x87e0f0]  (no source info available)
V  [jvm.dll+0x87f477]  (no source info available)
V  [jvm.dll+0x87f9f0]  (no source info available)
V  [jvm.dll+0x87fc93]  (no source info available)
V  [jvm.dll+0x81dc0b]  (no source info available)
V  [jvm.dll+0x6e0d85]  (no source info available)
C  [ucrtbase.dll+0x29333]  (no source info available)
C  [KERNEL32.DLL+0x1257d]  (no source info available)
C  [ntdll.dll+0x5af08]  (no source info available)

VM_Operation (0x000000c6561fbfc0): CollectForMetadataAllocation, mode: safepoint, requested by thread 0x00000248bab13a40


---------------  P R O C E S S  ---------------

Threads class SMR info:
_java_thread_list=0x000002491f1e7000, length=15, elements={
0x00000248bab13a40, 0x00000248d9579240, 0x00000248d9579ea0, 0x00000248d957ea10,
0x00000248d957fd70, 0x00000248d95808c0, 0x00000248d9581410, 0x00000248d95842a0,
0x00000248d9585650, 0x00000248d9542ea0, 0x00000248d9780510, 0x00000248d978c050,
0x000002491fe49430, 0x0000024920a07690, 0x0000024920a07d00
}

Java Threads: ( => current thread )
  0x00000248bab13a40 JavaThread "main"                              [_thread_blocked, id=2708, stack(0x000000c656100000,0x000000c656200000) (1024K)]
  0x00000248d9579240 JavaThread "Reference Handler"          daemon [_thread_blocked, id=7468, stack(0x000000c656900000,0x000000c656a00000) (1024K)]
  0x00000248d9579ea0 JavaThread "Finalizer"                  daemon [_thread_blocked, id=5188, stack(0x000000c656a00000,0x000000c656b00000) (1024K)]
  0x00000248d957ea10 JavaThread "Signal Dispatcher"          daemon [_thread_blocked, id=1060, stack(0x000000c656b00000,0x000000c656c00000) (1024K)]
  0x00000248d957fd70 JavaThread "Attach Listener"            daemon [_thread_blocked, id=26692, stack(0x000000c656c00000,0x000000c656d00000) (1024K)]
  0x00000248d95808c0 JavaThread "Service Thread"             daemon [_thread_blocked, id=18364, stack(0x000000c656d00000,0x000000c656e00000) (1024K)]
  0x00000248d9581410 JavaThread "Monitor Deflation Thread"   daemon [_thread_blocked, id=28004, stack(0x000000c656e00000,0x000000c656f00000) (1024K)]
  0x00000248d95842a0 JavaThread "C2 CompilerThread0"         daemon [_thread_blocked, id=12292, stack(0x000000c656f00000,0x000000c657000000) (1024K)]
  0x00000248d9585650 JavaThread "C1 CompilerThread0"         daemon [_thread_blocked, id=17912, stack(0x000000c657000000,0x000000c657100000) (1024K)]
  0x00000248d9542ea0 JavaThread "Common-Cleaner"             daemon [_thread_blocked, id=20980, stack(0x000000c657100000,0x000000c657200000) (1024K)]
  0x00000248d9780510 JavaThread "Monitor Ctrl-Break"         daemon [_thread_in_native, id=24328, stack(0x000000c657200000,0x000000c657300000) (1024K)]
  0x00000248d978c050 JavaThread "Notification Thread"        daemon [_thread_blocked, id=17696, stack(0x000000c657300000,0x000000c657400000) (1024K)]
  0x000002491fe49430 JavaThread "Thread-1"                   daemon [_thread_blocked, id=25784, stack(0x000000c657c00000,0x000000c657d00000) (1024K)]
  0x0000024920a07690 JavaThread "timeout-check-timer"        daemon [_thread_blocked, id=22100, stack(0x000000c657400000,0x000000c657500000) (1024K)]
  0x0000024920a07d00 JavaThread "ping-timer-10s"             daemon [_thread_blocked, id=23716, stack(0x000000c657d00000,0x000000c657e00000) (1024K)]
Total: 15

Other Threads:
=>0x00000248d9557d70 VMThread "VM Thread"                           [id=23024, stack(0x000000c656800000,0x000000c656900000) (1024K)]
  0x00000248d9541b90 WatcherThread "VM Periodic Task Thread"        [id=7564, stack(0x000000c656700000,0x000000c656800000) (1024K)]
  0x00000248bce253e0 WorkerThread "GC Thread#0"                     [id=21628, stack(0x000000c656200000,0x000000c656300000) (1024K)]
  0x000002491f699060 WorkerThread "GC Thread#1"                     [id=3324, stack(0x000000c657500000,0x000000c657600000) (1024K)]
  0x000002491f699410 WorkerThread "GC Thread#2"                     [id=15264, stack(0x000000c657600000,0x000000c657700000) (1024K)]
  0x000002491f93ca70 WorkerThread "GC Thread#3"                     [id=5844, stack(0x000000c657700000,0x000000c657800000) (1024K)]
  0x000002491f93ce20 WorkerThread "GC Thread#4"                     [id=4064, stack(0x000000c657800000,0x000000c657900000) (1024K)]
  0x000002491f93d1d0 WorkerThread "GC Thread#5"                     [id=15756, stack(0x000000c657900000,0x000000c657a00000) (1024K)]
  0x000002491f93d580 WorkerThread "GC Thread#6"                     [id=20876, stack(0x000000c657a00000,0x000000c657b00000) (1024K)]
  0x000002491f93d930 WorkerThread "GC Thread#7"                     [id=22728, stack(0x000000c657b00000,0x000000c657c00000) (1024K)]
  0x00000248bce35c90 ConcurrentGCThread "G1 Main Marker"            [id=29420, stack(0x000000c656300000,0x000000c656400000) (1024K)]
  0x00000248bce367a0 WorkerThread "G1 Conc#0"                       [id=1148, stack(0x000000c656400000,0x000000c656500000) (1024K)]
  0x00000248d9410550 ConcurrentGCThread "G1 Refine#0"               [id=7412, stack(0x000000c656500000,0x000000c656600000) (1024K)]
  0x00000248d94130e0 ConcurrentGCThread "G1 Service"                [id=24800, stack(0x000000c656600000,0x000000c656700000) (1024K)]
Total: 14

Threads with active compile tasks:
C2 CompilerThread0  25181 5929       4       java.util.WeakHashMap::put (160 bytes)
Total: 1

VM state: at safepoint (normal execution)

VM Mutex/Monitor currently owned by a thread:  ([mutex/lock_event])
[0x00007fff6448cb80] Threads_lock - owner thread: 0x00000248d9557d70
[0x00007fff6448cc80] Heap_lock - owner thread: 0x00000248bab13a40

Heap address: 0x0000000083a00000, size: 1990 MB, Compressed Oops mode: 32-bit

CDS archive(s) mapped at: [0x00000248da000000-0x00000248dac60000-0x00000248dac60000), size 12976128, SharedBaseAddress: 0x00000248da000000, ArchiveRelocationMode: 1.
Compressed class space mapped at: 0x00000248db000000-0x000002491b000000, reserved size: 1073741824
Narrow klass base: 0x00000248da000000, Narrow klass shift: 0, Narrow klass range: 0x41000000

GC Precious Log:
 CardTable entry size: 512
 Card Set container configuration: InlinePtr #cards 5 size 8 Array Of Cards #cards 12 size 40 Howl #buckets 4 coarsen threshold 1843 Howl Bitmap #cards 512 size 80 coarsen threshold 460 Card regions per heap region 1 cards per card region 2048
 CPUs: 8 total, 8 available
 Memory: 7953M
 Large Page Support: Disabled
 NUMA Support: Disabled
 Compressed Oops: Enabled (32-bit)
 Heap Region Size: 1M
 Heap Min Capacity: 8M
 Heap Initial Capacity: 126M
 Heap Max Capacity: 1990M
 Pre-touch: Disabled
 Parallel Workers: 8
 Concurrent Workers: 2
 Concurrent Refinement Workers: 8
 Periodic GC: Disabled

Heap:
 garbage-first heap   total reserved 2037760K, committed 129024K, used 24820K [0x0000000083a00000, 0x0000000100000000)
  region size 1024K, 6 young (6144K), 6 survivors (6144K)
 Metaspace       used 21182K, committed 21504K, reserved 1114112K
  class space    used 2360K, committed 2496K, reserved 1048576K

Heap Regions: E=young(eden), S=young(survivor), O=old, HS=humongous(starts), HC=humongous(continues), CS=collection set, F=free, TAMS=top-at-mark-start, PB=parsable bottom
|   0|0x0000000083a00000, 0x0000000083b00000, 0x0000000083b00000|100%| O|  |TAMS 0x0000000083b00000| PB 0x0000000083a00000| Untracked |  0
|   1|0x0000000083b00000, 0x0000000083c00000, 0x0000000083c00000|100%| O|  |TAMS 0x0000000083c00000| PB 0x0000000083b00000| Untracked |  0
|   2|0x0000000083c00000, 0x0000000083d00000, 0x0000000083d00000|100%| O|  |TAMS 0x0000000083d00000| PB 0x0000000083c00000| Untracked |  0
|   3|0x0000000083d00000, 0x0000000083e00000, 0x0000000083e00000|100%| O|  |TAMS 0x0000000083e00000| PB 0x0000000083d00000| Untracked |  0
|   4|0x0000000083e00000, 0x0000000083f00000, 0x0000000083f00000|100%| O|  |TAMS 0x0000000083f00000| PB 0x0000000083e00000| Untracked |  0
|   5|0x0000000083f00000, 0x0000000084000000, 0x0000000084000000|100%| O|  |TAMS 0x0000000084000000| PB 0x0000000083f00000| Untracked |  0
|   6|0x0000000084000000, 0x0000000084100000, 0x0000000084100000|100%| O|  |TAMS 0x0000000084100000| PB 0x0000000084000000| Untracked |  0
|   7|0x0000000084100000, 0x0000000084200000, 0x0000000084200000|100%| O|  |TAMS 0x0000000084200000| PB 0x0000000084100000| Untracked |  0
|   8|0x0000000084200000, 0x0000000084300000, 0x0000000084300000|100%| O|  |TAMS 0x0000000084300000| PB 0x0000000084200000| Untracked |  0
|   9|0x0000000084300000, 0x0000000084400000, 0x0000000084400000|100%| O|  |TAMS 0x0000000084400000| PB 0x0000000084300000| Untracked |  0
|  10|0x0000000084400000, 0x0000000084500000, 0x0000000084500000|100%| O|  |TAMS 0x0000000084500000| PB 0x0000000084400000| Untracked |  0
|  11|0x0000000084500000, 0x0000000084600000, 0x0000000084600000|100%| O|  |TAMS 0x0000000084600000| PB 0x0000000084500000| Untracked |  0
|  12|0x0000000084600000, 0x0000000084700000, 0x0000000084700000|100%| O|  |TAMS 0x0000000084700000| PB 0x0000000084600000| Untracked |  0
|  13|0x0000000084700000, 0x0000000084800000, 0x0000000084800000|100%| O|  |TAMS 0x0000000084800000| PB 0x0000000084700000| Untracked |  0
|  14|0x0000000084800000, 0x0000000084900000, 0x0000000084900000|100%| O|  |TAMS 0x0000000084900000| PB 0x0000000084800000| Untracked |  0
|  15|0x0000000084900000, 0x0000000084900000, 0x0000000084a00000|  0%| F|  |TAMS 0x0000000084900000| PB 0x0000000084900000| Untracked |  0
|  16|0x0000000084a00000, 0x0000000084a00000, 0x0000000084b00000|  0%| F|  |TAMS 0x0000000084a00000| PB 0x0000000084a00000| Untracked |  0
|  17|0x0000000084b00000, 0x0000000084b00000, 0x0000000084c00000|  0%| F|  |TAMS 0x0000000084b00000| PB 0x0000000084b00000| Untracked |  0
|  18|0x0000000084c00000, 0x0000000084c00000, 0x0000000084d00000|  0%| F|  |TAMS 0x0000000084c00000| PB 0x0000000084c00000| Untracked |  0
|  19|0x0000000084d00000, 0x0000000084d00000, 0x0000000084e00000|  0%| F|  |TAMS 0x0000000084d00000| PB 0x0000000084d00000| Untracked |  0
|  20|0x0000000084e00000, 0x0000000084e00000, 0x0000000084f00000|  0%| F|  |TAMS 0x0000000084e00000| PB 0x0000000084e00000| Untracked |  0
|  21|0x0000000084f00000, 0x0000000084f00000, 0x0000000085000000|  0%| F|  |TAMS 0x0000000084f00000| PB 0x0000000084f00000| Untracked |  0
|  22|0x0000000085000000, 0x0000000085000000, 0x0000000085100000|  0%| F|  |TAMS 0x0000000085000000| PB 0x0000000085000000| Untracked |  0
|  23|0x0000000085100000, 0x0000000085100000, 0x0000000085200000|  0%| F|  |TAMS 0x0000000085100000| PB 0x0000000085100000| Untracked |  0
|  24|0x0000000085200000, 0x0000000085200000, 0x0000000085300000|  0%| F|  |TAMS 0x0000000085200000| PB 0x0000000085200000| Untracked |  0
|  25|0x0000000085300000, 0x0000000085300000, 0x0000000085400000|  0%| F|  |TAMS 0x0000000085300000| PB 0x0000000085300000| Untracked |  0
|  26|0x0000000085400000, 0x0000000085400000, 0x0000000085500000|  0%| F|  |TAMS 0x0000000085400000| PB 0x0000000085400000| Untracked |  0
|  27|0x0000000085500000, 0x0000000085500000, 0x0000000085600000|  0%| F|  |TAMS 0x0000000085500000| PB 0x0000000085500000| Untracked |  0
|  28|0x0000000085600000, 0x0000000085600000, 0x0000000085700000|  0%| F|  |TAMS 0x0000000085600000| PB 0x0000000085600000| Untracked |  0
|  29|0x0000000085700000, 0x0000000085700000, 0x0000000085800000|  0%| F|  |TAMS 0x0000000085700000| PB 0x0000000085700000| Untracked |  0
|  30|0x0000000085800000, 0x0000000085800000, 0x0000000085900000|  0%| F|  |TAMS 0x0000000085800000| PB 0x0000000085800000| Untracked |  0
|  31|0x0000000085900000, 0x0000000085900000, 0x0000000085a00000|  0%| F|  |TAMS 0x0000000085900000| PB 0x0000000085900000| Untracked |  0
|  32|0x0000000085a00000, 0x0000000085a00000, 0x0000000085b00000|  0%| F|  |TAMS 0x0000000085a00000| PB 0x0000000085a00000| Untracked |  0
|  33|0x0000000085b00000, 0x0000000085b00000, 0x0000000085c00000|  0%| F|  |TAMS 0x0000000085b00000| PB 0x0000000085b00000| Untracked |  0
|  34|0x0000000085c00000, 0x0000000085c00000, 0x0000000085d00000|  0%| F|  |TAMS 0x0000000085c00000| PB 0x0000000085c00000| Untracked |  0
|  35|0x0000000085d00000, 0x0000000085d00000, 0x0000000085e00000|  0%| F|  |TAMS 0x0000000085d00000| PB 0x0000000085d00000| Untracked |  0
|  36|0x0000000085e00000, 0x0000000085e00000, 0x0000000085f00000|  0%| F|  |TAMS 0x0000000085e00000| PB 0x0000000085e00000| Untracked |  0
|  37|0x0000000085f00000, 0x0000000085f00000, 0x0000000086000000|  0%| F|  |TAMS 0x0000000085f00000| PB 0x0000000085f00000| Untracked |  0
|  38|0x0000000086000000, 0x0000000086000000, 0x0000000086100000|  0%| F|  |TAMS 0x0000000086000000| PB 0x0000000086000000| Untracked |  0
|  39|0x0000000086100000, 0x0000000086100000, 0x0000000086200000|  0%| F|  |TAMS 0x0000000086100000| PB 0x0000000086100000| Untracked |  0
|  40|0x0000000086200000, 0x0000000086200000, 0x0000000086300000|  0%| F|  |TAMS 0x0000000086200000| PB 0x0000000086200000| Untracked |  0
|  41|0x0000000086300000, 0x0000000086300000, 0x0000000086400000|  0%| F|  |TAMS 0x0000000086300000| PB 0x0000000086300000| Untracked |  0
|  42|0x0000000086400000, 0x0000000086400000, 0x0000000086500000|  0%| F|  |TAMS 0x0000000086400000| PB 0x0000000086400000| Untracked |  0
|  43|0x0000000086500000, 0x0000000086500000, 0x0000000086600000|  0%| F|  |TAMS 0x0000000086500000| PB 0x0000000086500000| Untracked |  0
|  44|0x0000000086600000, 0x0000000086600000, 0x0000000086700000|  0%| F|  |TAMS 0x0000000086600000| PB 0x0000000086600000| Untracked |  0
|  45|0x0000000086700000, 0x0000000086700000, 0x0000000086800000|  0%| F|  |TAMS 0x0000000086700000| PB 0x0000000086700000| Untracked |  0
|  46|0x0000000086800000, 0x0000000086800000, 0x0000000086900000|  0%| F|  |TAMS 0x0000000086800000| PB 0x0000000086800000| Untracked |  0
|  47|0x0000000086900000, 0x0000000086900000, 0x0000000086a00000|  0%| F|  |TAMS 0x0000000086900000| PB 0x0000000086900000| Untracked |  0
|  48|0x0000000086a00000, 0x0000000086a00000, 0x0000000086b00000|  0%| F|  |TAMS 0x0000000086a00000| PB 0x0000000086a00000| Untracked |  0
|  49|0x0000000086b00000, 0x0000000086b00000, 0x0000000086c00000|  0%| F|  |TAMS 0x0000000086b00000| PB 0x0000000086b00000| Untracked |  0
|  50|0x0000000086c00000, 0x0000000086c00000, 0x0000000086d00000|  0%| F|  |TAMS 0x0000000086c00000| PB 0x0000000086c00000| Untracked |  0
|  51|0x0000000086d00000, 0x0000000086d00000, 0x0000000086e00000|  0%| F|  |TAMS 0x0000000086d00000| PB 0x0000000086d00000| Untracked |  0
|  52|0x0000000086e00000, 0x0000000086e00000, 0x0000000086f00000|  0%| F|  |TAMS 0x0000000086e00000| PB 0x0000000086e00000| Untracked |  0
|  53|0x0000000086f00000, 0x0000000086f00000, 0x0000000087000000|  0%| F|  |TAMS 0x0000000086f00000| PB 0x0000000086f00000| Untracked |  0
|  54|0x0000000087000000, 0x0000000087000000, 0x0000000087100000|  0%| F|  |TAMS 0x0000000087000000| PB 0x0000000087000000| Untracked |  0
|  55|0x0000000087100000, 0x0000000087200000, 0x0000000087200000|100%| O|  |TAMS 0x0000000087200000| PB 0x0000000087100000| Untracked |  0
|  56|0x0000000087200000, 0x0000000087300000, 0x0000000087300000|100%| O|  |TAMS 0x0000000087300000| PB 0x0000000087200000| Untracked |  0
|  57|0x0000000087300000, 0x0000000087400000, 0x0000000087400000|100%| O|  |TAMS 0x0000000087400000| PB 0x0000000087300000| Untracked |  0
|  58|0x0000000087400000, 0x000000008743d320, 0x0000000087500000| 23%| O|  |TAMS 0x000000008743d320| PB 0x0000000087400000| Untracked |  0
|  59|0x0000000087500000, 0x0000000087600000, 0x0000000087600000|100%| S|CS|TAMS 0x0000000087500000| PB 0x0000000087500000| Complete |  0
|  60|0x0000000087600000, 0x0000000087700000, 0x0000000087700000|100%| S|CS|TAMS 0x0000000087600000| PB 0x0000000087600000| Complete |  0
|  61|0x0000000087700000, 0x0000000087800000, 0x0000000087800000|100%| S|CS|TAMS 0x0000000087700000| PB 0x0000000087700000| Complete |  0
|  62|0x0000000087800000, 0x0000000087900000, 0x0000000087900000|100%| S|CS|TAMS 0x0000000087800000| PB 0x0000000087800000| Complete |  0
|  63|0x0000000087900000, 0x0000000087a00000, 0x0000000087a00000|100%| S|CS|TAMS 0x0000000087900000| PB 0x0000000087900000| Complete |  0
|  64|0x0000000087a00000, 0x0000000087b00000, 0x0000000087b00000|100%| S|CS|TAMS 0x0000000087a00000| PB 0x0000000087a00000| Complete |  0
|  65|0x0000000087b00000, 0x0000000087b00000, 0x0000000087c00000|  0%| F|  |TAMS 0x0000000087b00000| PB 0x0000000087b00000| Untracked |  0
|  66|0x0000000087c00000, 0x0000000087c00000, 0x0000000087d00000|  0%| F|  |TAMS 0x0000000087c00000| PB 0x0000000087c00000| Untracked |  0
|  67|0x0000000087d00000, 0x0000000087d00000, 0x0000000087e00000|  0%| F|  |TAMS 0x0000000087d00000| PB 0x0000000087d00000| Untracked |  0
|  68|0x0000000087e00000, 0x0000000087e00000, 0x0000000087f00000|  0%| F|  |TAMS 0x0000000087e00000| PB 0x0000000087e00000| Untracked |  0
|  69|0x0000000087f00000, 0x0000000087f00000, 0x0000000088000000|  0%| F|  |TAMS 0x0000000087f00000| PB 0x0000000087f00000| Untracked |  0
|  70|0x0000000088000000, 0x0000000088000000, 0x0000000088100000|  0%| F|  |TAMS 0x0000000088000000| PB 0x0000000088000000| Untracked |  0
|  71|0x0000000088100000, 0x0000000088100000, 0x0000000088200000|  0%| F|  |TAMS 0x0000000088100000| PB 0x0000000088100000| Untracked |  0
|  72|0x0000000088200000, 0x0000000088200000, 0x0000000088300000|  0%| F|  |TAMS 0x0000000088200000| PB 0x0000000088200000| Untracked |  0
|  73|0x0000000088300000, 0x0000000088300000, 0x0000000088400000|  0%| F|  |TAMS 0x0000000088300000| PB 0x0000000088300000| Untracked |  0
|  74|0x0000000088400000, 0x0000000088400000, 0x0000000088500000|  0%| F|  |TAMS 0x0000000088400000| PB 0x0000000088400000| Untracked |  0
|  75|0x0000000088500000, 0x0000000088500000, 0x0000000088600000|  0%| F|  |TAMS 0x0000000088500000| PB 0x0000000088500000| Untracked |  0
|  76|0x0000000088600000, 0x0000000088600000, 0x0000000088700000|  0%| F|  |TAMS 0x0000000088600000| PB 0x0000000088600000| Untracked |  0
|  77|0x0000000088700000, 0x0000000088700000, 0x0000000088800000|  0%| F|  |TAMS 0x0000000088700000| PB 0x0000000088700000| Untracked |  0
|  78|0x0000000088800000, 0x0000000088800000, 0x0000000088900000|  0%| F|  |TAMS 0x0000000088800000| PB 0x0000000088800000| Untracked |  0
|  79|0x0000000088900000, 0x0000000088900000, 0x0000000088a00000|  0%| F|  |TAMS 0x0000000088900000| PB 0x0000000088900000| Untracked |  0
|  80|0x0000000088a00000, 0x0000000088a00000, 0x0000000088b00000|  0%| F|  |TAMS 0x0000000088a00000| PB 0x0000000088a00000| Untracked |  0
|  81|0x0000000088b00000, 0x0000000088b00000, 0x0000000088c00000|  0%| F|  |TAMS 0x0000000088b00000| PB 0x0000000088b00000| Untracked |  0
|  82|0x0000000088c00000, 0x0000000088c00000, 0x0000000088d00000|  0%| F|  |TAMS 0x0000000088c00000| PB 0x0000000088c00000| Untracked |  0
|  83|0x0000000088d00000, 0x0000000088d00000, 0x0000000088e00000|  0%| F|  |TAMS 0x0000000088d00000| PB 0x0000000088d00000| Untracked |  0
|  84|0x0000000088e00000, 0x0000000088e00000, 0x0000000088f00000|  0%| F|  |TAMS 0x0000000088e00000| PB 0x0000000088e00000| Untracked |  0
|  85|0x0000000088f00000, 0x0000000088f00000, 0x0000000089000000|  0%| F|  |TAMS 0x0000000088f00000| PB 0x0000000088f00000| Untracked |  0
|  86|0x0000000089000000, 0x0000000089000000, 0x0000000089100000|  0%| F|  |TAMS 0x0000000089000000| PB 0x0000000089000000| Untracked |  0
|  87|0x0000000089100000, 0x0000000089100000, 0x0000000089200000|  0%| F|  |TAMS 0x0000000089100000| PB 0x0000000089100000| Untracked |  0
|  88|0x0000000089200000, 0x0000000089200000, 0x0000000089300000|  0%| F|  |TAMS 0x0000000089200000| PB 0x0000000089200000| Untracked |  0
|  89|0x0000000089300000, 0x0000000089300000, 0x0000000089400000|  0%| F|  |TAMS 0x0000000089300000| PB 0x0000000089300000| Untracked |  0
|  90|0x0000000089400000, 0x0000000089400000, 0x0000000089500000|  0%| F|  |TAMS 0x0000000089400000| PB 0x0000000089400000| Untracked |  0
|  91|0x0000000089500000, 0x0000000089500000, 0x0000000089600000|  0%| F|  |TAMS 0x0000000089500000| PB 0x0000000089500000| Untracked |  0
|  92|0x0000000089600000, 0x0000000089600000, 0x0000000089700000|  0%| F|  |TAMS 0x0000000089600000| PB 0x0000000089600000| Untracked |  0
|  93|0x0000000089700000, 0x0000000089700000, 0x0000000089800000|  0%| F|  |TAMS 0x0000000089700000| PB 0x0000000089700000| Untracked |  0
|  94|0x0000000089800000, 0x0000000089800000, 0x0000000089900000|  0%| F|  |TAMS 0x0000000089800000| PB 0x0000000089800000| Untracked |  0
|  95|0x0000000089900000, 0x0000000089900000, 0x0000000089a00000|  0%| F|  |TAMS 0x0000000089900000| PB 0x0000000089900000| Untracked |  0
|  96|0x0000000089a00000, 0x0000000089a00000, 0x0000000089b00000|  0%| F|  |TAMS 0x0000000089a00000| PB 0x0000000089a00000| Untracked |  0
|  97|0x0000000089b00000, 0x0000000089b00000, 0x0000000089c00000|  0%| F|  |TAMS 0x0000000089b00000| PB 0x0000000089b00000| Untracked |  0
|  98|0x0000000089c00000, 0x0000000089c00000, 0x0000000089d00000|  0%| F|  |TAMS 0x0000000089c00000| PB 0x0000000089c00000| Untracked |  0
|  99|0x0000000089d00000, 0x0000000089d00000, 0x0000000089e00000|  0%| F|  |TAMS 0x0000000089d00000| PB 0x0000000089d00000| Untracked |  0
| 100|0x0000000089e00000, 0x0000000089e00000, 0x0000000089f00000|  0%| F|  |TAMS 0x0000000089e00000| PB 0x0000000089e00000| Untracked |  0
| 101|0x0000000089f00000, 0x0000000089f00000, 0x000000008a000000|  0%| F|  |TAMS 0x0000000089f00000| PB 0x0000000089f00000| Untracked |  0
| 102|0x000000008a000000, 0x000000008a000000, 0x000000008a100000|  0%| F|  |TAMS 0x000000008a000000| PB 0x000000008a000000| Untracked |  0
| 103|0x000000008a100000, 0x000000008a100000, 0x000000008a200000|  0%| F|  |TAMS 0x000000008a100000| PB 0x000000008a100000| Untracked |  0
| 104|0x000000008a200000, 0x000000008a200000, 0x000000008a300000|  0%| F|  |TAMS 0x000000008a200000| PB 0x000000008a200000| Untracked |  0
| 105|0x000000008a300000, 0x000000008a300000, 0x000000008a400000|  0%| F|  |TAMS 0x000000008a300000| PB 0x000000008a300000| Untracked |  0
| 106|0x000000008a400000, 0x000000008a400000, 0x000000008a500000|  0%| F|  |TAMS 0x000000008a400000| PB 0x000000008a400000| Untracked |  0
| 107|0x000000008a500000, 0x000000008a500000, 0x000000008a600000|  0%| F|  |TAMS 0x000000008a500000| PB 0x000000008a500000| Untracked |  0
| 108|0x000000008a600000, 0x000000008a600000, 0x000000008a700000|  0%| F|  |TAMS 0x000000008a600000| PB 0x000000008a600000| Untracked |  0
| 109|0x000000008a700000, 0x000000008a700000, 0x000000008a800000|  0%| F|  |TAMS 0x000000008a700000| PB 0x000000008a700000| Untracked |  0
| 110|0x000000008a800000, 0x000000008a800000, 0x000000008a900000|  0%| F|  |TAMS 0x000000008a800000| PB 0x000000008a800000| Untracked |  0
| 111|0x000000008a900000, 0x000000008a900000, 0x000000008aa00000|  0%| F|  |TAMS 0x000000008a900000| PB 0x000000008a900000| Untracked |  0
| 112|0x000000008aa00000, 0x000000008aa00000, 0x000000008ab00000|  0%| F|  |TAMS 0x000000008aa00000| PB 0x000000008aa00000| Untracked |  0
| 113|0x000000008ab00000, 0x000000008ab00000, 0x000000008ac00000|  0%| F|  |TAMS 0x000000008ab00000| PB 0x000000008ab00000| Untracked |  0
| 114|0x000000008ac00000, 0x000000008ac00000, 0x000000008ad00000|  0%| F|  |TAMS 0x000000008ac00000| PB 0x000000008ac00000| Untracked |  0
| 115|0x000000008ad00000, 0x000000008ad00000, 0x000000008ae00000|  0%| F|  |TAMS 0x000000008ad00000| PB 0x000000008ad00000| Untracked |  0
| 116|0x000000008ae00000, 0x000000008ae00000, 0x000000008af00000|  0%| F|  |TAMS 0x000000008ae00000| PB 0x000000008ae00000| Untracked |  0
| 117|0x000000008af00000, 0x000000008af00000, 0x000000008b000000|  0%| F|  |TAMS 0x000000008af00000| PB 0x000000008af00000| Untracked |  0
| 118|0x000000008b000000, 0x000000008b000000, 0x000000008b100000|  0%| F|  |TAMS 0x000000008b000000| PB 0x000000008b000000| Untracked |  0
| 119|0x000000008b100000, 0x000000008b100000, 0x000000008b200000|  0%| F|  |TAMS 0x000000008b100000| PB 0x000000008b100000| Untracked |  0
| 120|0x000000008b200000, 0x000000008b200000, 0x000000008b300000|  0%| F|  |TAMS 0x000000008b200000| PB 0x000000008b200000| Untracked |  0
| 121|0x000000008b300000, 0x000000008b300000, 0x000000008b400000|  0%| F|  |TAMS 0x000000008b300000| PB 0x000000008b300000| Untracked |  0
| 122|0x000000008b400000, 0x000000008b400000, 0x000000008b500000|  0%| F|  |TAMS 0x000000008b400000| PB 0x000000008b400000| Untracked |  0
| 123|0x000000008b500000, 0x000000008b500000, 0x000000008b600000|  0%| F|  |TAMS 0x000000008b500000| PB 0x000000008b500000| Untracked |  0
| 124|0x000000008b600000, 0x000000008b600000, 0x000000008b700000|  0%| F|  |TAMS 0x000000008b600000| PB 0x000000008b600000| Untracked |  0
| 125|0x000000008b700000, 0x000000008b700000, 0x000000008b800000|  0%| F|  |TAMS 0x000000008b700000| PB 0x000000008b700000| Untracked |  0

Card table byte_map: [0x00000248d4830000,0x00000248d4c20000] _byte_map_base: 0x00000248d4413000

Marking Bits: (CMBitMap*) 0x00000248bce25af0
 Bits: [0x00000248d4c20000, 0x00000248d6b38000)

Polling page: 0x00000248badd0000

Metaspace:

Usage:
  Non-class:     18.38 MB used.
      Class:      2.30 MB used.
       Both:     20.69 MB used.

Virtual space:
  Non-class space:       64.00 MB reserved,      18.56 MB ( 29%) committed,  1 nodes.
      Class space:        1.00 GB reserved,       2.44 MB ( <1%) committed,  1 nodes.
             Both:        1.06 GB reserved,      21.00 MB (  2%) committed. 

Chunk freelists:
   Non-Class:  12.50 MB
       Class:  13.52 MB
        Both:  26.02 MB

MaxMetaspaceSize: unlimited
CompressedClassSpaceSize: 1.00 GB
Initial GC threshold: 21.00 MB
Current GC threshold: 21.00 MB
CDS: on
 - commit_granule_bytes: 65536.
 - commit_granule_words: 8192.
 - virtual_space_node_default_size: 8388608.
 - enlarge_chunks_in_place: 1.
 - use_allocation_guard: 0.


Internal statistics:

num_allocs_failed_limit: 3.
num_arena_births: 228.
num_arena_deaths: 0.
num_vsnodes_births: 2.
num_vsnodes_deaths: 0.
num_space_committed: 336.
num_space_uncommitted: 0.
num_chunks_returned_to_freelist: 3.
num_chunks_taken_from_freelist: 952.
num_chunk_merges: 3.
num_chunk_splits: 662.
num_chunks_enlarged: 518.
num_inconsistent_stats: 0.

CodeHeap 'non-profiled nmethods': size=120000Kb used=3299Kb max_used=3299Kb free=116700Kb
 bounds [0x00000248ccbe0000, 0x00000248ccf20000, 0x00000248d4110000]
CodeHeap 'profiled nmethods': size=120000Kb used=13135Kb max_used=13135Kb free=106864Kb
 bounds [0x00000248c5110000, 0x00000248c5df0000, 0x00000248cc640000]
CodeHeap 'non-nmethods': size=5760Kb used=1634Kb max_used=1642Kb free=4125Kb
 bounds [0x00000248cc640000, 0x00000248cc8b0000, 0x00000248ccbe0000]
 total_blobs=6478 nmethods=5925 adapters=456
 compilation: enabled
              stopped_count=0, restarted_count=0
 full_count=0

Compilation events (20 events):
Event: 24.176 Thread 0x00000248d95842a0 nmethod 5916 0x00000248ccf15890 code [0x00000248ccf15b40, 0x00000248ccf16808]
Event: 24.186 Thread 0x00000248d95842a0 5920       4       java.util.concurrent.ConcurrentHashMap$BaseIterator::<init> (21 bytes)
Event: 24.187 Thread 0x00000248d9585650 5921       3       org.eclipse.aether.util.graph.transformer.ConflictMarker::merge (75 bytes)
Event: 24.187 Thread 0x00000248d9585650 nmethod 5921 0x00000248c5de0f10 code [0x00000248c5de1160, 0x00000248c5de1c28]
Event: 24.187 Thread 0x00000248d9585650 5923       3       org.eclipse.aether.util.graph.transformer.ConflictResolver$ConflictItem::getDependency (10 bytes)
Event: 24.187 Thread 0x00000248d9585650 nmethod 5923 0x00000248c5de1f10 code [0x00000248c5de20a0, 0x00000248c5de2218]
Event: 24.187 Thread 0x00000248d9585650 5924       3       org.eclipse.aether.util.graph.visitor.FilteringDependencyVisitor::visitEnter (66 bytes)
Event: 24.188 Thread 0x00000248d9585650 nmethod 5924 0x00000248c5de2310 code [0x00000248c5de2520, 0x00000248c5de2a38]
Event: 24.193 Thread 0x00000248d95842a0 nmethod 5920 0x00000248ccf17390 code [0x00000248ccf17540, 0x00000248ccf17ac8]
Event: 24.193 Thread 0x00000248d95842a0 5922 %     4       java.util.IdentityHashMap::clear @ 17 (39 bytes)
Event: 24.195 Thread 0x00000248d95842a0 nmethod 5922% 0x00000248ccf17c90 code [0x00000248ccf17e20, 0x00000248ccf17fe8]
Event: 24.339 Thread 0x00000248d9585650 5925       3       org.eclipse.aether.graph.DefaultDependencyNode::setArtifact (41 bytes)
Event: 24.339 Thread 0x00000248d9585650 nmethod 5925 0x00000248c5de2c10 code [0x00000248c5de2de0, 0x00000248c5de3120]
Event: 24.441 Thread 0x00000248d95842a0 5926       4       java.security.CodeSource::getCertificates (95 bytes)
Event: 24.441 Thread 0x00000248d95842a0 nmethod 5926 0x00000248ccf18110 code [0x00000248ccf182a0, 0x00000248ccf18370]
Event: 24.471 Thread 0x00000248d9585650 5928       3       sun.net.www.ParseUtil::match (50 bytes)
Event: 24.472 Thread 0x00000248d9585650 nmethod 5928 0x00000248c5de3290 code [0x00000248c5de3440, 0x00000248c5de36b0]
Event: 24.486 Thread 0x00000248d95842a0 5929       4       java.util.WeakHashMap::put (160 bytes)
Event: 24.505 Thread 0x00000248d9585650 5932  s    3       java.util.Properties::setProperty (7 bytes)
Event: 24.505 Thread 0x00000248d9585650 nmethod 5932 0x00000248c5de3790 code [0x00000248c5de3940, 0x00000248c5de3bd0]

GC Heap History (17 events):
Event: 8.100 GC heap before
{Heap before GC invocations=0 (full 0):
 garbage-first heap   total reserved 2037760K, committed 129024K, used 24576K [0x0000000083a00000, 0x0000000100000000)
  region size 1024K, 24 young (24576K), 0 survivors (0K)
 Metaspace       used 6144K, committed 6400K, reserved 1114112K
  class space    used 719K, committed 832K, reserved 1048576K
}
Event: 8.242 GC heap after
{Heap after GC invocations=1 (full 0):
 garbage-first heap   total reserved 2037760K, committed 129024K, used 4181K [0x0000000083a00000, 0x0000000100000000)
  region size 1024K, 3 young (3072K), 3 survivors (3072K)
 Metaspace       used 6144K, committed 6400K, reserved 1114112K
  class space    used 719K, committed 832K, reserved 1048576K
}
Event: 9.939 GC heap before
{Heap before GC invocations=1 (full 0):
 garbage-first heap   total reserved 2037760K, committed 129024K, used 34901K [0x0000000083a00000, 0x0000000100000000)
  region size 1024K, 33 young (33792K), 3 survivors (3072K)
 Metaspace       used 10010K, committed 10176K, reserved 1114112K
  class space    used 1195K, committed 1280K, reserved 1048576K
}
Event: 9.946 GC heap after
{Heap after GC invocations=2 (full 0):
 garbage-first heap   total reserved 2037760K, committed 129024K, used 6082K [0x0000000083a00000, 0x0000000100000000)
  region size 1024K, 2 young (2048K), 2 survivors (2048K)
 Metaspace       used 10010K, committed 10176K, reserved 1114112K
  class space    used 1195K, committed 1280K, reserved 1048576K
}
Event: 14.940 GC heap before
{Heap before GC invocations=2 (full 0):
 garbage-first heap   total reserved 2037760K, committed 129024K, used 80834K [0x0000000083a00000, 0x0000000100000000)
  region size 1024K, 75 young (76800K), 2 survivors (2048K)
 Metaspace       used 16289K, committed 16512K, reserved 1114112K
  class space    used 1933K, committed 2048K, reserved 1048576K
}
Event: 14.959 GC heap after
{Heap after GC invocations=3 (full 0):
 garbage-first heap   total reserved 2037760K, committed 129024K, used 14741K [0x0000000083a00000, 0x0000000100000000)
  region size 1024K, 10 young (10240K), 10 survivors (10240K)
 Metaspace       used 16289K, committed 16512K, reserved 1114112K
  class space    used 1933K, committed 2048K, reserved 1048576K
}
Event: 17.498 GC heap before
{Heap before GC invocations=3 (full 0):
 garbage-first heap   total reserved 2037760K, committed 129024K, used 81301K [0x0000000083a00000, 0x0000000100000000)
  region size 1024K, 75 young (76800K), 10 survivors (10240K)
 Metaspace       used 16835K, committed 17088K, reserved 1114112K
  class space    used 1940K, committed 2048K, reserved 1048576K
}
Event: 17.516 GC heap after
{Heap after GC invocations=4 (full 0):
 garbage-first heap   total reserved 2037760K, committed 129024K, used 19253K [0x0000000083a00000, 0x0000000100000000)
  region size 1024K, 5 young (5120K), 5 survivors (5120K)
 Metaspace       used 16835K, committed 17088K, reserved 1114112K
  class space    used 1940K, committed 2048K, reserved 1048576K
}
Event: 20.858 GC heap before
{Heap before GC invocations=4 (full 0):
 garbage-first heap   total reserved 2037760K, committed 129024K, used 112437K [0x0000000083a00000, 0x0000000100000000)
  region size 1024K, 57 young (58368K), 5 survivors (5120K)
 Metaspace       used 18376K, committed 18624K, reserved 1114112K
  class space    used 2096K, committed 2240K, reserved 1048576K
}
Event: 20.865 GC heap after
{Heap after GC invocations=5 (full 0):
 garbage-first heap   total reserved 2037760K, committed 129024K, used 30005K [0x0000000083a00000, 0x0000000100000000)
  region size 1024K, 7 young (7168K), 7 survivors (7168K)
 Metaspace       used 18376K, committed 18624K, reserved 1114112K
  class space    used 2096K, committed 2240K, reserved 1048576K
}
Event: 20.876 GC heap before
{Heap before GC invocations=5 (full 0):
 garbage-first heap   total reserved 2037760K, committed 129024K, used 62773K [0x0000000083a00000, 0x0000000100000000)
  region size 1024K, 8 young (8192K), 7 survivors (7168K)
 Metaspace       used 18377K, committed 18624K, reserved 1114112K
  class space    used 2096K, committed 2240K, reserved 1048576K
}
Event: 20.882 GC heap after
{Heap after GC invocations=6 (full 0):
 garbage-first heap   total reserved 2037760K, committed 129024K, used 30776K [0x0000000083a00000, 0x0000000100000000)
  region size 1024K, 4 young (4096K), 4 survivors (4096K)
 Metaspace       used 18377K, committed 18624K, reserved 1114112K
  class space    used 2096K, committed 2240K, reserved 1048576K
}
Event: 20.889 GC heap before
{Heap before GC invocations=6 (full 0):
 garbage-first heap   total reserved 2037760K, committed 129024K, used 55352K [0x0000000083a00000, 0x0000000100000000)
  region size 1024K, 5 young (5120K), 4 survivors (4096K)
 Metaspace       used 18377K, committed 18624K, reserved 1114112K
  class space    used 2096K, committed 2240K, reserved 1048576K
}
Event: 20.892 GC heap after
{Heap after GC invocations=7 (full 0):
 garbage-first heap   total reserved 2037760K, committed 129024K, used 22001K [0x0000000083a00000, 0x0000000100000000)
  region size 1024K, 4 young (4096K), 4 survivors (4096K)
 Metaspace       used 18377K, committed 18624K, reserved 1114112K
  class space    used 2096K, committed 2240K, reserved 1048576K
}
Event: 20.900 GC heap before
{Heap before GC invocations=7 (full 0):
 garbage-first heap   total reserved 2037760K, committed 129024K, used 54769K [0x0000000083a00000, 0x0000000100000000)
  region size 1024K, 5 young (5120K), 4 survivors (4096K)
 Metaspace       used 18377K, committed 18624K, reserved 1114112K
  class space    used 2096K, committed 2240K, reserved 1048576K
}
Event: 20.904 GC heap after
{Heap after GC invocations=8 (full 0):
 garbage-first heap   total reserved 2037760K, committed 129024K, used 21960K [0x0000000083a00000, 0x0000000100000000)
  region size 1024K, 4 young (4096K), 4 survivors (4096K)
 Metaspace       used 18377K, committed 18624K, reserved 1114112K
  class space    used 2096K, committed 2240K, reserved 1048576K
}
Event: 24.606 GC heap before
{Heap before GC invocations=8 (full 0):
 garbage-first heap   total reserved 2037760K, committed 129024K, used 112072K [0x0000000083a00000, 0x0000000100000000)
  region size 1024K, 61 young (62464K), 4 survivors (4096K)
 Metaspace       used 21182K, committed 21504K, reserved 1114112K
  class space    used 2360K, committed 2496K, reserved 1048576K
}

Dll operation events (12 events):
Event: 0.026 Loaded shared library C:\Users\USER\.jdks\openjdk-22.0.2\bin\java.dll
Event: 0.231 Loaded shared library C:\Users\USER\.jdks\openjdk-22.0.2\bin\jsvml.dll
Event: 0.245 Loaded shared library C:\Users\USER\.jdks\openjdk-22.0.2\bin\zip.dll
Event: 0.262 Loaded shared library C:\Users\USER\.jdks\openjdk-22.0.2\bin\instrument.dll
Event: 0.519 Loaded shared library C:\Users\USER\.jdks\openjdk-22.0.2\bin\net.dll
Event: 0.524 Loaded shared library C:\Users\USER\.jdks\openjdk-22.0.2\bin\nio.dll
Event: 0.531 Loaded shared library C:\Users\USER\.jdks\openjdk-22.0.2\bin\zip.dll
Event: 0.567 Loaded shared library C:\Program Files\JetBrains\IntelliJ IDEA 2024.2.0.1\bin\breakgen64.dll
Event: 0.602 Loaded shared library C:\Users\USER\.jdks\openjdk-22.0.2\bin\extnet.dll
Event: 1.067 Loaded shared library C:\Users\USER\.jdks\openjdk-22.0.2\bin\jimage.dll
Event: 6.815 Loaded shared library C:\Users\USER\AppData\Local\Temp\jansi-2.4.1-a14dd5d62f811b65-jansi.dll
Event: 6.844 Loaded shared library C:\Users\USER\.jdks\openjdk-22.0.2\bin\verify.dll

Deoptimization events (20 events):
Event: 23.939 Thread 0x00000248bab13a40 Uncommon trap: trap_request=0xffffff45 fr.pc=0x00000248ccebb598 relative=0x0000000000000a78
Event: 23.939 Thread 0x00000248bab13a40 Uncommon trap: reason=unstable_if action=reinterpret pc=0x00000248ccebb598 method=org.codehaus.plexus.classworlds.realm.Entry.matches(Ljava/lang/String;)Z @ 20 c2
Event: 23.940 Thread 0x00000248bab13a40 DEOPT PACKING pc=0x00000248ccebb598 sp=0x000000c6561fe000
Event: 23.940 Thread 0x00000248bab13a40 DEOPT UNPACKING pc=0x00000248cc697da2 sp=0x000000c6561fdfb8 mode 2
Event: 23.957 Thread 0x00000248bab13a40 Uncommon trap: trap_request=0xffffff45 fr.pc=0x00000248cce753d8 relative=0x00000000000016b8
Event: 23.957 Thread 0x00000248bab13a40 Uncommon trap: reason=unstable_if action=reinterpret pc=0x00000248cce753d8 method=sun.nio.fs.WindowsPathParser.nextNonSlash(Ljava/lang/String;II)I @ 2 c2
Event: 23.957 Thread 0x00000248bab13a40 DEOPT PACKING pc=0x00000248cce753d8 sp=0x000000c6561fd3e0
Event: 23.957 Thread 0x00000248bab13a40 DEOPT UNPACKING pc=0x00000248cc697da2 sp=0x000000c6561fd360 mode 2
Event: 23.969 Thread 0x00000248bab13a40 Uncommon trap: trap_request=0xffffffc6 fr.pc=0x00000248ccdda790 relative=0x0000000000000850
Event: 23.969 Thread 0x00000248bab13a40 Uncommon trap: reason=bimorphic_or_optimized_type_check action=maybe_recompile pc=0x00000248ccdda790 method=java.nio.charset.CharsetDecoder.decode(Ljava/nio/ByteBuffer;Ljava/nio/CharBuffer;Z)Ljava/nio/charset/CoderResult; @ 57 c2
Event: 23.969 Thread 0x00000248bab13a40 DEOPT PACKING pc=0x00000248ccdda790 sp=0x000000c6561fb6a0
Event: 23.969 Thread 0x00000248bab13a40 DEOPT UNPACKING pc=0x00000248cc697da2 sp=0x000000c6561fb658 mode 2
Event: 24.001 Thread 0x00000248bab13a40 Uncommon trap: trap_request=0xffffff45 fr.pc=0x00000248cce34988 relative=0x00000000000003a8
Event: 24.001 Thread 0x00000248bab13a40 Uncommon trap: reason=unstable_if action=reinterpret pc=0x00000248cce34988 method=org.eclipse.aether.artifact.AbstractArtifact.hash(Ljava/lang/Object;)I @ 1 c2
Event: 24.001 Thread 0x00000248bab13a40 DEOPT PACKING pc=0x00000248cce34988 sp=0x000000c6561fda90
Event: 24.001 Thread 0x00000248bab13a40 DEOPT UNPACKING pc=0x00000248cc697da2 sp=0x000000c6561fd9c8 mode 2
Event: 24.013 Thread 0x00000248bab13a40 Uncommon trap: trap_request=0xffffff45 fr.pc=0x00000248cce4e05c relative=0x000000000000051c
Event: 24.013 Thread 0x00000248bab13a40 Uncommon trap: reason=unstable_if action=reinterpret pc=0x00000248cce4e05c method=org.eclipse.aether.artifact.AbstractArtifact.hash(Ljava/lang/Object;)I @ 1 c2
Event: 24.013 Thread 0x00000248bab13a40 DEOPT PACKING pc=0x00000248cce4e05c sp=0x000000c6561fd9b0
Event: 24.013 Thread 0x00000248bab13a40 DEOPT UNPACKING pc=0x00000248cc697da2 sp=0x000000c6561fd878 mode 2

Classes loaded (20 events):
Event: 24.449 Loading class java/util/concurrent/Executors$RunnableAdapter
Event: 24.449 Loading class java/util/concurrent/Executors$RunnableAdapter done
Event: 24.449 Loading class java/util/concurrent/ThreadPoolExecutor$Worker
Event: 24.450 Loading class java/util/concurrent/ThreadPoolExecutor$Worker done
Event: 24.452 Loading class java/util/concurrent/ConcurrentLinkedQueue$Itr
Event: 24.452 Loading class java/util/concurrent/ConcurrentLinkedQueue$Itr done
Event: 24.457 Loading class java/util/concurrent/Semaphore
Event: 24.457 Loading class java/util/concurrent/Semaphore done
Event: 24.457 Loading class java/util/concurrent/Semaphore$NonfairSync
Event: 24.457 Loading class java/util/concurrent/Semaphore$Sync
Event: 24.457 Loading class java/util/concurrent/Semaphore$Sync done
Event: 24.457 Loading class java/util/concurrent/Semaphore$NonfairSync done
Event: 24.488 Loading class java/util/UUID
Event: 24.489 Loading class java/util/UUID done
Event: 24.489 Loading class java/util/UUID$Holder
Event: 24.489 Loading class java/util/UUID$Holder done
Event: 24.490 Loading class jdk/internal/util/HexDigits
Event: 24.490 Loading class jdk/internal/util/HexDigits done
Event: 24.490 Loading class jdk/internal/util/ByteArrayLittleEndian
Event: 24.490 Loading class jdk/internal/util/ByteArrayLittleEndian done

Classes unloaded (0 events):
No events

Classes redefined (0 events):
No events

Internal exceptions (20 events):
Event: 12.300 Thread 0x00000248bab13a40 Exception <a 'java/lang/NoSuchMethodError'{0x0000000089b9aeb8}: 'void java.lang.invoke.DirectMethodHandle$Holder.invokeSpecial(java.lang.Object, java.lang.Object, java.lang.Object, int)'> (0x0000000089b9aeb8) 
thrown [s\open\src\hotspot\share\interpreter\linkResolver.cpp, line 774]
Event: 12.300 Thread 0x00000248bab13a40 Exception <a 'java/lang/NoSuchMethodError'{0x0000000089b9e588}: 'void java.lang.invoke.DelegatingMethodHandle$Holder.reinvoke_L(java.lang.Object, java.lang.Object, int)'> (0x0000000089b9e588) 
thrown [s\open\src\hotspot\share\interpreter\linkResolver.cpp, line 774]
Event: 14.536 Thread 0x00000248bab13a40 Exception <a 'java/lang/NoSuchMethodError'{0x00000000875f71e0}: 'int java.lang.invoke.DirectMethodHandle$Holder.invokeSpecialIFC(java.lang.Object, java.lang.Object, java.lang.Object, java.lang.Object)'> (0x00000000875f71e0) 
thrown [s\open\src\hotspot\share\interpreter\linkResolver.cpp, line 774]
Event: 18.461 Thread 0x00000248bab13a40 Implicit null exception at 0x00000248cce0b518 to 0x00000248cce0b6e8
Event: 18.462 Thread 0x00000248bab13a40 Implicit null exception at 0x00000248ccdf9318 to 0x00000248ccdf94e4
Event: 18.462 Thread 0x00000248bab13a40 Implicit null exception at 0x00000248ccd9143d to 0x00000248ccd914bd
Event: 19.799 Thread 0x00000248bab13a40 Implicit null exception at 0x00000248ccd92b3d to 0x00000248ccd92bae
Event: 19.800 Thread 0x00000248bab13a40 Exception <a 'java/lang/NoSuchMethodError'{0x00000000899265e0}: 'java.lang.Object java.lang.invoke.DirectMethodHandle$Holder.newInvokeSpecial(java.lang.Object, java.lang.Object, java.lang.Object, java.lang.Object, java.lang.Object, java.lang.Object, java.lang.Object)'> (0x00000000899265e0) 
thrown [s\open\src\hotspot\share\interpreter\linkResolver.cpp, line 774]
Event: 19.804 Thread 0x00000248bab13a40 Implicit null exception at 0x00000248cce32932 to 0x00000248cce33764
Event: 20.382 Thread 0x00000248bab13a40 Implicit null exception at 0x00000248ccdf9a5f to 0x00000248ccdfa234
Event: 20.393 Thread 0x00000248bab13a40 Exception <a 'java/lang/NoSuchMethodError'{0x0000000088e8de10}: 'int java.lang.invoke.DirectMethodHandle$Holder.invokeVirtual(java.lang.Object, java.lang.Object)'> (0x0000000088e8de10) 
thrown [s\open\src\hotspot\share\interpreter\linkResolver.cpp, line 774]
Event: 20.458 Thread 0x00000248bab13a40 Implicit null exception at 0x00000248ccd0fd66 to 0x00000248ccd0fe0a
Event: 20.504 Thread 0x00000248bab13a40 Exception <a 'java/lang/NoSuchMethodError'{0x0000000088c22808}: 'void java.lang.invoke.Invokers$Holder.invokeExact_MT(java.lang.Object, java.lang.Object, int, java.lang.Object)'> (0x0000000088c22808) 
thrown [s\open\src\hotspot\share\interpreter\linkResolver.cpp, line 774]
Event: 23.891 Thread 0x000002491fb46e10 Exception <a 'java/lang/NoSuchMethodError'{0x00000000885b8148}: 'java.lang.Object java.lang.invoke.DirectMethodHandle$Holder.invokeStatic(java.lang.Object, long, java.lang.Object)'> (0x00000000885b8148) 
thrown [s\open\src\hotspot\share\interpreter\linkResolver.cpp, line 774]
Event: 23.891 Thread 0x000002491fb46e10 Exception <a 'java/lang/NoSuchMethodError'{0x00000000885bb620}: 'java.lang.Object java.lang.invoke.DirectMethodHandle$Holder.invokeStaticInit(java.lang.Object, long, java.lang.Object)'> (0x00000000885bb620) 
thrown [s\open\src\hotspot\share\interpreter\linkResolver.cpp, line 774]
Event: 23.892 Thread 0x000002491fb46e10 Exception <a 'java/lang/NoSuchMethodError'{0x00000000885c0a48}: 'java.lang.Object java.lang.invoke.DirectMethodHandle$Holder.newInvokeSpecial(java.lang.Object, long)'> (0x00000000885c0a48) 
thrown [s\open\src\hotspot\share\interpreter\linkResolver.cpp, line 774]
Event: 23.894 Thread 0x000002491fb46e10 Exception <a 'java/lang/NoSuchMethodError'{0x00000000885c5210}: 'long java.lang.invoke.DirectMethodHandle$Holder.invokeInterface(java.lang.Object, java.lang.Object)'> (0x00000000885c5210) 
thrown [s\open\src\hotspot\share\interpreter\linkResolver.cpp, line 774]
Event: 23.895 Thread 0x000002491fb46e10 Exception <a 'java/lang/NoSuchMethodError'{0x00000000885c86c8}: 'long java.lang.invoke.DelegatingMethodHandle$Holder.reinvoke_L(java.lang.Object, java.lang.Object)'> (0x00000000885c86c8) 
thrown [s\open\src\hotspot\share\interpreter\linkResolver.cpp, line 774]
Event: 23.942 Thread 0x00000248bab13a40 Exception <a 'java/lang/NoSuchMethodError'{0x00000000883dfaa8}: 'int java.lang.invoke.DirectMethodHandle$Holder.invokeInterface(java.lang.Object, java.lang.Object)'> (0x00000000883dfaa8) 
thrown [s\open\src\hotspot\share\interpreter\linkResolver.cpp, line 774]
Event: 23.989 Thread 0x00000248bab13a40 Exception <a 'java/lang/NoSuchMethodError'{0x00000000882c6798}: 'java.lang.Object java.lang.invoke.DirectMethodHandle$Holder.invokeStaticInit(java.lang.Object, java.lang.Object, int, int, int, int)'> (0x00000000882c6798) 
thrown [s\open\src\hotspot\share\interpreter\linkResolver.cpp, line 774]

ZGC Phase Switch (0 events):
No events

VM Operations (20 events):
Event: 20.500 Executing VM operation: HandshakeAllThreads (Deoptimize) done
Event: 20.858 Executing VM operation: G1TryInitiateConcMark (G1 Humongous Allocation)
Event: 20.865 Executing VM operation: G1TryInitiateConcMark (G1 Humongous Allocation) done
Event: 20.875 Executing VM operation: G1TryInitiateConcMark (G1 Humongous Allocation)
Event: 20.882 Executing VM operation: G1TryInitiateConcMark (G1 Humongous Allocation) done
Event: 20.889 Executing VM operation: G1TryInitiateConcMark (G1 Humongous Allocation)
Event: 20.892 Executing VM operation: G1TryInitiateConcMark (G1 Humongous Allocation) done
Event: 20.900 Executing VM operation: G1TryInitiateConcMark (G1 Humongous Allocation)
Event: 20.904 Executing VM operation: G1TryInitiateConcMark (G1 Humongous Allocation) done
Event: 21.286 Executing VM operation: HandshakeAllThreads (Deoptimize)
Event: 21.286 Executing VM operation: HandshakeAllThreads (Deoptimize) done
Event: 22.290 Executing VM operation: Cleanup
Event: 22.291 Executing VM operation: Cleanup done
Event: 22.389 Executing VM operation: HandshakeAllThreads (Deoptimize)
Event: 22.389 Executing VM operation: HandshakeAllThreads (Deoptimize) done
Event: 23.401 Executing VM operation: Cleanup
Event: 23.402 Executing VM operation: Cleanup done
Event: 23.894 Executing VM operation: HandshakeAllThreads (Deoptimize)
Event: 23.894 Executing VM operation: HandshakeAllThreads (Deoptimize) done
Event: 24.506 Executing VM operation: CollectForMetadataAllocation (Metadata GC Threshold)

Memory protections (0 events):
No events

Nmethod flushes (0 events):
No events

Events (20 events):
Event: 0.112 Thread 0x00000248bab13a40 Thread added: 0x00000248d9579240
Event: 0.113 Thread 0x00000248bab13a40 Thread added: 0x00000248d9579ea0
Event: 0.115 Thread 0x00000248bab13a40 Thread added: 0x00000248d957ea10
Event: 0.117 Thread 0x00000248bab13a40 Thread added: 0x00000248d957fd70
Event: 0.122 Thread 0x00000248bab13a40 Thread added: 0x00000248d95808c0
Event: 0.123 Thread 0x00000248bab13a40 Thread added: 0x00000248d9581410
Event: 0.124 Thread 0x00000248bab13a40 Thread added: 0x00000248d95842a0
Event: 0.128 Thread 0x00000248bab13a40 Thread added: 0x00000248d9585650
Event: 0.181 Thread 0x00000248bab13a40 Thread added: 0x00000248d9542ea0
Event: 0.568 Thread 0x00000248bab13a40 Thread added: 0x00000248d9780510
Event: 0.569 Thread 0x00000248bab13a40 Thread added: 0x00000248d978c050
Event: 0.845 Thread 0x00000248bab13a40 Thread added: 0x000002491f0201b0
Event: 11.680 Thread 0x00000248bab13a40 Thread added: 0x000002491fe49430
Event: 13.803 Thread 0x000002491f0201b0 Thread exited: 0x000002491f0201b0
Event: 14.508 Thread 0x00000248d95842a0 Thread added: 0x00000249203b58c0
Event: 15.440 Thread 0x00000249203b58c0 Thread exited: 0x00000249203b58c0
Event: 23.862 Thread 0x00000248bab13a40 Thread added: 0x000002491fb46e10
Event: 23.897 Thread 0x000002491fb46e10 Thread exited: 0x000002491fb46e10
Event: 24.451 Thread 0x00000248bab13a40 Thread added: 0x0000024920a07690
Event: 24.460 Thread 0x00000248bab13a40 Thread added: 0x0000024920a07d00


Dynamic libraries:
0x00007ff6b3b90000 - 0x00007ff6b3b9e000 	C:\Users\USER\.jdks\openjdk-22.0.2\bin\java.exe
0x00007fffc60d0000 - 0x00007fffc62e7000 	C:\WINDOWS\SYSTEM32\ntdll.dll
0x00007fffc4f30000 - 0x00007fffc4ff4000 	C:\WINDOWS\System32\KERNEL32.DLL
0x00007fffc3750000 - 0x00007fffc3b07000 	C:\WINDOWS\System32\KERNELBASE.dll
0x00007fffc3630000 - 0x00007fffc3741000 	C:\WINDOWS\System32\ucrtbase.dll
0x00007fffbcbe0000 - 0x00007fffbcbf7000 	C:\Users\USER\.jdks\openjdk-22.0.2\bin\jli.dll
0x00007fffc5250000 - 0x00007fffc53ff000 	C:\WINDOWS\System32\USER32.dll
0x00007fffc3460000 - 0x00007fffc3486000 	C:\WINDOWS\System32\win32u.dll
0x00007fffc3e10000 - 0x00007fffc3e39000 	C:\WINDOWS\System32\GDI32.dll
0x00007fffc3bd0000 - 0x00007fffc3ce8000 	C:\WINDOWS\System32\gdi32full.dll
0x00007fffc3cf0000 - 0x00007fffc3d8a000 	C:\WINDOWS\System32\msvcp_win.dll
0x00007fffbcc00000 - 0x00007fffbcc1b000 	C:\Users\USER\.jdks\openjdk-22.0.2\bin\VCRUNTIME140.dll
0x00007fffaed10000 - 0x00007fffaefa3000 	C:\WINDOWS\WinSxS\amd64_microsoft.windows.common-controls_6595b64144ccf1df_6.0.22621.3672_none_2713b9d173822955\COMCTL32.dll
0x00007fffc4570000 - 0x00007fffc4617000 	C:\WINDOWS\System32\msvcrt.dll
0x00007fffc4530000 - 0x00007fffc4561000 	C:\WINDOWS\System32\IMM32.DLL
0x00007fffbcbb0000 - 0x00007fffbcbbc000 	C:\Users\USER\.jdks\openjdk-22.0.2\bin\vcruntime140_1.dll
0x00007fffbc660000 - 0x00007fffbc6ee000 	C:\Users\USER\.jdks\openjdk-22.0.2\bin\msvcp140.dll
0x00007fff63820000 - 0x00007fff64569000 	C:\Users\USER\.jdks\openjdk-22.0.2\bin\server\jvm.dll
0x00007fffc5560000 - 0x00007fffc5612000 	C:\WINDOWS\System32\ADVAPI32.dll
0x00007fffc54b0000 - 0x00007fffc5558000 	C:\WINDOWS\System32\sechost.dll
0x00007fffc3600000 - 0x00007fffc3628000 	C:\WINDOWS\System32\bcrypt.dll
0x00007fffc4410000 - 0x00007fffc4524000 	C:\WINDOWS\System32\RPCRT4.dll
0x00007fffc4230000 - 0x00007fffc42a1000 	C:\WINDOWS\System32\WS2_32.dll
0x00007fffc2260000 - 0x00007fffc22ad000 	C:\WINDOWS\SYSTEM32\POWRPROF.dll
0x00007fffbc490000 - 0x00007fffbc4c4000 	C:\WINDOWS\SYSTEM32\WINMM.dll
0x00007fffb8b10000 - 0x00007fffb8b1a000 	C:\WINDOWS\SYSTEM32\VERSION.dll
0x00007fffc2240000 - 0x00007fffc2253000 	C:\WINDOWS\SYSTEM32\UMPDC.dll
0x00007fffc24f0000 - 0x00007fffc2508000 	C:\WINDOWS\SYSTEM32\kernel.appcore.dll
0x00007fffbcb80000 - 0x00007fffbcb8a000 	C:\Users\USER\.jdks\openjdk-22.0.2\bin\jimage.dll
0x00007fffc0cb0000 - 0x00007fffc0ee2000 	C:\WINDOWS\SYSTEM32\DBGHELP.DLL
0x00007fffc3e40000 - 0x00007fffc41ce000 	C:\WINDOWS\System32\combase.dll
0x00007fffc5860000 - 0x00007fffc5937000 	C:\WINDOWS\System32\OLEAUT32.dll
0x00007fffaf2b0000 - 0x00007fffaf2e2000 	C:\WINDOWS\SYSTEM32\dbgcore.DLL
0x00007fffc33e0000 - 0x00007fffc345b000 	C:\WINDOWS\System32\bcryptPrimitives.dll
0x00007fffbcd30000 - 0x00007fffbcd3f000 	C:\Users\USER\.jdks\openjdk-22.0.2\bin\instrument.dll
0x00007fffbc640000 - 0x00007fffbc65e000 	C:\Users\USER\.jdks\openjdk-22.0.2\bin\java.dll
0x00007fffc4620000 - 0x00007fffc4e89000 	C:\WINDOWS\System32\SHELL32.dll
0x00007fffc5000000 - 0x00007fffc51a5000 	C:\WINDOWS\System32\ole32.dll
0x00007fffc1310000 - 0x00007fffc1c0f000 	C:\WINDOWS\SYSTEM32\windows.storage.dll
0x00007fffc1060000 - 0x00007fffc119f000 	C:\WINDOWS\SYSTEM32\wintypes.dll
0x00007fffc4310000 - 0x00007fffc4409000 	C:\WINDOWS\System32\SHCORE.dll
0x00007fffc41d0000 - 0x00007fffc422e000 	C:\WINDOWS\System32\shlwapi.dll
0x00007fffc3310000 - 0x00007fffc3337000 	C:\WINDOWS\SYSTEM32\profapi.dll
0x00007fffae0d0000 - 0x00007fffae1a7000 	C:\Users\USER\.jdks\openjdk-22.0.2\bin\jsvml.dll
0x00007fffbc580000 - 0x00007fffbc597000 	C:\Users\USER\.jdks\openjdk-22.0.2\bin\zip.dll
0x00007fffbc620000 - 0x00007fffbc630000 	C:\Users\USER\.jdks\openjdk-22.0.2\bin\net.dll
0x00007fffc2990000 - 0x00007fffc29f9000 	C:\WINDOWS\system32\mswsock.dll
0x00007fffbc5e0000 - 0x00007fffbc5f6000 	C:\Users\USER\.jdks\openjdk-22.0.2\bin\nio.dll
0x00007fffbbbf0000 - 0x00007fffbbc0a000 	C:\Program Files\JetBrains\IntelliJ IDEA 2024.2.0.1\bin\breakgen64.dll
0x00007fffba650000 - 0x00007fffba659000 	C:\Users\USER\.jdks\openjdk-22.0.2\bin\extnet.dll
0x00007fff8ca10000 - 0x00007fff8ca34000 	C:\Users\USER\AppData\Local\Temp\jansi-2.4.1-a14dd5d62f811b65-jansi.dll
0x00007fffbcd20000 - 0x00007fffbcd30000 	C:\Users\USER\.jdks\openjdk-22.0.2\bin\verify.dll
0x00007fffc2be0000 - 0x00007fffc2bfb000 	C:\WINDOWS\SYSTEM32\CRYPTSP.dll
0x00007fffc2450000 - 0x00007fffc2485000 	C:\WINDOWS\system32\rsaenh.dll
0x00007fffc2a80000 - 0x00007fffc2aa8000 	C:\WINDOWS\SYSTEM32\USERENV.dll
0x00007fffc2c00000 - 0x00007fffc2c0c000 	C:\WINDOWS\SYSTEM32\CRYPTBASE.dll
0x00007fffc1ed0000 - 0x00007fffc1efd000 	C:\WINDOWS\SYSTEM32\IPHLPAPI.DLL
0x00007fffc51b0000 - 0x00007fffc51b9000 	C:\WINDOWS\System32\NSI.dll

dbghelp: loaded successfully - version: 4.0.5 - missing functions: none
symbol engine: initialized successfully - sym options: 0x614 - pdb path: .;C:\Users\USER\.jdks\openjdk-22.0.2\bin;C:\WINDOWS\SYSTEM32;C:\WINDOWS\WinSxS\amd64_microsoft.windows.common-controls_6595b64144ccf1df_6.0.22621.3672_none_2713b9d173822955;C:\Users\USER\.jdks\openjdk-22.0.2\bin\server;C:\Program Files\JetBrains\IntelliJ IDEA 2024.2.0.1\bin;C:\Users\USER\AppData\Local\Temp

VM Arguments:
jvm_args: -Dmaven.multiModuleProjectDirectory=C:\Users\USER\IdeaProjects\ssacthree\shop3\ssacthree-shop-api -Djansi.passthrough=true -Dmaven.home=C:\Users\USER\.m2\wrapper\dists\apache-maven-3.9.9-bin\4nf9hui3q3djbarqar9g711ggc\apache-maven-3.9.9 -Dclassworlds.conf=C:\Users\USER\.m2\wrapper\dists\apache-maven-3.9.9-bin\4nf9hui3q3djbarqar9g711ggc\apache-maven-3.9.9\bin\m2.conf -Dmaven.ext.class.path=C:\Program Files\JetBrains\IntelliJ IDEA 2024.2.0.1\plugins\maven\lib\maven-event-listener.jar -javaagent:C:\Program Files\JetBrains\IntelliJ IDEA 2024.2.0.1\lib\idea_rt.jar=34903:C:\Program Files\JetBrains\IntelliJ IDEA 2024.2.0.1\bin -Dfile.encoding=UTF-8 -Dsun.stdout.encoding=UTF-8 -Dsun.stderr.encoding=UTF-8 
java_command: org.codehaus.classworlds.Launcher -Didea.version=2024.2.0.1 package
java_class_path (initial): C:\Users\USER\.m2\wrapper\dists\apache-maven-3.9.9-bin\4nf9hui3q3djbarqar9g711ggc\apache-maven-3.9.9\boot\plexus-classworlds-2.8.0.jar;C:\Users\USER\.m2\wrapper\dists\apache-maven-3.9.9-bin\4nf9hui3q3djbarqar9g711ggc\apache-maven-3.9.9\boot\plexus-classworlds.license
Launcher Type: SUN_STANDARD

[Global flags]
     intx CICompilerCount                          = 4                                         {product} {ergonomic}
     uint ConcGCThreads                            = 2                                         {product} {ergonomic}
     uint G1ConcRefinementThreads                  = 8                                         {product} {ergonomic}
   size_t G1HeapRegionSize                         = 1048576                                   {product} {ergonomic}
   size_t InitialHeapSize                          = 132120576                                 {product} {ergonomic}
   size_t MarkStackSize                            = 4194304                                   {product} {ergonomic}
   size_t MaxHeapSize                              = 2086666240                                {product} {ergonomic}
   size_t MaxNewSize                               = 1251999744                                {product} {ergonomic}
   size_t MinHeapDeltaBytes                        = 1048576                                   {product} {ergonomic}
   size_t MinHeapSize                              = 8388608                                   {product} {ergonomic}
    uintx NonNMethodCodeHeapSize                   = 5839372                                {pd product} {ergonomic}
    uintx NonProfiledCodeHeapSize                  = 122909434                              {pd product} {ergonomic}
    uintx ProfiledCodeHeapSize                     = 122909434                              {pd product} {ergonomic}
    uintx ReservedCodeCacheSize                    = 251658240                              {pd product} {ergonomic}
     bool SegmentedCodeCache                       = true                                      {product} {ergonomic}
   size_t SoftMaxHeapSize                          = 2086666240                             {manageable} {ergonomic}
     bool UseCompressedOops                        = true                           {product lp64_product} {ergonomic}
     bool UseG1GC                                  = true                                      {product} {ergonomic}
     bool UseLargePagesIndividualAllocation        = false                                  {pd product} {ergonomic}

Logging:
Log output configuration:
 #0: stdout all=warning uptime,level,tags foldmultilines=false
 #1: stderr all=off uptime,level,tags foldmultilines=false

Environment Variables:
JAVA_HOME=C:\Users\USER\Downloads\jdk-21.0.3_windows-x64_bin\jdk-21.0.3
PATH=C:\Users\USER\Downloads\jdk-21.0.3_windows-x64_bin\jdk-21.0.3\bin;C:\Program Files\MySQL\MySQL Server 8.0\bin;C:\apache-maven-3.9.8-bin\apache-maven-3.9.8\bin;C:\Users\USER\Downloads\netcat-win32-1.12;C:\Users\USER\Downloads\curl-8.9.0_1-win64-mingw\curl-8.9.0_1-win64-mingw\bin;C:\Program Files\Docker\Docker\resources\bin;C:\Program Files (x86)\Microsoft SQL Server\160\Tools\Binn\;C:\Program Files\Microsoft SQL Server\160\Tools\Binn\;C:\Program Files\Microsoft SQL Server\Client SDK\ODBC\170\Tools\Binn\;C:\Program Files\Microsoft SQL Server\160\DTS\Binn\;C:\Program Files (x86)\Microsoft SQL Server\160\DTS\Binn\;C:\Program Files\Git\cmd;C:\Users\USER\anaconda3;C:\Users\USER\anaconda3\Library\mingw-w64\bin;C:\Users\USER\anaconda3\Library\usr\bin;C:\Users\USER\anaconda3\Library\bin;C:\Users\USER\anaconda3\Scripts;C:\Users\USER\AppData\Local\Microsoft\WindowsApps;C:\Program Files\JetBrains\PyCharm Community Edition 2021.3.2\bin;;C:\Users\USER\AppData\Local\Programs\Microsoft VS Code\bin;;C:\Program Files\JetBrains\IntelliJ IDEA 2024.2.0.1\bin;
USERNAME=USER
OS=Windows_NT
PROCESSOR_IDENTIFIER=Intel64 Family 6 Model 126 Stepping 5, GenuineIntel
TMP=C:\Users\USER\AppData\Local\Temp
TEMP=C:\Users\USER\AppData\Local\Temp




Periodic native trim disabled

---------------  S Y S T E M  ---------------

OS:
 Windows 11 , 64 bit Build 22621 (10.0.22621.3958)
OS uptime: 3 days 9:27 hours
Hyper-V role detected

CPU: total 8 (initial active 8) (4 cores per cpu, 2 threads per core) family 6 model 126 stepping 5 microcode 0xa0, cx8, cmov, fxsr, ht, mmx, 3dnowpref, sse, sse2, sse3, ssse3, sse4.1, sse4.2, popcnt, lzcnt, tsc, tscinvbit, avx, avx2, aes, erms, clmul, bmi1, bmi2, adx, avx512f, avx512dq, avx512cd, avx512bw, avx512vl, sha, fma, vzeroupper, avx512_vpopcntdq, avx512_vpclmulqdq, avx512_vaes, avx512_vnni, clflush, clflushopt, avx512_vbmi2, avx512_vbmi, hv, rdtscp, rdpid, fsrm, gfni, avx512_bitalg, f16c, avx512_ifma
Processor Information for processor 0
  Max Mhz: 1498, Current Mhz: 1098, Mhz Limit: 1093
Processor Information for processor 1
  Max Mhz: 1498, Current Mhz: 1098, Mhz Limit: 1093
Processor Information for processor 2
  Max Mhz: 1498, Current Mhz: 998, Mhz Limit: 1093
Processor Information for processor 3
  Max Mhz: 1498, Current Mhz: 1098, Mhz Limit: 1093
Processor Information for processor 4
  Max Mhz: 1498, Current Mhz: 1098, Mhz Limit: 1093
Processor Information for processor 5
  Max Mhz: 1498, Current Mhz: 1098, Mhz Limit: 1093
Processor Information for processor 6
  Max Mhz: 1498, Current Mhz: 1098, Mhz Limit: 1093
Processor Information for processor 7
  Max Mhz: 1498, Current Mhz: 1098, Mhz Limit: 1093

Memory: 4k page, system-wide physical 7953M (314M free)
TotalPageFile size 32529M (AvailPageFile size 161M)
current process WorkingSet (physical memory assigned to process): 235M, peak: 235M
current process commit charge ("private bytes"): 273M, peak: 523M

vm_info: OpenJDK 64-Bit Server VM (22.0.2+9-70) for windows-amd64 JRE (22.0.2+9-70), built on 2024-06-04T16:52:23Z by "mach5one" with MS VC++ 17.6 (VS2022)

END.
