2024-10-31T15:16:57.489+09:00  INFO 14008 --- [shop-service] [restartedMain] c.n.s.SsacthreeShopApiApplication        : Starting SsacthreeShopApiApplication using Java 22.0.2 with PID 14008 (C:\Users\USER\IdeaProjects\ssacthree\shop3\ssacthree-shop-api\target\classes started by USER in C:\Users\USER\IdeaProjects\ssacthree\shop3\ssacthree-shop-api)
2024-10-31T15:16:57.492+09:00  INFO 14008 --- [shop-service] [restartedMain] c.n.s.SsacthreeShopApiApplication        : The following 1 profile is active: "dev2"
2024-10-31T15:16:57.596+09:00  INFO 14008 --- [shop-service] [restartedMain] .e.DevToolsPropertyDefaultsPostProcessor : Devtools property defaults active! Set 'spring.devtools.add-properties' to 'false' to disable
2024-10-31T15:16:57.597+09:00  INFO 14008 --- [shop-service] [restartedMain] .e.DevToolsPropertyDefaultsPostProcessor : For additional web related logging consider setting the 'logging.level.web' property to 'DEBUG'
2024-10-31T15:17:00.578+09:00  INFO 14008 --- [shop-service] [restartedMain] .s.d.r.c.RepositoryConfigurationDelegate : Bootstrapping Spring Data JPA repositories in DEFAULT mode.
2024-10-31T15:17:01.367+09:00  INFO 14008 --- [shop-service] [restartedMain] .s.d.r.c.RepositoryConfigurationDelegate : Finished Spring Data repository scanning in 769 ms. Found 8 JPA repository interfaces.
2024-10-31T15:17:02.126+09:00  INFO 14008 --- [shop-service] [restartedMain] o.s.cloud.context.scope.GenericScope     : BeanFactory id=58a2d09d-22dc-3842-92ee-a8035b085654
2024-10-31T15:17:02.760+09:00  WARN 14008 --- [shop-service] [restartedMain] trationDelegate$BeanPostProcessorChecker : Bean 'org.springframework.cloud.client.loadbalancer.LoadBalancerAutoConfiguration$DeferringLoadBalancerInterceptorConfig' of type [org.springframework.cloud.client.loadbalancer.LoadBalancerAutoConfiguration$DeferringLoadBalancerInterceptorConfig] is not eligible for getting processed by all BeanPostProcessors (for example: not eligible for auto-proxying). The currently created BeanPostProcessor [lbRestClientPostProcessor] is declared through a non-static factory method on that class; consider declaring it as static instead.
2024-10-31T15:17:02.764+09:00  WARN 14008 --- [shop-service] [restartedMain] trationDelegate$BeanPostProcessorChecker : Bean 'deferringLoadBalancerInterceptor' of type [org.springframework.cloud.client.loadbalancer.DeferringLoadBalancerInterceptor] is not eligible for getting processed by all BeanPostProcessors (for example: not eligible for auto-proxying). Is this bean getting eagerly injected into a currently created BeanPostProcessor [lbRestClientPostProcessor]? Check the corresponding BeanPostProcessor declaration and its dependencies.
2024-10-31T15:17:03.715+09:00  INFO 14008 --- [shop-service] [restartedMain] o.s.b.w.embedded.tomcat.TomcatWebServer  : Tomcat initialized with port 8083 (http)
2024-10-31T15:17:03.757+09:00  INFO 14008 --- [shop-service] [restartedMain] o.apache.catalina.core.StandardService   : Starting service [Tomcat]
2024-10-31T15:17:03.758+09:00  INFO 14008 --- [shop-service] [restartedMain] o.apache.catalina.core.StandardEngine    : Starting Servlet engine: [Apache Tomcat/10.1.30]
2024-10-31T15:17:03.995+09:00  INFO 14008 --- [shop-service] [restartedMain] o.a.c.c.C.[Tomcat].[localhost].[/]       : Initializing Spring embedded WebApplicationContext
2024-10-31T15:17:03.997+09:00  INFO 14008 --- [shop-service] [restartedMain] w.s.c.ServletWebServerApplicationContext : Root WebApplicationContext: initialization completed in 6397 ms
2024-10-31T15:17:04.065+09:00  INFO 14008 --- [shop-service] [restartedMain] com.zaxxer.hikari.HikariDataSource       : HikariPool-1 - Starting...
2024-10-31T15:17:04.708+09:00  INFO 14008 --- [shop-service] [restartedMain] com.zaxxer.hikari.pool.HikariPool        : HikariPool-1 - Added connection conn0: url=jdbc:h2:mem:testdb user=SA
2024-10-31T15:17:04.712+09:00  INFO 14008 --- [shop-service] [restartedMain] com.zaxxer.hikari.HikariDataSource       : HikariPool-1 - Start completed.
2024-10-31T15:17:04.735+09:00  INFO 14008 --- [shop-service] [restartedMain] o.s.b.a.h2.H2ConsoleAutoConfiguration    : H2 console available at '/h2-console'. Database available at 'jdbc:h2:mem:testdb'
2024-10-31T15:17:05.453+09:00  INFO 14008 --- [shop-service] [restartedMain] o.hibernate.jpa.internal.util.LogHelper  : HHH000204: Processing PersistenceUnitInfo [name: default]
2024-10-31T15:17:05.777+09:00  INFO 14008 --- [shop-service] [restartedMain] org.hibernate.Version                    : HHH000412: Hibernate ORM core version 6.5.3.Final
2024-10-31T15:17:05.901+09:00  INFO 14008 --- [shop-service] [restartedMain] o.h.c.internal.RegionFactoryInitiator    : HHH000026: Second-level cache disabled
2024-10-31T15:17:07.047+09:00  INFO 14008 --- [shop-service] [restartedMain] o.s.o.j.p.SpringPersistenceUnitInfo      : No LoadTimeWeaver setup: ignoring JPA class transformer
2024-10-31T15:17:07.246+09:00  WARN 14008 --- [shop-service] [restartedMain] org.hibernate.orm.deprecation            : HHH90000025: H2Dialect does not need to be specified explicitly using 'hibernate.dialect' (remove the property setting and it will be selected by default)
2024-10-31T15:17:09.585+09:00  WARN 14008 --- [shop-service] [restartedMain] org.hibernate.mapping.RootClass          : HHH000038: Composite-id class does not override equals(): com.nhnacademy.ssacthree_shop_api.bookset.booklike.domain.BookLikeId
2024-10-31T15:17:09.591+09:00  WARN 14008 --- [shop-service] [restartedMain] org.hibernate.mapping.RootClass          : HHH000039: Composite-id class does not override hashCode(): com.nhnacademy.ssacthree_shop_api.bookset.booklike.domain.BookLikeId
2024-10-31T15:17:09.591+09:00  WARN 14008 --- [shop-service] [restartedMain] org.hibernate.mapping.RootClass          : HHH000038: Composite-id class does not override equals(): com.nhnacademy.ssacthree_shop_api.bookset.booktag.domain.BookTagId
2024-10-31T15:17:09.592+09:00  WARN 14008 --- [shop-service] [restartedMain] org.hibernate.mapping.RootClass          : HHH000039: Composite-id class does not override hashCode(): com.nhnacademy.ssacthree_shop_api.bookset.booktag.domain.BookTagId
2024-10-31T15:17:09.593+09:00  WARN 14008 --- [shop-service] [restartedMain] org.hibernate.mapping.RootClass          : HHH000038: Composite-id class does not override equals(): com.nhnacademy.ssacthree_shop_api.couponset.categorycoupon.domain.CategoryCoupon
2024-10-31T15:17:09.594+09:00  WARN 14008 --- [shop-service] [restartedMain] org.hibernate.mapping.RootClass          : HHH000039: Composite-id class does not override hashCode(): com.nhnacademy.ssacthree_shop_api.couponset.categorycoupon.domain.CategoryCoupon
2024-10-31T15:17:09.595+09:00  WARN 14008 --- [shop-service] [restartedMain] org.hibernate.mapping.RootClass          : HHH000038: Composite-id class does not override equals(): com.nhnacademy.ssacthree_shop_api.bookset.bookcategory.domain.BookCategoryId
2024-10-31T15:17:09.595+09:00  WARN 14008 --- [shop-service] [restartedMain] org.hibernate.mapping.RootClass          : HHH000039: Composite-id class does not override hashCode(): com.nhnacademy.ssacthree_shop_api.bookset.bookcategory.domain.BookCategoryId
2024-10-31T15:17:09.597+09:00  WARN 14008 --- [shop-service] [restartedMain] org.hibernate.mapping.RootClass          : HHH000038: Composite-id class does not override equals(): com.nhnacademy.ssacthree_shop_api.couponset.bookcoupon.domain.BookCoupon
2024-10-31T15:17:09.597+09:00  WARN 14008 --- [shop-service] [restartedMain] org.hibernate.mapping.RootClass          : HHH000039: Composite-id class does not override hashCode(): com.nhnacademy.ssacthree_shop_api.couponset.bookcoupon.domain.BookCoupon
2024-10-31T15:17:09.600+09:00  WARN 14008 --- [shop-service] [restartedMain] org.hibernate.mapping.RootClass          : HHH000038: Composite-id class does not override equals(): com.nhnacademy.ssacthree_shop_api.memberset.pointrefund.domain.PointRefund
2024-10-31T15:17:09.600+09:00  WARN 14008 --- [shop-service] [restartedMain] org.hibernate.mapping.RootClass          : HHH000039: Composite-id class does not override hashCode(): com.nhnacademy.ssacthree_shop_api.memberset.pointrefund.domain.PointRefund
2024-10-31T15:17:09.600+09:00  WARN 14008 --- [shop-service] [restartedMain] org.hibernate.mapping.RootClass          : HHH000038: Composite-id class does not override equals(): com.nhnacademy.ssacthree_shop_api.memberset.pointreview.domain.PointReview
2024-10-31T15:17:09.618+09:00  WARN 14008 --- [shop-service] [restartedMain] org.hibernate.mapping.RootClass          : HHH000039: Composite-id class does not override hashCode(): com.nhnacademy.ssacthree_shop_api.memberset.pointreview.domain.PointReview
2024-10-31T15:17:09.623+09:00  WARN 14008 --- [shop-service] [restartedMain] org.hibernate.mapping.RootClass          : HHH000038: Composite-id class does not override equals(): com.nhnacademy.ssacthree_shop_api.shoppingcart.domain.ShoppingCartId
2024-10-31T15:17:09.624+09:00  WARN 14008 --- [shop-service] [restartedMain] org.hibernate.mapping.RootClass          : HHH000039: Composite-id class does not override hashCode(): com.nhnacademy.ssacthree_shop_api.shoppingcart.domain.ShoppingCartId
2024-10-31T15:17:13.388+09:00  INFO 14008 --- [shop-service] [restartedMain] o.h.e.t.j.p.i.JtaPlatformInitiator       : HHH000489: No JTA platform available (set 'hibernate.transaction.jta.platform' to enable JTA platform integration)
2024-10-31T15:17:13.436+09:00 DEBUG 14008 --- [shop-service] [restartedMain] org.hibernate.SQL                        : 
    drop table if exists address cascade 
2024-10-31T15:17:13.447+09:00 DEBUG 14008 --- [shop-service] [restartedMain] org.hibernate.SQL                        : 
    drop table if exists author cascade 
2024-10-31T15:17:13.449+09:00 DEBUG 14008 --- [shop-service] [restartedMain] org.hibernate.SQL                        : 
    drop table if exists book cascade 
2024-10-31T15:17:13.449+09:00 DEBUG 14008 --- [shop-service] [restartedMain] org.hibernate.SQL                        : 
    drop table if exists book_author cascade 
2024-10-31T15:17:13.450+09:00 DEBUG 14008 --- [shop-service] [restartedMain] org.hibernate.SQL                        : 
    drop table if exists book_category cascade 
2024-10-31T15:17:13.450+09:00 DEBUG 14008 --- [shop-service] [restartedMain] org.hibernate.SQL                        : 
    drop table if exists book_coupon cascade 
2024-10-31T15:17:13.451+09:00 DEBUG 14008 --- [shop-service] [restartedMain] org.hibernate.SQL                        : 
    drop table if exists book_like cascade 
2024-10-31T15:17:13.452+09:00 DEBUG 14008 --- [shop-service] [restartedMain] org.hibernate.SQL                        : 
    drop table if exists book_tag cascade 
2024-10-31T15:17:13.453+09:00 DEBUG 14008 --- [shop-service] [restartedMain] org.hibernate.SQL                        : 
    drop table if exists category cascade 
2024-10-31T15:17:13.454+09:00 DEBUG 14008 --- [shop-service] [restartedMain] org.hibernate.SQL                        : 
    drop table if exists category_coupon cascade 
2024-10-31T15:17:13.454+09:00 DEBUG 14008 --- [shop-service] [restartedMain] org.hibernate.SQL                        : 
    drop table if exists coupon cascade 
2024-10-31T15:17:13.455+09:00 DEBUG 14008 --- [shop-service] [restartedMain] org.hibernate.SQL                        : 
    drop table if exists coupon_rule cascade 
2024-10-31T15:17:13.456+09:00 DEBUG 14008 --- [shop-service] [restartedMain] org.hibernate.SQL                        : 
    drop table if exists customer cascade 
2024-10-31T15:17:13.457+09:00 DEBUG 14008 --- [shop-service] [restartedMain] org.hibernate.SQL                        : 
    drop table if exists delivery cascade 
2024-10-31T15:17:13.459+09:00 DEBUG 14008 --- [shop-service] [restartedMain] org.hibernate.SQL                        : 
    drop table if exists delivery_rule cascade 
2024-10-31T15:17:13.460+09:00 DEBUG 14008 --- [shop-service] [restartedMain] org.hibernate.SQL                        : 
    drop table if exists discount cascade 
2024-10-31T15:17:13.460+09:00 DEBUG 14008 --- [shop-service] [restartedMain] org.hibernate.SQL                        : 
    drop table if exists member cascade 
2024-10-31T15:17:13.461+09:00 DEBUG 14008 --- [shop-service] [restartedMain] org.hibernate.SQL                        : 
    drop table if exists member_grade cascade 
2024-10-31T15:17:13.462+09:00 DEBUG 14008 --- [shop-service] [restartedMain] org.hibernate.SQL                        : 
    drop table if exists member_coupon cascade 
2024-10-31T15:17:13.463+09:00 DEBUG 14008 --- [shop-service] [restartedMain] org.hibernate.SQL                        : 
    drop table if exists order_detail cascade 
2024-10-31T15:17:13.464+09:00 DEBUG 14008 --- [shop-service] [restartedMain] org.hibernate.SQL                        : 
    drop table if exists order_status cascade 
2024-10-31T15:17:13.465+09:00 DEBUG 14008 --- [shop-service] [restartedMain] org.hibernate.SQL                        : 
    drop table if exists order_to_status_mapping cascade 
2024-10-31T15:17:13.465+09:00 DEBUG 14008 --- [shop-service] [restartedMain] org.hibernate.SQL                        : 
    drop table if exists order_detail_packaging cascade 
2024-10-31T15:17:13.465+09:00 DEBUG 14008 --- [shop-service] [restartedMain] org.hibernate.SQL                        : 
    drop table if exists orders cascade 
2024-10-31T15:17:13.467+09:00 DEBUG 14008 --- [shop-service] [restartedMain] org.hibernate.SQL                        : 
    drop table if exists packaging cascade 
2024-10-31T15:17:13.468+09:00 DEBUG 14008 --- [shop-service] [restartedMain] org.hibernate.SQL                        : 
    drop table if exists payment cascade 
2024-10-31T15:17:13.468+09:00 DEBUG 14008 --- [shop-service] [restartedMain] org.hibernate.SQL                        : 
    drop table if exists payment_type cascade 
2024-10-31T15:17:13.470+09:00 DEBUG 14008 --- [shop-service] [restartedMain] org.hibernate.SQL                        : 
    drop table if exists point_history cascade 
2024-10-31T15:17:13.471+09:00 DEBUG 14008 --- [shop-service] [restartedMain] org.hibernate.SQL                        : 
    drop table if exists point_order cascade 
2024-10-31T15:17:13.471+09:00 DEBUG 14008 --- [shop-service] [restartedMain] org.hibernate.SQL                        : 
    drop table if exists point_refund cascade 
2024-10-31T15:17:13.473+09:00 DEBUG 14008 --- [shop-service] [restartedMain] org.hibernate.SQL                        : 
    drop table if exists point_review cascade 
2024-10-31T15:17:13.474+09:00 DEBUG 14008 --- [shop-service] [restartedMain] org.hibernate.SQL                        : 
    drop table if exists point_save_rule cascade 
2024-10-31T15:17:13.475+09:00 DEBUG 14008 --- [shop-service] [restartedMain] org.hibernate.SQL                        : 
    drop table if exists publisher cascade 
2024-10-31T15:17:13.476+09:00 DEBUG 14008 --- [shop-service] [restartedMain] org.hibernate.SQL                        : 
    drop table if exists refund cascade 
2024-10-31T15:17:13.477+09:00 DEBUG 14008 --- [shop-service] [restartedMain] org.hibernate.SQL                        : 
    drop table if exists refund_reason cascade 
2024-10-31T15:17:13.477+09:00 DEBUG 14008 --- [shop-service] [restartedMain] org.hibernate.SQL                        : 
    drop table if exists review cascade 
2024-10-31T15:17:13.478+09:00 DEBUG 14008 --- [shop-service] [restartedMain] org.hibernate.SQL                        : 
    drop table if exists shoppingcart cascade 
2024-10-31T15:17:13.478+09:00 DEBUG 14008 --- [shop-service] [restartedMain] org.hibernate.SQL                        : 
    drop table if exists tag cascade 
2024-10-31T15:17:13.489+09:00 DEBUG 14008 --- [shop-service] [restartedMain] org.hibernate.SQL                        : 
    create table address (
        address_postal_number varchar(5) not null,
        customer_id bigint not null,
        registered_address_id bigint generated by default as identity,
        address_alias varchar(15),
        address_detail varchar(35) not null,
        primary key (registered_address_id)
    )
2024-10-31T15:17:13.518+09:00 DEBUG 14008 --- [shop-service] [restartedMain] org.hibernate.SQL                        : 
    create table author (
        author_id bigint generated by default as identity,
        author_info varchar(255),
        author_name varchar(255),
        primary key (author_id)
    )
2024-10-31T15:17:13.520+09:00 DEBUG 14008 --- [shop-service] [restartedMain] org.hibernate.SQL                        : 
    create table book (
        book_discount integer not null,
        book_view_count integer not null,
        is_packed boolean not null,
        regular_price integer not null,
        sale_price integer not null,
        stock integer not null,
        book_id bigint generated by default as identity,
        publication_date timestamp(6),
        publisher_id bigint,
        book_index varchar(255),
        book_info varchar(255),
        book_name varchar(255),
        book_thumbnail_image_url varchar(255),
        isbn varchar(255),
        primary key (book_id)
    )
2024-10-31T15:17:13.523+09:00 DEBUG 14008 --- [shop-service] [restartedMain] org.hibernate.SQL                        : 
    create table book_author (
        author_id bigint not null,
        book_author_id bigint generated by default as identity,
        book_id bigint not null,
        primary key (book_author_id)
    )
2024-10-31T15:17:13.525+09:00 DEBUG 14008 --- [shop-service] [restartedMain] org.hibernate.SQL                        : 
    create table book_category (
        book_id bigint not null,
        category_id bigint not null,
        primary key (book_id, category_id)
    )
2024-10-31T15:17:13.529+09:00 DEBUG 14008 --- [shop-service] [restartedMain] org.hibernate.SQL                        : 
    create table book_coupon (
        book_id bigint not null,
        coupon_id bigint not null,
        primary key (coupon_id)
    )
2024-10-31T15:17:13.531+09:00 DEBUG 14008 --- [shop-service] [restartedMain] org.hibernate.SQL                        : 
    create table book_like (
        book_id bigint not null,
        customer_id bigint not null,
        primary key (book_id, customer_id)
    )
2024-10-31T15:17:13.533+09:00 DEBUG 14008 --- [shop-service] [restartedMain] org.hibernate.SQL                        : 
    create table book_tag (
        book_id bigint not null,
        tag_id bigint not null,
        primary key (book_id, tag_id)
    )
2024-10-31T15:17:13.534+09:00 DEBUG 14008 --- [shop-service] [restartedMain] org.hibernate.SQL                        : 
    create table category (
        category_is_used boolean default false not null,
        category_id bigint generated by default as identity,
        super_category_id bigint,
        category_name varchar(20) not null,
        primary key (category_id)
    )
2024-10-31T15:17:13.538+09:00 DEBUG 14008 --- [shop-service] [restartedMain] org.hibernate.SQL                        : 
    create table category_coupon (
        category_id bigint unique,
        coupon_id bigint not null,
        primary key (coupon_id)
    )
2024-10-31T15:17:13.542+09:00 DEBUG 14008 --- [shop-service] [restartedMain] org.hibernate.SQL                        : 
    create table coupon (
        coupon_effective_period integer not null,
        coupon_effective_period_unit tinyint check (coupon_effective_period_unit between 0 and 2),
        coupon_create_at timestamp(6) not null,
        coupon_expired_at timestamp(6),
        coupon_id bigint generated by default as identity,
        coupon_rule_id bigint not null,
        coupon_name varchar(30) not null,
        coupon_description TEXT not null,
        primary key (coupon_id)
    )
2024-10-31T15:17:13.551+09:00 DEBUG 14008 --- [shop-service] [restartedMain] org.hibernate.SQL                        : 
    create table coupon_rule (
        coupon_discount_price integer not null,
        coupon_is_used boolean not null,
        coupon_min_order_price integer not null,
        coupon_type tinyint not null check (coupon_type between 0 and 1),
        max_discount_price integer not null,
        coupon_rule_created_at timestamp(6) not null,
        coupon_rule_id bigint generated by default as identity,
        coupon_rule_name varchar(20) not null,
        primary key (coupon_rule_id)
    )
2024-10-31T15:17:13.557+09:00 DEBUG 14008 --- [shop-service] [restartedMain] org.hibernate.SQL                        : 
    create table customer (
        customer_id bigint generated by default as identity,
        customer_email varchar(255),
        customer_name varchar(255),
        customer_phone_number varchar(255),
        primary key (customer_id)
    )
2024-10-31T15:17:13.559+09:00 DEBUG 14008 --- [shop-service] [restartedMain] org.hibernate.SQL                        : 
    create table delivery (
        delivery_id bigint generated by default as identity,
        orders_id bigint unique,
        primary key (delivery_id)
    )
2024-10-31T15:17:13.562+09:00 DEBUG 14008 --- [shop-service] [restartedMain] org.hibernate.SQL                        : 
    create table delivery_rule (
        delivery_discount_cost integer,
        delivery_fee integer,
        delivery_rule_is_selected boolean,
        delivery_rule_created_at timestamp(6),
        delivery_rule_id bigint generated by default as identity,
        delivery_rule_name varchar(255),
        primary key (delivery_rule_id)
    )
2024-10-31T15:17:13.564+09:00 DEBUG 14008 --- [shop-service] [restartedMain] org.hibernate.SQL                        : 
    create table discount (
        book_discount_log integer not null,
        book_discount_date timestamp(6) not null,
        book_id bigint not null,
        discount_id bigint generated by default as identity,
        primary key (discount_id)
    )
2024-10-31T15:17:13.568+09:00 DEBUG 14008 --- [shop-service] [restartedMain] org.hibernate.SQL                        : 
    create table member (
        member_point integer not null,
        customer_id bigint not null,
        member_created_at timestamp(6),
        member_grade_id bigint,
        member_last_login_at timestamp(6),
        member_birthdate varchar(255),
        member_login_id varchar(255),
        member_login_password varchar(255),
        member_status enum ('ACTIVE','SLEEP','WITHDRAW'),
        primary key (customer_id)
    )
2024-10-31T15:17:13.571+09:00 DEBUG 14008 --- [shop-service] [restartedMain] org.hibernate.SQL                        : 
    create table member_grade (
        member_grade_is_used boolean not null,
        member_grade_point_save float(24) not null,
        member_grade_create_at timestamp(6),
        member_grade_id bigint generated by default as identity,
        member_grade_name varchar(20),
        primary key (member_grade_id)
    )
2024-10-31T15:17:13.573+09:00 DEBUG 14008 --- [shop-service] [restartedMain] org.hibernate.SQL                        : 
    create table member_coupon (
        coupon_id bigint not null,
        customer_id bigint not null,
        member_coupon_created_at timestamp(6) not null,
        member_coupon_expired_at timestamp(6) not null,
        member_coupon_id bigint generated by default as identity,
        member_coupon_used_at timestamp(6),
        primary key (member_coupon_id)
    )
2024-10-31T15:17:13.575+09:00 DEBUG 14008 --- [shop-service] [restartedMain] org.hibernate.SQL                        : 
    create table order_detail (
        bookprice_at_order integer not null,
        quantity integer not null,
        book_id bigint not null,
        member_coupon_id bigint unique,
        orders_id bigint not null,
        primary key (book_id, orders_id)
    )
2024-10-31T15:17:13.579+09:00 DEBUG 14008 --- [shop-service] [restartedMain] org.hibernate.SQL                        : 
    create table order_status (
        order_status_id bigint generated by default as identity,
        order_status_name enum ('CANCELED','COMPLETED','IN_SHOPPING','PEENDING','RETURNED') not null,
        primary key (order_status_id)
    )
2024-10-31T15:17:13.581+09:00 DEBUG 14008 --- [shop-service] [restartedMain] org.hibernate.SQL                        : 
    create table order_to_status_mapping (
        order_status_created_at timestamp(6) not null,
        order_status_id bigint not null,
        orders_id bigint not null,
        primary key (order_status_id, orders_id)
    )
2024-10-31T15:17:13.584+09:00 DEBUG 14008 --- [shop-service] [restartedMain] org.hibernate.SQL                        : 
    create table order_detail_packaging (
        packaging_quantity integer not null,
        book_id bigint not null,
        order_detail_packaging_id bigint generated by default as identity,
        orders_id bigint not null,
        packaging_id bigint not null,
        primary key (order_detail_packaging_id)
    )
2024-10-31T15:17:13.587+09:00 DEBUG 14008 --- [shop-service] [restartedMain] org.hibernate.SQL                        : 
    create table orders (
        order_total_price integer not null,
        customer_id bigint not null,
        member_coupon_id bigint unique,
        ordered_date timestamp(6) not null,
        orders_id bigint generated by default as identity,
        order_number varchar(255) not null,
        primary key (orders_id)
    )
2024-10-31T15:17:13.592+09:00 DEBUG 14008 --- [shop-service] [restartedMain] org.hibernate.SQL                        : 
    create table packaging (
        packaging_price integer not null,
        packaging_id bigint generated by default as identity,
        packaging_image_url TEXT,
        packaging_name varchar(255) not null,
        primary key (packaging_id)
    )
2024-10-31T15:17:13.596+09:00 DEBUG 14008 --- [shop-service] [restartedMain] org.hibernate.SQL                        : 
    create table payment (
        payment_amount integer not null,
        orders_id bigint not null unique,
        payment_created_at timestamp(6) not null,
        payment_id bigint generated by default as identity,
        payment_type_id bigint not null,
        payment_key varchar(255),
        payment_status enum ('CANCEL','COMPLETE') not null,
        primary key (payment_id)
    )
2024-10-31T15:17:13.598+09:00 DEBUG 14008 --- [shop-service] [restartedMain] org.hibernate.SQL                        : 
    create table payment_type (
        payment_type_is_used boolean not null,
        payment_type_created_at timestamp(6) not null,
        payment_type_id bigint generated by default as identity,
        payment_type_name varchar(255) not null,
        primary key (payment_type_id)
    )
2024-10-31T15:17:13.600+09:00 DEBUG 14008 --- [shop-service] [restartedMain] org.hibernate.SQL                        : 
    create table point_history (
        point_amount integer not null,
        customer_id bigint not null,
        point_change_date timestamp(6) not null,
        point_history_id bigint generated by default as identity,
        point_save_rule_id bigint,
        point_change_reason varchar(50) not null,
        primary key (point_history_id)
    )
2024-10-31T15:17:13.603+09:00 DEBUG 14008 --- [shop-service] [restartedMain] org.hibernate.SQL                        : 
    create table point_order (
        orders_id bigint unique,
        point_history_id bigint not null,
        primary key (point_history_id)
    )
2024-10-31T15:17:13.605+09:00 DEBUG 14008 --- [shop-service] [restartedMain] org.hibernate.SQL                        : 
    create table point_refund (
        point_history_id bigint not null,
        refund_id bigint not null unique,
        primary key (point_history_id)
    )
2024-10-31T15:17:13.607+09:00 DEBUG 14008 --- [shop-service] [restartedMain] org.hibernate.SQL                        : 
    create table point_review (
        book_id bigint not null,
        orders_id bigint not null,
        point_history_id bigint not null,
        primary key (point_history_id),
        unique (orders_id, book_id)
    )
2024-10-31T15:17:13.609+09:00 DEBUG 14008 --- [shop-service] [restartedMain] org.hibernate.SQL                        : 
    create table point_save_rule (
        point_save_amount integer not null,
        point_save_rule_is_selected boolean not null,
        point_save_rule_generate_date timestamp(6) not null,
        point_save_rule_id bigint generated by default as identity,
        point_save_rule_name varchar(30) not null,
        point_save_type enum ('INTEGER','PERCENT'),
        primary key (point_save_rule_id)
    )
2024-10-31T15:17:13.612+09:00 DEBUG 14008 --- [shop-service] [restartedMain] org.hibernate.SQL                        : 
    create table publisher (
        publisher_is_used boolean not null,
        publisher_id bigint generated by default as identity,
        publisher_name varchar(255),
        primary key (publisher_id)
    )
2024-10-31T15:17:13.613+09:00 DEBUG 14008 --- [shop-service] [restartedMain] org.hibernate.SQL                        : 
    create table refund (
        refund_price integer not null,
        refund_quantity integer not null,
        book_id bigint not null,
        orders_id bigint not null,
        refund_id bigint generated by default as identity,
        refund_reason_id bigint not null,
        primary key (refund_id)
    )
2024-10-31T15:17:13.615+09:00 DEBUG 14008 --- [shop-service] [restartedMain] org.hibernate.SQL                        : 
    create table refund_reason (
        refund_delivery_fee integer not null,
        refund_reason_is_used boolean not null,
        refund_reason_created_at timestamp(6) not null,
        refund_reason_id bigint generated by default as identity,
        refund_reason_name varchar(20) not null,
        primary key (refund_reason_id)
    )
2024-10-31T15:17:13.621+09:00 DEBUG 14008 --- [shop-service] [restartedMain] org.hibernate.SQL                        : 
    create table review (
        review_rate integer not null,
        book_id bigint not null,
        customer_id bigint not null,
        orders_id bigint not null,
        review_created_at timestamp(6) not null,
        review_title varchar(50) not null,
        review_content varchar(1000) not null,
        review_image_url varchar(255),
        primary key (book_id, orders_id)
    )
2024-10-31T15:17:13.622+09:00 DEBUG 14008 --- [shop-service] [restartedMain] org.hibernate.SQL                        : 
    create table shoppingcart (
        book_quantity integer not null,
        book_id bigint not null,
        customer_id bigint not null,
        primary key (book_id, customer_id)
    )
2024-10-31T15:17:13.624+09:00 DEBUG 14008 --- [shop-service] [restartedMain] org.hibernate.SQL                        : 
    create table tag (
        tag_id bigint generated by default as identity,
        tag_name varchar(255) not null,
        primary key (tag_id)
    )
2024-10-31T15:17:13.626+09:00 DEBUG 14008 --- [shop-service] [restartedMain] org.hibernate.SQL                        : 
    alter table if exists address 
       add constraint FK7xs7qyj43701qnl4ole9c3o0f 
       foreign key (customer_id) 
       references member
2024-10-31T15:17:13.652+09:00 DEBUG 14008 --- [shop-service] [restartedMain] org.hibernate.SQL                        : 
    alter table if exists book 
       add constraint FKgtvt7p649s4x80y6f4842pnfq 
       foreign key (publisher_id) 
       references publisher
2024-10-31T15:17:13.657+09:00 DEBUG 14008 --- [shop-service] [restartedMain] org.hibernate.SQL                        : 
    alter table if exists book_author 
       add constraint FKbjqhp85wjv8vpr0beygh6jsgo 
       foreign key (author_id) 
       references author
2024-10-31T15:17:13.662+09:00 DEBUG 14008 --- [shop-service] [restartedMain] org.hibernate.SQL                        : 
    alter table if exists book_author 
       add constraint FKhwgu59n9o80xv75plf9ggj7xn 
       foreign key (book_id) 
       references book
2024-10-31T15:17:13.665+09:00 DEBUG 14008 --- [shop-service] [restartedMain] org.hibernate.SQL                        : 
    alter table if exists book_category 
       add constraint FKnyegcbpvce2mnmg26h0i856fd 
       foreign key (book_id) 
       references book
2024-10-31T15:17:13.670+09:00 DEBUG 14008 --- [shop-service] [restartedMain] org.hibernate.SQL                        : 
    alter table if exists book_category 
       add constraint FKam8llderp40mvbbwceqpu6l2s 
       foreign key (category_id) 
       references category
2024-10-31T15:17:13.672+09:00 DEBUG 14008 --- [shop-service] [restartedMain] org.hibernate.SQL                        : 
    alter table if exists book_coupon 
       add constraint FKbpknebiiyorxj9yn0g8acq18r 
       foreign key (coupon_id) 
       references coupon
2024-10-31T15:17:13.674+09:00 DEBUG 14008 --- [shop-service] [restartedMain] org.hibernate.SQL                        : 
    alter table if exists book_coupon 
       add constraint FK4fwgebkjr3tr9v1xal66d6ofd 
       foreign key (book_id) 
       references book
2024-10-31T15:17:13.677+09:00 DEBUG 14008 --- [shop-service] [restartedMain] org.hibernate.SQL                        : 
    alter table if exists book_like 
       add constraint FK7i3otcp1nj1ou9gdr7nv1lv0e 
       foreign key (book_id) 
       references book
2024-10-31T15:17:13.680+09:00 DEBUG 14008 --- [shop-service] [restartedMain] org.hibernate.SQL                        : 
    alter table if exists book_like 
       add constraint FKnit9hdtynyxt0j18inb6y7ms5 
       foreign key (customer_id) 
       references customer
2024-10-31T15:17:13.683+09:00 DEBUG 14008 --- [shop-service] [restartedMain] org.hibernate.SQL                        : 
    alter table if exists book_tag 
       add constraint FKdrc33u5ufw8rdvajeveowgx7g 
       foreign key (book_id) 
       references book
2024-10-31T15:17:13.685+09:00 DEBUG 14008 --- [shop-service] [restartedMain] org.hibernate.SQL                        : 
    alter table if exists book_tag 
       add constraint FKrxw4xl05l6ns1763bq284e7m2 
       foreign key (tag_id) 
       references tag
2024-10-31T15:17:13.688+09:00 DEBUG 14008 --- [shop-service] [restartedMain] org.hibernate.SQL                        : 
    alter table if exists category 
       add constraint FKcm9ik9lyqi0dkfvooa7ytwl7e 
       foreign key (super_category_id) 
       references category
2024-10-31T15:17:13.691+09:00 DEBUG 14008 --- [shop-service] [restartedMain] org.hibernate.SQL                        : 
    alter table if exists category_coupon 
       add constraint FKtgksvfp7fm5x39abnqu0ouh76 
       foreign key (coupon_id) 
       references coupon
2024-10-31T15:17:13.694+09:00 DEBUG 14008 --- [shop-service] [restartedMain] org.hibernate.SQL                        : 
    alter table if exists category_coupon 
       add constraint FKs1d1h87643ql7dwae04s9qsx6 
       foreign key (category_id) 
       references category
2024-10-31T15:17:13.697+09:00 DEBUG 14008 --- [shop-service] [restartedMain] org.hibernate.SQL                        : 
    alter table if exists coupon 
       add constraint FKnwih1pvsbpkv7islo65omiykl 
       foreign key (coupon_rule_id) 
       references coupon_rule
2024-10-31T15:17:13.700+09:00 DEBUG 14008 --- [shop-service] [restartedMain] org.hibernate.SQL                        : 
    alter table if exists delivery 
       add constraint FKfci970pwpbd5v3idj3agntg80 
       foreign key (orders_id) 
       references orders
2024-10-31T15:17:13.702+09:00 DEBUG 14008 --- [shop-service] [restartedMain] org.hibernate.SQL                        : 
    alter table if exists discount 
       add constraint FKnblkf0ag4qphuj0jsjf6s0ef0 
       foreign key (book_id) 
       references book
2024-10-31T15:17:13.705+09:00 DEBUG 14008 --- [shop-service] [restartedMain] org.hibernate.SQL                        : 
    alter table if exists member 
       add constraint FKf8d3mewhnt0infepk70wm9qju 
       foreign key (member_grade_id) 
       references member_grade
2024-10-31T15:17:13.708+09:00 DEBUG 14008 --- [shop-service] [restartedMain] org.hibernate.SQL                        : 
    alter table if exists member 
       add constraint FKbaqvakoxfn8079onqo5kaxcp9 
       foreign key (customer_id) 
       references customer
2024-10-31T15:17:13.710+09:00 DEBUG 14008 --- [shop-service] [restartedMain] org.hibernate.SQL                        : 
    alter table if exists member_coupon 
       add constraint FKkxw7ja7v55gk4a368w3gs6s0j 
       foreign key (coupon_id) 
       references coupon
2024-10-31T15:17:13.714+09:00 DEBUG 14008 --- [shop-service] [restartedMain] org.hibernate.SQL                        : 
    alter table if exists member_coupon 
       add constraint FKmsat2cu7mlxkoh6m83fjat3b6 
       foreign key (customer_id) 
       references member
2024-10-31T15:17:13.717+09:00 DEBUG 14008 --- [shop-service] [restartedMain] org.hibernate.SQL                        : 
    alter table if exists order_detail 
       add constraint FK3aceepmpjwpo8pdn7gmjdfckq 
       foreign key (book_id) 
       references book
2024-10-31T15:17:13.719+09:00 DEBUG 14008 --- [shop-service] [restartedMain] org.hibernate.SQL                        : 
    alter table if exists order_detail 
       add constraint FKcu27acxsqxkr50xlnl0x63p2p 
       foreign key (member_coupon_id) 
       references member_coupon
2024-10-31T15:17:13.721+09:00 DEBUG 14008 --- [shop-service] [restartedMain] org.hibernate.SQL                        : 
    alter table if exists order_detail 
       add constraint FK7xf2gmq3yok90kilflnu8aa7e 
       foreign key (orders_id) 
       references orders
2024-10-31T15:17:13.724+09:00 DEBUG 14008 --- [shop-service] [restartedMain] org.hibernate.SQL                        : 
    alter table if exists order_to_status_mapping 
       add constraint FKfdufle85w423758blhx8lhy5m 
       foreign key (orders_id) 
       references orders
2024-10-31T15:17:13.727+09:00 DEBUG 14008 --- [shop-service] [restartedMain] org.hibernate.SQL                        : 
    alter table if exists order_to_status_mapping 
       add constraint FK2b9aa8tfq4ovbmghb11etqici 
       foreign key (order_status_id) 
       references order_status
2024-10-31T15:17:13.732+09:00 DEBUG 14008 --- [shop-service] [restartedMain] org.hibernate.SQL                        : 
    alter table if exists order_detail_packaging 
       add constraint FKd903lnv1xw98t4qkaipemeflt 
       foreign key (book_id) 
       references book
2024-10-31T15:17:13.735+09:00 DEBUG 14008 --- [shop-service] [restartedMain] org.hibernate.SQL                        : 
    alter table if exists order_detail_packaging 
       add constraint FKsqqw110rr77feu9gb19etbpvo 
       foreign key (orders_id) 
       references orders
2024-10-31T15:17:13.737+09:00 DEBUG 14008 --- [shop-service] [restartedMain] org.hibernate.SQL                        : 
    alter table if exists order_detail_packaging 
       add constraint FKrfn7ssub4c084wet276ussx0a 
       foreign key (packaging_id) 
       references packaging
2024-10-31T15:17:13.740+09:00 DEBUG 14008 --- [shop-service] [restartedMain] org.hibernate.SQL                        : 
    alter table if exists orders 
       add constraint FK624gtjin3po807j3vix093tlf 
       foreign key (customer_id) 
       references customer
2024-10-31T15:17:13.742+09:00 DEBUG 14008 --- [shop-service] [restartedMain] org.hibernate.SQL                        : 
    alter table if exists orders 
       add constraint FKadhrwt6oyo2mch5cd4ho0tdok 
       foreign key (member_coupon_id) 
       references member_coupon
2024-10-31T15:17:13.744+09:00 DEBUG 14008 --- [shop-service] [restartedMain] org.hibernate.SQL                        : 
    alter table if exists payment 
       add constraint FK2tuuxhx91545ge3pvefdhr9g7 
       foreign key (orders_id) 
       references orders
2024-10-31T15:17:13.746+09:00 DEBUG 14008 --- [shop-service] [restartedMain] org.hibernate.SQL                        : 
    alter table if exists payment 
       add constraint FKkvolsaw3e4jg4ra05vu135cj9 
       foreign key (payment_type_id) 
       references payment_type
2024-10-31T15:17:13.748+09:00 DEBUG 14008 --- [shop-service] [restartedMain] org.hibernate.SQL                        : 
    alter table if exists point_history 
       add constraint FKg0nowhl17hrcwywhdpp0em0co 
       foreign key (customer_id) 
       references member
2024-10-31T15:17:13.752+09:00 DEBUG 14008 --- [shop-service] [restartedMain] org.hibernate.SQL                        : 
    alter table if exists point_history 
       add constraint FKqs7u3ofs5wk59anfrx2m5el1g 
       foreign key (point_save_rule_id) 
       references point_save_rule
2024-10-31T15:17:13.753+09:00 DEBUG 14008 --- [shop-service] [restartedMain] org.hibernate.SQL                        : 
    alter table if exists point_order 
       add constraint FKar0f3h43rxxecgyjpqr0w0sjs 
       foreign key (orders_id) 
       references orders
2024-10-31T15:17:13.756+09:00 DEBUG 14008 --- [shop-service] [restartedMain] org.hibernate.SQL                        : 
    alter table if exists point_order 
       add constraint FKn5gnje2wsfkag8h7c2goku0nl 
       foreign key (point_history_id) 
       references point_history
2024-10-31T15:17:13.759+09:00 DEBUG 14008 --- [shop-service] [restartedMain] org.hibernate.SQL                        : 
    alter table if exists point_refund 
       add constraint FK1tauhassw7mu5v423h6o3meu9 
       foreign key (point_history_id) 
       references point_history
2024-10-31T15:17:13.761+09:00 DEBUG 14008 --- [shop-service] [restartedMain] org.hibernate.SQL                        : 
    alter table if exists point_refund 
       add constraint FKlruf9gv67fc1atov7alhb43e7 
       foreign key (refund_id) 
       references refund
2024-10-31T15:17:13.764+09:00 DEBUG 14008 --- [shop-service] [restartedMain] org.hibernate.SQL                        : 
    alter table if exists point_review 
       add constraint FKqv6ys33ywh996roen4fhj1fof 
       foreign key (point_history_id) 
       references point_history
2024-10-31T15:17:13.765+09:00 DEBUG 14008 --- [shop-service] [restartedMain] org.hibernate.SQL                        : 
    alter table if exists point_review 
       add constraint FKa6wwu3crdk9qnvdlo24v19rkq 
       foreign key (orders_id, book_id) 
       references review
2024-10-31T15:17:13.768+09:00 DEBUG 14008 --- [shop-service] [restartedMain] org.hibernate.SQL                        : 
    alter table if exists refund 
       add constraint FKeixq0bmu6mcn2myoijho5d6fc 
       foreign key (book_id, orders_id) 
       references order_detail
2024-10-31T15:17:13.773+09:00 DEBUG 14008 --- [shop-service] [restartedMain] org.hibernate.SQL                        : 
    alter table if exists refund 
       add constraint FK4rjl2lig65nyk83pepe8flrqf 
       foreign key (refund_reason_id) 
       references refund_reason
2024-10-31T15:17:13.776+09:00 DEBUG 14008 --- [shop-service] [restartedMain] org.hibernate.SQL                        : 
    alter table if exists review 
       add constraint FK70yrt09r4r54tcgkrwbeqenbs 
       foreign key (book_id) 
       references book
2024-10-31T15:17:13.777+09:00 DEBUG 14008 --- [shop-service] [restartedMain] org.hibernate.SQL                        : 
    alter table if exists review 
       add constraint FKgce54o0p6uugoc2tev4awewly 
       foreign key (customer_id) 
       references customer
2024-10-31T15:17:13.779+09:00 DEBUG 14008 --- [shop-service] [restartedMain] org.hibernate.SQL                        : 
    alter table if exists review 
       add constraint FK39qu1l8wwvyet1jywdp6hnh6c 
       foreign key (orders_id) 
       references orders
2024-10-31T15:17:13.782+09:00 DEBUG 14008 --- [shop-service] [restartedMain] org.hibernate.SQL                        : 
    alter table if exists shoppingcart 
       add constraint FKcrq4hyr916j7x6xcd8hb70lq7 
       foreign key (book_id) 
       references book
2024-10-31T15:17:13.783+09:00 DEBUG 14008 --- [shop-service] [restartedMain] org.hibernate.SQL                        : 
    alter table if exists shoppingcart 
       add constraint FKhc4e6xky2k18my0lqo8btqbv 
       foreign key (customer_id) 
       references customer
2024-10-31T15:17:13.794+09:00  INFO 14008 --- [shop-service] [restartedMain] j.LocalContainerEntityManagerFactoryBean : Initialized JPA EntityManagerFactory for persistence unit 'default'
2024-10-31T15:17:15.074+09:00  WARN 14008 --- [shop-service] [restartedMain] JpaBaseConfiguration$JpaWebConfiguration : spring.jpa.open-in-view is enabled by default. Therefore, database queries may be performed during view rendering. Explicitly configure spring.jpa.open-in-view to disable this warning
2024-10-31T15:17:15.208+09:00  WARN 14008 --- [shop-service] [restartedMain] .s.s.UserDetailsServiceAutoConfiguration : 

Using generated security password: 26f6732a-5929-4756-bf13-d1f227536e6f

This generated password is for development use only. Your security configuration must be updated before running your application in production.

2024-10-31T15:17:15.229+09:00  INFO 14008 --- [shop-service] [restartedMain] r$InitializeUserDetailsManagerConfigurer : Global AuthenticationManager configured with UserDetailsService bean with name inMemoryUserDetailsManager
2024-10-31T15:17:15.618+09:00 DEBUG 14008 --- [shop-service] [restartedMain] s.w.s.m.m.a.RequestMappingHandlerMapping : 27 mappings in 'requestMappingHandlerMapping'
2024-10-31T15:17:16.056+09:00 DEBUG 14008 --- [shop-service] [restartedMain] o.s.w.s.handler.SimpleUrlHandlerMapping  : Patterns [/webjars/**, /**] in 'resourceHandlerMapping'
2024-10-31T15:17:16.433+09:00 DEBUG 14008 --- [shop-service] [restartedMain] s.w.s.m.m.a.RequestMappingHandlerAdapter : ControllerAdvice beans: 0 @ModelAttribute, 0 @InitBinder, 1 RequestBodyAdvice, 1 ResponseBodyAdvice
2024-10-31T15:17:16.575+09:00 DEBUG 14008 --- [shop-service] [restartedMain] .m.m.a.ExceptionHandlerExceptionResolver : ControllerAdvice beans: 0 @ExceptionHandler, 1 ResponseBodyAdvice
2024-10-31T15:17:16.685+09:00  WARN 14008 --- [shop-service] [restartedMain] ion$DefaultTemplateResolverConfiguration : Cannot find template location: classpath:/templates/ (please add some templates, check your Thymeleaf configuration, or set spring.thymeleaf.check-template-location=false)
2024-10-31T15:17:17.320+09:00  INFO 14008 --- [shop-service] [restartedMain] o.s.b.d.a.OptionalLiveReloadServer       : LiveReload server is running on port 35729
2024-10-31T15:17:17.464+09:00  INFO 14008 --- [shop-service] [restartedMain] DiscoveryClientOptionalArgsConfiguration : Eureka HTTP Client uses RestTemplate.
2024-10-31T15:17:17.562+09:00  WARN 14008 --- [shop-service] [restartedMain] iguration$LoadBalancerCaffeineWarnLogger : Spring Cloud LoadBalancer is currently working with the default cache. While this cache implementation is useful for development and tests, it's recommended to use Caffeine cache in production.You can switch to using Caffeine cache, by adding it and org.springframework.cache.caffeine.CaffeineCacheManager to the classpath.
2024-10-31T15:17:17.668+09:00  INFO 14008 --- [shop-service] [restartedMain] o.s.c.n.eureka.InstanceInfoFactory       : Setting initial instance status as: STARTING
2024-10-31T15:17:17.723+09:00  INFO 14008 --- [shop-service] [restartedMain] com.netflix.discovery.DiscoveryClient    : Initializing Eureka in region us-east-1
2024-10-31T15:17:17.729+09:00  INFO 14008 --- [shop-service] [restartedMain] c.n.d.s.r.aws.ConfigClusterResolver      : Resolving eureka endpoints via configuration
2024-10-31T15:17:17.756+09:00  INFO 14008 --- [shop-service] [restartedMain] com.netflix.discovery.DiscoveryClient    : Disable delta property : false
2024-10-31T15:17:17.757+09:00  INFO 14008 --- [shop-service] [restartedMain] com.netflix.discovery.DiscoveryClient    : Single vip registry refresh property : null
2024-10-31T15:17:17.757+09:00  INFO 14008 --- [shop-service] [restartedMain] com.netflix.discovery.DiscoveryClient    : Force full registry fetch : false
2024-10-31T15:17:17.757+09:00  INFO 14008 --- [shop-service] [restartedMain] com.netflix.discovery.DiscoveryClient    : Application is null : false
2024-10-31T15:17:17.757+09:00  INFO 14008 --- [shop-service] [restartedMain] com.netflix.discovery.DiscoveryClient    : Registered Applications size is zero : true
2024-10-31T15:17:17.757+09:00  INFO 14008 --- [shop-service] [restartedMain] com.netflix.discovery.DiscoveryClient    : Application version is -1: true
2024-10-31T15:17:17.757+09:00  INFO 14008 --- [shop-service] [restartedMain] com.netflix.discovery.DiscoveryClient    : Getting all instance registry info from the eureka server
2024-10-31T15:17:18.174+09:00 DEBUG 14008 --- [shop-service] [restartedMain] o.s.web.client.RestTemplate              : HTTP GET http://localhost:8761/eureka/apps/
2024-10-31T15:17:18.431+09:00 DEBUG 14008 --- [shop-service] [restartedMain] o.s.web.client.RestTemplate              : Accept=[application/json, application/*+json]
2024-10-31T15:17:18.681+09:00 DEBUG 14008 --- [shop-service] [restartedMain] o.s.web.client.RestTemplate              : Response 200 OK
2024-10-31T15:17:18.685+09:00 DEBUG 14008 --- [shop-service] [restartedMain] o.s.web.client.RestTemplate              : Reading to [org.springframework.cloud.netflix.eureka.http.EurekaApplications]
2024-10-31T15:17:18.728+09:00  INFO 14008 --- [shop-service] [restartedMain] com.netflix.discovery.DiscoveryClient    : The response status is 200
2024-10-31T15:17:18.730+09:00  INFO 14008 --- [shop-service] [restartedMain] com.netflix.discovery.DiscoveryClient    : Starting heartbeat executor: renew interval is: 30
2024-10-31T15:17:18.734+09:00  INFO 14008 --- [shop-service] [restartedMain] c.n.discovery.InstanceInfoReplicator     : InstanceInfoReplicator onDemand update allowed rate per min is 4
2024-10-31T15:17:18.739+09:00  INFO 14008 --- [shop-service] [restartedMain] com.netflix.discovery.DiscoveryClient    : Discovery Client initialized at timestamp 1730355438737 with initial instances count: 0
2024-10-31T15:17:18.747+09:00  INFO 14008 --- [shop-service] [restartedMain] o.s.c.n.e.s.EurekaServiceRegistry        : Registering application SHOP-SERVICE with eureka with status UP
2024-10-31T15:17:18.749+09:00  INFO 14008 --- [shop-service] [restartedMain] com.netflix.discovery.DiscoveryClient    : Saw local status change event StatusChangeEvent [timestamp=1730355438748, current=UP, previous=STARTING]
2024-10-31T15:17:18.755+09:00  INFO 14008 --- [shop-service] [DiscoveryClient-InstanceInfoReplicator-%d] com.netflix.discovery.DiscoveryClient    : DiscoveryClient_SHOP-SERVICE/shop8083: registering service...
2024-10-31T15:17:18.762+09:00 DEBUG 14008 --- [shop-service] [DiscoveryClient-InstanceInfoReplicator-%d] o.s.web.client.RestTemplate              : HTTP POST http://localhost:8761/eureka/apps/SHOP-SERVICE
2024-10-31T15:17:18.765+09:00 DEBUG 14008 --- [shop-service] [DiscoveryClient-InstanceInfoReplicator-%d] o.s.web.client.RestTemplate              : Accept=[application/json, application/*+json]
2024-10-31T15:17:18.795+09:00 DEBUG 14008 --- [shop-service] [DiscoveryClient-InstanceInfoReplicator-%d] o.s.web.client.RestTemplate              : Writing [InstanceInfo [instanceId = shop8083, appName = SHOP-SERVICE, hostName = 192.168.0.27, status = UP, ipAddr = 192.168.0.27, port = 8083, securePort = 443, dataCenterInfo = com.netflix.appinfo.MyDataCenterInfo@48fa0826] as "application/json"
2024-10-31T15:17:18.802+09:00  INFO 14008 --- [shop-service] [restartedMain] o.s.b.w.embedded.tomcat.TomcatWebServer  : Tomcat started on port 8083 (http) with context path '/'
2024-10-31T15:17:18.804+09:00  INFO 14008 --- [shop-service] [restartedMain] .s.c.n.e.s.EurekaAutoServiceRegistration : Updating port to 8083
2024-10-31T15:17:18.824+09:00  INFO 14008 --- [shop-service] [restartedMain] c.n.s.SsacthreeShopApiApplication        : Started SsacthreeShopApiApplication in 22.614 seconds (process running for 24.843)
2024-10-31T15:17:18.962+09:00 DEBUG 14008 --- [shop-service] [DiscoveryClient-InstanceInfoReplicator-%d] o.s.web.client.RestTemplate              : Response 204 NO_CONTENT
2024-10-31T15:17:18.962+09:00  INFO 14008 --- [shop-service] [DiscoveryClient-InstanceInfoReplicator-%d] com.netflix.discovery.DiscoveryClient    : DiscoveryClient_SHOP-SERVICE/shop8083 - registration status: 204
2024-10-31T15:17:48.743+09:00  INFO 14008 --- [shop-service] [DiscoveryClient-CacheRefreshExecutor-%d] com.netflix.discovery.DiscoveryClient    : Disable delta property : false
2024-10-31T15:17:48.744+09:00  INFO 14008 --- [shop-service] [DiscoveryClient-CacheRefreshExecutor-%d] com.netflix.discovery.DiscoveryClient    : Single vip registry refresh property : null
2024-10-31T15:17:48.744+09:00  INFO 14008 --- [shop-service] [DiscoveryClient-CacheRefreshExecutor-%d] com.netflix.discovery.DiscoveryClient    : Force full registry fetch : false
2024-10-31T15:17:48.744+09:00  INFO 14008 --- [shop-service] [DiscoveryClient-CacheRefreshExecutor-%d] com.netflix.discovery.DiscoveryClient    : Application is null : false
2024-10-31T15:17:48.744+09:00  INFO 14008 --- [shop-service] [DiscoveryClient-CacheRefreshExecutor-%d] com.netflix.discovery.DiscoveryClient    : Registered Applications size is zero : true
2024-10-31T15:17:48.744+09:00  INFO 14008 --- [shop-service] [DiscoveryClient-CacheRefreshExecutor-%d] com.netflix.discovery.DiscoveryClient    : Application version is -1: false
2024-10-31T15:17:48.744+09:00  INFO 14008 --- [shop-service] [DiscoveryClient-CacheRefreshExecutor-%d] com.netflix.discovery.DiscoveryClient    : Getting all instance registry info from the eureka server
2024-10-31T15:17:48.744+09:00 DEBUG 14008 --- [shop-service] [DiscoveryClient-CacheRefreshExecutor-%d] o.s.web.client.RestTemplate              : HTTP GET http://localhost:8761/eureka/apps/
2024-10-31T15:17:48.745+09:00 DEBUG 14008 --- [shop-service] [DiscoveryClient-CacheRefreshExecutor-%d] o.s.web.client.RestTemplate              : Accept=[application/json, application/*+json]
2024-10-31T15:17:48.746+09:00 DEBUG 14008 --- [shop-service] [DiscoveryClient-HeartbeatExecutor-%d] o.s.web.client.RestTemplate              : HTTP PUT http://localhost:8761/eureka/apps/SHOP-SERVICE/shop8083?status=UP&lastDirtyTimestamp=1730355438748
2024-10-31T15:17:48.754+09:00 DEBUG 14008 --- [shop-service] [DiscoveryClient-HeartbeatExecutor-%d] o.s.web.client.RestTemplate              : Accept=[application/json, application/*+json]
2024-10-31T15:17:48.882+09:00 DEBUG 14008 --- [shop-service] [DiscoveryClient-CacheRefreshExecutor-%d] o.s.web.client.RestTemplate              : Response 200 OK
2024-10-31T15:17:48.883+09:00 DEBUG 14008 --- [shop-service] [DiscoveryClient-CacheRefreshExecutor-%d] o.s.web.client.RestTemplate              : Reading to [org.springframework.cloud.netflix.eureka.http.EurekaApplications]
2024-10-31T15:17:48.897+09:00 DEBUG 14008 --- [shop-service] [DiscoveryClient-HeartbeatExecutor-%d] o.s.web.client.RestTemplate              : Response 200 OK
2024-10-31T15:17:48.906+09:00  INFO 14008 --- [shop-service] [DiscoveryClient-CacheRefreshExecutor-%d] com.netflix.discovery.DiscoveryClient    : The response status is 200
2024-10-31T15:18:10.681+09:00  INFO 14008 --- [shop-service] [http-nio-8083-exec-1] o.a.c.c.C.[Tomcat].[localhost].[/]       : Initializing Spring DispatcherServlet 'dispatcherServlet'
2024-10-31T15:18:10.682+09:00  INFO 14008 --- [shop-service] [http-nio-8083-exec-1] o.s.web.servlet.DispatcherServlet        : Initializing Servlet 'dispatcherServlet'
2024-10-31T15:18:10.682+09:00 DEBUG 14008 --- [shop-service] [http-nio-8083-exec-1] o.s.web.servlet.DispatcherServlet        : Detected StandardServletMultipartResolver
2024-10-31T15:18:10.683+09:00 DEBUG 14008 --- [shop-service] [http-nio-8083-exec-1] o.s.web.servlet.DispatcherServlet        : Detected AcceptHeaderLocaleResolver
2024-10-31T15:18:10.683+09:00 DEBUG 14008 --- [shop-service] [http-nio-8083-exec-1] o.s.web.servlet.DispatcherServlet        : Detected FixedThemeResolver
2024-10-31T15:18:10.689+09:00 DEBUG 14008 --- [shop-service] [http-nio-8083-exec-1] o.s.web.servlet.DispatcherServlet        : Detected org.springframework.web.servlet.view.DefaultRequestToViewNameTranslator@469252e5
2024-10-31T15:18:10.691+09:00 DEBUG 14008 --- [shop-service] [http-nio-8083-exec-1] o.s.web.servlet.DispatcherServlet        : Detected org.springframework.web.servlet.support.SessionFlashMapManager@36a34bdc
2024-10-31T15:18:10.692+09:00 DEBUG 14008 --- [shop-service] [http-nio-8083-exec-1] o.s.web.servlet.DispatcherServlet        : enableLoggingRequestDetails='false': request parameters and headers will be masked to prevent unsafe logging of potentially sensitive data
2024-10-31T15:18:10.692+09:00  INFO 14008 --- [shop-service] [http-nio-8083-exec-1] o.s.web.servlet.DispatcherServlet        : Completed initialization in 10 ms
2024-10-31T15:18:10.791+09:00 DEBUG 14008 --- [shop-service] [http-nio-8083-exec-1] o.s.web.servlet.DispatcherServlet        : GET "/api/shop/category", parameters={}
2024-10-31T15:18:10.796+09:00 DEBUG 14008 --- [shop-service] [http-nio-8083-exec-1] s.w.s.m.m.a.RequestMappingHandlerMapping : Mapped to com.nhnacademy.ssacthree_shop_api.bookset.category.controller.CategoryController#getAllCategories()
2024-10-31T15:18:11.063+09:00 DEBUG 14008 --- [shop-service] [http-nio-8083-exec-2] o.s.web.servlet.DispatcherServlet        : GET "/api/shop/category", parameters={}
2024-10-31T15:18:11.063+09:00 DEBUG 14008 --- [shop-service] [http-nio-8083-exec-2] s.w.s.m.m.a.RequestMappingHandlerMapping : Mapped to com.nhnacademy.ssacthree_shop_api.bookset.category.controller.CategoryController#getAllCategories()
2024-10-31T15:18:11.344+09:00 DEBUG 14008 --- [shop-service] [http-nio-8083-exec-2] org.hibernate.SQL                        : 
    select
        c1_0.category_id,
        c1_0.category_is_used,
        c1_0.category_name,
        c1_0.super_category_id 
    from
        category c1_0 
    where
        c1_0.super_category_id is null
2024-10-31T15:18:11.344+09:00 DEBUG 14008 --- [shop-service] [http-nio-8083-exec-1] org.hibernate.SQL                        : 
    select
        c1_0.category_id,
        c1_0.category_is_used,
        c1_0.category_name,
        c1_0.super_category_id 
    from
        category c1_0 
    where
        c1_0.super_category_id is null
2024-10-31T15:18:11.467+09:00 DEBUG 14008 --- [shop-service] [http-nio-8083-exec-2] o.s.w.s.m.m.a.HttpEntityMethodProcessor  : Using 'application/json', given [*/*] and supported [application/json, application/*+json]
2024-10-31T15:18:11.467+09:00 DEBUG 14008 --- [shop-service] [http-nio-8083-exec-1] o.s.w.s.m.m.a.HttpEntityMethodProcessor  : Using 'application/json', given [*/*] and supported [application/json, application/*+json]
2024-10-31T15:18:11.468+09:00 DEBUG 14008 --- [shop-service] [http-nio-8083-exec-1] o.s.w.s.m.m.a.HttpEntityMethodProcessor  : Writing [[]]
2024-10-31T15:18:11.468+09:00 DEBUG 14008 --- [shop-service] [http-nio-8083-exec-2] o.s.w.s.m.m.a.HttpEntityMethodProcessor  : Writing [[]]
2024-10-31T15:18:11.508+09:00 DEBUG 14008 --- [shop-service] [http-nio-8083-exec-1] o.s.web.servlet.DispatcherServlet        : Completed 200 OK
2024-10-31T15:18:11.508+09:00 DEBUG 14008 --- [shop-service] [http-nio-8083-exec-2] o.s.web.servlet.DispatcherServlet        : Completed 200 OK
2024-10-31T15:18:18.904+09:00 DEBUG 14008 --- [shop-service] [DiscoveryClient-HeartbeatExecutor-%d] o.s.web.client.RestTemplate              : HTTP PUT http://localhost:8761/eureka/apps/SHOP-SERVICE/shop8083?status=UP&lastDirtyTimestamp=1730355438748
2024-10-31T15:18:18.904+09:00 DEBUG 14008 --- [shop-service] [DiscoveryClient-HeartbeatExecutor-%d] o.s.web.client.RestTemplate              : Accept=[application/json, application/*+json]
2024-10-31T15:18:18.921+09:00 DEBUG 14008 --- [shop-service] [DiscoveryClient-CacheRefreshExecutor-%d] o.s.web.client.RestTemplate              : HTTP GET http://localhost:8761/eureka/apps/delta
2024-10-31T15:18:18.921+09:00 DEBUG 14008 --- [shop-service] [DiscoveryClient-CacheRefreshExecutor-%d] o.s.web.client.RestTemplate              : Accept=[application/json, application/*+json]
2024-10-31T15:18:19.447+09:00 DEBUG 14008 --- [shop-service] [DiscoveryClient-CacheRefreshExecutor-%d] o.s.web.client.RestTemplate              : Response 200 OK
2024-10-31T15:18:19.447+09:00 DEBUG 14008 --- [shop-service] [DiscoveryClient-HeartbeatExecutor-%d] o.s.web.client.RestTemplate              : Response 200 OK
2024-10-31T15:18:19.448+09:00 DEBUG 14008 --- [shop-service] [DiscoveryClient-CacheRefreshExecutor-%d] o.s.web.client.RestTemplate              : Reading to [org.springframework.cloud.netflix.eureka.http.EurekaApplications]
2024-10-31T15:18:49.463+09:00 DEBUG 14008 --- [shop-service] [DiscoveryClient-HeartbeatExecutor-%d] o.s.web.client.RestTemplate              : HTTP PUT http://localhost:8761/eureka/apps/SHOP-SERVICE/shop8083?status=UP&lastDirtyTimestamp=1730355438748
2024-10-31T15:18:49.463+09:00 DEBUG 14008 --- [shop-service] [DiscoveryClient-CacheRefreshExecutor-%d] o.s.web.client.RestTemplate              : HTTP GET http://localhost:8761/eureka/apps/delta
2024-10-31T15:18:49.464+09:00 DEBUG 14008 --- [shop-service] [DiscoveryClient-CacheRefreshExecutor-%d] o.s.web.client.RestTemplate              : Accept=[application/json, application/*+json]
2024-10-31T15:18:49.464+09:00 DEBUG 14008 --- [shop-service] [DiscoveryClient-HeartbeatExecutor-%d] o.s.web.client.RestTemplate              : Accept=[application/json, application/*+json]
2024-10-31T15:18:49.666+09:00 DEBUG 14008 --- [shop-service] [DiscoveryClient-HeartbeatExecutor-%d] o.s.web.client.RestTemplate              : Response 200 OK
2024-10-31T15:18:49.679+09:00 DEBUG 14008 --- [shop-service] [DiscoveryClient-CacheRefreshExecutor-%d] o.s.web.client.RestTemplate              : Response 200 OK
2024-10-31T15:18:49.679+09:00 DEBUG 14008 --- [shop-service] [DiscoveryClient-CacheRefreshExecutor-%d] o.s.web.client.RestTemplate              : Reading to [org.springframework.cloud.netflix.eureka.http.EurekaApplications]
2024-10-31T15:19:19.670+09:00 DEBUG 14008 --- [shop-service] [DiscoveryClient-HeartbeatExecutor-%d] o.s.web.client.RestTemplate              : HTTP PUT http://localhost:8761/eureka/apps/SHOP-SERVICE/shop8083?status=UP&lastDirtyTimestamp=1730355438748
2024-10-31T15:19:19.671+09:00 DEBUG 14008 --- [shop-service] [DiscoveryClient-HeartbeatExecutor-%d] o.s.web.client.RestTemplate              : Accept=[application/json, application/*+json]
2024-10-31T15:19:19.684+09:00 DEBUG 14008 --- [shop-service] [DiscoveryClient-CacheRefreshExecutor-%d] o.s.web.client.RestTemplate              : HTTP GET http://localhost:8761/eureka/apps/delta
2024-10-31T15:19:19.685+09:00 DEBUG 14008 --- [shop-service] [DiscoveryClient-CacheRefreshExecutor-%d] o.s.web.client.RestTemplate              : Accept=[application/json, application/*+json]
2024-10-31T15:19:19.835+09:00 DEBUG 14008 --- [shop-service] [DiscoveryClient-CacheRefreshExecutor-%d] o.s.web.client.RestTemplate              : Response 200 OK
2024-10-31T15:19:19.837+09:00 DEBUG 14008 --- [shop-service] [DiscoveryClient-CacheRefreshExecutor-%d] o.s.web.client.RestTemplate              : Reading to [org.springframework.cloud.netflix.eureka.http.EurekaApplications]
2024-10-31T15:19:19.839+09:00 DEBUG 14008 --- [shop-service] [DiscoveryClient-HeartbeatExecutor-%d] o.s.web.client.RestTemplate              : Response 200 OK
2024-10-31T15:19:49.850+09:00 DEBUG 14008 --- [shop-service] [DiscoveryClient-HeartbeatExecutor-%d] o.s.web.client.RestTemplate              : HTTP PUT http://localhost:8761/eureka/apps/SHOP-SERVICE/shop8083?status=UP&lastDirtyTimestamp=1730355438748
2024-10-31T15:19:49.851+09:00 DEBUG 14008 --- [shop-service] [DiscoveryClient-CacheRefreshExecutor-%d] o.s.web.client.RestTemplate              : HTTP GET http://localhost:8761/eureka/apps/delta
2024-10-31T15:19:49.851+09:00 DEBUG 14008 --- [shop-service] [DiscoveryClient-HeartbeatExecutor-%d] o.s.web.client.RestTemplate              : Accept=[application/json, application/*+json]
2024-10-31T15:19:49.851+09:00 DEBUG 14008 --- [shop-service] [DiscoveryClient-CacheRefreshExecutor-%d] o.s.web.client.RestTemplate              : Accept=[application/json, application/*+json]
2024-10-31T15:19:50.248+09:00 DEBUG 14008 --- [shop-service] [DiscoveryClient-CacheRefreshExecutor-%d] o.s.web.client.RestTemplate              : Response 200 OK
2024-10-31T15:19:50.249+09:00 DEBUG 14008 --- [shop-service] [DiscoveryClient-CacheRefreshExecutor-%d] o.s.web.client.RestTemplate              : Reading to [org.springframework.cloud.netflix.eureka.http.EurekaApplications]
2024-10-31T15:19:50.251+09:00 DEBUG 14008 --- [shop-service] [DiscoveryClient-HeartbeatExecutor-%d] o.s.web.client.RestTemplate              : Response 200 OK
2024-10-31T15:20:20.259+09:00 DEBUG 14008 --- [shop-service] [DiscoveryClient-HeartbeatExecutor-%d] o.s.web.client.RestTemplate              : HTTP PUT http://localhost:8761/eureka/apps/SHOP-SERVICE/shop8083?status=UP&lastDirtyTimestamp=1730355438748
2024-10-31T15:20:20.259+09:00 DEBUG 14008 --- [shop-service] [DiscoveryClient-CacheRefreshExecutor-%d] o.s.web.client.RestTemplate              : HTTP GET http://localhost:8761/eureka/apps/delta
2024-10-31T15:20:20.259+09:00 DEBUG 14008 --- [shop-service] [DiscoveryClient-HeartbeatExecutor-%d] o.s.web.client.RestTemplate              : Accept=[application/json, application/*+json]
2024-10-31T15:20:20.259+09:00 DEBUG 14008 --- [shop-service] [DiscoveryClient-CacheRefreshExecutor-%d] o.s.web.client.RestTemplate              : Accept=[application/json, application/*+json]
2024-10-31T15:20:20.433+09:00 DEBUG 14008 --- [shop-service] [DiscoveryClient-HeartbeatExecutor-%d] o.s.web.client.RestTemplate              : Response 200 OK
2024-10-31T15:20:20.435+09:00 DEBUG 14008 --- [shop-service] [DiscoveryClient-CacheRefreshExecutor-%d] o.s.web.client.RestTemplate              : Response 200 OK
2024-10-31T15:20:20.435+09:00 DEBUG 14008 --- [shop-service] [DiscoveryClient-CacheRefreshExecutor-%d] o.s.web.client.RestTemplate              : Reading to [org.springframework.cloud.netflix.eureka.http.EurekaApplications]
2024-10-31T15:20:50.440+09:00 DEBUG 14008 --- [shop-service] [DiscoveryClient-CacheRefreshExecutor-%d] o.s.web.client.RestTemplate              : HTTP GET http://localhost:8761/eureka/apps/delta
2024-10-31T15:20:50.440+09:00 DEBUG 14008 --- [shop-service] [DiscoveryClient-HeartbeatExecutor-%d] o.s.web.client.RestTemplate              : HTTP PUT http://localhost:8761/eureka/apps/SHOP-SERVICE/shop8083?status=UP&lastDirtyTimestamp=1730355438748
2024-10-31T15:20:50.440+09:00 DEBUG 14008 --- [shop-service] [DiscoveryClient-HeartbeatExecutor-%d] o.s.web.client.RestTemplate              : Accept=[application/json, application/*+json]
2024-10-31T15:20:50.440+09:00 DEBUG 14008 --- [shop-service] [DiscoveryClient-CacheRefreshExecutor-%d] o.s.web.client.RestTemplate              : Accept=[application/json, application/*+json]
2024-10-31T15:20:50.581+09:00 DEBUG 14008 --- [shop-service] [DiscoveryClient-CacheRefreshExecutor-%d] o.s.web.client.RestTemplate              : Response 200 OK
2024-10-31T15:20:50.581+09:00 DEBUG 14008 --- [shop-service] [DiscoveryClient-CacheRefreshExecutor-%d] o.s.web.client.RestTemplate              : Reading to [org.springframework.cloud.netflix.eureka.http.EurekaApplications]
2024-10-31T15:20:50.586+09:00 DEBUG 14008 --- [shop-service] [DiscoveryClient-HeartbeatExecutor-%d] o.s.web.client.RestTemplate              : Response 200 OK
2024-10-31T15:21:20.589+09:00 DEBUG 14008 --- [shop-service] [DiscoveryClient-CacheRefreshExecutor-%d] o.s.web.client.RestTemplate              : HTTP GET http://localhost:8761/eureka/apps/delta
2024-10-31T15:21:20.589+09:00 DEBUG 14008 --- [shop-service] [DiscoveryClient-HeartbeatExecutor-%d] o.s.web.client.RestTemplate              : HTTP PUT http://localhost:8761/eureka/apps/SHOP-SERVICE/shop8083?status=UP&lastDirtyTimestamp=1730355438748
2024-10-31T15:21:20.590+09:00 DEBUG 14008 --- [shop-service] [DiscoveryClient-HeartbeatExecutor-%d] o.s.web.client.RestTemplate              : Accept=[application/json, application/*+json]
2024-10-31T15:21:20.590+09:00 DEBUG 14008 --- [shop-service] [DiscoveryClient-CacheRefreshExecutor-%d] o.s.web.client.RestTemplate              : Accept=[application/json, application/*+json]
2024-10-31T15:21:20.923+09:00 DEBUG 14008 --- [shop-service] [DiscoveryClient-HeartbeatExecutor-%d] o.s.web.client.RestTemplate              : Response 200 OK
2024-10-31T15:21:20.960+09:00 DEBUG 14008 --- [shop-service] [DiscoveryClient-CacheRefreshExecutor-%d] o.s.web.client.RestTemplate              : Response 200 OK
2024-10-31T15:21:20.960+09:00 DEBUG 14008 --- [shop-service] [DiscoveryClient-CacheRefreshExecutor-%d] o.s.web.client.RestTemplate              : Reading to [org.springframework.cloud.netflix.eureka.http.EurekaApplications]
2024-10-31T15:21:50.926+09:00 DEBUG 14008 --- [shop-service] [DiscoveryClient-HeartbeatExecutor-%d] o.s.web.client.RestTemplate              : HTTP PUT http://localhost:8761/eureka/apps/SHOP-SERVICE/shop8083?status=UP&lastDirtyTimestamp=1730355438748
2024-10-31T15:21:50.926+09:00 DEBUG 14008 --- [shop-service] [DiscoveryClient-HeartbeatExecutor-%d] o.s.web.client.RestTemplate              : Accept=[application/json, application/*+json]
2024-10-31T15:21:50.971+09:00 DEBUG 14008 --- [shop-service] [DiscoveryClient-CacheRefreshExecutor-%d] o.s.web.client.RestTemplate              : HTTP GET http://localhost:8761/eureka/apps/delta
2024-10-31T15:21:50.972+09:00 DEBUG 14008 --- [shop-service] [DiscoveryClient-CacheRefreshExecutor-%d] o.s.web.client.RestTemplate              : Accept=[application/json, application/*+json]
2024-10-31T15:21:51.264+09:00 DEBUG 14008 --- [shop-service] [DiscoveryClient-HeartbeatExecutor-%d] o.s.web.client.RestTemplate              : Response 200 OK
2024-10-31T15:21:51.303+09:00 DEBUG 14008 --- [shop-service] [DiscoveryClient-CacheRefreshExecutor-%d] o.s.web.client.RestTemplate              : Response 200 OK
2024-10-31T15:21:51.304+09:00 DEBUG 14008 --- [shop-service] [DiscoveryClient-CacheRefreshExecutor-%d] o.s.web.client.RestTemplate              : Reading to [org.springframework.cloud.netflix.eureka.http.EurekaApplications]
2024-10-31T15:22:17.775+09:00  INFO 14008 --- [shop-service] [AsyncResolver-bootstrap-executor-%d] c.n.d.s.r.aws.ConfigClusterResolver      : Resolving eureka endpoints via configuration
2024-10-31T15:22:21.278+09:00 DEBUG 14008 --- [shop-service] [DiscoveryClient-HeartbeatExecutor-%d] o.s.web.client.RestTemplate              : HTTP PUT http://localhost:8761/eureka/apps/SHOP-SERVICE/shop8083?status=UP&lastDirtyTimestamp=1730355438748
2024-10-31T15:22:21.279+09:00 DEBUG 14008 --- [shop-service] [DiscoveryClient-HeartbeatExecutor-%d] o.s.web.client.RestTemplate              : Accept=[application/json, application/*+json]
2024-10-31T15:22:21.308+09:00 DEBUG 14008 --- [shop-service] [DiscoveryClient-CacheRefreshExecutor-%d] o.s.web.client.RestTemplate              : HTTP GET http://localhost:8761/eureka/apps/delta
2024-10-31T15:22:21.309+09:00 DEBUG 14008 --- [shop-service] [DiscoveryClient-CacheRefreshExecutor-%d] o.s.web.client.RestTemplate              : Accept=[application/json, application/*+json]
2024-10-31T15:22:21.667+09:00 DEBUG 14008 --- [shop-service] [DiscoveryClient-HeartbeatExecutor-%d] o.s.web.client.RestTemplate              : Response 200 OK
2024-10-31T15:22:21.691+09:00 DEBUG 14008 --- [shop-service] [DiscoveryClient-CacheRefreshExecutor-%d] o.s.web.client.RestTemplate              : Response 200 OK
2024-10-31T15:22:21.692+09:00 DEBUG 14008 --- [shop-service] [DiscoveryClient-CacheRefreshExecutor-%d] o.s.web.client.RestTemplate              : Reading to [org.springframework.cloud.netflix.eureka.http.EurekaApplications]
2024-10-31T15:22:51.682+09:00 DEBUG 14008 --- [shop-service] [DiscoveryClient-HeartbeatExecutor-%d] o.s.web.client.RestTemplate              : HTTP PUT http://localhost:8761/eureka/apps/SHOP-SERVICE/shop8083?status=UP&lastDirtyTimestamp=1730355438748
2024-10-31T15:22:51.683+09:00 DEBUG 14008 --- [shop-service] [DiscoveryClient-HeartbeatExecutor-%d] o.s.web.client.RestTemplate              : Accept=[application/json, application/*+json]
2024-10-31T15:22:51.696+09:00 DEBUG 14008 --- [shop-service] [DiscoveryClient-CacheRefreshExecutor-%d] o.s.web.client.RestTemplate              : HTTP GET http://localhost:8761/eureka/apps/delta
2024-10-31T15:22:51.697+09:00 DEBUG 14008 --- [shop-service] [DiscoveryClient-CacheRefreshExecutor-%d] o.s.web.client.RestTemplate              : Accept=[application/json, application/*+json]
2024-10-31T15:22:51.865+09:00 DEBUG 14008 --- [shop-service] [DiscoveryClient-HeartbeatExecutor-%d] o.s.web.client.RestTemplate              : Response 200 OK
2024-10-31T15:22:51.885+09:00 DEBUG 14008 --- [shop-service] [DiscoveryClient-CacheRefreshExecutor-%d] o.s.web.client.RestTemplate              : Response 200 OK
2024-10-31T15:22:51.886+09:00 DEBUG 14008 --- [shop-service] [DiscoveryClient-CacheRefreshExecutor-%d] o.s.web.client.RestTemplate              : Reading to [org.springframework.cloud.netflix.eureka.http.EurekaApplications]
2024-10-31T15:23:16.490+09:00  INFO 14008 --- [shop-service] [File Watcher] rtingClassPathChangeChangedEventListener : Restarting due to 1 class path change (0 additions, 0 deletions, 1 modification)
2024-10-31T15:23:16.514+09:00  INFO 14008 --- [shop-service] [Thread-6] o.s.c.n.e.s.EurekaServiceRegistry        : Unregistering application SHOP-SERVICE with eureka with status DOWN
2024-10-31T15:23:16.515+09:00  INFO 14008 --- [shop-service] [Thread-6] com.netflix.discovery.DiscoveryClient    : Saw local status change event StatusChangeEvent [timestamp=1730355796515, current=DOWN, previous=UP]
2024-10-31T15:23:16.516+09:00  INFO 14008 --- [shop-service] [DiscoveryClient-InstanceInfoReplicator-%d] com.netflix.discovery.DiscoveryClient    : DiscoveryClient_SHOP-SERVICE/shop8083: registering service...
2024-10-31T15:23:16.516+09:00 DEBUG 14008 --- [shop-service] [DiscoveryClient-InstanceInfoReplicator-%d] o.s.web.client.RestTemplate              : HTTP POST http://localhost:8761/eureka/apps/SHOP-SERVICE
2024-10-31T15:23:16.522+09:00 DEBUG 14008 --- [shop-service] [DiscoveryClient-InstanceInfoReplicator-%d] o.s.web.client.RestTemplate              : Accept=[application/json, application/*+json]
2024-10-31T15:23:16.524+09:00 DEBUG 14008 --- [shop-service] [DiscoveryClient-InstanceInfoReplicator-%d] o.s.web.client.RestTemplate              : Writing [InstanceInfo [instanceId = shop8083, appName = SHOP-SERVICE, hostName = 192.168.0.27, status = DOWN, ipAddr = 192.168.0.27, port = 8083, securePort = 443, dataCenterInfo = com.netflix.appinfo.MyDataCenterInfo@48fa0826] as "application/json"
2024-10-31T15:23:16.589+09:00  INFO 14008 --- [shop-service] [Thread-6] j.LocalContainerEntityManagerFactoryBean : Closing JPA EntityManagerFactory for persistence unit 'default'
2024-10-31T15:23:16.644+09:00  WARN 14008 --- [shop-service] [Thread-6] o.s.b.f.support.DisposableBeanAdapter    : Invocation of destroy method failed on bean with name 'inMemoryDatabaseShutdownExecutor': org.h2.jdbc.JdbcSQLNonTransientConnectionException: Database is already closed (to disable automatic closing at VM shutdown, add ";DB_CLOSE_ON_EXIT=FALSE" to the db URL) [90121-224]
2024-10-31T15:23:16.645+09:00  INFO 14008 --- [shop-service] [Thread-6] com.zaxxer.hikari.HikariDataSource       : HikariPool-1 - Shutdown initiated...
2024-10-31T15:23:16.652+09:00  INFO 14008 --- [shop-service] [Thread-6] com.zaxxer.hikari.HikariDataSource       : HikariPool-1 - Shutdown completed.
2024-10-31T15:23:16.654+09:00  INFO 14008 --- [shop-service] [Thread-6] com.netflix.discovery.DiscoveryClient    : Shutting down DiscoveryClient ...
2024-10-31T15:23:16.663+09:00 DEBUG 14008 --- [shop-service] [DiscoveryClient-InstanceInfoReplicator-%d] o.s.web.client.RestTemplate              : Response 204 NO_CONTENT
2024-10-31T15:23:16.664+09:00  INFO 14008 --- [shop-service] [DiscoveryClient-InstanceInfoReplicator-%d] com.netflix.discovery.DiscoveryClient    : DiscoveryClient_SHOP-SERVICE/shop8083 - registration status: 204
2024-10-31T15:23:16.665+09:00  INFO 14008 --- [shop-service] [Thread-6] com.netflix.discovery.DiscoveryClient    : Unregistering ...
2024-10-31T15:23:16.669+09:00 DEBUG 14008 --- [shop-service] [Thread-6] o.s.web.client.RestTemplate              : HTTP DELETE http://localhost:8761/eureka/apps/SHOP-SERVICE/shop8083
2024-10-31T15:23:16.670+09:00 DEBUG 14008 --- [shop-service] [Thread-6] o.s.web.client.RestTemplate              : Accept=[application/json, application/*+json]
2024-10-31T15:23:16.803+09:00 DEBUG 14008 --- [shop-service] [Thread-6] o.s.web.client.RestTemplate              : Response 200 OK
2024-10-31T15:23:16.805+09:00  INFO 14008 --- [shop-service] [Thread-6] com.netflix.discovery.DiscoveryClient    : DiscoveryClient_SHOP-SERVICE/shop8083 - deregister  status: 200
2024-10-31T15:23:16.805+09:00  INFO 14008 --- [shop-service] [Thread-6] com.netflix.discovery.DiscoveryClient    : Completed shut down of DiscoveryClient
